#
# A fatal error has been detected by the Java Runtime Environment:
#
#  EXCEPTION_ACCESS_VIOLATION (0xc0000005) at pc=0x00007ffcea855e98, pid=4604, tid=6076
#
# JRE version: Java(TM) SE Runtime Environment (11.0+28) (build 11+28)
# Java VM: Java HotSpot(TM) 64-Bit Server VM (11+28, mixed mode, tiered, compressed oops, g1 gc, windows-amd64)
# Problematic frame:
# V  [jvm.dll+0x2e5e98]
#
# No core dump will be written. Minidumps are not enabled by default on client versions of Windows
#
# If you would like to submit a bug report, please visit:
#   http://bugreport.java.com/bugreport/crash.jsp
#

---------------  S U M M A R Y ------------

Command Line: -XX:+UnlockExperimentalVMOptions -XX:-OmitStackTraceInFastThrow -XX:+TrustFinalNonStaticFields -Dio.netty.tryReflectionSetAccessible=true -Dfile.encoding=UTF-8 -XX:+AlwaysPreTouch -Djdk.tls.ephemeralDHKeySize=2048 -Djdk.nio.maxCachedBufferSize=262144 -XX:+DisableExplicitGC -XX:+UseG1GC -Djdk.tls.rejectClientInitiatedRenegotiation=true exit abort 

Host: Intel(R) Core(TM) i3-6100U CPU @ 2.30GHz, 4 cores, 7G,  Windows 10 , 64 bit Build 18362 (10.0.18362.329)
Time: Mon Mar  9 16:40:10 2020 Central Europe Standard Time elapsed time: 868720 seconds (10d 1h 18m 40s)

---------------  T H R E A D  ---------------

Current thread (0x0000000002383800):  GCTaskThread "GC Thread#0" [stack: 0x0000000001d00000,0x0000000001e00000] [id=6076]

Stack: [0x0000000001d00000,0x0000000001e00000],  sp=0x0000000001dfdea0,  free space=1015k
Native frames: (J=compiled Java code, j=interpreted, Vv=VM code, C=native code)
V  [jvm.dll+0x2e5e98]
V  [jvm.dll+0x73ca98]
V  [jvm.dll+0x6a267d]
V  [jvm.dll+0x73d37c]
V  [jvm.dll+0x6a36f4]
V  [jvm.dll+0x7ab4f0]
V  [jvm.dll+0x63b2c2]
C  [ucrtbase.dll+0x20e72]
C  [KERNEL32.DLL+0x17bd4]
C  [ntdll.dll+0x6ced1]


siginfo: EXCEPTION_ACCESS_VIOLATION (0xc0000005), reading address 0x0000000000000000


Register to memory mapping:

RIP=0x00007ffcea855e98 jvm.dll
RAX=0x0 is NULL
RBX=0x0000000001dfdf00 points into unknown readable memory
RCX=0x0 is NULL
RDX=0x0000000000000003 is an unknown value
RSP=0x0000000001dfdea0 points into unknown readable memory
RBP=0x0000000001b1ea00 is pointing into the stack for thread: 0x000000000236f000
RSI=0x0000000001dfdf60 points into unknown readable memory
RDI=0x0000000001dfdf30 points into unknown readable memory
R8 =0x0 is NULL
R9 =0x0000000000000003 is an unknown value
R10=0x0000000000c318b0 points into unknown readable memory
R11=0x0000000001dfde50 points into unknown readable memory
R12=0x000000000000001d is an unknown value
R13=0x0000000000000001 is an unknown value
R14=0x000000000236f000 is a thread
R15=0x000000002151f878 points into unknown readable memory


Registers:
RAX=0x0000000000000000, RBX=0x0000000001dfdf00, RCX=0x0000000000000000, RDX=0x0000000000000003
RSP=0x0000000001dfdea0, RBP=0x0000000001b1ea00, RSI=0x0000000001dfdf60, RDI=0x0000000001dfdf30
R8 =0x0000000000000000, R9 =0x0000000000000003, R10=0x0000000000c318b0, R11=0x0000000001dfde50
R12=0x000000000000001d, R13=0x0000000000000001, R14=0x000000000236f000, R15=0x000000002151f878
RIP=0x00007ffcea855e98, EFLAGS=0x0000000000010246

Top of Stack: (sp=0x0000000001dfdea0)
0x0000000001dfdea0:   0000000001dfdf00 0000000001b1ea00
0x0000000001dfdeb0:   0000000001dfdf60 0000000000000000
0x0000000001dfdec0:   000000002151f878 0000000000000000
0x0000000001dfded0:   00007ffceaf93fe8 00007ffceacaca98
0x0000000001dfdee0:   0000000000000002 000000000236f000
0x0000000001dfdef0:   000000002151f878 0000000000000000
0x0000000001dfdf00:   0000000001b1ea00 0000000000000000
0x0000000001dfdf10:   0000000000000000 0000000000000000
0x0000000001dfdf20:   0000000000000000 0000000001b1ea00
0x0000000001dfdf30:   0000000001b1e990 000000001213c17b
0x0000000001dfdf40:   000000001213bf90 0000000000000000
0x0000000001dfdf50:   0000000000000000 0000000001b1e990
0x0000000001dfdf60:   0000000028a6e958 0000000028a6e95c
0x0000000001dfdf70:   0000000028a6e950 0000000028a6e954
0x0000000001dfdf80:   0000000028a6e948 0000000028a6e94c
0x0000000001dfdf90:   0000000028a6e940 0000000028a6e944 

Instructions: (pc=0x00007ffcea855e98)
0x00007ffcea855e78:   4b 08 e8 11 49 f1 ff 48 8b cb 48 89 43 10 e8 25
0x00007ffcea855e88:   f5 ff ff 48 85 c0 0f 85 e3 00 00 00 48 8b 4b 10
0x00007ffcea855e98:   48 8b 01 ff 50 20 33 c9 84 c0 0f 95 c1 e9 da 00
0x00007ffcea855ea8:   00 00 48 8b 57 10 48 85 d2 0f 84 8c 00 00 00 41 



---------------  P R O C E S S  ---------------

Threads class SMR info:
_java_thread_list=0x0000000027fe70c0, length=29, elements={
0x000000000236f000, 0x0000000020a04000, 0x0000000020a05800, 0x0000000021870000,
0x0000000021872000, 0x0000000021823000, 0x0000000021827000, 0x0000000020a1d800,
0x0000000021bc5000, 0x0000000021bcc000, 0x0000000021893800, 0x00000000219f9000,
0x00000000219d9000, 0x000000002301a000, 0x0000000022f48800, 0x00000000237c4800,
0x00000000237ba800, 0x00000000237bd000, 0x00000000237c5000, 0x00000000237ba000,
0x00000000237b7800, 0x00000000237bb800, 0x00000000237be000, 0x00000000237bc800,
0x00000000237b8000, 0x00000000237be800, 0x00000000237b9000, 0x00000000237c3800,
0x00000000237c2000
}

Java Threads: ( => current thread )
  0x000000000236f000 JavaThread "main" [_thread_blocked, id=6008, stack(0x0000000001a20000,0x0000000001b20000)]
  0x0000000020a04000 JavaThread "Reference Handler" daemon [_thread_blocked, id=5348, stack(0x0000000021520000,0x0000000021620000)]
  0x0000000020a05800 JavaThread "Finalizer" daemon [_thread_blocked, id=5432, stack(0x0000000021620000,0x0000000021720000)]
  0x0000000021870000 JavaThread "Signal Dispatcher" daemon [_thread_blocked, id=5520, stack(0x0000000021c20000,0x0000000021d20000)]
  0x0000000021872000 JavaThread "Attach Listener" daemon [_thread_blocked, id=5496, stack(0x0000000021d20000,0x0000000021e20000)]
  0x0000000021823000 JavaThread "C2 CompilerThread0" daemon [_thread_blocked, id=5504, stack(0x0000000021e20000,0x0000000021f20000)]
  0x0000000021827000 JavaThread "C1 CompilerThread0" daemon [_thread_blocked, id=5488, stack(0x0000000021f20000,0x0000000022020000)]
  0x0000000020a1d800 JavaThread "Sweeper thread" daemon [_thread_blocked, id=6152, stack(0x0000000022020000,0x0000000022120000)]
  0x0000000021bc5000 JavaThread "Service Thread" daemon [_thread_blocked, id=6204, stack(0x0000000022120000,0x0000000022220000)]
  0x0000000021bcc000 JavaThread "Common-Cleaner" daemon [_thread_blocked, id=6228, stack(0x0000000022320000,0x0000000022420000)]
  0x0000000021893800 JavaThread "neo4j.Scheduler-1" daemon [_thread_blocked, id=7628, stack(0x0000000023ef0000,0x0000000023ff0000)]
  0x00000000219f9000 JavaThread "Cleaner-0" daemon [_thread_blocked, id=7792, stack(0x00000000259c0000,0x0000000025ac0000)]
  0x00000000219d9000 JavaThread "FileSystemWatchService" daemon [_thread_in_native, id=8788, stack(0x00000000268a0000,0x00000000269a0000)]
  0x000000002301a000 JavaThread "MuninnPageCache[1]-EvictionTask" daemon [_thread_blocked, id=8840, stack(0x00000000269a0000,0x0000000026aa0000)]
  0x0000000022f48800 JavaThread "neo4j.VmPauseMonitor-1" daemon [_thread_blocked, id=10176, stack(0x0000000028e70000,0x0000000028f70000)]
  0x00000000237c4800 JavaThread "neo4j.ServerTransactionTimeout-11" daemon [_thread_blocked, id=14520, stack(0x000000002dd40000,0x000000002de40000)]
  0x00000000237ba800 JavaThread "neo4j.StorageMaintenance-36" daemon [_thread_blocked, id=1588, stack(0x0000000022c20000,0x0000000022d20000)]
  0x00000000237bd000 JavaThread "neo4j.IndexSampling-32" daemon [_thread_blocked, id=16600, stack(0x0000000029b80000,0x0000000029c80000)]
  0x00000000237c5000 JavaThread "neo4j.TransactionTimeoutMonitor-36" daemon [_thread_blocked, id=1932, stack(0x000000002dc40000,0x000000002dd40000)]
  0x00000000237ba000 JavaThread "neo4j.CheckPoint-49" daemon [_thread_blocked, id=13508, stack(0x0000000000d00000,0x0000000000e00000)]
  0x00000000237b7800 JavaThread "neo4j.CheckPoint-50" daemon [_thread_blocked, id=16992, stack(0x00000000012e0000,0x00000000013e0000)]
  0x00000000237bb800 JavaThread "neo4j.BoltNetworkIO-2" [_thread_blocked, id=14976, stack(0x0000000001920000,0x0000000001a20000)]
  0x00000000237be000 JavaThread "neo4j.BoltNetworkIO-3" [_thread_blocked, id=13132, stack(0x0000000026aa0000,0x0000000026ba0000)]
  0x00000000237bc800 JavaThread "neo4j.BoltNetworkIO-4" [_thread_blocked, id=17208, stack(0x0000000028970000,0x0000000028a70000)]
  0x00000000237b8000 JavaThread "neo4j.BoltNetworkIO-5" [_thread_blocked, id=10404, stack(0x0000000028a70000,0x0000000028b70000)]
  0x00000000237be800 JavaThread "neo4j.BoltNetworkIO-6" [_thread_blocked, id=12628, stack(0x0000000028b70000,0x0000000028c70000)]
  0x00000000237b9000 JavaThread "neo4j.BoltNetworkIO-7" [_thread_blocked, id=10916, stack(0x0000000028c70000,0x0000000028d70000)]
  0x00000000237c3800 JavaThread "neo4j.BoltNetworkIO-8" [_thread_blocked, id=15732, stack(0x0000000028f70000,0x0000000029070000)]
  0x00000000237c2000 JavaThread "DestroyJavaVM" [_thread_blocked, id=17144, stack(0x0000000001a20000,0x0000000001b20000)]

Other Threads:
  0x00000000209df000 VMThread "VM Thread" [stack: 0x0000000021420000,0x0000000021520000] [id=4640]
  0x0000000021bcf800 WatcherThread [stack: 0x0000000022220000,0x0000000022320000] [id=6224]
=>0x0000000002383800 GCTaskThread "GC Thread#0" [stack: 0x0000000001d00000,0x0000000001e00000] [id=6076]
  0x0000000022aac000 GCTaskThread "GC Thread#1" [stack: 0x0000000022d20000,0x0000000022e20000] [id=7160]
  0x0000000022aac800 GCTaskThread "GC Thread#2" [stack: 0x0000000022e20000,0x0000000022f20000] [id=7164]
  0x00000000258cc800 GCTaskThread "GC Thread#3" [stack: 0x0000000029470000,0x0000000029570000] [id=10556]
  0x00000000023b6800 ConcurrentGCThread "G1 Main Marker" [stack: 0x000000001e1d0000,0x000000001e2d0000] [id=6080]
  0x00000000023b7800 ConcurrentGCThread "G1 Conc#0" [stack: 0x000000001e2d0000,0x000000001e3d0000] [id=6084]
  0x000000002084a800 ConcurrentGCThread "G1 Refine#0" [stack: 0x0000000020a20000,0x0000000020b20000] [id=6140]
  0x0000000024bd1800 ConcurrentGCThread "G1 Refine#1" [stack: 0x000000002e140000,0x000000002e240000] [id=6528]
  0x0000000023599800 ConcurrentGCThread "G1 Refine#2" [stack: 0x000000002e340000,0x000000002e440000] [id=1468]
  0x000000002084b000 ConcurrentGCThread "G1 Young RemSet Sampling" [stack: 0x0000000020b20000,0x0000000020c20000] [id=4092]

Threads with active compile tasks:

VM state:at safepoint (normal execution)

VM Mutex/Monitor currently owned by a thread:  ([mutex/lock_event])
[0x000000000236a240] Safepoint_lock - owner thread: 0x00000000209df000
[0x000000000236a3f0] Threads_lock - owner thread: 0x00000000209df000

Heap address: 0x0000000081600000, size: 2026 MB, Compressed Oops mode: 32-bit
Narrow klass base: 0x0000000000000000, Narrow klass shift: 3
Compressed class space size: 1073741824 Address: 0x0000000100000000

Heap:
 garbage-first heap   total 197632K, used 129315K [0x0000000081600000, 0x0000000100000000)
  region size 1024K, 10 young (10240K), 2 survivors (2048K)
 Metaspace       used 63355K, capacity 65314K, committed 66380K, reserved 1105920K
  class space    used 8092K, capacity 8940K, committed 9292K, reserved 1048576K
Heap Regions: E=young(eden), S=young(survivor), O=old, HS=humongous(starts), HC=humongous(continues), CS=collection set, F=free, A=archive, TAMS=top-at-mark-start (previous, next)
|   0|0x0000000081600000, 0x0000000081700000, 0x0000000081700000|100%| O|  |TAMS 0x0000000081700000, 0x0000000081600000| Untracked 
|   1|0x0000000081700000, 0x0000000081800000, 0x0000000081800000|100%| O|  |TAMS 0x0000000081800000, 0x0000000081700000| Untracked 
|   2|0x0000000081800000, 0x0000000081900000, 0x0000000081900000|100%| O|  |TAMS 0x0000000081900000, 0x0000000081800000| Untracked 
|   3|0x0000000081900000, 0x0000000081a00000, 0x0000000081a00000|100%| O|  |TAMS 0x0000000081a00000, 0x0000000081900000| Untracked 
|   4|0x0000000081a00000, 0x0000000081b00000, 0x0000000081b00000|100%| O|  |TAMS 0x0000000081b00000, 0x0000000081a00000| Untracked 
|   5|0x0000000081b00000, 0x0000000081c00000, 0x0000000081c00000|100%| O|  |TAMS 0x0000000081c00000, 0x0000000081b00000| Untracked 
|   6|0x0000000081c00000, 0x0000000081d00000, 0x0000000081d00000|100%| O|  |TAMS 0x0000000081d00000, 0x0000000081c00000| Untracked 
|   7|0x0000000081d00000, 0x0000000081e00000, 0x0000000081e00000|100%| O|  |TAMS 0x0000000081e00000, 0x0000000081d00000| Untracked 
|   8|0x0000000081e00000, 0x0000000081f00000, 0x0000000081f00000|100%| O|  |TAMS 0x0000000081f00000, 0x0000000081e00000| Untracked 
|   9|0x0000000081f00000, 0x0000000082000000, 0x0000000082000000|100%| O|  |TAMS 0x0000000082000000, 0x0000000081f00000| Untracked 
|  10|0x0000000082000000, 0x0000000082100000, 0x0000000082100000|100%| O|  |TAMS 0x0000000082100000, 0x0000000082000000| Untracked 
|  11|0x0000000082100000, 0x0000000082200000, 0x0000000082200000|100%| O|  |TAMS 0x0000000082200000, 0x0000000082100000| Untracked 
|  12|0x0000000082200000, 0x0000000082300000, 0x0000000082300000|100%| O|  |TAMS 0x0000000082300000, 0x0000000082200000| Untracked 
|  13|0x0000000082300000, 0x0000000082400000, 0x0000000082400000|100%| O|  |TAMS 0x0000000082400000, 0x0000000082300000| Untracked 
|  14|0x0000000082400000, 0x0000000082500000, 0x0000000082500000|100%| O|  |TAMS 0x0000000082500000, 0x0000000082400000| Untracked 
|  15|0x0000000082500000, 0x0000000082600000, 0x0000000082600000|100%| O|  |TAMS 0x0000000082600000, 0x0000000082500000| Untracked 
|  16|0x0000000082600000, 0x0000000082700000, 0x0000000082700000|100%| O|  |TAMS 0x0000000082700000, 0x0000000082600000| Untracked 
|  17|0x0000000082700000, 0x0000000082800000, 0x0000000082800000|100%| O|  |TAMS 0x0000000082800000, 0x0000000082700000| Untracked 
|  18|0x0000000082800000, 0x0000000082900000, 0x0000000082900000|100%| O|  |TAMS 0x0000000082900000, 0x0000000082800000| Untracked 
|  19|0x0000000082900000, 0x0000000082a00000, 0x0000000082a00000|100%| O|  |TAMS 0x0000000082a00000, 0x0000000082900000| Untracked 
|  20|0x0000000082a00000, 0x0000000082b00000, 0x0000000082b00000|100%| O|  |TAMS 0x0000000082b00000, 0x0000000082a00000| Untracked 
|  21|0x0000000082b00000, 0x0000000082c00000, 0x0000000082c00000|100%| O|  |TAMS 0x0000000082c00000, 0x0000000082b00000| Untracked 
|  22|0x0000000082c00000, 0x0000000082d00000, 0x0000000082d00000|100%| O|  |TAMS 0x0000000082d00000, 0x0000000082c00000| Untracked 
|  23|0x0000000082d00000, 0x0000000082e00000, 0x0000000082e00000|100%| O|  |TAMS 0x0000000082e00000, 0x0000000082d00000| Untracked 
|  24|0x0000000082e00000, 0x0000000082f00000, 0x0000000082f00000|100%| O|  |TAMS 0x0000000082f00000, 0x0000000082e00000| Untracked 
|  25|0x0000000082f00000, 0x0000000083000000, 0x0000000083000000|100%| O|  |TAMS 0x0000000083000000, 0x0000000082f00000| Untracked 
|  26|0x0000000083000000, 0x0000000083100000, 0x0000000083100000|100%| O|  |TAMS 0x0000000083100000, 0x0000000083000000| Untracked 
|  27|0x0000000083100000, 0x0000000083200000, 0x0000000083200000|100%| O|  |TAMS 0x0000000083200000, 0x0000000083100000| Untracked 
|  28|0x0000000083200000, 0x0000000083300000, 0x0000000083300000|100%| O|  |TAMS 0x0000000083300000, 0x0000000083200000| Untracked 
|  29|0x0000000083300000, 0x0000000083400000, 0x0000000083400000|100%| O|  |TAMS 0x0000000083400000, 0x0000000083300000| Untracked 
|  30|0x0000000083400000, 0x0000000083500000, 0x0000000083500000|100%| O|  |TAMS 0x0000000083500000, 0x0000000083400000| Untracked 
|  31|0x0000000083500000, 0x0000000083600000, 0x0000000083600000|100%| O|  |TAMS 0x0000000083600000, 0x0000000083500000| Untracked 
|  32|0x0000000083600000, 0x0000000083700000, 0x0000000083700000|100%| O|  |TAMS 0x0000000083700000, 0x0000000083600000| Untracked 
|  33|0x0000000083700000, 0x0000000083800000, 0x0000000083800000|100%| O|  |TAMS 0x0000000083800000, 0x0000000083700000| Untracked 
|  34|0x0000000083800000, 0x0000000083900000, 0x0000000083900000|100%| O|  |TAMS 0x0000000083900000, 0x0000000083800000| Untracked 
|  35|0x0000000083900000, 0x0000000083a00000, 0x0000000083a00000|100%| O|  |TAMS 0x0000000083a00000, 0x0000000083900000| Untracked 
|  36|0x0000000083a00000, 0x0000000083b00000, 0x0000000083b00000|100%| O|  |TAMS 0x0000000083b00000, 0x0000000083a00000| Untracked 
|  37|0x0000000083b00000, 0x0000000083c00000, 0x0000000083c00000|100%| O|  |TAMS 0x0000000083c00000, 0x0000000083b00000| Untracked 
|  38|0x0000000083c00000, 0x0000000083d00000, 0x0000000083d00000|100%| O|  |TAMS 0x0000000083d00000, 0x0000000083c00000| Untracked 
|  39|0x0000000083d00000, 0x0000000083e00000, 0x0000000083e00000|100%| O|  |TAMS 0x0000000083e00000, 0x0000000083d00000| Untracked 
|  40|0x0000000083e00000, 0x0000000083f00000, 0x0000000083f00000|100%| O|  |TAMS 0x0000000083f00000, 0x0000000083e00000| Untracked 
|  41|0x0000000083f00000, 0x0000000084000000, 0x0000000084000000|100%| O|  |TAMS 0x0000000084000000, 0x0000000083f00000| Untracked 
|  42|0x0000000084000000, 0x0000000084100000, 0x0000000084100000|100%| O|  |TAMS 0x0000000084100000, 0x0000000084000000| Untracked 
|  43|0x0000000084100000, 0x0000000084200000, 0x0000000084200000|100%| O|  |TAMS 0x0000000084200000, 0x0000000084100000| Untracked 
|  44|0x0000000084200000, 0x0000000084300000, 0x0000000084300000|100%| O|  |TAMS 0x0000000084300000, 0x0000000084200000| Untracked 
|  45|0x0000000084300000, 0x0000000084400000, 0x0000000084400000|100%| O|  |TAMS 0x0000000084400000, 0x0000000084300000| Untracked 
|  46|0x0000000084400000, 0x0000000084500000, 0x0000000084500000|100%| O|  |TAMS 0x0000000084500000, 0x0000000084400000| Untracked 
|  47|0x0000000084500000, 0x0000000084600000, 0x0000000084600000|100%| O|  |TAMS 0x0000000084600000, 0x0000000084500000| Untracked 
|  48|0x0000000084600000, 0x0000000084700000, 0x0000000084700000|100%| O|  |TAMS 0x0000000084700000, 0x0000000084600000| Untracked 
|  49|0x0000000084700000, 0x0000000084800000, 0x0000000084800000|100%| O|  |TAMS 0x0000000084800000, 0x0000000084700000| Untracked 
|  50|0x0000000084800000, 0x0000000084900000, 0x0000000084900000|100%| O|  |TAMS 0x0000000084900000, 0x0000000084800000| Untracked 
|  51|0x0000000084900000, 0x0000000084a00000, 0x0000000084a00000|100%| O|  |TAMS 0x0000000084a00000, 0x0000000084900000| Untracked 
|  52|0x0000000084a00000, 0x0000000084b00000, 0x0000000084b00000|100%| O|  |TAMS 0x0000000084b00000, 0x0000000084a00000| Untracked 
|  53|0x0000000084b00000, 0x0000000084c00000, 0x0000000084c00000|100%| O|  |TAMS 0x0000000084c00000, 0x0000000084b00000| Untracked 
|  54|0x0000000084c00000, 0x0000000084d00000, 0x0000000084d00000|100%| O|  |TAMS 0x0000000084d00000, 0x0000000084c00000| Untracked 
|  55|0x0000000084d00000, 0x0000000084e00000, 0x0000000084e00000|100%| O|  |TAMS 0x0000000084e00000, 0x0000000084d00000| Untracked 
|  56|0x0000000084e00000, 0x0000000084f00000, 0x0000000084f00000|100%| O|  |TAMS 0x0000000084f00000, 0x0000000084e00000| Untracked 
|  57|0x0000000084f00000, 0x0000000085000000, 0x0000000085000000|100%| O|  |TAMS 0x0000000085000000, 0x0000000084f00000| Untracked 
|  58|0x0000000085000000, 0x0000000085100000, 0x0000000085100000|100%| O|  |TAMS 0x0000000085100000, 0x0000000085000000| Untracked 
|  59|0x0000000085100000, 0x0000000085200000, 0x0000000085200000|100%| O|  |TAMS 0x0000000085200000, 0x0000000085100000| Untracked 
|  60|0x0000000085200000, 0x0000000085300000, 0x0000000085300000|100%| O|  |TAMS 0x0000000085300000, 0x0000000085200000| Untracked 
|  61|0x0000000085300000, 0x0000000085400000, 0x0000000085400000|100%| O|  |TAMS 0x0000000085400000, 0x0000000085300000| Untracked 
|  62|0x0000000085400000, 0x0000000085500000, 0x0000000085500000|100%| O|  |TAMS 0x0000000085500000, 0x0000000085400000| Untracked 
|  63|0x0000000085500000, 0x0000000085600000, 0x0000000085600000|100%| O|  |TAMS 0x0000000085600000, 0x0000000085500000| Untracked 
|  64|0x0000000085600000, 0x0000000085700000, 0x0000000085700000|100%| O|  |TAMS 0x0000000085700000, 0x0000000085600000| Untracked 
|  65|0x0000000085700000, 0x0000000085800000, 0x0000000085800000|100%| O|  |TAMS 0x0000000085800000, 0x0000000085700000| Untracked 
|  66|0x0000000085800000, 0x0000000085900000, 0x0000000085900000|100%| O|  |TAMS 0x0000000085900000, 0x0000000085800000| Untracked 
|  67|0x0000000085900000, 0x0000000085a00000, 0x0000000085a00000|100%| O|  |TAMS 0x0000000085a00000, 0x0000000085900000| Untracked 
|  68|0x0000000085a00000, 0x0000000085b00000, 0x0000000085b00000|100%| O|  |TAMS 0x0000000085b00000, 0x0000000085a00000| Untracked 
|  69|0x0000000085b00000, 0x0000000085c00000, 0x0000000085c00000|100%| O|  |TAMS 0x0000000085c00000, 0x0000000085b00000| Untracked 
|  70|0x0000000085c00000, 0x0000000085d00000, 0x0000000085d00000|100%| O|  |TAMS 0x0000000085d00000, 0x0000000085c00000| Untracked 
|  71|0x0000000085d00000, 0x0000000085e00000, 0x0000000085e00000|100%| O|  |TAMS 0x0000000085e00000, 0x0000000085d00000| Untracked 
|  72|0x0000000085e00000, 0x0000000085f00000, 0x0000000085f00000|100%| O|  |TAMS 0x0000000085f00000, 0x0000000085e00000| Untracked 
|  73|0x0000000085f00000, 0x0000000086000000, 0x0000000086000000|100%| O|  |TAMS 0x0000000086000000, 0x0000000085f00000| Untracked 
|  74|0x0000000086000000, 0x0000000086100000, 0x0000000086100000|100%| O|  |TAMS 0x0000000086100000, 0x0000000086000000| Untracked 
|  75|0x0000000086100000, 0x0000000086200000, 0x0000000086200000|100%| O|  |TAMS 0x0000000086200000, 0x0000000086100000| Untracked 
|  76|0x0000000086200000, 0x0000000086300000, 0x0000000086300000|100%| O|  |TAMS 0x0000000086300000, 0x0000000086200000| Untracked 
|  77|0x0000000086300000, 0x0000000086400000, 0x0000000086400000|100%| O|  |TAMS 0x0000000086400000, 0x0000000086300000| Untracked 
|  78|0x0000000086400000, 0x0000000086500000, 0x0000000086500000|100%| O|  |TAMS 0x0000000086500000, 0x0000000086400000| Untracked 
|  79|0x0000000086500000, 0x0000000086600000, 0x0000000086600000|100%| O|  |TAMS 0x0000000086600000, 0x0000000086500000| Untracked 
|  80|0x0000000086600000, 0x0000000086700000, 0x0000000086700000|100%| O|  |TAMS 0x0000000086700000, 0x0000000086600000| Untracked 
|  81|0x0000000086700000, 0x0000000086800000, 0x0000000086800000|100%|HS|  |TAMS 0x0000000086800000, 0x0000000086700000| Complete 
|  82|0x0000000086800000, 0x0000000086900000, 0x0000000086900000|100%|HC|  |TAMS 0x0000000086900000, 0x0000000086800000| Complete 
|  83|0x0000000086900000, 0x0000000086a00000, 0x0000000086a00000|100%|HC|  |TAMS 0x0000000086a00000, 0x0000000086900000| Complete 
|  84|0x0000000086a00000, 0x0000000086b00000, 0x0000000086b00000|100%|HC|  |TAMS 0x0000000086b00000, 0x0000000086a00000| Complete 
|  85|0x0000000086b00000, 0x0000000086c00000, 0x0000000086c00000|100%|HC|  |TAMS 0x0000000086c00000, 0x0000000086b00000| Complete 
|  86|0x0000000086c00000, 0x0000000086d00000, 0x0000000086d00000|100%| O|  |TAMS 0x0000000086d00000, 0x0000000086c00000| Untracked 
|  87|0x0000000086d00000, 0x0000000086e00000, 0x0000000086e00000|100%| O|  |TAMS 0x0000000086e00000, 0x0000000086d00000| Untracked 
|  88|0x0000000086e00000, 0x0000000086f00000, 0x0000000086f00000|100%| O|  |TAMS 0x0000000086f00000, 0x0000000086e00000| Untracked 
|  89|0x0000000086f00000, 0x0000000087000000, 0x0000000087000000|100%| O|  |TAMS 0x0000000087000000, 0x0000000086f00000| Untracked 
|  90|0x0000000087000000, 0x0000000087100000, 0x0000000087100000|100%| O|  |TAMS 0x0000000087100000, 0x0000000087000000| Untracked 
|  91|0x0000000087100000, 0x0000000087200000, 0x0000000087200000|100%| O|  |TAMS 0x0000000087200000, 0x0000000087100000| Untracked 
|  92|0x0000000087200000, 0x0000000087300000, 0x0000000087300000|100%| O|  |TAMS 0x0000000087300000, 0x0000000087200000| Untracked 
|  93|0x0000000087300000, 0x0000000087400000, 0x0000000087400000|100%| O|  |TAMS 0x0000000087400000, 0x0000000087300000| Untracked 
|  94|0x0000000087400000, 0x0000000087500000, 0x0000000087500000|100%| O|  |TAMS 0x0000000087500000, 0x0000000087400000| Untracked 
|  95|0x0000000087500000, 0x0000000087600000, 0x0000000087600000|100%| O|  |TAMS 0x0000000087600000, 0x0000000087500000| Untracked 
|  96|0x0000000087600000, 0x0000000087700000, 0x0000000087700000|100%| O|  |TAMS 0x0000000087700000, 0x0000000087600000| Untracked 
|  97|0x0000000087700000, 0x0000000087800000, 0x0000000087800000|100%| O|  |TAMS 0x0000000087800000, 0x0000000087700000| Untracked 
|  98|0x0000000087800000, 0x0000000087900000, 0x0000000087900000|100%| O|  |TAMS 0x0000000087900000, 0x0000000087800000| Untracked 
|  99|0x0000000087900000, 0x0000000087a00000, 0x0000000087a00000|100%| O|  |TAMS 0x0000000087a00000, 0x0000000087900000| Untracked 
| 100|0x0000000087a00000, 0x0000000087b00000, 0x0000000087b00000|100%| O|  |TAMS 0x0000000087b00000, 0x0000000087a00000| Untracked 
| 101|0x0000000087b00000, 0x0000000087c00000, 0x0000000087c00000|100%| O|  |TAMS 0x0000000087c00000, 0x0000000087b00000| Untracked 
| 102|0x0000000087c00000, 0x0000000087d00000, 0x0000000087d00000|100%| O|  |TAMS 0x0000000087d00000, 0x0000000087c00000| Untracked 
| 103|0x0000000087d00000, 0x0000000087e00000, 0x0000000087e00000|100%|HS|  |TAMS 0x0000000087e00000, 0x0000000087d00000| Complete 
| 104|0x0000000087e00000, 0x0000000087f00000, 0x0000000087f00000|100%|HC|  |TAMS 0x0000000087f00000, 0x0000000087e00000| Complete 
| 105|0x0000000087f00000, 0x0000000088000000, 0x0000000088000000|100%|HC|  |TAMS 0x0000000088000000, 0x0000000087f00000| Complete 
| 106|0x0000000088000000, 0x0000000088100000, 0x0000000088100000|100%| O|  |TAMS 0x0000000088100000, 0x0000000088000000| Untracked 
| 107|0x0000000088100000, 0x0000000088200000, 0x0000000088200000|100%| O|  |TAMS 0x0000000088200000, 0x0000000088100000| Untracked 
| 108|0x0000000088200000, 0x0000000088300000, 0x0000000088300000|100%| O|  |TAMS 0x0000000088300000, 0x0000000088200000| Untracked 
| 109|0x0000000088300000, 0x0000000088400000, 0x0000000088400000|100%| O|  |TAMS 0x0000000088400000, 0x0000000088300000| Untracked 
| 110|0x0000000088400000, 0x0000000088500000, 0x0000000088500000|100%| O|  |TAMS 0x0000000088500000, 0x0000000088400000| Untracked 
| 111|0x0000000088500000, 0x0000000088600000, 0x0000000088600000|100%| O|  |TAMS 0x0000000088600000, 0x0000000088500000| Untracked 
| 112|0x0000000088600000, 0x0000000088700000, 0x0000000088700000|100%| O|  |TAMS 0x0000000088700000, 0x0000000088600000| Untracked 
| 113|0x0000000088700000, 0x0000000088800000, 0x0000000088800000|100%| O|  |TAMS 0x0000000088800000, 0x0000000088700000| Untracked 
| 114|0x0000000088800000, 0x0000000088900000, 0x0000000088900000|100%| O|  |TAMS 0x0000000088900000, 0x0000000088800000| Untracked 
| 115|0x0000000088900000, 0x0000000088a00000, 0x0000000088a00000|100%| O|  |TAMS 0x00000000889c6200, 0x0000000088900000| Untracked 
| 116|0x0000000088a00000, 0x0000000088b00000, 0x0000000088b00000|100%| O|  |TAMS 0x0000000088a00000, 0x0000000088a00000| Untracked 
| 117|0x0000000088b00000, 0x0000000088c00000, 0x0000000088c00000|100%| O|  |TAMS 0x0000000088b00000, 0x0000000088b00000| Untracked 
| 118|0x0000000088c00000, 0x0000000088c56400, 0x0000000088d00000| 33%| O|  |TAMS 0x0000000088c00000, 0x0000000088c00000| Untracked 
| 119|0x0000000088d00000, 0x0000000088d00000, 0x0000000088e00000|  0%| F|  |TAMS 0x0000000088d00000, 0x0000000088d00000| Untracked 
| 120|0x0000000088e00000, 0x0000000088e00000, 0x0000000088f00000|  0%| F|  |TAMS 0x0000000088e00000, 0x0000000088e00000| Untracked 
| 121|0x0000000088f00000, 0x0000000088f00000, 0x0000000089000000|  0%| F|  |TAMS 0x0000000088f00000, 0x0000000088f00000| Untracked 
| 122|0x0000000089000000, 0x0000000089000000, 0x0000000089100000|  0%| F|  |TAMS 0x0000000089000000, 0x0000000089000000| Untracked 
| 123|0x0000000089100000, 0x0000000089100000, 0x0000000089200000|  0%| F|  |TAMS 0x0000000089100000, 0x0000000089100000| Untracked 
| 124|0x0000000089200000, 0x0000000089200000, 0x0000000089300000|  0%| F|  |TAMS 0x0000000089200000, 0x0000000089200000| Untracked 
| 125|0x0000000089300000, 0x0000000089300000, 0x0000000089400000|  0%| F|  |TAMS 0x0000000089300000, 0x0000000089300000| Untracked 
| 126|0x0000000089400000, 0x0000000089400000, 0x0000000089500000|  0%| F|  |TAMS 0x0000000089400000, 0x0000000089400000| Untracked 
| 127|0x0000000089500000, 0x0000000089500000, 0x0000000089600000|  0%| F|  |TAMS 0x0000000089500000, 0x0000000089500000| Untracked 
| 128|0x0000000089600000, 0x0000000089600000, 0x0000000089700000|  0%| F|  |TAMS 0x0000000089600000, 0x0000000089600000| Untracked 
| 129|0x0000000089700000, 0x0000000089700000, 0x0000000089800000|  0%| F|  |TAMS 0x0000000089700000, 0x0000000089700000| Untracked 
| 130|0x0000000089800000, 0x0000000089800000, 0x0000000089900000|  0%| F|  |TAMS 0x0000000089800000, 0x0000000089800000| Untracked 
| 131|0x0000000089900000, 0x0000000089900000, 0x0000000089a00000|  0%| F|  |TAMS 0x0000000089900000, 0x0000000089900000| Untracked 
| 132|0x0000000089a00000, 0x0000000089a00000, 0x0000000089b00000|  0%| F|  |TAMS 0x0000000089a00000, 0x0000000089a00000| Untracked 
| 133|0x0000000089b00000, 0x0000000089b00000, 0x0000000089c00000|  0%| F|  |TAMS 0x0000000089b00000, 0x0000000089b00000| Untracked 
| 134|0x0000000089c00000, 0x0000000089c00000, 0x0000000089d00000|  0%| F|  |TAMS 0x0000000089c00000, 0x0000000089c00000| Untracked 
| 135|0x0000000089d00000, 0x0000000089d00000, 0x0000000089e00000|  0%| F|  |TAMS 0x0000000089d00000, 0x0000000089d00000| Untracked 
| 136|0x0000000089e00000, 0x0000000089e00000, 0x0000000089f00000|  0%| F|  |TAMS 0x0000000089e00000, 0x0000000089e00000| Untracked 
| 137|0x0000000089f00000, 0x0000000089f00000, 0x000000008a000000|  0%| F|  |TAMS 0x0000000089f00000, 0x0000000089f00000| Untracked 
| 138|0x000000008a000000, 0x000000008a000000, 0x000000008a100000|  0%| F|  |TAMS 0x000000008a000000, 0x000000008a000000| Untracked 
| 139|0x000000008a100000, 0x000000008a1f2800, 0x000000008a200000| 94%| S|CS|TAMS 0x000000008a100000, 0x000000008a100000| Complete 
| 140|0x000000008a200000, 0x000000008a200000, 0x000000008a300000|  0%| F|  |TAMS 0x000000008a200000, 0x000000008a200000| Untracked 
| 141|0x000000008a300000, 0x000000008a300000, 0x000000008a400000|  0%| F|  |TAMS 0x000000008a300000, 0x000000008a300000| Untracked 
| 142|0x000000008a400000, 0x000000008a400000, 0x000000008a500000|  0%| F|  |TAMS 0x000000008a400000, 0x000000008a400000| Untracked 
| 143|0x000000008a500000, 0x000000008a500000, 0x000000008a600000|  0%| F|  |TAMS 0x000000008a500000, 0x000000008a500000| Untracked 
| 144|0x000000008a600000, 0x000000008a700000, 0x000000008a700000|100%| S|CS|TAMS 0x000000008a600000, 0x000000008a600000| Complete 
| 145|0x000000008a700000, 0x000000008a700000, 0x000000008a800000|  0%| F|  |TAMS 0x000000008a700000, 0x000000008a700000| Untracked 
| 146|0x000000008a800000, 0x000000008a800000, 0x000000008a900000|  0%| F|  |TAMS 0x000000008a800000, 0x000000008a800000| Untracked 
| 147|0x000000008a900000, 0x000000008a900000, 0x000000008aa00000|  0%| F|  |TAMS 0x000000008a900000, 0x000000008a900000| Untracked 
| 148|0x000000008aa00000, 0x000000008aa00000, 0x000000008ab00000|  0%| F|  |TAMS 0x000000008aa00000, 0x000000008aa00000| Untracked 
| 149|0x000000008ab00000, 0x000000008ab00000, 0x000000008ac00000|  0%| F|  |TAMS 0x000000008ab00000, 0x000000008ab00000| Untracked 
| 150|0x000000008ac00000, 0x000000008ac00000, 0x000000008ad00000|  0%| F|  |TAMS 0x000000008ac00000, 0x000000008ac00000| Untracked 
| 151|0x000000008ad00000, 0x000000008ad00000, 0x000000008ae00000|  0%| F|  |TAMS 0x000000008ad00000, 0x000000008ad00000| Untracked 
| 152|0x000000008ae00000, 0x000000008ae00000, 0x000000008af00000|  0%| F|  |TAMS 0x000000008ae00000, 0x000000008ae00000| Untracked 
| 153|0x000000008af00000, 0x000000008af00000, 0x000000008b000000|  0%| F|  |TAMS 0x000000008af00000, 0x000000008af00000| Untracked 
| 154|0x000000008b000000, 0x000000008b000000, 0x000000008b100000|  0%| F|  |TAMS 0x000000008b000000, 0x000000008b000000| Untracked 
| 155|0x000000008b100000, 0x000000008b100000, 0x000000008b200000|  0%| F|  |TAMS 0x000000008b100000, 0x000000008b100000| Untracked 
| 156|0x000000008b200000, 0x000000008b200000, 0x000000008b300000|  0%| F|  |TAMS 0x000000008b200000, 0x000000008b200000| Untracked 
| 157|0x000000008b300000, 0x000000008b300000, 0x000000008b400000|  0%| F|  |TAMS 0x000000008b300000, 0x000000008b300000| Untracked 
| 158|0x000000008b400000, 0x000000008b400000, 0x000000008b500000|  0%| F|  |TAMS 0x000000008b400000, 0x000000008b400000| Untracked 
| 159|0x000000008b500000, 0x000000008b500000, 0x000000008b600000|  0%| F|  |TAMS 0x000000008b500000, 0x000000008b500000| Untracked 
| 160|0x000000008b600000, 0x000000008b600000, 0x000000008b700000|  0%| F|  |TAMS 0x000000008b600000, 0x000000008b600000| Untracked 
| 161|0x000000008b700000, 0x000000008b700000, 0x000000008b800000|  0%| F|  |TAMS 0x000000008b700000, 0x000000008b700000| Untracked 
| 162|0x000000008b800000, 0x000000008b800000, 0x000000008b900000|  0%| F|  |TAMS 0x000000008b800000, 0x000000008b800000| Untracked 
| 163|0x000000008b900000, 0x000000008b900000, 0x000000008ba00000|  0%| F|  |TAMS 0x000000008b900000, 0x000000008b900000| Untracked 
| 164|0x000000008ba00000, 0x000000008ba00000, 0x000000008bb00000|  0%| F|  |TAMS 0x000000008ba00000, 0x000000008ba00000| Untracked 
| 165|0x000000008bb00000, 0x000000008bb00000, 0x000000008bc00000|  0%| F|  |TAMS 0x000000008bb00000, 0x000000008bb00000| Untracked 
| 166|0x000000008bc00000, 0x000000008bc00000, 0x000000008bd00000|  0%| F|  |TAMS 0x000000008bc00000, 0x000000008bc00000| Untracked 
| 167|0x000000008bd00000, 0x000000008bd00000, 0x000000008be00000|  0%| F|  |TAMS 0x000000008bd00000, 0x000000008bd00000| Untracked 
| 168|0x000000008be00000, 0x000000008be00000, 0x000000008bf00000|  0%| F|  |TAMS 0x000000008be00000, 0x000000008be00000| Untracked 
| 169|0x000000008bf00000, 0x000000008bf00000, 0x000000008c000000|  0%| F|  |TAMS 0x000000008bf00000, 0x000000008bf00000| Untracked 
| 170|0x000000008c000000, 0x000000008c000000, 0x000000008c100000|  0%| F|  |TAMS 0x000000008c000000, 0x000000008c000000| Untracked 
| 171|0x000000008c100000, 0x000000008c100000, 0x000000008c200000|  0%| F|  |TAMS 0x000000008c100000, 0x000000008c100000| Untracked 
| 172|0x000000008c200000, 0x000000008c200000, 0x000000008c300000|  0%| F|  |TAMS 0x000000008c200000, 0x000000008c200000| Untracked 
| 173|0x000000008c300000, 0x000000008c300000, 0x000000008c400000|  0%| F|  |TAMS 0x000000008c300000, 0x000000008c300000| Untracked 
| 174|0x000000008c400000, 0x000000008c400000, 0x000000008c500000|  0%| F|  |TAMS 0x000000008c400000, 0x000000008c400000| Untracked 
| 175|0x000000008c500000, 0x000000008c500000, 0x000000008c600000|  0%| F|  |TAMS 0x000000008c500000, 0x000000008c500000| Untracked 
| 176|0x000000008c600000, 0x000000008c600000, 0x000000008c700000|  0%| F|  |TAMS 0x000000008c600000, 0x000000008c600000| Untracked 
| 177|0x000000008c700000, 0x000000008c700000, 0x000000008c800000|  0%| F|  |TAMS 0x000000008c700000, 0x000000008c700000| Untracked 
| 178|0x000000008c800000, 0x000000008c800000, 0x000000008c900000|  0%| F|  |TAMS 0x000000008c800000, 0x000000008c800000| Untracked 
| 179|0x000000008c900000, 0x000000008c900000, 0x000000008ca00000|  0%| F|  |TAMS 0x000000008c900000, 0x000000008c900000| Untracked 
| 180|0x000000008ca00000, 0x000000008ca00000, 0x000000008cb00000|  0%| F|  |TAMS 0x000000008ca00000, 0x000000008ca00000| Untracked 
| 181|0x000000008cb00000, 0x000000008cb00000, 0x000000008cc00000|  0%| F|  |TAMS 0x000000008cb00000, 0x000000008cb00000| Untracked 
| 182|0x000000008cc00000, 0x000000008cc00000, 0x000000008cd00000|  0%| F|  |TAMS 0x000000008cc00000, 0x000000008cc00000| Untracked 
| 183|0x000000008cd00000, 0x000000008cd00000, 0x000000008ce00000|  0%| F|  |TAMS 0x000000008cd00000, 0x000000008cd00000| Untracked 
| 184|0x000000008ce00000, 0x000000008ce00000, 0x000000008cf00000|  0%| F|  |TAMS 0x000000008ce00000, 0x000000008ce00000| Untracked 
| 185|0x000000008cf00000, 0x000000008cf68878, 0x000000008d000000| 40%| E|  |TAMS 0x000000008cf00000, 0x000000008cf00000| Complete 
| 186|0x000000008d000000, 0x000000008d100000, 0x000000008d100000|100%| E|CS|TAMS 0x000000008d000000, 0x000000008d000000| Complete 
| 187|0x000000008d100000, 0x000000008d200000, 0x000000008d200000|100%| E|CS|TAMS 0x000000008d100000, 0x000000008d100000| Complete 
| 188|0x000000008d200000, 0x000000008d300000, 0x000000008d300000|100%| E|  |TAMS 0x000000008d200000, 0x000000008d200000| Complete 
| 189|0x000000008d300000, 0x000000008d400000, 0x000000008d400000|100%| E|CS|TAMS 0x000000008d300000, 0x000000008d300000| Complete 
| 190|0x000000008d400000, 0x000000008d500000, 0x000000008d500000|100%| E|CS|TAMS 0x000000008d400000, 0x000000008d400000| Complete 
| 191|0x000000008d500000, 0x000000008d600000, 0x000000008d600000|100%| E|CS|TAMS 0x000000008d500000, 0x000000008d500000| Complete 
| 192|0x000000008d600000, 0x000000008d700000, 0x000000008d700000|100%| E|CS|TAMS 0x000000008d600000, 0x000000008d600000| Complete 

Card table byte_map: [0x0000000019a70000,0x0000000019e70000] _byte_map_base: 0x0000000019665000

Marking Bits (Prev, Next): (CMBitMap*) 0x00000000023ada90, (CMBitMap*) 0x00000000023ada58
 Prev Bits: [0x000000001c220000, 0x000000001e1c8000)
 Next Bits: [0x000000001a270000, 0x000000001c218000)

Polling page: 0x0000000000f20000

Metaspace:

Usage:
  Non-class:     55.05 MB capacity,    53.97 MB ( 98%) used,   879.33 KB (  2%) free+waste,   231.44 KB ( <1%) overhead. 
      Class:      8.73 MB capacity,     7.90 MB ( 91%) used,   728.72 KB (  8%) free+waste,   119.19 KB (  1%) overhead. 
       Both:     63.78 MB capacity,    61.87 MB ( 97%) used,     1.57 MB (  2%) free+waste,   350.63 KB ( <1%) overhead. 

Virtual space:
  Non-class space:       56.00 MB reserved,      55.75 MB (>99%) committed 
      Class space:        1.00 GB reserved,       9.07 MB ( <1%) committed 
             Both:        1.05 GB reserved,      64.82 MB (  6%) committed 

Chunk freelists:
   Non-Class:  65.25 KB
       Class:  34.50 KB
        Both:  99.75 KB

CodeHeap 'non-profiled nmethods': size=120064Kb used=2746Kb max_used=2891Kb free=117317Kb
 bounds [0x0000000012130000, 0x0000000012410000, 0x0000000019670000]
CodeHeap 'profiled nmethods': size=120000Kb used=8922Kb max_used=11075Kb free=111077Kb
 bounds [0x000000000ac00000, 0x000000000b6e0000, 0x0000000012130000]
CodeHeap 'non-nmethods': size=5696Kb used=1359Kb max_used=1400Kb free=4337Kb
 bounds [0x000000000a670000, 0x000000000a8e0000, 0x000000000ac00000]
 total_blobs=8018 nmethods=4638 adapters=713
 compilation: enabled
              stopped_count=0, restarted_count=0
 full_count=0

Compilation events (10 events):
Event: 868719.854 Thread 0x0000000021827000 5584       3       io.netty.channel.nio.NioEventLoop::pollTask (18 bytes)
Event: 868719.855 Thread 0x0000000021827000 nmethod 5584 0x000000000acd6310 code [0x000000000acd6560, 0x000000000acd6f60]
Event: 868719.855 Thread 0x0000000021827000 5583       3       sun.nio.ch.SelectorImpl::selectNow (7 bytes)
Event: 868719.855 Thread 0x0000000021827000 nmethod 5583 0x000000000acbfa90 code [0x000000000acbfc40, 0x000000000acbfdf0]
Event: 868719.869 Thread 0x0000000021823000 5585       4       sun.nio.ch.WindowsSelectorImpl::adjustThreadsCount (132 bytes)
Event: 868719.871 Thread 0x0000000021823000 nmethod 5585 0x0000000012252010 code [0x00000000122521a0, 0x0000000012252278]
Event: 868719.963 Thread 0x0000000021823000 5586       4       java.nio.channels.spi.AbstractSelector::begin (48 bytes)
Event: 868719.968 Thread 0x0000000021823000 nmethod 5586 0x000000001225cc10 code [0x000000001225cdc0, 0x000000001225d328]
Event: 868720.529 Thread 0x0000000021827000 5588       1       io.netty.util.internal.shaded.org.jctools.queues.LinkedArrayQueueUtil::modifiedCalcElementOffset (14 bytes)
Event: 868720.529 Thread 0x0000000021827000 nmethod 5588 0x000000001225c490 code [0x000000001225c640, 0x000000001225c758]

GC Heap History (10 events):
Event: 808538.939 GC heap before
{Heap before GC invocations=261 (full 0):
 garbage-first heap   total 197632K, used 174310K [0x0000000081600000, 0x0000000100000000)
  region size 1024K, 57 young (58368K), 1 survivors (1024K)
 Metaspace       used 62786K, capacity 64560K, committed 65740K, reserved 1105920K
  class space    used 7983K, capacity 8765K, committed 9164K, reserved 1048576K
}
Event: 808538.955 GC heap after
{Heap after GC invocations=262 (full 0):
 garbage-first heap   total 197632K, used 116992K [0x0000000081600000, 0x0000000100000000)
  region size 1024K, 1 young (1024K), 1 survivors (1024K)
 Metaspace       used 62786K, capacity 64560K, committed 65740K, reserved 1105920K
  class space    used 7983K, capacity 8765K, committed 9164K, reserved 1048576K
}
Event: 867507.318 GC heap before
{Heap before GC invocations=262 (full 0):
 garbage-first heap   total 197632K, used 174336K [0x0000000081600000, 0x0000000100000000)
  region size 1024K, 57 young (58368K), 1 survivors (1024K)
 Metaspace       used 62786K, capacity 64560K, committed 65740K, reserved 1105920K
  class space    used 7983K, capacity 8765K, committed 9164K, reserved 1048576K
}
Event: 867507.366 GC heap after
{Heap after GC invocations=263 (full 0):
 garbage-first heap   total 197632K, used 118628K [0x0000000081600000, 0x0000000100000000)
  region size 1024K, 3 young (3072K), 3 survivors (3072K)
 Metaspace       used 62786K, capacity 64560K, committed 65740K, reserved 1105920K
  class space    used 7983K, capacity 8765K, committed 9164K, reserved 1048576K
}
Event: 867508.454 GC heap before
{Heap before GC invocations=264 (full 0):
 garbage-first heap   total 197632K, used 172900K [0x0000000081600000, 0x0000000100000000)
  region size 1024K, 56 young (57344K), 3 survivors (3072K)
 Metaspace       used 62786K, capacity 64560K, committed 65740K, reserved 1105920K
  class space    used 7983K, capacity 8765K, committed 9164K, reserved 1048576K
}
Event: 867508.513 GC heap after
{Heap after GC invocations=265 (full 0):
 garbage-first heap   total 197632K, used 121189K [0x0000000081600000, 0x0000000100000000)
  region size 1024K, 5 young (5120K), 5 survivors (5120K)
 Metaspace       used 62786K, capacity 64560K, committed 65740K, reserved 1105920K
  class space    used 7983K, capacity 8765K, committed 9164K, reserved 1048576K
}
Event: 868165.545 GC heap before
{Heap before GC invocations=265 (full 0):
 garbage-first heap   total 197632K, used 171365K [0x0000000081600000, 0x0000000100000000)
  region size 1024K, 54 young (55296K), 5 survivors (5120K)
 Metaspace       used 62786K, capacity 64560K, committed 65740K, reserved 1105920K
  class space    used 7983K, capacity 8765K, committed 9164K, reserved 1048576K
}
Event: 868165.593 GC heap after
{Heap after GC invocations=266 (full 0):
 garbage-first heap   total 197632K, used 122644K [0x0000000081600000, 0x0000000100000000)
  region size 1024K, 4 young (4096K), 4 survivors (4096K)
 Metaspace       used 62786K, capacity 64560K, committed 65740K, reserved 1105920K
  class space    used 7983K, capacity 8765K, committed 9164K, reserved 1048576K
}
Event: 868716.563 GC heap before
{Heap before GC invocations=267 (full 0):
 garbage-first heap   total 197632K, used 170772K [0x0000000081600000, 0x0000000100000000)
  region size 1024K, 52 young (53248K), 4 survivors (4096K)
 Metaspace       used 63334K, capacity 65215K, committed 65996K, reserved 1105920K
  class space    used 8089K, capacity 8907K, committed 9164K, reserved 1048576K
}
Event: 868716.600 GC heap after
{Heap after GC invocations=268 (full 0):
 garbage-first heap   total 197632K, used 123171K [0x0000000081600000, 0x0000000100000000)
  region size 1024K, 2 young (2048K), 2 survivors (2048K)
 Metaspace       used 63334K, capacity 65215K, committed 65996K, reserved 1105920K
  class space    used 8089K, capacity 8907K, committed 9164K, reserved 1048576K
}

Deoptimization events (10 events):
Event: 868717.886 Thread 0x0000000027ad3800 Uncommon trap: reason=unstable_if action=reinterpret pc=0x0000000012137678 method=io.netty.util.concurrent.SingleThreadEventExecutor.isShuttingDown()Z @ 5 c2
Event: 868717.886 Thread 0x00000000237bb800 Uncommon trap: reason=unstable_if action=reinterpret pc=0x00000000123f62b4 method=io.netty.util.internal.shaded.org.jctools.queues.BaseMpscLinkedArrayQueue.isEmpty()Z @ 9 c2
Event: 868717.887 Thread 0x00000000237be000 Uncommon trap: reason=unstable_if action=reinterpret pc=0x00000000123e8910 method=io.netty.util.internal.shaded.org.jctools.queues.BaseMpscLinkedArrayQueue.isEmpty()Z @ 9 c2
Event: 868717.921 Thread 0x0000000022f48800 Uncommon trap: reason=unstable_if action=reinterpret pc=0x00000000121b1168 method=org.neo4j.monitoring.VmPauseMonitor.monitor()V @ 17 c2
Event: 868717.983 Thread 0x0000000027ad3800 Uncommon trap: reason=unstable_if action=reinterpret pc=0x00000000123f578c method=io.netty.util.internal.shaded.org.jctools.queues.BaseMpscLinkedArrayQueue.isEmpty()Z @ 9 c2
Event: 868717.983 Thread 0x0000000027ad3800 Uncommon trap: reason=unstable_if action=reinterpret pc=0x0000000012402978 method=io.netty.channel.DefaultSelectStrategy.calculateStrategy(Lio/netty/util/IntSupplier;Z)I @ 1 c2
Event: 868718.644 Thread 0x0000000027ad3800 Uncommon trap: reason=bimorphic_or_optimized_type_check action=maybe_recompile pc=0x0000000012309548 method=java.util.Collections$SetFromMap.remove(Ljava/lang/Object;)Z @ 5 c2
Event: 868718.644 Thread 0x0000000027ad3800 Uncommon trap: reason=bimorphic_or_optimized_type_check action=maybe_recompile pc=0x0000000012309548 method=java.util.Collections$SetFromMap.remove(Ljava/lang/Object;)Z @ 5 c2
Event: 868718.644 Thread 0x0000000027ad3800 Uncommon trap: reason=bimorphic_or_optimized_type_check action=maybe_recompile pc=0x0000000012309548 method=java.util.Collections$SetFromMap.remove(Ljava/lang/Object;)Z @ 5 c2
Event: 868718.727 Thread 0x0000000027ad3800 Uncommon trap: reason=bimorphic_or_optimized_type_check action=maybe_recompile pc=0x0000000012309548 method=java.util.Collections$SetFromMap.remove(Ljava/lang/Object;)Z @ 5 c2

Classes redefined (0 events):
No events

Internal exceptions (10 events):
Event: 868713.610 Thread 0x00000000219d9000 Exception <a 'sun/nio/fs/WindowsException'{0x000000008bead240}> (0x000000008bead240) thrown at [t:/workspace/open/src/hotspot/share/prims/jni.cpp, line 615]
Event: 868713.631 Thread 0x000000000236f000 Exception <a 'java/lang/NoSuchMethodError'{0x000000008bd212a0}: java.lang.invoke.DelegatingMethodHandle$Holder.reinvoke_L(Ljava/lang/Object;Ljava/lang/Object;J)Ljava/lang/Object;> (0x000000008bd212a0) thrown at [t:/workspace/open/src/hotspot/share/interpr
Event: 868713.762 Thread 0x000000000236f000 Exception <a 'java/lang/NoSuchMethodError'{0x000000008bc05368}: java.lang.invoke.DirectMethodHandle$Holder.invokeVirtual(Ljava/lang/Object;Ljava/lang/Object;J)V> (0x000000008bc05368) thrown at [t:/workspace/open/src/hotspot/share/interpreter/linkResolver.
Event: 868713.763 Thread 0x000000000236f000 Exception <a 'java/lang/NoSuchMethodError'{0x000000008bc0b3f0}: java.lang.invoke.DirectMethodHandle$Holder.invokeStatic(Ljava/lang/Object;Ljava/lang/Object;Ljava/lang/Object;ILjava/lang/Object;)V> (0x000000008bc0b3f0) thrown at [t:/workspace/open/src/hots
Event: 868714.461 Thread 0x000000000236f000 Exception <a 'java/lang/NoSuchMethodError'{0x000000008b5e42b8}: java.lang.invoke.DirectMethodHandle$Holder.invokeStaticInit(Ljava/lang/Object;)V> (0x000000008b5e42b8) thrown at [t:/workspace/open/src/hotspot/share/interpreter/linkResolver.cpp, line 772]
Event: 868714.535 Thread 0x000000000236f000 Exception <a 'java/lang/NoSuchMethodError'{0x000000008b4b6fe0}: java.lang.invoke.DirectMethodHandle$Holder.invokeSpecial(Ljava/lang/Object;Ljava/lang/Object;IIILjava/lang/Object;Ljava/lang/Object;J)Ljava/lang/Object;> (0x000000008b4b6fe0) thrown at [t:/wo
Event: 868714.535 Thread 0x000000000236f000 Exception <a 'java/lang/NoSuchMethodError'{0x000000008b4ba508}: java.lang.invoke.DelegatingMethodHandle$Holder.reinvoke_L(Ljava/lang/Object;IIILjava/lang/Object;Ljava/lang/Object;J)Ljava/lang/Object;> (0x000000008b4ba508) thrown at [t:/workspace/open/src/
Event: 868715.772 Thread 0x00000000219d9000 Exception <a 'sun/nio/fs/WindowsException'{0x000000008bead2b0}> (0x000000008bead2b0) thrown at [t:/workspace/open/src/hotspot/share/prims/jni.cpp, line 615]
Event: 868715.772 Thread 0x00000000219d9000 Exception <a 'sun/nio/fs/WindowsException'{0x000000008bead320}> (0x000000008bead320) thrown at [t:/workspace/open/src/hotspot/share/prims/jni.cpp, line 615]
Event: 868715.792 Thread 0x000000000236f000 Exception <a 'java/lang/NoSuchMethodError'{0x000000008af20118}: java.lang.invoke.DirectMethodHandle$Holder.invokeStaticInit(Ljava/lang/Object;Ljava/lang/Object;Ljava/lang/Object;Ljava/lang/Object;Ljava/lang/Object;)Ljava/lang/Object;> (0x000000008af20118)

Events (10 events):
Event: 868718.727 Thread 0x0000000027ad3800 DEOPT UNPACKING pc=0x000000000a698f2f sp=0x000000002a48f168 mode 2
Event: 868718.727 Executing VM operation: RevokeBias
Event: 868718.728 Executing VM operation: RevokeBias done
Event: 868718.728 Thread 0x0000000027ad3800 Thread exited: 0x0000000027ad3800
Event: 868718.728 Executing VM operation: RevokeBias
Event: 868718.728 Executing VM operation: RevokeBias done
Event: 868718.728 Thread 0x00000000237bf800 Thread exited: 0x00000000237bf800
Event: 868719.332 Thread 0x00000000237c1000 Thread added: 0x00000000237c1000
Event: 868719.332 Thread 0x00000000237c1000 Thread exited: 0x00000000237c1000
Event: 868719.507 Thread 0x00000000237c2000 Thread added: 0x00000000237c2000


Dynamic libraries:
0x00007ff6dd8d0000 - 0x00007ff6dd8f0000 	D:\Fax\KONACNI NOSQL\neo4j-community-4.0.0\bin\tools\prunsrv-amd64.exe
0x00007ffd0a620000 - 0x00007ffd0a810000 	C:\WINDOWS\SYSTEM32\ntdll.dll
0x00007ffd08cf0000 - 0x00007ffd08da2000 	C:\WINDOWS\System32\KERNEL32.DLL
0x00007ffd08420000 - 0x00007ffd086c3000 	C:\WINDOWS\System32\KERNELBASE.dll
0x00007ffd09190000 - 0x00007ffd09233000 	C:\WINDOWS\System32\ADVAPI32.dll
0x00007ffd090f0000 - 0x00007ffd0918e000 	C:\WINDOWS\System32\msvcrt.dll
0x00007ffd088c0000 - 0x00007ffd08957000 	C:\WINDOWS\System32\sechost.dll
0x00007ffd089f0000 - 0x00007ffd08b10000 	C:\WINDOWS\System32\RPCRT4.dll
0x00007ffd09ef0000 - 0x00007ffd0a5d5000 	C:\WINDOWS\System32\SHELL32.dll
0x00007ffd07e90000 - 0x00007ffd07f8a000 	C:\WINDOWS\System32\ucrtbase.dll
0x00007ffd083d0000 - 0x00007ffd0841a000 	C:\WINDOWS\System32\cfgmgr32.dll
0x00007ffd08bc0000 - 0x00007ffd08c69000 	C:\WINDOWS\System32\shcore.dll
0x00007ffd095a0000 - 0x00007ffd098d6000 	C:\WINDOWS\System32\combase.dll
0x00007ffd07e10000 - 0x00007ffd07e90000 	C:\WINDOWS\System32\bcryptPrimitives.dll
0x00007ffd075b0000 - 0x00007ffd07d2f000 	C:\WINDOWS\System32\windows.storage.dll
0x00007ffd07f90000 - 0x00007ffd0802e000 	C:\WINDOWS\System32\msvcp_win.dll
0x00007ffd07520000 - 0x00007ffd0753f000 	C:\WINDOWS\System32\profapi.dll
0x00007ffd07540000 - 0x00007ffd0758a000 	C:\WINDOWS\System32\powrprof.dll
0x00007ffd074f0000 - 0x00007ffd07500000 	C:\WINDOWS\System32\UMPDC.dll
0x00007ffd09e20000 - 0x00007ffd09e72000 	C:\WINDOWS\System32\shlwapi.dll
0x00007ffd08db0000 - 0x00007ffd08dd6000 	C:\WINDOWS\System32\GDI32.dll
0x00007ffd07de0000 - 0x00007ffd07e01000 	C:\WINDOWS\System32\win32u.dll
0x00007ffd081d0000 - 0x00007ffd08364000 	C:\WINDOWS\System32\gdi32full.dll
0x00007ffd08e10000 - 0x00007ffd08fa4000 	C:\WINDOWS\System32\USER32.dll
0x00007ffd07590000 - 0x00007ffd075a1000 	C:\WINDOWS\System32\kernel.appcore.dll
0x00007ffd08030000 - 0x00007ffd08047000 	C:\WINDOWS\System32\cryptsp.dll
0x00007ffcea570000 - 0x00007ffceb0b2000 	C:\Program Files\Java\jdk-11\bin\server\jvm.dll
0x00007ffd086d0000 - 0x00007ffd086d8000 	C:\WINDOWS\System32\PSAPI.DLL
0x00007ffcf43a0000 - 0x00007ffcf43a9000 	C:\WINDOWS\SYSTEM32\WSOCK32.dll
0x00007ffd09e80000 - 0x00007ffd09eef000 	C:\WINDOWS\System32\WS2_32.dll
0x00007ffd03f10000 - 0x00007ffd03f34000 	C:\WINDOWS\SYSTEM32\WINMM.dll
0x00007ffcff9d0000 - 0x00007ffcff9da000 	C:\WINDOWS\SYSTEM32\VERSION.dll
0x00007ffceff70000 - 0x00007ffceff85000 	C:\WINDOWS\SYSTEM32\VCRUNTIME140.dll
0x00007ffd03ee0000 - 0x00007ffd03f0d000 	C:\WINDOWS\SYSTEM32\WINMMBASE.dll
0x00007ffcea550000 - 0x00007ffcea561000 	C:\Program Files\Java\jdk-11\bin\verify.dll
0x00007ffcfe790000 - 0x00007ffcfe984000 	C:\WINDOWS\SYSTEM32\DBGHELP.DLL
0x00007ffcfe760000 - 0x00007ffcfe78a000 	C:\WINDOWS\SYSTEM32\dbgcore.DLL
0x00007ffcea520000 - 0x00007ffcea549000 	C:\Program Files\Java\jdk-11\bin\java.dll
0x00007ffcea500000 - 0x00007ffcea516000 	C:\Program Files\Java\jdk-11\bin\zip.dll
0x00007ffceb170000 - 0x00007ffceb17a000 	C:\Program Files\Java\jdk-11\bin\jimage.dll
0x00007ffce9ea0000 - 0x00007ffce9eb9000 	C:\Program Files\Java\jdk-11\bin\net.dll
0x00007ffd017f0000 - 0x00007ffd018e0000 	C:\WINDOWS\SYSTEM32\WINHTTP.dll
0x00007ffd06d60000 - 0x00007ffd06dc7000 	C:\WINDOWS\system32\mswsock.dll
0x00007ffce9e80000 - 0x00007ffce9e93000 	C:\Program Files\Java\jdk-11\bin\nio.dll
0x00007ffce9860000 - 0x00007ffce9869000 	C:\Program Files\Java\jdk-11\bin\management.dll
0x00007ffce8330000 - 0x00007ffce833c000 	C:\Program Files\Java\jdk-11\bin\management_ext.dll
0x00007ffcee440000 - 0x00007ffcee456000 	C:\WINDOWS\system32\napinsp.dll
0x00007ffcee420000 - 0x00007ffcee43a000 	C:\WINDOWS\system32\pnrpnsp.dll
0x00007ffd06ab0000 - 0x00007ffd06b7a000 	C:\WINDOWS\SYSTEM32\DNSAPI.dll
0x00007ffd090e0000 - 0x00007ffd090e8000 	C:\WINDOWS\System32\NSI.dll
0x00007ffd06a70000 - 0x00007ffd06aaa000 	C:\WINDOWS\SYSTEM32\IPHLPAPI.DLL
0x00007ffcee410000 - 0x00007ffcee41e000 	C:\WINDOWS\System32\winrnr.dll
0x00007ffd04130000 - 0x00007ffd0414c000 	C:\WINDOWS\system32\NLAapi.dll
0x00007ffcee300000 - 0x00007ffcee315000 	C:\WINDOWS\system32\wshbth.dll
0x00007ffcf57a0000 - 0x00007ffcf57aa000 	C:\Windows\System32\rasadhlp.dll
0x00007ffcf8930000 - 0x00007ffcf89a7000 	C:\WINDOWS\System32\fwpuclnt.dll
0x00007ffd08050000 - 0x00007ffd08076000 	C:\WINDOWS\System32\bcrypt.dll
0x00007ffcfa2a0000 - 0x00007ffcfa2b6000 	C:\WINDOWS\SYSTEM32\dhcpcsvc6.DLL
0x00007ffcfad10000 - 0x00007ffcfad2c000 	C:\WINDOWS\SYSTEM32\dhcpcsvc.DLL
0x00007ffd068d0000 - 0x00007ffd06903000 	C:\WINDOWS\system32\rsaenh.dll
0x00007ffd06f30000 - 0x00007ffd06f3c000 	C:\WINDOWS\SYSTEM32\CRYPTBASE.dll

dbghelp: loaded successfully - version: 4.0.5 - missing functions: none
symbol engine: initialized successfully - sym options: 0x614 - pdb path: .;D:\Fax\KONACNI NOSQL\neo4j-community-4.0.0\bin\tools;C:\WINDOWS\SYSTEM32;C:\Program Files\Java\jdk-11\bin\server;C:\Program Files\Java\jdk-11\bin

VM Arguments:
jvm_args: -XX:+UnlockExperimentalVMOptions -XX:-OmitStackTraceInFastThrow -XX:+TrustFinalNonStaticFields -Dio.netty.tryReflectionSetAccessible=true -Dfile.encoding=UTF-8 -XX:+AlwaysPreTouch -Djdk.tls.ephemeralDHKeySize=2048 -Djdk.nio.maxCachedBufferSize=262144 -XX:+DisableExplicitGC -XX:+UseG1GC -Djdk.tls.rejectClientInitiatedRenegotiation=true exit abort 
java_command: <unknown>
java_class_path (initial): lib/activation-1.1.1.jar;lib/annotations-4.0.0.jar;lib/bcpkix-jdk15on-1.63.jar;lib/bcprov-jdk15on-1.63.jar;lib/caffeine-2.8.0.jar;lib/commons-beanutils-1.9.4.jar;lib/commons-collections-3.2.2.jar;lib/commons-compress-1.19.jar;lib/commons-configuration-1.10.jar;lib/commons-io-2.6.jar;lib/commons-lang-2.6.jar;lib/commons-lang3-3.9.jar;lib/commons-logging-1.2.jar;lib/commons-text-1.7.jar;lib/eclipse-collections-10.0.0.jar;lib/eclipse-collections-api-10.0.0.jar;lib/FastInfoset-1.2.16.jar;lib/hk2-api-2.5.0.jar;lib/hk2-locator-2.5.0.jar;lib/hk2-utils-2.5.0.jar;lib/istack-commons-runtime-3.0.8.jar;lib/jackson-annotations-2.10.0.jar;lib/jackson-core-2.10.0.jar;lib/jackson-databind-2.10.0.jar;lib/jackson-jaxrs-base-2.10.0.jar;lib/jackson-jaxrs-json-provider-2.10.0.jar;lib/jackson-module-jaxb-annotations-2.10.0.jar;lib/jakarta.activation-1.2.1.jar;lib/jakarta.activation-api-1.2.1.jar;lib/jakarta.annotation-api-1.3.4.jar;lib/jakarta.inject-2.5.0.jar;lib/jakarta.ws.rs-api-2.1.5.jar;lib/jakarta.xml.bind-api-2.3.2.jar;lib/javassist-3.22.0-CR2.jar;lib/javax.servlet-api-3.1.0.jar;lib/javax.ws.rs-api-2.1.1.jar;lib/jaxb-api-2.3.0.jar;lib/jaxb-runtime-2.3.2.jar;lib/jctools-core-2.1.2.jar;lib/jersey-client-2.29.jar;lib/jersey-common-2.29.jar;lib/jersey-container-servlet-2.29.jar;lib/jersey-container-servlet-core-2.29.jar;lib/jersey-hk2-2.29.jar;lib/jersey-media-jaxb-2.29.jar;lib/jersey-server-2.29.jar;lib/jetty-http-9.4.17.v20190418.jar;lib/jetty-io-9.4.17.v20190418.jar;lib/jetty-security-9.4.17.v20190418.jar;lib/jetty-server-9.4.17.v20190418.jar;lib/jetty-servlet-9.4.17.v20190418.jar;lib/jetty-util-9.4.17.v20190418.jar;lib/jetty-webapp-9.4.17.v20190418.jar;lib/jetty-xml-9.4.17.v20190418.jar;lib/jna-5.4.0.jar;lib/jPowerShell-3.0.jar;lib/jProcesses-1.6.5.jar;lib/lucene-analyzers-common-8.2.0.jar;lib/lucene-codecs-8.2.0.jar;lib/lucene-core-8.2.0.jar;lib/lucene-queryparser-8.2.0.jar;lib/neo4j-4.0.0.jar;lib/neo4j-ast-4.0-4.0.0.jar;lib/neo4j-batch-insert-4.0.0.j
Launcher Type: generic

[Global flags]
     bool AlwaysPreTouch                           = true                                      {product} {command line}
     intx CICompilerCount                          = 3                                         {product} {ergonomic}
     uint ConcGCThreads                            = 1                                         {product} {ergonomic}
     bool DisableExplicitGC                        = true                                      {product} {command line}
     uint G1ConcRefinementThreads                  = 4                                         {product} {ergonomic}
   size_t G1HeapRegionSize                         = 1048576                                   {product} {ergonomic}
    uintx GCDrainStackTargetSize                   = 64                                        {product} {ergonomic}
   size_t InitialHeapSize                          = 134217728                                 {product} {ergonomic}
   size_t MarkStackSize                            = 4194304                                   {product} {ergonomic}
   size_t MaxHeapSize                              = 2124414976                                {product} {ergonomic}
   size_t MaxNewSize                               = 1274019840                                {product} {ergonomic}
   size_t MinHeapDeltaBytes                        = 1048576                                   {product} {ergonomic}
    uintx NonNMethodCodeHeapSize                   = 5830092                                {pd product} {ergonomic}
    uintx NonProfiledCodeHeapSize                  = 122914074                              {pd product} {ergonomic}
     bool OmitStackTraceInFastThrow                = false                                     {product} {command line}
    uintx ProfiledCodeHeapSize                     = 122914074                              {pd product} {ergonomic}
    uintx ReservedCodeCacheSize                    = 251658240                              {pd product} {ergonomic}
     bool SegmentedCodeCache                       = true                                      {product} {ergonomic}
     bool TrustFinalNonStaticFields                = true                                 {experimental} {command line}
     bool UnlockExperimentalVMOptions              = true                                 {experimental} {command line}
     bool UseCompressedClassPointers               = true                                 {lp64_product} {ergonomic}
     bool UseCompressedOops                        = true                                 {lp64_product} {ergonomic}
     bool UseFastUnorderedTimeStamps               = true                                 {experimental} {ergonomic}
     bool UseG1GC                                  = true                                      {product} {command line}
     bool UseLargePagesIndividualAllocation        = false                                  {pd product} {ergonomic}

Logging:
Log output configuration:
 #0: stdout all=warning uptime,level,tags
 #1: stderr all=off uptime,level,tags

Environment Variables:
PATH=C:\Program Files\Java\jdk-11\bin;C:\Program Files\Java\jdk-11\bin;C:\WINDOWS\system32;C:\WINDOWS;C:\WINDOWS\System32\Wbem;C:\WINDOWS\System32\WindowsPowerShell\v1.0\;C:\Program Files (x86)\NVIDIA Corporation\PhysX\Common;C:\Program Files (x86)\Microsoft SQL Server\100\Tools\Binn\;C:\Program Files\Microsoft SQL Server\100\Tools\Binn\;C:\Program Files\Microsoft SQL Server\100\DTS\Binn\;C:\WINDOWS\system32;C:\WINDOWS;C:\WINDOWS\System32\Wbem;C:\WINDOWS\System32\WindowsPowerShell\v1.0\;C:\WINDOWS\System32\OpenSSH\;C:\Program Files\NVIDIA Corporation\NVIDIA NvDLISR;C:\Program Files\PuTTY\;C:\Program Files\nodejs\;C:\Program Files (x86)\Common Files\Acronis\VirtualFile\;C:\Program Files (x86)\Common Files\Acronis\VirtualFile64\;C:\Program Files (x86)\Common Files\Acronis\SnapAPI\;C:\Program Files\Crucial\Crucial Storage Executive;C:\WINDOWS\system32\config\systemprofile\AppData\Local\Microsoft\WindowsApps
USERNAME=JELENA-PC$
OS=Windows_NT
PROCESSOR_IDENTIFIER=Intel64 Family 6 Model 78 Stepping 3, GenuineIntel



---------------  S Y S T E M  ---------------

OS: Windows 10 , 64 bit Build 18362 (10.0.18362.329)

CPU:total 4 (initial active 4) (2 cores per cpu, 2 threads per core) family 6 model 78 stepping 3, cmov, cx8, fxsr, mmx, sse, sse2, sse3, ssse3, sse4.1, sse4.2, popcnt, avx, avx2, aes, clmul, erms, rtm, 3dnowpref, lzcnt, ht, tsc, tscinvbit, bmi1, bmi2, adx, fma

Memory: 4k page, system-wide physical 8098M (5974M free)
TotalPageFile size 10727M (AvailPageFile size 8052M)
current process WorkingSet (physical memory assigned to process): 254M, peak: 323M
current process commit charge ("private bytes"): 389M, peak: 407M

vm_info: Java HotSpot(TM) 64-Bit Server VM (11+28) for windows-amd64 JRE (11+28), built on Aug 23 2018 03:03:59 by "mach5one" with MS VC++ 15.5 (VS2017)

END.
