#
# A fatal error has been detected by the Java Runtime Environment:
#
#  EXCEPTION_ACCESS_VIOLATION (0xc0000005) at pc=0x00007ff997145e98, pid=4856, tid=5608
#
# JRE version: Java(TM) SE Runtime Environment (11.0+28) (build 11+28)
# Java VM: Java HotSpot(TM) 64-Bit Server VM (11+28, mixed mode, tiered, compressed oops, g1 gc, windows-amd64)
# Problematic frame:
# V  [jvm.dll+0x2e5e98]
#
# No core dump will be written. Minidumps are not enabled by default on client versions of Windows
#
# If you would like to submit a bug report, please visit:
#   http://bugreport.java.com/bugreport/crash.jsp
#

---------------  S U M M A R Y ------------

Command Line: -XX:+UnlockExperimentalVMOptions -XX:-OmitStackTraceInFastThrow -XX:+TrustFinalNonStaticFields -Dio.netty.tryReflectionSetAccessible=true -Dfile.encoding=UTF-8 -XX:+AlwaysPreTouch -Djdk.tls.ephemeralDHKeySize=2048 -Djdk.nio.maxCachedBufferSize=262144 -XX:+DisableExplicitGC -XX:+UseG1GC -Djdk.tls.rejectClientInitiatedRenegotiation=true exit abort 

Host: Intel(R) Core(TM) i3-6100U CPU @ 2.30GHz, 4 cores, 7G,  Windows 10 , 64 bit Build 18362 (10.0.18362.329)
Time: Fri Feb 28 06:12:57 2020 Central Europe Standard Time elapsed time: 814292 seconds (9d 10h 11m 32s)

---------------  T H R E A D  ---------------

Current thread (0x00000000029b2800):  GCTaskThread "GC Thread#0" [stack: 0x0000000002330000,0x0000000002430000] [id=5608]

Stack: [0x0000000002330000,0x0000000002430000],  sp=0x000000000242e520,  free space=1017k
Native frames: (J=compiled Java code, j=interpreted, Vv=VM code, C=native code)
V  [jvm.dll+0x2e5e98]
V  [jvm.dll+0x73ca98]
V  [jvm.dll+0x6a267d]
V  [jvm.dll+0x73d37c]
V  [jvm.dll+0x6a36f4]
V  [jvm.dll+0x7ab4f0]
V  [jvm.dll+0x63b2c2]
C  [ucrtbase.dll+0x20e72]
C  [KERNEL32.DLL+0x17bd4]
C  [ntdll.dll+0x6ced1]


siginfo: EXCEPTION_ACCESS_VIOLATION (0xc0000005), reading address 0x0000000000000000


Register to memory mapping:

RIP=0x00007ff997145e98 jvm.dll
RAX=0x0 is NULL
RBX=0x000000000242e580 points into unknown readable memory
RCX=0x0 is NULL
RDX=0x0000000000000003 is an unknown value
RSP=0x000000000242e520 points into unknown readable memory
RBP=0x000000000214e9f0 is pointing into the stack for thread: 0x000000000299e000
RSI=0x000000000242e5e0 points into unknown readable memory
RDI=0x000000000242e5b0 points into unknown readable memory
R8 =0x0 is NULL
R9 =0x0000000000000003 is an unknown value
R10=0x00000000013e0ad0 points into unknown readable memory
R11=0x000000000242e4d0 points into unknown readable memory
R12=0x000000000000001c is an unknown value
R13=0x0000000000000001 is an unknown value
R14=0x000000000299e000 is a thread
R15=0x0000000021b3f348 points into unknown readable memory


Registers:
RAX=0x0000000000000000, RBX=0x000000000242e580, RCX=0x0000000000000000, RDX=0x0000000000000003
RSP=0x000000000242e520, RBP=0x000000000214e9f0, RSI=0x000000000242e5e0, RDI=0x000000000242e5b0
R8 =0x0000000000000000, R9 =0x0000000000000003, R10=0x00000000013e0ad0, R11=0x000000000242e4d0
R12=0x000000000000001c, R13=0x0000000000000001, R14=0x000000000299e000, R15=0x0000000021b3f348
RIP=0x00007ff997145e98, EFLAGS=0x0000000000010246

Top of Stack: (sp=0x000000000242e520)
0x000000000242e520:   000000000242e580 000000000214e9f0
0x000000000242e530:   000000000242e5e0 0000000000000000
0x000000000242e540:   0000000021b3f348 0000000000000000
0x000000000242e550:   00007ff997883fe8 00007ff99759ca98
0x000000000242e560:   0000000000000001 000000000299e000
0x000000000242e570:   0000000021b3f348 0000000000000000
0x000000000242e580:   000000000214e9f0 0000000000000000
0x000000000242e590:   0000000000000000 0000000000000000
0x000000000242e5a0:   0000000000000000 000000000214e9f0
0x000000000242e5b0:   000000000214e980 0000000012a02efb
0x000000000242e5c0:   0000000012a02d10 0000000000000000
0x000000000242e5d0:   0000000000000000 000000000214e980
0x000000000242e5e0:   00000000281ff158 00000000281ff15c
0x000000000242e5f0:   00000000281ff150 00000000281ff154
0x000000000242e600:   00000000281ff148 00000000281ff14c
0x000000000242e610:   00000000281ff140 00000000281ff144 

Instructions: (pc=0x00007ff997145e98)
0x00007ff997145e78:   4b 08 e8 11 49 f1 ff 48 8b cb 48 89 43 10 e8 25
0x00007ff997145e88:   f5 ff ff 48 85 c0 0f 85 e3 00 00 00 48 8b 4b 10
0x00007ff997145e98:   48 8b 01 ff 50 20 33 c9 84 c0 0f 95 c1 e9 da 00
0x00007ff997145ea8:   00 00 48 8b 57 10 48 85 d2 0f 84 8c 00 00 00 41 



---------------  P R O C E S S  ---------------

Threads class SMR info:
_java_thread_list=0x0000000022e71980, length=28, elements={
0x000000000299e000, 0x0000000021024000, 0x0000000021027800, 0x0000000021e8f000,
0x0000000021e91000, 0x0000000021e93000, 0x0000000021e48800, 0x000000002103c800,
0x0000000021ff4000, 0x0000000021ffa800, 0x000000002357c800, 0x0000000024016000,
0x0000000023a65800, 0x0000000023752800, 0x0000000023232800, 0x0000000022e4c000,
0x0000000022e43000, 0x0000000022e42800, 0x0000000022e47800, 0x0000000022e49000,
0x0000000022e4a000, 0x0000000022e48000, 0x0000000022e45000, 0x0000000022e44000,
0x0000000022e46800, 0x0000000022e4a800, 0x0000000022e4b800, 0x0000000022e45800
}

Java Threads: ( => current thread )
  0x000000000299e000 JavaThread "main" [_thread_blocked, id=4964, stack(0x0000000002050000,0x0000000002150000)]
  0x0000000021024000 JavaThread "Reference Handler" daemon [_thread_blocked, id=6216, stack(0x0000000021b40000,0x0000000021c40000)]
  0x0000000021027800 JavaThread "Finalizer" daemon [_thread_blocked, id=6220, stack(0x0000000021c40000,0x0000000021d40000)]
  0x0000000021e8f000 JavaThread "Signal Dispatcher" daemon [_thread_blocked, id=6236, stack(0x0000000022240000,0x0000000022340000)]
  0x0000000021e91000 JavaThread "Attach Listener" daemon [_thread_blocked, id=6240, stack(0x0000000022340000,0x0000000022440000)]
  0x0000000021e93000 JavaThread "C2 CompilerThread0" daemon [_thread_blocked, id=6244, stack(0x0000000022440000,0x0000000022540000)]
  0x0000000021e48800 JavaThread "C1 CompilerThread0" daemon [_thread_blocked, id=6248, stack(0x0000000022540000,0x0000000022640000)]
  0x000000002103c800 JavaThread "Sweeper thread" daemon [_thread_blocked, id=6256, stack(0x0000000022640000,0x0000000022740000)]
  0x0000000021ff4000 JavaThread "Service Thread" daemon [_thread_blocked, id=6416, stack(0x0000000022740000,0x0000000022840000)]
  0x0000000021ffa800 JavaThread "Common-Cleaner" daemon [_thread_blocked, id=6432, stack(0x0000000022940000,0x0000000022a40000)]
  0x000000002357c800 JavaThread "neo4j.Scheduler-1" daemon [_thread_blocked, id=7244, stack(0x0000000024510000,0x0000000024610000)]
  0x0000000024016000 JavaThread "Cleaner-0" daemon [_thread_blocked, id=7284, stack(0x0000000025010000,0x0000000025110000)]
  0x0000000023a65800 JavaThread "FileSystemWatchService" daemon [_thread_in_native, id=8284, stack(0x0000000025cf0000,0x0000000025df0000)]
  0x0000000023752800 JavaThread "MuninnPageCache[1]-EvictionTask" daemon [_thread_blocked, id=8336, stack(0x0000000025df0000,0x0000000025ef0000)]
  0x0000000023232800 JavaThread "neo4j.VmPauseMonitor-1" daemon [_thread_blocked, id=8564, stack(0x0000000029520000,0x0000000029620000)]
  0x0000000022e4c000 JavaThread "neo4j.ServerTransactionTimeout-13" daemon [_thread_blocked, id=14808, stack(0x000000002e600000,0x000000002e700000)]
  0x0000000022e43000 JavaThread "neo4j.TransactionTimeoutMonitor-39" daemon [_thread_blocked, id=17880, stack(0x000000002b230000,0x000000002b330000)]
  0x0000000022e42800 JavaThread "neo4j.IndexSampling-37" daemon [_thread_blocked, id=15016, stack(0x0000000029d30000,0x0000000029e30000)]
  0x0000000022e47800 JavaThread "neo4j.CheckPoint-80" daemon [_thread_blocked, id=1248, stack(0x0000000001d50000,0x0000000001e50000)]
  0x0000000022e49000 JavaThread "neo4j.StorageMaintenance-49" daemon [_thread_blocked, id=17132, stack(0x00000000014b0000,0x00000000015b0000)]
  0x0000000022e4a000 JavaThread "neo4j.BoltNetworkIO-2" [_thread_blocked, id=9156, stack(0x0000000001f50000,0x0000000002050000)]
  0x0000000022e48000 JavaThread "neo4j.BoltNetworkIO-3" [_thread_blocked, id=9020, stack(0x0000000028100000,0x0000000028200000)]
  0x0000000022e45000 JavaThread "neo4j.BoltNetworkIO-4" [_thread_blocked, id=10008, stack(0x0000000029020000,0x0000000029120000)]
  0x0000000022e44000 JavaThread "neo4j.BoltNetworkIO-5" [_thread_blocked, id=11188, stack(0x0000000029120000,0x0000000029220000)]
  0x0000000022e46800 JavaThread "neo4j.BoltNetworkIO-6" [_thread_blocked, id=17588, stack(0x0000000029220000,0x0000000029320000)]
  0x0000000022e4a800 JavaThread "neo4j.BoltNetworkIO-7" [_thread_blocked, id=5748, stack(0x0000000029420000,0x0000000029520000)]
  0x0000000022e4b800 JavaThread "neo4j.BoltNetworkIO-8" [_thread_blocked, id=13412, stack(0x0000000029620000,0x0000000029720000)]
  0x0000000022e45800 JavaThread "DestroyJavaVM" [_thread_blocked, id=9248, stack(0x0000000002050000,0x0000000002150000)]

Other Threads:
  0x0000000020fff800 VMThread "VM Thread" [stack: 0x0000000021a40000,0x0000000021b40000] [id=6184]
  0x0000000021ffe000 WatcherThread [stack: 0x0000000022840000,0x0000000022940000] [id=6428]
=>0x00000000029b2800 GCTaskThread "GC Thread#0" [stack: 0x0000000002330000,0x0000000002430000] [id=5608]
  0x0000000023077800 GCTaskThread "GC Thread#1" [stack: 0x0000000023340000,0x0000000023440000] [id=2872]
  0x0000000023078800 GCTaskThread "GC Thread#2" [stack: 0x0000000023440000,0x0000000023540000] [id=6776]
  0x0000000026553800 GCTaskThread "GC Thread#3" [stack: 0x0000000029f20000,0x000000002a020000] [id=8836]
  0x00000000029e5800 ConcurrentGCThread "G1 Main Marker" [stack: 0x000000001e800000,0x000000001e900000] [id=5588]
  0x00000000029e6800 ConcurrentGCThread "G1 Conc#0" [stack: 0x000000001e900000,0x000000001ea00000] [id=5556]
  0x0000000002a4e000 ConcurrentGCThread "G1 Refine#0" [stack: 0x0000000021040000,0x0000000021140000] [id=5412]
  0x0000000023b81800 ConcurrentGCThread "G1 Refine#1" [stack: 0x000000002e900000,0x000000002ea00000] [id=14096]
  0x00000000240b1000 ConcurrentGCThread "G1 Refine#2" [stack: 0x000000002ea00000,0x000000002eb00000] [id=11136]
  0x0000000020e6a800 ConcurrentGCThread "G1 Young RemSet Sampling" [stack: 0x0000000021140000,0x0000000021240000] [id=5408]

Threads with active compile tasks:

VM state:at safepoint (normal execution)

VM Mutex/Monitor currently owned by a thread:  ([mutex/lock_event])
[0x0000000002999230] Safepoint_lock - owner thread: 0x0000000020fff800
[0x000000000299a040] Threads_lock - owner thread: 0x0000000020fff800

Heap address: 0x0000000081600000, size: 2026 MB, Compressed Oops mode: 32-bit
Narrow klass base: 0x0000000000000000, Narrow klass shift: 3
Compressed class space size: 1073741824 Address: 0x0000000100000000

Heap:
 garbage-first heap   total 131072K, used 113194K [0x0000000081600000, 0x0000000100000000)
  region size 1024K, 5 young (5120K), 1 survivors (1024K)
 Metaspace       used 63441K, capacity 65395K, committed 66508K, reserved 1105920K
  class space    used 8117K, capacity 8992K, committed 9420K, reserved 1048576K
Heap Regions: E=young(eden), S=young(survivor), O=old, HS=humongous(starts), HC=humongous(continues), CS=collection set, F=free, A=archive, TAMS=top-at-mark-start (previous, next)
|   0|0x0000000081600000, 0x0000000081700000, 0x0000000081700000|100%| O|  |TAMS 0x0000000081700000, 0x0000000081600000| Untracked 
|   1|0x0000000081700000, 0x0000000081800000, 0x0000000081800000|100%| O|  |TAMS 0x0000000081800000, 0x0000000081700000| Untracked 
|   2|0x0000000081800000, 0x0000000081900000, 0x0000000081900000|100%| O|  |TAMS 0x0000000081900000, 0x0000000081800000| Untracked 
|   3|0x0000000081900000, 0x0000000081a00000, 0x0000000081a00000|100%| O|  |TAMS 0x0000000081a00000, 0x0000000081900000| Untracked 
|   4|0x0000000081a00000, 0x0000000081b00000, 0x0000000081b00000|100%| O|  |TAMS 0x0000000081b00000, 0x0000000081a00000| Untracked 
|   5|0x0000000081b00000, 0x0000000081c00000, 0x0000000081c00000|100%| O|  |TAMS 0x0000000081c00000, 0x0000000081b00000| Untracked 
|   6|0x0000000081c00000, 0x0000000081d00000, 0x0000000081d00000|100%| O|  |TAMS 0x0000000081d00000, 0x0000000081c00000| Untracked 
|   7|0x0000000081d00000, 0x0000000081e00000, 0x0000000081e00000|100%| O|  |TAMS 0x0000000081e00000, 0x0000000081d00000| Untracked 
|   8|0x0000000081e00000, 0x0000000081f00000, 0x0000000081f00000|100%| O|  |TAMS 0x0000000081f00000, 0x0000000081e00000| Untracked 
|   9|0x0000000081f00000, 0x0000000082000000, 0x0000000082000000|100%| O|  |TAMS 0x0000000082000000, 0x0000000081f00000| Untracked 
|  10|0x0000000082000000, 0x0000000082100000, 0x0000000082100000|100%| O|  |TAMS 0x0000000082100000, 0x0000000082000000| Untracked 
|  11|0x0000000082100000, 0x0000000082200000, 0x0000000082200000|100%| O|  |TAMS 0x0000000082200000, 0x0000000082100000| Untracked 
|  12|0x0000000082200000, 0x0000000082300000, 0x0000000082300000|100%| O|  |TAMS 0x0000000082300000, 0x0000000082200000| Untracked 
|  13|0x0000000082300000, 0x0000000082400000, 0x0000000082400000|100%| O|  |TAMS 0x0000000082400000, 0x0000000082300000| Untracked 
|  14|0x0000000082400000, 0x0000000082500000, 0x0000000082500000|100%| O|  |TAMS 0x0000000082400000, 0x0000000082400000| Untracked 
|  15|0x0000000082500000, 0x0000000082600000, 0x0000000082600000|100%| O|  |TAMS 0x0000000082600000, 0x0000000082500000| Untracked 
|  16|0x0000000082600000, 0x0000000082700000, 0x0000000082700000|100%| O|  |TAMS 0x0000000082700000, 0x0000000082600000| Untracked 
|  17|0x0000000082700000, 0x0000000082800000, 0x0000000082800000|100%| O|  |TAMS 0x0000000082800000, 0x0000000082700000| Untracked 
|  18|0x0000000082800000, 0x0000000082900000, 0x0000000082900000|100%| O|  |TAMS 0x0000000082900000, 0x0000000082800000| Untracked 
|  19|0x0000000082900000, 0x0000000082a00000, 0x0000000082a00000|100%| O|  |TAMS 0x0000000082a00000, 0x0000000082900000| Untracked 
|  20|0x0000000082a00000, 0x0000000082b00000, 0x0000000082b00000|100%| O|  |TAMS 0x0000000082b00000, 0x0000000082a00000| Untracked 
|  21|0x0000000082b00000, 0x0000000082b24e00, 0x0000000082c00000| 14%| O|  |TAMS 0x0000000082b00000, 0x0000000082b00000| Untracked 
|  22|0x0000000082c00000, 0x0000000082d00000, 0x0000000082d00000|100%| O|  |TAMS 0x0000000082d00000, 0x0000000082c00000| Untracked 
|  23|0x0000000082d00000, 0x0000000082e00000, 0x0000000082e00000|100%| O|  |TAMS 0x0000000082e00000, 0x0000000082d00000| Untracked 
|  24|0x0000000082e00000, 0x0000000082f00000, 0x0000000082f00000|100%| O|  |TAMS 0x0000000082f00000, 0x0000000082e00000| Untracked 
|  25|0x0000000082f00000, 0x0000000083000000, 0x0000000083000000|100%| O|  |TAMS 0x0000000083000000, 0x0000000082f00000| Untracked 
|  26|0x0000000083000000, 0x0000000083100000, 0x0000000083100000|100%| O|  |TAMS 0x0000000083100000, 0x0000000083000000| Untracked 
|  27|0x0000000083100000, 0x0000000083200000, 0x0000000083200000|100%| O|  |TAMS 0x0000000083200000, 0x0000000083100000| Untracked 
|  28|0x0000000083200000, 0x0000000083300000, 0x0000000083300000|100%| O|  |TAMS 0x0000000083300000, 0x0000000083200000| Untracked 
|  29|0x0000000083300000, 0x0000000083400000, 0x0000000083400000|100%| O|  |TAMS 0x0000000083400000, 0x0000000083300000| Untracked 
|  30|0x0000000083400000, 0x0000000083500000, 0x0000000083500000|100%| O|  |TAMS 0x0000000083500000, 0x0000000083400000| Untracked 
|  31|0x0000000083500000, 0x0000000083600000, 0x0000000083600000|100%| O|  |TAMS 0x0000000083600000, 0x0000000083500000| Untracked 
|  32|0x0000000083600000, 0x0000000083700000, 0x0000000083700000|100%| O|  |TAMS 0x0000000083700000, 0x0000000083600000| Untracked 
|  33|0x0000000083700000, 0x0000000083800000, 0x0000000083800000|100%| O|  |TAMS 0x0000000083800000, 0x0000000083700000| Untracked 
|  34|0x0000000083800000, 0x0000000083900000, 0x0000000083900000|100%| O|  |TAMS 0x0000000083900000, 0x0000000083800000| Untracked 
|  35|0x0000000083900000, 0x0000000083a00000, 0x0000000083a00000|100%| O|  |TAMS 0x0000000083a00000, 0x0000000083900000| Untracked 
|  36|0x0000000083a00000, 0x0000000083b00000, 0x0000000083b00000|100%| O|  |TAMS 0x0000000083b00000, 0x0000000083a00000| Untracked 
|  37|0x0000000083b00000, 0x0000000083c00000, 0x0000000083c00000|100%| O|  |TAMS 0x0000000083c00000, 0x0000000083b00000| Untracked 
|  38|0x0000000083c00000, 0x0000000083d00000, 0x0000000083d00000|100%| O|  |TAMS 0x0000000083d00000, 0x0000000083c00000| Untracked 
|  39|0x0000000083d00000, 0x0000000083e00000, 0x0000000083e00000|100%| O|  |TAMS 0x0000000083e00000, 0x0000000083d00000| Untracked 
|  40|0x0000000083e00000, 0x0000000083f00000, 0x0000000083f00000|100%| O|  |TAMS 0x0000000083f00000, 0x0000000083e00000| Untracked 
|  41|0x0000000083f00000, 0x0000000084000000, 0x0000000084000000|100%| O|  |TAMS 0x0000000084000000, 0x0000000083f00000| Untracked 
|  42|0x0000000084000000, 0x0000000084100000, 0x0000000084100000|100%| O|  |TAMS 0x0000000084100000, 0x0000000084000000| Untracked 
|  43|0x0000000084100000, 0x0000000084200000, 0x0000000084200000|100%| O|  |TAMS 0x0000000084200000, 0x0000000084100000| Untracked 
|  44|0x0000000084200000, 0x0000000084300000, 0x0000000084300000|100%| O|  |TAMS 0x0000000084300000, 0x0000000084200000| Untracked 
|  45|0x0000000084300000, 0x0000000084400000, 0x0000000084400000|100%| O|  |TAMS 0x0000000084400000, 0x0000000084300000| Untracked 
|  46|0x0000000084400000, 0x0000000084500000, 0x0000000084500000|100%| O|  |TAMS 0x0000000084500000, 0x0000000084400000| Untracked 
|  47|0x0000000084500000, 0x0000000084600000, 0x0000000084600000|100%| O|  |TAMS 0x0000000084600000, 0x0000000084500000| Untracked 
|  48|0x0000000084600000, 0x0000000084700000, 0x0000000084700000|100%| O|  |TAMS 0x0000000084700000, 0x0000000084600000| Untracked 
|  49|0x0000000084700000, 0x0000000084800000, 0x0000000084800000|100%| O|  |TAMS 0x0000000084800000, 0x0000000084700000| Untracked 
|  50|0x0000000084800000, 0x0000000084900000, 0x0000000084900000|100%| O|  |TAMS 0x0000000084900000, 0x0000000084800000| Untracked 
|  51|0x0000000084900000, 0x0000000084a00000, 0x0000000084a00000|100%| O|  |TAMS 0x0000000084a00000, 0x0000000084900000| Untracked 
|  52|0x0000000084a00000, 0x0000000084b00000, 0x0000000084b00000|100%| O|  |TAMS 0x0000000084b00000, 0x0000000084a00000| Untracked 
|  53|0x0000000084b00000, 0x0000000084c00000, 0x0000000084c00000|100%| O|  |TAMS 0x0000000084c00000, 0x0000000084b00000| Untracked 
|  54|0x0000000084c00000, 0x0000000084d00000, 0x0000000084d00000|100%| O|  |TAMS 0x0000000084d00000, 0x0000000084c00000| Untracked 
|  55|0x0000000084d00000, 0x0000000084e00000, 0x0000000084e00000|100%| O|  |TAMS 0x0000000084e00000, 0x0000000084d00000| Untracked 
|  56|0x0000000084e00000, 0x0000000084f00000, 0x0000000084f00000|100%| O|  |TAMS 0x0000000084f00000, 0x0000000084e00000| Untracked 
|  57|0x0000000084f00000, 0x0000000085000000, 0x0000000085000000|100%| O|  |TAMS 0x0000000085000000, 0x0000000084f00000| Untracked 
|  58|0x0000000085000000, 0x0000000085100000, 0x0000000085100000|100%| O|  |TAMS 0x0000000085100000, 0x0000000085000000| Untracked 
|  59|0x0000000085100000, 0x0000000085200000, 0x0000000085200000|100%| O|  |TAMS 0x0000000085200000, 0x0000000085100000| Untracked 
|  60|0x0000000085200000, 0x0000000085300000, 0x0000000085300000|100%| O|  |TAMS 0x0000000085300000, 0x0000000085200000| Untracked 
|  61|0x0000000085300000, 0x0000000085400000, 0x0000000085400000|100%| O|  |TAMS 0x0000000085400000, 0x0000000085300000| Untracked 
|  62|0x0000000085400000, 0x0000000085500000, 0x0000000085500000|100%| O|  |TAMS 0x0000000085500000, 0x0000000085400000| Untracked 
|  63|0x0000000085500000, 0x0000000085600000, 0x0000000085600000|100%| O|  |TAMS 0x0000000085600000, 0x0000000085500000| Untracked 
|  64|0x0000000085600000, 0x0000000085700000, 0x0000000085700000|100%| O|  |TAMS 0x0000000085700000, 0x0000000085600000| Untracked 
|  65|0x0000000085700000, 0x0000000085800000, 0x0000000085800000|100%| O|  |TAMS 0x0000000085800000, 0x0000000085700000| Untracked 
|  66|0x0000000085800000, 0x0000000085900000, 0x0000000085900000|100%| O|  |TAMS 0x0000000085900000, 0x0000000085800000| Untracked 
|  67|0x0000000085900000, 0x0000000085a00000, 0x0000000085a00000|100%| O|  |TAMS 0x0000000085a00000, 0x0000000085900000| Untracked 
|  68|0x0000000085a00000, 0x0000000085b00000, 0x0000000085b00000|100%| O|  |TAMS 0x0000000085aeba00, 0x0000000085a00000| Untracked 
|  69|0x0000000085b00000, 0x0000000085c00000, 0x0000000085c00000|100%| O|  |TAMS 0x0000000085c00000, 0x0000000085b00000| Untracked 
|  70|0x0000000085c00000, 0x0000000085c00000, 0x0000000085d00000|  0%| F|  |TAMS 0x0000000085c00000, 0x0000000085c00000| Untracked 
|  71|0x0000000085d00000, 0x0000000085e00000, 0x0000000085e00000|100%| O|  |TAMS 0x0000000085e00000, 0x0000000085d00000| Untracked 
|  72|0x0000000085e00000, 0x0000000085f00000, 0x0000000085f00000|100%| O|  |TAMS 0x0000000085f00000, 0x0000000085e00000| Untracked 
|  73|0x0000000085f00000, 0x0000000086000000, 0x0000000086000000|100%| O|  |TAMS 0x0000000086000000, 0x0000000085f00000| Untracked 
|  74|0x0000000086000000, 0x0000000086100000, 0x0000000086100000|100%| O|  |TAMS 0x0000000086100000, 0x0000000086000000| Untracked 
|  75|0x0000000086100000, 0x0000000086200000, 0x0000000086200000|100%| O|  |TAMS 0x0000000086200000, 0x0000000086100000| Untracked 
|  76|0x0000000086200000, 0x0000000086300000, 0x0000000086300000|100%| O|  |TAMS 0x0000000086300000, 0x0000000086200000| Untracked 
|  77|0x0000000086300000, 0x0000000086400000, 0x0000000086400000|100%| O|  |TAMS 0x0000000086400000, 0x0000000086300000| Untracked 
|  78|0x0000000086400000, 0x0000000086500000, 0x0000000086500000|100%| O|  |TAMS 0x0000000086500000, 0x0000000086400000| Untracked 
|  79|0x0000000086500000, 0x0000000086600000, 0x0000000086600000|100%| O|  |TAMS 0x0000000086600000, 0x0000000086500000| Untracked 
|  80|0x0000000086600000, 0x0000000086700000, 0x0000000086700000|100%| O|  |TAMS 0x0000000086700000, 0x0000000086600000| Untracked 
|  81|0x0000000086700000, 0x0000000086800000, 0x0000000086800000|100%| O|  |TAMS 0x0000000086800000, 0x0000000086700000| Untracked 
|  82|0x0000000086800000, 0x0000000086900000, 0x0000000086900000|100%| O|  |TAMS 0x0000000086900000, 0x0000000086800000| Untracked 
|  83|0x0000000086900000, 0x0000000086a00000, 0x0000000086a00000|100%| O|  |TAMS 0x0000000086a00000, 0x0000000086900000| Untracked 
|  84|0x0000000086a00000, 0x0000000086b00000, 0x0000000086b00000|100%|HS|  |TAMS 0x0000000086b00000, 0x0000000086a00000| Complete 
|  85|0x0000000086b00000, 0x0000000086c00000, 0x0000000086c00000|100%|HC|  |TAMS 0x0000000086c00000, 0x0000000086b00000| Complete 
|  86|0x0000000086c00000, 0x0000000086d00000, 0x0000000086d00000|100%|HC|  |TAMS 0x0000000086d00000, 0x0000000086c00000| Complete 
|  87|0x0000000086d00000, 0x0000000086e00000, 0x0000000086e00000|100%|HC|  |TAMS 0x0000000086e00000, 0x0000000086d00000| Complete 
|  88|0x0000000086e00000, 0x0000000086f00000, 0x0000000086f00000|100%|HC|  |TAMS 0x0000000086f00000, 0x0000000086e00000| Complete 
|  89|0x0000000086f00000, 0x0000000087000000, 0x0000000087000000|100%| O|  |TAMS 0x0000000087000000, 0x0000000086f00000| Untracked 
|  90|0x0000000087000000, 0x0000000087100000, 0x0000000087100000|100%| O|  |TAMS 0x0000000087100000, 0x0000000087000000| Untracked 
|  91|0x0000000087100000, 0x0000000087200000, 0x0000000087200000|100%| O|  |TAMS 0x0000000087200000, 0x0000000087100000| Untracked 
|  92|0x0000000087200000, 0x0000000087300000, 0x0000000087300000|100%| O|  |TAMS 0x0000000087300000, 0x0000000087200000| Untracked 
|  93|0x0000000087300000, 0x0000000087400000, 0x0000000087400000|100%| O|  |TAMS 0x0000000087400000, 0x0000000087300000| Untracked 
|  94|0x0000000087400000, 0x0000000087500000, 0x0000000087500000|100%| O|  |TAMS 0x0000000087500000, 0x0000000087400000| Untracked 
|  95|0x0000000087500000, 0x0000000087600000, 0x0000000087600000|100%| O|  |TAMS 0x0000000087600000, 0x0000000087500000| Untracked 
|  96|0x0000000087600000, 0x0000000087700000, 0x0000000087700000|100%| O|  |TAMS 0x0000000087700000, 0x0000000087600000| Untracked 
|  97|0x0000000087700000, 0x0000000087800000, 0x0000000087800000|100%| O|  |TAMS 0x0000000087800000, 0x0000000087700000| Untracked 
|  98|0x0000000087800000, 0x0000000087900000, 0x0000000087900000|100%| O|  |TAMS 0x0000000087900000, 0x0000000087800000| Untracked 
|  99|0x0000000087900000, 0x0000000087a00000, 0x0000000087a00000|100%| O|  |TAMS 0x0000000087a00000, 0x0000000087900000| Untracked 
| 100|0x0000000087a00000, 0x0000000087b00000, 0x0000000087b00000|100%| O|  |TAMS 0x0000000087b00000, 0x0000000087a00000| Untracked 
| 101|0x0000000087b00000, 0x0000000087c00000, 0x0000000087c00000|100%| O|  |TAMS 0x0000000087c00000, 0x0000000087b00000| Untracked 
| 102|0x0000000087c00000, 0x0000000087d00000, 0x0000000087d00000|100%| O|  |TAMS 0x0000000087d00000, 0x0000000087c00000| Untracked 
| 103|0x0000000087d00000, 0x0000000087e00000, 0x0000000087e00000|100%| O|  |TAMS 0x0000000087e00000, 0x0000000087d00000| Untracked 
| 104|0x0000000087e00000, 0x0000000087f00000, 0x0000000087f00000|100%|HS|  |TAMS 0x0000000087f00000, 0x0000000087e00000| Complete 
| 105|0x0000000087f00000, 0x0000000088000000, 0x0000000088000000|100%|HC|  |TAMS 0x0000000088000000, 0x0000000087f00000| Complete 
| 106|0x0000000088000000, 0x0000000088100000, 0x0000000088100000|100%|HC|  |TAMS 0x0000000088100000, 0x0000000088000000| Complete 
| 107|0x0000000088100000, 0x0000000088200000, 0x0000000088200000|100%| O|  |TAMS 0x0000000088200000, 0x0000000088100000| Untracked 
| 108|0x0000000088200000, 0x0000000088300000, 0x0000000088300000|100%| O|  |TAMS 0x0000000088300000, 0x0000000088200000| Untracked 
| 109|0x0000000088300000, 0x0000000088400000, 0x0000000088400000|100%| O|  |TAMS 0x0000000088400000, 0x0000000088300000| Untracked 
| 110|0x0000000088400000, 0x0000000088400000, 0x0000000088500000|  0%| F|  |TAMS 0x0000000088400000, 0x0000000088400000| Untracked 
| 111|0x0000000088500000, 0x0000000088500000, 0x0000000088600000|  0%| F|  |TAMS 0x0000000088500000, 0x0000000088500000| Untracked 
| 112|0x0000000088600000, 0x0000000088600000, 0x0000000088700000|  0%| F|  |TAMS 0x0000000088600000, 0x0000000088600000| Untracked 
| 113|0x0000000088700000, 0x0000000088700000, 0x0000000088800000|  0%| F|  |TAMS 0x0000000088700000, 0x0000000088700000| Untracked 
| 114|0x0000000088800000, 0x0000000088800000, 0x0000000088900000|  0%| F|  |TAMS 0x0000000088800000, 0x0000000088800000| Untracked 
| 115|0x0000000088900000, 0x0000000088900000, 0x0000000088a00000|  0%| F|  |TAMS 0x0000000088900000, 0x0000000088900000| Untracked 
| 116|0x0000000088a00000, 0x0000000088a00000, 0x0000000088b00000|  0%| F|  |TAMS 0x0000000088a00000, 0x0000000088a00000| Untracked 
| 117|0x0000000088b00000, 0x0000000088b00000, 0x0000000088c00000|  0%| F|  |TAMS 0x0000000088b00000, 0x0000000088b00000| Untracked 
| 118|0x0000000088c00000, 0x0000000088c00000, 0x0000000088d00000|  0%| F|  |TAMS 0x0000000088c00000, 0x0000000088c00000| Untracked 
| 119|0x0000000088d00000, 0x0000000088d00000, 0x0000000088e00000|  0%| F|  |TAMS 0x0000000088d00000, 0x0000000088d00000| Untracked 
| 120|0x0000000088e00000, 0x0000000088e00000, 0x0000000088f00000|  0%| F|  |TAMS 0x0000000088e00000, 0x0000000088e00000| Untracked 
| 121|0x0000000088f00000, 0x0000000088f00000, 0x0000000089000000|  0%| F|  |TAMS 0x0000000088f00000, 0x0000000088f00000| Untracked 
| 122|0x0000000089000000, 0x0000000089065c00, 0x0000000089100000| 39%| S|CS|TAMS 0x0000000089000000, 0x0000000089000000| Complete 
| 123|0x0000000089100000, 0x0000000089100000, 0x0000000089200000|  0%| F|  |TAMS 0x0000000089100000, 0x0000000089100000| Untracked 
| 124|0x0000000089200000, 0x0000000089222518, 0x0000000089300000| 13%| E|  |TAMS 0x0000000089200000, 0x0000000089200000| Complete 
| 125|0x0000000089300000, 0x0000000089400000, 0x0000000089400000|100%| E|CS|TAMS 0x0000000089300000, 0x0000000089300000| Complete 
| 126|0x0000000089400000, 0x0000000089500000, 0x0000000089500000|100%| E|CS|TAMS 0x0000000089400000, 0x0000000089400000| Complete 
| 127|0x0000000089500000, 0x00000000895fffe8, 0x0000000089600000| 99%| E|  |TAMS 0x0000000089500000, 0x0000000089500000| Complete 

Card table byte_map: [0x000000001a0a0000,0x000000001a4a0000] _byte_map_base: 0x0000000019c95000

Marking Bits (Prev, Next): (CMBitMap*) 0x00000000029dca50, (CMBitMap*) 0x00000000029dca18
 Prev Bits: [0x000000001c850000, 0x000000001e7f8000)
 Next Bits: [0x000000001a8a0000, 0x000000001c848000)

Polling page: 0x0000000001370000

Metaspace:

Usage:
  Non-class:     55.08 MB capacity,    54.03 MB ( 98%) used,   845.45 KB (  1%) free+waste,   233.25 KB ( <1%) overhead. 
      Class:      8.78 MB capacity,     7.93 MB ( 90%) used,   754.19 KB (  8%) free+waste,   120.50 KB (  1%) overhead. 
       Both:     63.86 MB capacity,    61.95 MB ( 97%) used,     1.56 MB (  2%) free+waste,   353.75 KB ( <1%) overhead. 

Virtual space:
  Non-class space:       56.00 MB reserved,      55.75 MB (>99%) committed 
      Class space:        1.00 GB reserved,       9.20 MB ( <1%) committed 
             Both:        1.05 GB reserved,      64.95 MB (  6%) committed 

Chunk freelists:
   Non-Class:  77.63 KB
       Class:  40.00 KB
        Both:  117.63 KB

CodeHeap 'non-profiled nmethods': size=120064Kb used=2864Kb max_used=2864Kb free=117199Kb
 bounds [0x0000000012760000, 0x0000000012a40000, 0x0000000019ca0000]
CodeHeap 'profiled nmethods': size=120000Kb used=8787Kb max_used=9820Kb free=111212Kb
 bounds [0x000000000b230000, 0x000000000bbf0000, 0x0000000012760000]
CodeHeap 'non-nmethods': size=5696Kb used=1373Kb max_used=1416Kb free=4322Kb
 bounds [0x000000000aca0000, 0x000000000af10000, 0x000000000b230000]
 total_blobs=8115 nmethods=4684 adapters=734
 compilation: enabled
              stopped_count=0, restarted_count=0
 full_count=0

Compilation events (10 events):
Event: 814291.994 Thread 0x0000000021e48800 5642       3       sun.nio.ch.SelectorImpl::selectNow (7 bytes)
Event: 814291.994 Thread 0x0000000021e48800 nmethod 5642 0x000000000b445390 code [0x000000000b445540, 0x000000000b4456f0]
Event: 814292.096 Thread 0x0000000021e93000 5643       4       sun.nio.ch.WindowsSelectorImpl::adjustThreadsCount (132 bytes)
Event: 814292.098 Thread 0x0000000021e93000 nmethod 5643 0x00000000129ee110 code [0x00000000129ee2a0, 0x00000000129ee378]
Event: 814292.098 Thread 0x0000000021e48800 5644       3       io.netty.channel.nio.SelectedSelectionKeySetSelector::selectNow (15 bytes)
Event: 814292.099 Thread 0x0000000021e48800 nmethod 5644 0x000000000b44ae10 code [0x000000000b44b000, 0x000000000b44b360]
Event: 814292.101 Thread 0x0000000021e48800 5645       3       io.netty.util.internal.shaded.org.jctools.queues.BaseMpscLinkedArrayQueue::isEmpty (18 bytes)
Event: 814292.102 Thread 0x0000000021e48800 nmethod 5645 0x000000000b483f90 code [0x000000000b484160, 0x000000000b4844d8]
Event: 814292.102 Thread 0x0000000021e48800 5646       3       io.netty.util.concurrent.SingleThreadEventExecutor::hasTasks (39 bytes)
Event: 814292.102 Thread 0x0000000021e48800 nmethod 5646 0x000000000b44a910 code [0x000000000b44aae0, 0x000000000b44ad70]

GC Heap History (10 events):
Event: 814286.764 GC heap before
{Heap before GC invocations=874 (full 0):
 garbage-first heap   total 131072K, used 115029K [0x0000000081600000, 0x0000000100000000)
  region size 1024K, 6 young (6144K), 1 survivors (1024K)
 Metaspace       used 63240K, capacity 65076K, committed 66380K, reserved 1105920K
  class space    used 8069K, capacity 8882K, committed 9292K, reserved 1048576K
}
Event: 814286.767 GC heap after
{Heap after GC invocations=875 (full 0):
 garbage-first heap   total 131072K, used 110960K [0x0000000081600000, 0x0000000100000000)
  region size 1024K, 1 young (1024K), 1 survivors (1024K)
 Metaspace       used 63240K, capacity 65076K, committed 66380K, reserved 1105920K
  class space    used 8069K, capacity 8882K, committed 9292K, reserved 1048576K
}
Event: 814287.228 GC heap before
{Heap before GC invocations=875 (full 0):
 garbage-first heap   total 131072K, used 115056K [0x0000000081600000, 0x0000000100000000)
  region size 1024K, 6 young (6144K), 1 survivors (1024K)
 Metaspace       used 63369K, capacity 65257K, committed 66380K, reserved 1105920K
  class space    used 8104K, capacity 8946K, committed 9292K, reserved 1048576K
}
Event: 814287.230 GC heap after
{Heap after GC invocations=876 (full 0):
 garbage-first heap   total 131072K, used 111077K [0x0000000081600000, 0x0000000100000000)
  region size 1024K, 1 young (1024K), 1 survivors (1024K)
 Metaspace       used 63369K, capacity 65257K, committed 66380K, reserved 1105920K
  class space    used 8104K, capacity 8946K, committed 9292K, reserved 1048576K
}
Event: 814288.361 GC heap before
{Heap before GC invocations=876 (full 0):
 garbage-first heap   total 131072K, used 115173K [0x0000000081600000, 0x0000000100000000)
  region size 1024K, 6 young (6144K), 1 survivors (1024K)
 Metaspace       used 63422K, capacity 65328K, committed 66508K, reserved 1105920K
  class space    used 8115K, capacity 8991K, committed 9420K, reserved 1048576K
}
Event: 814288.366 GC heap after
{Heap after GC invocations=877 (full 0):
 garbage-first heap   total 131072K, used 111160K [0x0000000081600000, 0x0000000100000000)
  region size 1024K, 1 young (1024K), 1 survivors (1024K)
 Metaspace       used 63422K, capacity 65328K, committed 66508K, reserved 1105920K
  class space    used 8115K, capacity 8991K, committed 9420K, reserved 1048576K
}
Event: 814288.644 GC heap before
{Heap before GC invocations=877 (full 0):
 garbage-first heap   total 131072K, used 115256K [0x0000000081600000, 0x0000000100000000)
  region size 1024K, 6 young (6144K), 1 survivors (1024K)
 Metaspace       used 63422K, capacity 65328K, committed 66508K, reserved 1105920K
  class space    used 8115K, capacity 8991K, committed 9420K, reserved 1048576K
}
Event: 814288.646 GC heap after
{Heap after GC invocations=878 (full 0):
 garbage-first heap   total 131072K, used 111207K [0x0000000081600000, 0x0000000100000000)
  region size 1024K, 1 young (1024K), 1 survivors (1024K)
 Metaspace       used 63422K, capacity 65328K, committed 66508K, reserved 1105920K
  class space    used 8115K, capacity 8991K, committed 9420K, reserved 1048576K
}
Event: 814289.477 GC heap before
{Heap before GC invocations=878 (full 0):
 garbage-first heap   total 131072K, used 115303K [0x0000000081600000, 0x0000000100000000)
  region size 1024K, 6 young (6144K), 1 survivors (1024K)
 Metaspace       used 63424K, capacity 65328K, committed 66508K, reserved 1105920K
  class space    used 8115K, capacity 8991K, committed 9420K, reserved 1048576K
}
Event: 814289.479 GC heap after
{Heap after GC invocations=879 (full 0):
 garbage-first heap   total 131072K, used 111146K [0x0000000081600000, 0x0000000100000000)
  region size 1024K, 1 young (1024K), 1 survivors (1024K)
 Metaspace       used 63424K, capacity 65328K, committed 66508K, reserved 1105920K
  class space    used 8115K, capacity 8991K, committed 9420K, reserved 1048576K
}

Deoptimization events (10 events):
Event: 814290.239 Thread 0x000000002686c000 Uncommon trap: reason=unstable_if action=reinterpret pc=0x0000000012a02478 method=io.netty.util.concurrent.SingleThreadEventExecutor.isShuttingDown()Z @ 5 c2
Event: 814290.241 Thread 0x0000000022e4a000 Uncommon trap: reason=unstable_if action=reinterpret pc=0x00000000129f4c34 method=io.netty.util.internal.shaded.org.jctools.queues.BaseMpscLinkedArrayQueue.isEmpty()Z @ 9 c2
Event: 814290.241 Thread 0x0000000022e48000 Uncommon trap: reason=unstable_if action=reinterpret pc=0x00000000129e5610 method=io.netty.util.internal.shaded.org.jctools.queues.BaseMpscLinkedArrayQueue.isEmpty()Z @ 9 c2
Event: 814290.329 Thread 0x0000000023232800 Uncommon trap: reason=unstable_if action=reinterpret pc=0x0000000012a06a4c method=org.neo4j.monitoring.VmPauseMonitor.monitor()V @ 17 c2
Event: 814290.339 Thread 0x000000002686c000 Uncommon trap: reason=unstable_if action=reinterpret pc=0x00000000129f1f0c method=io.netty.util.internal.shaded.org.jctools.queues.BaseMpscLinkedArrayQueue.isEmpty()Z @ 9 c2
Event: 814290.339 Thread 0x000000002686c000 Uncommon trap: reason=unstable_if action=reinterpret pc=0x00000000129fff78 method=io.netty.channel.DefaultSelectStrategy.calculateStrategy(Lio/netty/util/IntSupplier;Z)I @ 1 c2
Event: 814291.175 Thread 0x000000002686c000 Uncommon trap: reason=bimorphic_or_optimized_type_check action=maybe_recompile pc=0x0000000012807dfc method=java.util.Collections$SetFromMap.remove(Ljava/lang/Object;)Z @ 5 c2
Event: 814291.175 Thread 0x000000002686c000 Uncommon trap: reason=bimorphic_or_optimized_type_check action=maybe_recompile pc=0x0000000012807dfc method=java.util.Collections$SetFromMap.remove(Ljava/lang/Object;)Z @ 5 c2
Event: 814291.175 Thread 0x000000002686c000 Uncommon trap: reason=bimorphic_or_optimized_type_check action=maybe_recompile pc=0x0000000012807dfc method=java.util.Collections$SetFromMap.remove(Ljava/lang/Object;)Z @ 5 c2
Event: 814291.231 Thread 0x000000002686c000 Uncommon trap: reason=bimorphic_or_optimized_type_check action=maybe_recompile pc=0x0000000012807dfc method=java.util.Collections$SetFromMap.remove(Ljava/lang/Object;)Z @ 5 c2

Classes redefined (0 events):
No events

Internal exceptions (10 events):
Event: 814286.225 Thread 0x0000000023a65800 Exception <a 'sun/nio/fs/WindowsException'{0x0000000089185010}> (0x0000000089185010) thrown at [t:/workspace/open/src/hotspot/share/prims/jni.cpp, line 615]
Event: 814286.271 Thread 0x000000000299e000 Exception <a 'java/lang/NoSuchMethodError'{0x00000000891e9330}: java.lang.invoke.DelegatingMethodHandle$Holder.reinvoke_L(Ljava/lang/Object;Ljava/lang/Object;J)Ljava/lang/Object;> (0x00000000891e9330) thrown at [t:/workspace/open/src/hotspot/share/interpr
Event: 814286.442 Thread 0x000000000299e000 Exception <a 'java/lang/NoSuchMethodError'{0x00000000895e10f8}: java.lang.invoke.DirectMethodHandle$Holder.invokeVirtual(Ljava/lang/Object;Ljava/lang/Object;J)V> (0x00000000895e10f8) thrown at [t:/workspace/open/src/hotspot/share/interpreter/linkResolver.
Event: 814286.445 Thread 0x000000000299e000 Exception <a 'java/lang/NoSuchMethodError'{0x00000000895e7180}: java.lang.invoke.DirectMethodHandle$Holder.invokeStatic(Ljava/lang/Object;Ljava/lang/Object;Ljava/lang/Object;ILjava/lang/Object;)V> (0x00000000895e7180) thrown at [t:/workspace/open/src/hots
Event: 814287.167 Thread 0x000000000299e000 Exception <a 'java/lang/NoSuchMethodError'{0x00000000892d4e80}: java.lang.invoke.DirectMethodHandle$Holder.invokeStaticInit(Ljava/lang/Object;)V> (0x00000000892d4e80) thrown at [t:/workspace/open/src/hotspot/share/interpreter/linkResolver.cpp, line 772]
Event: 814287.222 Thread 0x000000000299e000 Exception <a 'java/lang/NoSuchMethodError'{0x00000000891aa438}: java.lang.invoke.DirectMethodHandle$Holder.invokeSpecial(Ljava/lang/Object;Ljava/lang/Object;IIILjava/lang/Object;Ljava/lang/Object;J)Ljava/lang/Object;> (0x00000000891aa438) thrown at [t:/wo
Event: 814287.222 Thread 0x000000000299e000 Exception <a 'java/lang/NoSuchMethodError'{0x00000000891adbd0}: java.lang.invoke.DelegatingMethodHandle$Holder.reinvoke_L(Ljava/lang/Object;IIILjava/lang/Object;Ljava/lang/Object;J)Ljava/lang/Object;> (0x00000000891adbd0) thrown at [t:/workspace/open/src/
Event: 814288.260 Thread 0x0000000023a65800 Exception <a 'sun/nio/fs/WindowsException'{0x0000000089110020}> (0x0000000089110020) thrown at [t:/workspace/open/src/hotspot/share/prims/jni.cpp, line 615]
Event: 814288.260 Thread 0x0000000023a65800 Exception <a 'sun/nio/fs/WindowsException'{0x0000000089110090}> (0x0000000089110090) thrown at [t:/workspace/open/src/hotspot/share/prims/jni.cpp, line 615]
Event: 814288.276 Thread 0x000000000299e000 Exception <a 'java/lang/NoSuchMethodError'{0x000000008911da58}: java.lang.invoke.DirectMethodHandle$Holder.invokeStaticInit(Ljava/lang/Object;Ljava/lang/Object;Ljava/lang/Object;Ljava/lang/Object;Ljava/lang/Object;)Ljava/lang/Object;> (0x000000008911da58)

Events (10 events):
Event: 814291.231 Thread 0x000000002686c000 DEOPT UNPACKING pc=0x000000000acc8f2f sp=0x000000002ac2f3d8 mode 2
Event: 814291.231 Executing VM operation: RevokeBias
Event: 814291.263 Executing VM operation: RevokeBias done
Event: 814291.263 Thread 0x000000002686c000 Thread exited: 0x000000002686c000
Event: 814291.264 Executing VM operation: RevokeBias
Event: 814291.264 Executing VM operation: RevokeBias done
Event: 814291.264 Thread 0x0000000022e45800 Thread exited: 0x0000000022e45800
Event: 814291.661 Thread 0x0000000022e45800 Thread added: 0x0000000022e45800
Event: 814291.661 Thread 0x0000000022e45800 Thread exited: 0x0000000022e45800
Event: 814291.773 Thread 0x0000000022e45800 Thread added: 0x0000000022e45800


Dynamic libraries:
0x00007ff649450000 - 0x00007ff649470000 	D:\Fax\KONACNI NOSQL\neo4j-community-4.0.0\bin\tools\prunsrv-amd64.exe
0x00007ff9b7720000 - 0x00007ff9b7910000 	C:\WINDOWS\SYSTEM32\ntdll.dll
0x00007ff9b6510000 - 0x00007ff9b65c2000 	C:\WINDOWS\System32\KERNEL32.DLL
0x00007ff9b5150000 - 0x00007ff9b53f3000 	C:\WINDOWS\System32\KERNELBASE.dll
0x00007ff9b6ca0000 - 0x00007ff9b6d43000 	C:\WINDOWS\System32\ADVAPI32.dll
0x00007ff9b60d0000 - 0x00007ff9b616e000 	C:\WINDOWS\System32\msvcrt.dll
0x00007ff9b5d50000 - 0x00007ff9b5de7000 	C:\WINDOWS\System32\sechost.dll
0x00007ff9b6290000 - 0x00007ff9b63b0000 	C:\WINDOWS\System32\RPCRT4.dll
0x00007ff9b6fe0000 - 0x00007ff9b76c5000 	C:\WINDOWS\System32\SHELL32.dll
0x00007ff9b5400000 - 0x00007ff9b54fa000 	C:\WINDOWS\System32\ucrtbase.dll
0x00007ff9b5780000 - 0x00007ff9b57ca000 	C:\WINDOWS\System32\cfgmgr32.dll
0x00007ff9b5fb0000 - 0x00007ff9b6059000 	C:\WINDOWS\System32\shcore.dll
0x00007ff9b5850000 - 0x00007ff9b5b86000 	C:\WINDOWS\System32\combase.dll
0x00007ff9b47a0000 - 0x00007ff9b4820000 	C:\WINDOWS\System32\bcryptPrimitives.dll
0x00007ff9b4880000 - 0x00007ff9b4fff000 	C:\WINDOWS\System32\windows.storage.dll
0x00007ff9b46b0000 - 0x00007ff9b474e000 	C:\WINDOWS\System32\msvcp_win.dll
0x00007ff9b4690000 - 0x00007ff9b46af000 	C:\WINDOWS\System32\profapi.dll
0x00007ff9b4620000 - 0x00007ff9b466a000 	C:\WINDOWS\System32\powrprof.dll
0x00007ff9b45f0000 - 0x00007ff9b4600000 	C:\WINDOWS\System32\UMPDC.dll
0x00007ff9b5e80000 - 0x00007ff9b5ed2000 	C:\WINDOWS\System32\shlwapi.dll
0x00007ff9b57d0000 - 0x00007ff9b57f6000 	C:\WINDOWS\System32\GDI32.dll
0x00007ff9b5500000 - 0x00007ff9b5521000 	C:\WINDOWS\System32\win32u.dll
0x00007ff9b55e0000 - 0x00007ff9b5774000 	C:\WINDOWS\System32\gdi32full.dll
0x00007ff9b6630000 - 0x00007ff9b67c4000 	C:\WINDOWS\System32\USER32.dll
0x00007ff9b4670000 - 0x00007ff9b4681000 	C:\WINDOWS\System32\kernel.appcore.dll
0x00007ff9b4750000 - 0x00007ff9b4767000 	C:\WINDOWS\System32\cryptsp.dll
0x00007ff996e60000 - 0x00007ff9979a2000 	C:\Program Files\Java\jdk-11\bin\server\jvm.dll
0x00007ff9b5df0000 - 0x00007ff9b5df8000 	C:\WINDOWS\System32\PSAPI.DLL
0x00007ff9a1a20000 - 0x00007ff9a1a29000 	C:\WINDOWS\SYSTEM32\WSOCK32.dll
0x00007ff9b6220000 - 0x00007ff9b628f000 	C:\WINDOWS\System32\WS2_32.dll
0x00007ff9b1290000 - 0x00007ff9b12b4000 	C:\WINDOWS\SYSTEM32\WINMM.dll
0x00007ff9acb50000 - 0x00007ff9acb5a000 	C:\WINDOWS\SYSTEM32\VERSION.dll
0x00007ff99bea0000 - 0x00007ff99beb5000 	C:\WINDOWS\SYSTEM32\VCRUNTIME140.dll
0x00007ff9b1120000 - 0x00007ff9b114d000 	C:\WINDOWS\SYSTEM32\WINMMBASE.dll
0x00007ff996cc0000 - 0x00007ff996cd1000 	C:\Program Files\Java\jdk-11\bin\verify.dll
0x00007ff9aa320000 - 0x00007ff9aa514000 	C:\WINDOWS\SYSTEM32\DBGHELP.DLL
0x00007ff9aa2c0000 - 0x00007ff9aa2ea000 	C:\WINDOWS\SYSTEM32\dbgcore.DLL
0x00007ff996c90000 - 0x00007ff996cb9000 	C:\Program Files\Java\jdk-11\bin\java.dll
0x00007ff996c20000 - 0x00007ff996c36000 	C:\Program Files\Java\jdk-11\bin\zip.dll
0x00007ff996c10000 - 0x00007ff996c1a000 	C:\Program Files\Java\jdk-11\bin\jimage.dll
0x00007ff996270000 - 0x00007ff996289000 	C:\Program Files\Java\jdk-11\bin\net.dll
0x00007ff9ae7a0000 - 0x00007ff9ae890000 	C:\WINDOWS\SYSTEM32\WINHTTP.dll
0x00007ff9b3e60000 - 0x00007ff9b3ec7000 	C:\WINDOWS\system32\mswsock.dll
0x00007ff996250000 - 0x00007ff996263000 	C:\Program Files\Java\jdk-11\bin\nio.dll
0x00007ff99e650000 - 0x00007ff99e659000 	C:\Program Files\Java\jdk-11\bin\management.dll
0x00007ff99e640000 - 0x00007ff99e64c000 	C:\Program Files\Java\jdk-11\bin\management_ext.dll
0x00007ff99af10000 - 0x00007ff99af26000 	C:\WINDOWS\system32\napinsp.dll
0x00007ff99a860000 - 0x00007ff99a87a000 	C:\WINDOWS\system32\pnrpnsp.dll
0x00007ff9b3bb0000 - 0x00007ff9b3c7a000 	C:\WINDOWS\SYSTEM32\DNSAPI.dll
0x00007ff9b76d0000 - 0x00007ff9b76d8000 	C:\WINDOWS\System32\NSI.dll
0x00007ff9b3b70000 - 0x00007ff9b3baa000 	C:\WINDOWS\SYSTEM32\IPHLPAPI.DLL
0x00007ff99a850000 - 0x00007ff99a85e000 	C:\WINDOWS\System32\winrnr.dll
0x00007ff9b0ff0000 - 0x00007ff9b100c000 	C:\WINDOWS\system32\NLAapi.dll
0x00007ff99a6e0000 - 0x00007ff99a6f5000 	C:\WINDOWS\system32\wshbth.dll
0x00007ff9a22d0000 - 0x00007ff9a22da000 	C:\Windows\System32\rasadhlp.dll
0x00007ff9a7560000 - 0x00007ff9a75d7000 	C:\WINDOWS\System32\fwpuclnt.dll
0x00007ff9b4770000 - 0x00007ff9b4796000 	C:\WINDOWS\System32\bcrypt.dll
0x00007ff9aa210000 - 0x00007ff9aa226000 	C:\WINDOWS\SYSTEM32\dhcpcsvc6.DLL
0x00007ff9abe10000 - 0x00007ff9abe2c000 	C:\WINDOWS\SYSTEM32\dhcpcsvc.DLL
0x00007ff9b39d0000 - 0x00007ff9b3a03000 	C:\WINDOWS\system32\rsaenh.dll
0x00007ff9b4030000 - 0x00007ff9b403c000 	C:\WINDOWS\SYSTEM32\CRYPTBASE.dll

dbghelp: loaded successfully - version: 4.0.5 - missing functions: none
symbol engine: initialized successfully - sym options: 0x614 - pdb path: .;D:\Fax\KONACNI NOSQL\neo4j-community-4.0.0\bin\tools;C:\WINDOWS\SYSTEM32;C:\Program Files\Java\jdk-11\bin\server;C:\Program Files\Java\jdk-11\bin

VM Arguments:
jvm_args: -XX:+UnlockExperimentalVMOptions -XX:-OmitStackTraceInFastThrow -XX:+TrustFinalNonStaticFields -Dio.netty.tryReflectionSetAccessible=true -Dfile.encoding=UTF-8 -XX:+AlwaysPreTouch -Djdk.tls.ephemeralDHKeySize=2048 -Djdk.nio.maxCachedBufferSize=262144 -XX:+DisableExplicitGC -XX:+UseG1GC -Djdk.tls.rejectClientInitiatedRenegotiation=true exit abort 
java_command: <unknown>
java_class_path (initial): lib/activation-1.1.1.jar;lib/annotations-4.0.0.jar;lib/bcpkix-jdk15on-1.63.jar;lib/bcprov-jdk15on-1.63.jar;lib/caffeine-2.8.0.jar;lib/commons-beanutils-1.9.4.jar;lib/commons-collections-3.2.2.jar;lib/commons-compress-1.19.jar;lib/commons-configuration-1.10.jar;lib/commons-io-2.6.jar;lib/commons-lang-2.6.jar;lib/commons-lang3-3.9.jar;lib/commons-logging-1.2.jar;lib/commons-text-1.7.jar;lib/eclipse-collections-10.0.0.jar;lib/eclipse-collections-api-10.0.0.jar;lib/FastInfoset-1.2.16.jar;lib/hk2-api-2.5.0.jar;lib/hk2-locator-2.5.0.jar;lib/hk2-utils-2.5.0.jar;lib/istack-commons-runtime-3.0.8.jar;lib/jackson-annotations-2.10.0.jar;lib/jackson-core-2.10.0.jar;lib/jackson-databind-2.10.0.jar;lib/jackson-jaxrs-base-2.10.0.jar;lib/jackson-jaxrs-json-provider-2.10.0.jar;lib/jackson-module-jaxb-annotations-2.10.0.jar;lib/jakarta.activation-1.2.1.jar;lib/jakarta.activation-api-1.2.1.jar;lib/jakarta.annotation-api-1.3.4.jar;lib/jakarta.inject-2.5.0.jar;lib/jakarta.ws.rs-api-2.1.5.jar;lib/jakarta.xml.bind-api-2.3.2.jar;lib/javassist-3.22.0-CR2.jar;lib/javax.servlet-api-3.1.0.jar;lib/javax.ws.rs-api-2.1.1.jar;lib/jaxb-api-2.3.0.jar;lib/jaxb-runtime-2.3.2.jar;lib/jctools-core-2.1.2.jar;lib/jersey-client-2.29.jar;lib/jersey-common-2.29.jar;lib/jersey-container-servlet-2.29.jar;lib/jersey-container-servlet-core-2.29.jar;lib/jersey-hk2-2.29.jar;lib/jersey-media-jaxb-2.29.jar;lib/jersey-server-2.29.jar;lib/jetty-http-9.4.17.v20190418.jar;lib/jetty-io-9.4.17.v20190418.jar;lib/jetty-security-9.4.17.v20190418.jar;lib/jetty-server-9.4.17.v20190418.jar;lib/jetty-servlet-9.4.17.v20190418.jar;lib/jetty-util-9.4.17.v20190418.jar;lib/jetty-webapp-9.4.17.v20190418.jar;lib/jetty-xml-9.4.17.v20190418.jar;lib/jna-5.4.0.jar;lib/jPowerShell-3.0.jar;lib/jProcesses-1.6.5.jar;lib/lucene-analyzers-common-8.2.0.jar;lib/lucene-codecs-8.2.0.jar;lib/lucene-core-8.2.0.jar;lib/lucene-queryparser-8.2.0.jar;lib/neo4j-4.0.0.jar;lib/neo4j-ast-4.0-4.0.0.jar;lib/neo4j-batch-insert-4.0.0.j
Launcher Type: generic

[Global flags]
     bool AlwaysPreTouch                           = true                                      {product} {command line}
     intx CICompilerCount                          = 3                                         {product} {ergonomic}
     uint ConcGCThreads                            = 1                                         {product} {ergonomic}
     bool DisableExplicitGC                        = true                                      {product} {command line}
     uint G1ConcRefinementThreads                  = 4                                         {product} {ergonomic}
   size_t G1HeapRegionSize                         = 1048576                                   {product} {ergonomic}
    uintx GCDrainStackTargetSize                   = 64                                        {product} {ergonomic}
   size_t InitialHeapSize                          = 134217728                                 {product} {ergonomic}
   size_t MarkStackSize                            = 4194304                                   {product} {ergonomic}
   size_t MaxHeapSize                              = 2124414976                                {product} {ergonomic}
   size_t MaxNewSize                               = 1274019840                                {product} {ergonomic}
   size_t MinHeapDeltaBytes                        = 1048576                                   {product} {ergonomic}
    uintx NonNMethodCodeHeapSize                   = 5830092                                {pd product} {ergonomic}
    uintx NonProfiledCodeHeapSize                  = 122914074                              {pd product} {ergonomic}
     bool OmitStackTraceInFastThrow                = false                                     {product} {command line}
    uintx ProfiledCodeHeapSize                     = 122914074                              {pd product} {ergonomic}
    uintx ReservedCodeCacheSize                    = 251658240                              {pd product} {ergonomic}
     bool SegmentedCodeCache                       = true                                      {product} {ergonomic}
     bool TrustFinalNonStaticFields                = true                                 {experimental} {command line}
     bool UnlockExperimentalVMOptions              = true                                 {experimental} {command line}
     bool UseCompressedClassPointers               = true                                 {lp64_product} {ergonomic}
     bool UseCompressedOops                        = true                                 {lp64_product} {ergonomic}
     bool UseFastUnorderedTimeStamps               = true                                 {experimental} {ergonomic}
     bool UseG1GC                                  = true                                      {product} {command line}
     bool UseLargePagesIndividualAllocation        = false                                  {pd product} {ergonomic}

Logging:
Log output configuration:
 #0: stdout all=warning uptime,level,tags
 #1: stderr all=off uptime,level,tags

Environment Variables:
PATH=C:\Program Files\Java\jdk-11\bin;C:\Program Files\Java\jdk-11\bin;C:\WINDOWS\system32;C:\WINDOWS;C:\WINDOWS\System32\Wbem;C:\WINDOWS\System32\WindowsPowerShell\v1.0\;C:\Program Files (x86)\NVIDIA Corporation\PhysX\Common;C:\Program Files (x86)\Microsoft SQL Server\100\Tools\Binn\;C:\Program Files\Microsoft SQL Server\100\Tools\Binn\;C:\Program Files\Microsoft SQL Server\100\DTS\Binn\;C:\WINDOWS\system32;C:\WINDOWS;C:\WINDOWS\System32\Wbem;C:\WINDOWS\System32\WindowsPowerShell\v1.0\;C:\WINDOWS\System32\OpenSSH\;C:\Program Files\NVIDIA Corporation\NVIDIA NvDLISR;C:\Program Files\PuTTY\;C:\Program Files\nodejs\;C:\Program Files (x86)\Common Files\Acronis\VirtualFile\;C:\Program Files (x86)\Common Files\Acronis\VirtualFile64\;C:\Program Files (x86)\Common Files\Acronis\SnapAPI\;C:\Program Files\Crucial\Crucial Storage Executive;C:\WINDOWS\system32\config\systemprofile\AppData\Local\Microsoft\WindowsApps
USERNAME=JELENA-PC$
OS=Windows_NT
PROCESSOR_IDENTIFIER=Intel64 Family 6 Model 78 Stepping 3, GenuineIntel



---------------  S Y S T E M  ---------------

OS: Windows 10 , 64 bit Build 18362 (10.0.18362.329)

CPU:total 4 (initial active 4) (2 cores per cpu, 2 threads per core) family 6 model 78 stepping 3, cmov, cx8, fxsr, mmx, sse, sse2, sse3, ssse3, sse4.1, sse4.2, popcnt, avx, avx2, aes, clmul, erms, rtm, 3dnowpref, lzcnt, ht, tsc, tscinvbit, bmi1, bmi2, adx, fma

Memory: 4k page, system-wide physical 8098M (5748M free)
TotalPageFile size 9698M (AvailPageFile size 6777M)
current process WorkingSet (physical memory assigned to process): 145M, peak: 325M
current process commit charge ("private bytes"): 314M, peak: 357M

vm_info: Java HotSpot(TM) 64-Bit Server VM (11+28) for windows-amd64 JRE (11+28), built on Aug 23 2018 03:03:59 by "mach5one" with MS VC++ 15.5 (VS2017)

END.
