#
# A fatal error has been detected by the Java Runtime Environment:
#
#  EXCEPTION_ACCESS_VIOLATION (0xc0000005) at pc=0x00007ffc802d5e4b, pid=4556, tid=6032
#
# JRE version: Java(TM) SE Runtime Environment (11.0+28) (build 11+28)
# Java VM: Java HotSpot(TM) 64-Bit Server VM (11+28, mixed mode, tiered, compressed oops, g1 gc, windows-amd64)
# Problematic frame:
# V  [jvm.dll+0x2e5e4b]
#
# No core dump will be written. Minidumps are not enabled by default on client versions of Windows
#
# If you would like to submit a bug report, please visit:
#   http://bugreport.java.com/bugreport/crash.jsp
#

---------------  S U M M A R Y ------------

Command Line: -XX:+UnlockExperimentalVMOptions -XX:-OmitStackTraceInFastThrow -XX:+TrustFinalNonStaticFields -Dio.netty.tryReflectionSetAccessible=true -Dfile.encoding=UTF-8 -XX:+AlwaysPreTouch -Djdk.tls.ephemeralDHKeySize=2048 -Djdk.nio.maxCachedBufferSize=262144 -XX:+DisableExplicitGC -XX:+UseG1GC -Djdk.tls.rejectClientInitiatedRenegotiation=true exit abort 

Host: Intel(R) Core(TM) i3-6100U CPU @ 2.30GHz, 4 cores, 7G,  Windows 10 , 64 bit Build 18362 (10.0.18362.329)
Time: Mon Mar  9 16:56:57 2020 Central Europe Standard Time elapsed time: 962 seconds (0d 0h 16m 2s)

---------------  T H R E A D  ---------------

Current thread (0x0000000002b02800):  GCTaskThread "GC Thread#0" [stack: 0x0000000002480000,0x0000000002580000] [id=6032]

Stack: [0x0000000002480000,0x0000000002580000],  sp=0x000000000257e140,  free space=1016k
Native frames: (J=compiled Java code, j=interpreted, Vv=VM code, C=native code)
V  [jvm.dll+0x2e5e4b]
V  [jvm.dll+0x73ca98]
V  [jvm.dll+0x6a267d]
V  [jvm.dll+0x73d37c]
V  [jvm.dll+0x6a36f4]
V  [jvm.dll+0x7ab4f0]
V  [jvm.dll+0x63b2c2]
C  [ucrtbase.dll+0x20e72]
C  [KERNEL32.DLL+0x17bd4]
C  [ntdll.dll+0x6ced1]


siginfo: EXCEPTION_ACCESS_VIOLATION (0xc0000005), reading address 0x000000000229ead0


Register to memory mapping:

RIP=0x00007ffc802d5e4b jvm.dll
RAX=0x000000000229ead8 is pointing into the stack for thread: 0x0000000002aee800
RBX=0x000000000257e1a0 points into unknown readable memory
RCX=0x000000000adff008 is at code_begin+1000 in an Interpreter codelet
method entry point (kind = native)  [0x000000000adfec20, 0x000000000adff780]  2912 bytes
RDX=0x000000000adf8700 is pointing into interpreter code (not bytecode specific)
RSP=0x000000000257e140 points into unknown readable memory
RBP=0x0000000000000002 is an unknown value
RSI=0x000000000257e200 points into unknown readable memory
RDI=0x000000000257e1d0 points into unknown readable memory
R8 =0x000000000257e200 points into unknown readable memory
R9 =0x00000000014d0000 points into unknown readable memory
R10=0x000000000adf0000 points into unknown readable memory
R11=0x0000000000000246 is an unknown value
R12=0x000000000000001b is an unknown value
R13=0x0000000000000001 is an unknown value
R14=0x0000000002aee800 is a thread
R15=0x0000000021c8f5b8 points into unknown readable memory


Registers:
RAX=0x000000000229ead8, RBX=0x000000000257e1a0, RCX=0x000000000adff008, RDX=0x000000000adf8700
RSP=0x000000000257e140, RBP=0x0000000000000002, RSI=0x000000000257e200, RDI=0x000000000257e1d0
R8 =0x000000000257e200, R9 =0x00000000014d0000, R10=0x000000000adf0000, R11=0x0000000000000246
R12=0x000000000000001b, R13=0x0000000000000001, R14=0x0000000002aee800, R15=0x0000000021c8f5b8
RIP=0x00007ffc802d5e4b, EFLAGS=0x0000000000010202

Top of Stack: (sp=0x000000000257e140)
0x000000000257e140:   000000000229ea50 00007ffc802d409f
0x000000000257e150:   000000000adf8690 0000000000000000
0x000000000257e160:   0000000021c8f5b8 0000000000000000
0x000000000257e170:   00007ffc80a13fe8 00007ffc8072ca98
0x000000000257e180:   0000000000000002 0000000002aee800
0x000000000257e190:   0000000021c8f5b8 0000000000000000
0x000000000257e1a0:   000000002957f220 000000000adf0a90
0x000000000257e1b0:   000000000adf0910 0000000000000000
0x000000000257e1c0:   000000002957f400 000000002957f220
0x000000000257e1d0:   000000000229ea50 000000000adff008
0x000000000257e1e0:   000000000adf8690 0000000000000000
0x000000000257e1f0:   000000000229ead8 000000000229ea50
0x000000000257e200:   000000000229e628 000000000229e62c
0x000000000257e210:   000000000229e620 000000000229e624
0x000000000257e220:   000000000229e618 000000000229e61c
0x000000000257e230:   000000000229e610 000000000229e614 

Instructions: (pc=0x00007ffc802d5e4b)
0x00007ffc802d5e2b:   8b 50 08 48 3b d1 77 77 48 63 40 14 48 03 c2 48
0x00007ffc802d5e3b:   3b c8 73 6b 41 80 b8 20 12 00 00 00 48 8b 47 20
0x00007ffc802d5e4b:   4c 8b 70 f8 48 8d 68 10 74 0f 48 8b d0 48 8b ce
0x00007ffc802d5e5b:   e8 50 01 00 00 48 8b 47 20 48 8b 48 08 48 8b 00 



---------------  P R O C E S S  ---------------

Threads class SMR info:
_java_thread_list=0x00000000289f2820, length=27, elements={
0x0000000002aee800, 0x0000000021173000, 0x0000000021174800, 0x0000000021fdf000,
0x0000000021fe1000, 0x0000000021fe3000, 0x0000000021f96000, 0x000000002118e800,
0x0000000022305000, 0x000000002230c000, 0x0000000023246000, 0x000000002456d800,
0x00000000238b8000, 0x0000000023056800, 0x00000000243d3800, 0x00000000243d6000,
0x00000000243d2000, 0x00000000243d2800, 0x00000000243d6800, 0x0000000025615000,
0x000000002560d800, 0x0000000025610000, 0x000000002560c000, 0x000000002560e800,
0x000000002560b800, 0x000000002560f800, 0x0000000025612800
}

Java Threads: ( => current thread )
  0x0000000002aee800 JavaThread "main" [_thread_blocked, id=5960, stack(0x00000000021a0000,0x00000000022a0000)]
  0x0000000021173000 JavaThread "Reference Handler" daemon [_thread_blocked, id=5404, stack(0x0000000021c90000,0x0000000021d90000)]
  0x0000000021174800 JavaThread "Finalizer" daemon [_thread_blocked, id=4396, stack(0x0000000021d90000,0x0000000021e90000)]
  0x0000000021fdf000 JavaThread "Signal Dispatcher" daemon [_thread_blocked, id=5648, stack(0x0000000022390000,0x0000000022490000)]
  0x0000000021fe1000 JavaThread "Attach Listener" daemon [_thread_blocked, id=5628, stack(0x0000000022490000,0x0000000022590000)]
  0x0000000021fe3000 JavaThread "C2 CompilerThread0" daemon [_thread_blocked, id=5652, stack(0x0000000022590000,0x0000000022690000)]
  0x0000000021f96000 JavaThread "C1 CompilerThread0" daemon [_thread_blocked, id=6052, stack(0x0000000022690000,0x0000000022790000)]
  0x000000002118e800 JavaThread "Sweeper thread" daemon [_thread_blocked, id=6148, stack(0x0000000022790000,0x0000000022890000)]
  0x0000000022305000 JavaThread "Service Thread" daemon [_thread_blocked, id=6224, stack(0x0000000022890000,0x0000000022990000)]
  0x000000002230c000 JavaThread "Common-Cleaner" daemon [_thread_blocked, id=6236, stack(0x0000000022a90000,0x0000000022b90000)]
  0x0000000023246000 JavaThread "neo4j.Scheduler-1" daemon [_thread_blocked, id=8012, stack(0x0000000023690000,0x0000000023790000)]
  0x000000002456d800 JavaThread "Cleaner-0" daemon [_thread_blocked, id=8128, stack(0x0000000026190000,0x0000000026290000)]
  0x00000000238b8000 JavaThread "FileSystemWatchService" daemon [_thread_in_native, id=8540, stack(0x0000000027070000,0x0000000027170000)]
  0x0000000023056800 JavaThread "MuninnPageCache[1]-EvictionTask" daemon [_thread_blocked, id=8684, stack(0x0000000027170000,0x0000000027270000)]
  0x00000000243d3800 JavaThread "neo4j.VmPauseMonitor-1" daemon [_thread_blocked, id=3824, stack(0x0000000029580000,0x0000000029680000)]
  0x00000000243d6000 JavaThread "neo4j.StorageMaintenance-1" daemon [_thread_blocked, id=10672, stack(0x0000000029f80000,0x000000002a080000)]
  0x00000000243d2000 JavaThread "neo4j.IndexSampling-1" daemon [_thread_blocked, id=10716, stack(0x000000002a190000,0x000000002a290000)]
  0x00000000243d2800 JavaThread "neo4j.TransactionTimeoutMonitor-1" daemon [_thread_blocked, id=10728, stack(0x000000002a290000,0x000000002a390000)]
  0x00000000243d6800 JavaThread "neo4j.ServerTransactionTimeout-1" daemon [_thread_blocked, id=12056, stack(0x000000002aca0000,0x000000002ada0000)]
  0x0000000025615000 JavaThread "neo4j.CheckPoint-1" daemon [_thread_blocked, id=12256, stack(0x000000002b630000,0x000000002b730000)]
  0x000000002560d800 JavaThread "neo4j.BoltNetworkIO-2" [_thread_blocked, id=2968, stack(0x0000000001a90000,0x0000000001b90000)]
  0x0000000025610000 JavaThread "neo4j.BoltNetworkIO-3" [_thread_blocked, id=12008, stack(0x00000000020a0000,0x00000000021a0000)]
  0x000000002560c000 JavaThread "neo4j.BoltNetworkIO-4" [_thread_blocked, id=11276, stack(0x0000000028070000,0x0000000028170000)]
  0x000000002560e800 JavaThread "neo4j.BoltNetworkIO-5" [_thread_blocked, id=10996, stack(0x0000000028170000,0x0000000028270000)]
  0x000000002560b800 JavaThread "neo4j.BoltNetworkIO-6" [_thread_blocked, id=13228, stack(0x0000000028270000,0x0000000028370000)]
  0x000000002560f800 JavaThread "neo4j.BoltNetworkIO-7" [_thread_blocked, id=11912, stack(0x0000000028370000,0x0000000028470000)]
  0x0000000025612800 JavaThread "neo4j.BoltNetworkIO-8" [_thread_blocked, id=7784, stack(0x0000000029480000,0x0000000029580000)]

Other Threads:
  0x000000002114e800 VMThread "VM Thread" [stack: 0x0000000021b90000,0x0000000021c90000] [id=6116]
  0x000000002230f800 WatcherThread [stack: 0x0000000022990000,0x0000000022a90000] [id=6232]
=>0x0000000002b02800 GCTaskThread "GC Thread#0" [stack: 0x0000000002480000,0x0000000002580000] [id=6032]
  0x00000000231bf800 GCTaskThread "GC Thread#1" [stack: 0x0000000023390000,0x0000000023490000] [id=3772]
  0x00000000231c9000 GCTaskThread "GC Thread#2" [stack: 0x0000000023490000,0x0000000023590000] [id=4572]
  0x000000002513a000 GCTaskThread "GC Thread#3" [stack: 0x0000000029c80000,0x0000000029d80000] [id=10564]
  0x0000000002b36000 ConcurrentGCThread "G1 Main Marker" [stack: 0x000000001e950000,0x000000001ea50000] [id=6036]
  0x0000000002b37800 ConcurrentGCThread "G1 Conc#0" [stack: 0x000000001ea50000,0x000000001eb50000] [id=6040]
  0x0000000002b9e000 ConcurrentGCThread "G1 Refine#0" [stack: 0x0000000021190000,0x0000000021290000] [id=6064]
  0x0000000020fba800 ConcurrentGCThread "G1 Young RemSet Sampling" [stack: 0x0000000021290000,0x0000000021390000] [id=6068]

Threads with active compile tasks:

VM state:at safepoint (normal execution)

VM Mutex/Monitor currently owned by a thread:  ([mutex/lock_event])
[0x0000000002ae8e40] Safepoint_lock - owner thread: 0x000000002114e800
[0x0000000002ae8c00] Threads_lock - owner thread: 0x000000002114e800

Heap address: 0x0000000081600000, size: 2026 MB, Compressed Oops mode: 32-bit
Narrow klass base: 0x0000000000000000, Narrow klass shift: 3
Compressed class space size: 1073741824 Address: 0x0000000100000000

Heap:
 garbage-first heap   total 131072K, used 42590K [0x0000000081600000, 0x0000000100000000)
  region size 1024K, 10 young (10240K), 1 survivors (1024K)
 Metaspace       used 63883K, capacity 66101K, committed 66252K, reserved 1105920K
  class space    used 8269K, capacity 9283K, committed 9420K, reserved 1048576K
Heap Regions: E=young(eden), S=young(survivor), O=old, HS=humongous(starts), HC=humongous(continues), CS=collection set, F=free, A=archive, TAMS=top-at-mark-start (previous, next)
|   0|0x0000000081600000, 0x0000000081700000, 0x0000000081700000|100%| O|  |TAMS 0x0000000081700000, 0x0000000081600000| Untracked 
|   1|0x0000000081700000, 0x0000000081800000, 0x0000000081800000|100%| O|  |TAMS 0x0000000081800000, 0x0000000081700000| Untracked 
|   2|0x0000000081800000, 0x0000000081900000, 0x0000000081900000|100%| O|  |TAMS 0x0000000081900000, 0x0000000081800000| Untracked 
|   3|0x0000000081900000, 0x0000000081a00000, 0x0000000081a00000|100%| O|  |TAMS 0x0000000081a00000, 0x0000000081900000| Untracked 
|   4|0x0000000081a00000, 0x0000000081b00000, 0x0000000081b00000|100%| O|  |TAMS 0x0000000081b00000, 0x0000000081a00000| Untracked 
|   5|0x0000000081b00000, 0x0000000081c00000, 0x0000000081c00000|100%| O|  |TAMS 0x0000000081c00000, 0x0000000081b00000| Untracked 
|   6|0x0000000081c00000, 0x0000000081d00000, 0x0000000081d00000|100%| O|  |TAMS 0x0000000081d00000, 0x0000000081c00000| Untracked 
|   7|0x0000000081d00000, 0x0000000081e00000, 0x0000000081e00000|100%| O|  |TAMS 0x0000000081e00000, 0x0000000081d00000| Untracked 
|   8|0x0000000081e00000, 0x0000000081f00000, 0x0000000081f00000|100%| O|  |TAMS 0x0000000081f00000, 0x0000000081e00000| Untracked 
|   9|0x0000000081f00000, 0x0000000082000000, 0x0000000082000000|100%| O|  |TAMS 0x0000000082000000, 0x0000000081f00000| Untracked 
|  10|0x0000000082000000, 0x0000000082100000, 0x0000000082100000|100%| O|  |TAMS 0x0000000082100000, 0x0000000082000000| Untracked 
|  11|0x0000000082100000, 0x0000000082200000, 0x0000000082200000|100%| O|  |TAMS 0x0000000082200000, 0x0000000082100000| Untracked 
|  12|0x0000000082200000, 0x0000000082300000, 0x0000000082300000|100%| O|  |TAMS 0x0000000082300000, 0x0000000082200000| Untracked 
|  13|0x0000000082300000, 0x0000000082400000, 0x0000000082400000|100%| O|  |TAMS 0x0000000082400000, 0x0000000082300000| Untracked 
|  14|0x0000000082400000, 0x0000000082500000, 0x0000000082500000|100%| O|  |TAMS 0x00000000824c2600, 0x0000000082400000| Untracked 
|  15|0x0000000082500000, 0x0000000082600000, 0x0000000082600000|100%| O|  |TAMS 0x0000000082500000, 0x0000000082500000| Untracked 
|  16|0x0000000082600000, 0x0000000082700000, 0x0000000082700000|100%| O|  |TAMS 0x0000000082600000, 0x0000000082600000| Untracked 
|  17|0x0000000082700000, 0x0000000082800000, 0x0000000082800000|100%| O|  |TAMS 0x0000000082700000, 0x0000000082700000| Untracked 
|  18|0x0000000082800000, 0x0000000082900000, 0x0000000082900000|100%| O|  |TAMS 0x0000000082800000, 0x0000000082800000| Untracked 
|  19|0x0000000082900000, 0x0000000082a00000, 0x0000000082a00000|100%| O|  |TAMS 0x0000000082900000, 0x0000000082900000| Untracked 
|  20|0x0000000082a00000, 0x0000000082b00000, 0x0000000082b00000|100%| O|  |TAMS 0x0000000082a00000, 0x0000000082a00000| Untracked 
|  21|0x0000000082b00000, 0x0000000082c00000, 0x0000000082c00000|100%| O|  |TAMS 0x0000000082b00000, 0x0000000082b00000| Untracked 
|  22|0x0000000082c00000, 0x0000000082d00000, 0x0000000082d00000|100%| O|  |TAMS 0x0000000082c00000, 0x0000000082c00000| Untracked 
|  23|0x0000000082d00000, 0x0000000082e00000, 0x0000000082e00000|100%| O|  |TAMS 0x0000000082d00000, 0x0000000082d00000| Untracked 
|  24|0x0000000082e00000, 0x0000000082f00000, 0x0000000082f00000|100%| O|  |TAMS 0x0000000082e00000, 0x0000000082e00000| Untracked 
|  25|0x0000000082f00000, 0x0000000083000000, 0x0000000083000000|100%| O|  |TAMS 0x0000000082f00000, 0x0000000082f00000| Untracked 
|  26|0x0000000083000000, 0x0000000083100000, 0x0000000083100000|100%| O|  |TAMS 0x0000000083000000, 0x0000000083000000| Untracked 
|  27|0x0000000083100000, 0x0000000083200000, 0x0000000083200000|100%| O|  |TAMS 0x0000000083100000, 0x0000000083100000| Untracked 
|  28|0x0000000083200000, 0x0000000083300000, 0x0000000083300000|100%| O|  |TAMS 0x0000000083200000, 0x0000000083200000| Untracked 
|  29|0x0000000083300000, 0x0000000083400000, 0x0000000083400000|100%| O|  |TAMS 0x0000000083300000, 0x0000000083300000| Untracked 
|  30|0x0000000083400000, 0x0000000083500000, 0x0000000083500000|100%| O|  |TAMS 0x0000000083400000, 0x0000000083400000| Untracked 
|  31|0x0000000083500000, 0x0000000083600000, 0x0000000083600000|100%| O|  |TAMS 0x0000000083500000, 0x0000000083500000| Untracked 
|  32|0x0000000083600000, 0x0000000083700000, 0x0000000083700000|100%| O|  |TAMS 0x0000000083600000, 0x0000000083600000| Untracked 
|  33|0x0000000083700000, 0x000000008379e400, 0x0000000083800000| 61%| O|  |TAMS 0x0000000083700000, 0x0000000083700000| Untracked 
|  34|0x0000000083800000, 0x0000000083800000, 0x0000000083900000|  0%| F|  |TAMS 0x0000000083800000, 0x0000000083800000| Untracked 
|  35|0x0000000083900000, 0x0000000083900000, 0x0000000083a00000|  0%| F|  |TAMS 0x0000000083900000, 0x0000000083900000| Untracked 
|  36|0x0000000083a00000, 0x0000000083a00000, 0x0000000083b00000|  0%| F|  |TAMS 0x0000000083a00000, 0x0000000083a00000| Untracked 
|  37|0x0000000083b00000, 0x0000000083b00000, 0x0000000083c00000|  0%| F|  |TAMS 0x0000000083b00000, 0x0000000083b00000| Untracked 
|  38|0x0000000083c00000, 0x0000000083c00000, 0x0000000083d00000|  0%| F|  |TAMS 0x0000000083c00000, 0x0000000083c00000| Untracked 
|  39|0x0000000083d00000, 0x0000000083d00000, 0x0000000083e00000|  0%| F|  |TAMS 0x0000000083d00000, 0x0000000083d00000| Untracked 
|  40|0x0000000083e00000, 0x0000000083e00000, 0x0000000083f00000|  0%| F|  |TAMS 0x0000000083e00000, 0x0000000083e00000| Untracked 
|  41|0x0000000083f00000, 0x0000000083f00000, 0x0000000084000000|  0%| F|  |TAMS 0x0000000083f00000, 0x0000000083f00000| Untracked 
|  42|0x0000000084000000, 0x0000000084000000, 0x0000000084100000|  0%| F|  |TAMS 0x0000000084000000, 0x0000000084000000| Untracked 
|  43|0x0000000084100000, 0x0000000084100000, 0x0000000084200000|  0%| F|  |TAMS 0x0000000084100000, 0x0000000084100000| Untracked 
|  44|0x0000000084200000, 0x0000000084200000, 0x0000000084300000|  0%| F|  |TAMS 0x0000000084200000, 0x0000000084200000| Untracked 
|  45|0x0000000084300000, 0x0000000084300000, 0x0000000084400000|  0%| F|  |TAMS 0x0000000084300000, 0x0000000084300000| Untracked 
|  46|0x0000000084400000, 0x0000000084400000, 0x0000000084500000|  0%| F|  |TAMS 0x0000000084400000, 0x0000000084400000| Untracked 
|  47|0x0000000084500000, 0x0000000084500000, 0x0000000084600000|  0%| F|  |TAMS 0x0000000084500000, 0x0000000084500000| Untracked 
|  48|0x0000000084600000, 0x0000000084600000, 0x0000000084700000|  0%| F|  |TAMS 0x0000000084600000, 0x0000000084600000| Untracked 
|  49|0x0000000084700000, 0x0000000084700000, 0x0000000084800000|  0%| F|  |TAMS 0x0000000084700000, 0x0000000084700000| Untracked 
|  50|0x0000000084800000, 0x0000000084800000, 0x0000000084900000|  0%| F|  |TAMS 0x0000000084800000, 0x0000000084800000| Untracked 
|  51|0x0000000084900000, 0x0000000084900000, 0x0000000084a00000|  0%| F|  |TAMS 0x0000000084900000, 0x0000000084900000| Untracked 
|  52|0x0000000084a00000, 0x0000000084a00000, 0x0000000084b00000|  0%| F|  |TAMS 0x0000000084a00000, 0x0000000084a00000| Untracked 
|  53|0x0000000084b00000, 0x0000000084b00000, 0x0000000084c00000|  0%| F|  |TAMS 0x0000000084b00000, 0x0000000084b00000| Untracked 
|  54|0x0000000084c00000, 0x0000000084c00000, 0x0000000084d00000|  0%| F|  |TAMS 0x0000000084c00000, 0x0000000084c00000| Untracked 
|  55|0x0000000084d00000, 0x0000000084d00000, 0x0000000084e00000|  0%| F|  |TAMS 0x0000000084d00000, 0x0000000084d00000| Untracked 
|  56|0x0000000084e00000, 0x0000000084e00000, 0x0000000084f00000|  0%| F|  |TAMS 0x0000000084e00000, 0x0000000084e00000| Untracked 
|  57|0x0000000084f00000, 0x0000000084f00000, 0x0000000085000000|  0%| F|  |TAMS 0x0000000084f00000, 0x0000000084f00000| Untracked 
|  58|0x0000000085000000, 0x0000000085000000, 0x0000000085100000|  0%| F|  |TAMS 0x0000000085000000, 0x0000000085000000| Untracked 
|  59|0x0000000085100000, 0x0000000085100000, 0x0000000085200000|  0%| F|  |TAMS 0x0000000085100000, 0x0000000085100000| Untracked 
|  60|0x0000000085200000, 0x0000000085200000, 0x0000000085300000|  0%| F|  |TAMS 0x0000000085200000, 0x0000000085200000| Untracked 
|  61|0x0000000085300000, 0x0000000085300000, 0x0000000085400000|  0%| F|  |TAMS 0x0000000085300000, 0x0000000085300000| Untracked 
|  62|0x0000000085400000, 0x0000000085400000, 0x0000000085500000|  0%| F|  |TAMS 0x0000000085400000, 0x0000000085400000| Untracked 
|  63|0x0000000085500000, 0x0000000085500000, 0x0000000085600000|  0%| F|  |TAMS 0x0000000085500000, 0x0000000085500000| Untracked 
|  64|0x0000000085600000, 0x0000000085600000, 0x0000000085700000|  0%| F|  |TAMS 0x0000000085600000, 0x0000000085600000| Untracked 
|  65|0x0000000085700000, 0x00000000857f94c0, 0x0000000085800000| 97%| S|CS|TAMS 0x0000000085700000, 0x0000000085700000| Complete 
|  66|0x0000000085800000, 0x0000000085800000, 0x0000000085900000|  0%| F|  |TAMS 0x0000000085800000, 0x0000000085800000| Untracked 
|  67|0x0000000085900000, 0x0000000085900000, 0x0000000085a00000|  0%| F|  |TAMS 0x0000000085900000, 0x0000000085900000| Untracked 
|  68|0x0000000085a00000, 0x0000000085a00000, 0x0000000085b00000|  0%| F|  |TAMS 0x0000000085a00000, 0x0000000085a00000| Untracked 
|  69|0x0000000085b00000, 0x0000000085b00000, 0x0000000085c00000|  0%| F|  |TAMS 0x0000000085b00000, 0x0000000085b00000| Untracked 
|  70|0x0000000085c00000, 0x0000000085c00000, 0x0000000085d00000|  0%| F|  |TAMS 0x0000000085c00000, 0x0000000085c00000| Untracked 
|  71|0x0000000085d00000, 0x0000000085d00000, 0x0000000085e00000|  0%| F|  |TAMS 0x0000000085d00000, 0x0000000085d00000| Untracked 
|  72|0x0000000085e00000, 0x0000000085e00000, 0x0000000085f00000|  0%| F|  |TAMS 0x0000000085e00000, 0x0000000085e00000| Untracked 
|  73|0x0000000085f00000, 0x0000000085f00000, 0x0000000086000000|  0%| F|  |TAMS 0x0000000085f00000, 0x0000000085f00000| Untracked 
|  74|0x0000000086000000, 0x0000000086000000, 0x0000000086100000|  0%| F|  |TAMS 0x0000000086000000, 0x0000000086000000| Untracked 
|  75|0x0000000086100000, 0x0000000086100000, 0x0000000086200000|  0%| F|  |TAMS 0x0000000086100000, 0x0000000086100000| Untracked 
|  76|0x0000000086200000, 0x0000000086200000, 0x0000000086300000|  0%| F|  |TAMS 0x0000000086200000, 0x0000000086200000| Untracked 
|  77|0x0000000086300000, 0x0000000086300000, 0x0000000086400000|  0%| F|  |TAMS 0x0000000086300000, 0x0000000086300000| Untracked 
|  78|0x0000000086400000, 0x0000000086400000, 0x0000000086500000|  0%| F|  |TAMS 0x0000000086400000, 0x0000000086400000| Untracked 
|  79|0x0000000086500000, 0x0000000086500000, 0x0000000086600000|  0%| F|  |TAMS 0x0000000086500000, 0x0000000086500000| Untracked 
|  80|0x0000000086600000, 0x0000000086600000, 0x0000000086700000|  0%| F|  |TAMS 0x0000000086600000, 0x0000000086600000| Untracked 
|  81|0x0000000086700000, 0x0000000086700000, 0x0000000086800000|  0%| F|  |TAMS 0x0000000086700000, 0x0000000086700000| Untracked 
|  82|0x0000000086800000, 0x0000000086800000, 0x0000000086900000|  0%| F|  |TAMS 0x0000000086800000, 0x0000000086800000| Untracked 
|  83|0x0000000086900000, 0x0000000086900000, 0x0000000086a00000|  0%| F|  |TAMS 0x0000000086900000, 0x0000000086900000| Untracked 
|  84|0x0000000086a00000, 0x0000000086a00000, 0x0000000086b00000|  0%| F|  |TAMS 0x0000000086a00000, 0x0000000086a00000| Untracked 
|  85|0x0000000086b00000, 0x0000000086b00000, 0x0000000086c00000|  0%| F|  |TAMS 0x0000000086b00000, 0x0000000086b00000| Untracked 
|  86|0x0000000086c00000, 0x0000000086c00000, 0x0000000086d00000|  0%| F|  |TAMS 0x0000000086c00000, 0x0000000086c00000| Untracked 
|  87|0x0000000086d00000, 0x0000000086d00000, 0x0000000086e00000|  0%| F|  |TAMS 0x0000000086d00000, 0x0000000086d00000| Untracked 
|  88|0x0000000086e00000, 0x0000000086e00000, 0x0000000086f00000|  0%| F|  |TAMS 0x0000000086e00000, 0x0000000086e00000| Untracked 
|  89|0x0000000086f00000, 0x0000000086f00000, 0x0000000087000000|  0%| F|  |TAMS 0x0000000086f00000, 0x0000000086f00000| Untracked 
|  90|0x0000000087000000, 0x0000000087000000, 0x0000000087100000|  0%| F|  |TAMS 0x0000000087000000, 0x0000000087000000| Untracked 
|  91|0x0000000087100000, 0x0000000087100000, 0x0000000087200000|  0%| F|  |TAMS 0x0000000087100000, 0x0000000087100000| Untracked 
|  92|0x0000000087200000, 0x0000000087200000, 0x0000000087300000|  0%| F|  |TAMS 0x0000000087200000, 0x0000000087200000| Untracked 
|  93|0x0000000087300000, 0x0000000087300000, 0x0000000087400000|  0%| F|  |TAMS 0x0000000087300000, 0x0000000087300000| Untracked 
|  94|0x0000000087400000, 0x0000000087400000, 0x0000000087500000|  0%| F|  |TAMS 0x0000000087400000, 0x0000000087400000| Untracked 
|  95|0x0000000087500000, 0x0000000087500000, 0x0000000087600000|  0%| F|  |TAMS 0x0000000087500000, 0x0000000087500000| Untracked 
|  96|0x0000000087600000, 0x0000000087600000, 0x0000000087700000|  0%| F|  |TAMS 0x0000000087600000, 0x0000000087600000| Untracked 
|  97|0x0000000087700000, 0x0000000087700000, 0x0000000087800000|  0%| F|  |TAMS 0x0000000087700000, 0x0000000087700000| Untracked 
|  98|0x0000000087800000, 0x0000000087800000, 0x0000000087900000|  0%| F|  |TAMS 0x0000000087800000, 0x0000000087800000| Untracked 
|  99|0x0000000087900000, 0x0000000087900000, 0x0000000087a00000|  0%| F|  |TAMS 0x0000000087900000, 0x0000000087900000| Untracked 
| 100|0x0000000087a00000, 0x0000000087a00000, 0x0000000087b00000|  0%| F|  |TAMS 0x0000000087a00000, 0x0000000087a00000| Untracked 
| 101|0x0000000087b00000, 0x0000000087b00000, 0x0000000087c00000|  0%| F|  |TAMS 0x0000000087b00000, 0x0000000087b00000| Untracked 
| 102|0x0000000087c00000, 0x0000000087c00000, 0x0000000087d00000|  0%| F|  |TAMS 0x0000000087c00000, 0x0000000087c00000| Untracked 
| 103|0x0000000087d00000, 0x0000000087d00000, 0x0000000087e00000|  0%| F|  |TAMS 0x0000000087d00000, 0x0000000087d00000| Untracked 
| 104|0x0000000087e00000, 0x0000000087e00000, 0x0000000087f00000|  0%| F|  |TAMS 0x0000000087e00000, 0x0000000087e00000| Untracked 
| 105|0x0000000087f00000, 0x0000000087f00000, 0x0000000088000000|  0%| F|  |TAMS 0x0000000087f00000, 0x0000000087f00000| Untracked 
| 106|0x0000000088000000, 0x0000000088000000, 0x0000000088100000|  0%| F|  |TAMS 0x0000000088000000, 0x0000000088000000| Untracked 
| 107|0x0000000088100000, 0x0000000088100000, 0x0000000088200000|  0%| F|  |TAMS 0x0000000088100000, 0x0000000088100000| Untracked 
| 108|0x0000000088200000, 0x0000000088200000, 0x0000000088300000|  0%| F|  |TAMS 0x0000000088200000, 0x0000000088200000| Untracked 
| 109|0x0000000088300000, 0x0000000088300000, 0x0000000088400000|  0%| F|  |TAMS 0x0000000088300000, 0x0000000088300000| Untracked 
| 110|0x0000000088400000, 0x0000000088400000, 0x0000000088500000|  0%| F|  |TAMS 0x0000000088400000, 0x0000000088400000| Untracked 
| 111|0x0000000088500000, 0x0000000088500000, 0x0000000088600000|  0%| F|  |TAMS 0x0000000088500000, 0x0000000088500000| Untracked 
| 112|0x0000000088600000, 0x0000000088600000, 0x0000000088700000|  0%| F|  |TAMS 0x0000000088600000, 0x0000000088600000| Untracked 
| 113|0x0000000088700000, 0x0000000088700000, 0x0000000088800000|  0%| F|  |TAMS 0x0000000088700000, 0x0000000088700000| Untracked 
| 114|0x0000000088800000, 0x0000000088800000, 0x0000000088900000|  0%| F|  |TAMS 0x0000000088800000, 0x0000000088800000| Untracked 
| 115|0x0000000088900000, 0x0000000088900000, 0x0000000088a00000|  0%| F|  |TAMS 0x0000000088900000, 0x0000000088900000| Untracked 
| 116|0x0000000088a00000, 0x0000000088a00000, 0x0000000088b00000|  0%| F|  |TAMS 0x0000000088a00000, 0x0000000088a00000| Untracked 
| 117|0x0000000088b00000, 0x0000000088b00000, 0x0000000088c00000|  0%| F|  |TAMS 0x0000000088b00000, 0x0000000088b00000| Untracked 
| 118|0x0000000088c00000, 0x0000000088c00000, 0x0000000088d00000|  0%| F|  |TAMS 0x0000000088c00000, 0x0000000088c00000| Untracked 
| 119|0x0000000088d00000, 0x0000000088db2318, 0x0000000088e00000| 69%| E|  |TAMS 0x0000000088d00000, 0x0000000088d00000| Complete 
| 120|0x0000000088e00000, 0x0000000088f00000, 0x0000000088f00000|100%| E|CS|TAMS 0x0000000088e00000, 0x0000000088e00000| Complete 
| 121|0x0000000088f00000, 0x0000000089000000, 0x0000000089000000|100%| E|CS|TAMS 0x0000000088f00000, 0x0000000088f00000| Complete 
| 122|0x0000000089000000, 0x0000000089100000, 0x0000000089100000|100%| E|  |TAMS 0x0000000089000000, 0x0000000089000000| Complete 
| 123|0x0000000089100000, 0x0000000089200000, 0x0000000089200000|100%| E|CS|TAMS 0x0000000089100000, 0x0000000089100000| Complete 
| 124|0x0000000089200000, 0x0000000089300000, 0x0000000089300000|100%| E|CS|TAMS 0x0000000089200000, 0x0000000089200000| Complete 
| 125|0x0000000089300000, 0x0000000089400000, 0x0000000089400000|100%| E|CS|TAMS 0x0000000089300000, 0x0000000089300000| Complete 
| 126|0x0000000089400000, 0x0000000089500000, 0x0000000089500000|100%| E|CS|TAMS 0x0000000089400000, 0x0000000089400000| Complete 
| 127|0x0000000089500000, 0x0000000089600000, 0x0000000089600000|100%| E|CS|TAMS 0x0000000089500000, 0x0000000089500000| Complete 

Card table byte_map: [0x000000001a1f0000,0x000000001a5f0000] _byte_map_base: 0x0000000019de5000

Marking Bits (Prev, Next): (CMBitMap*) 0x0000000002b2d5c0, (CMBitMap*) 0x0000000002b2d588
 Prev Bits: [0x000000001c9a0000, 0x000000001e948000)
 Next Bits: [0x000000001a9f0000, 0x000000001c998000)

Polling page: 0x0000000000fe0000

Metaspace:

Usage:
  Non-class:     55.49 MB capacity,    54.31 MB ( 98%) used,   933.38 KB (  2%) free+waste,   270.63 KB ( <1%) overhead. 
      Class:      9.07 MB capacity,     8.08 MB ( 89%) used,   873.34 KB (  9%) free+waste,   140.63 KB (  2%) overhead. 
       Both:     64.55 MB capacity,    62.39 MB ( 97%) used,     1.76 MB (  3%) free+waste,   411.25 KB ( <1%) overhead. 

Virtual space:
  Non-class space:       56.00 MB reserved,      55.50 MB (>99%) committed 
      Class space:        1.00 GB reserved,       9.20 MB ( <1%) committed 
             Both:        1.05 GB reserved,      64.70 MB (  6%) committed 

Chunk freelists:
   Non-Class:  0 bytes
       Class:  3.63 KB
        Both:  3.63 KB

CodeHeap 'non-profiled nmethods': size=120064Kb used=2890Kb max_used=2890Kb free=117173Kb
 bounds [0x00000000128b0000, 0x0000000012b90000, 0x0000000019df0000]
CodeHeap 'profiled nmethods': size=120000Kb used=10878Kb max_used=10878Kb free=109121Kb
 bounds [0x000000000b380000, 0x000000000be30000, 0x00000000128b0000]
CodeHeap 'non-nmethods': size=5696Kb used=1361Kb max_used=1404Kb free=4334Kb
 bounds [0x000000000adf0000, 0x000000000b060000, 0x000000000b380000]
 total_blobs=7303 nmethods=5156 adapters=713
 compilation: enabled
              stopped_count=0, restarted_count=0
 full_count=0

Compilation events (10 events):
Event: 961.611 Thread 0x0000000021f96000 5172       3       io.netty.util.internal.shaded.org.jctools.util.UnsafeRefArrayAccess::soElement (10 bytes)
Event: 961.611 Thread 0x0000000021f96000 nmethod 5172 0x000000000be1ee10 code [0x000000000be1efe0, 0x000000000be1f298]
Event: 961.626 Thread 0x0000000021f96000 5173       3       io.netty.util.internal.shaded.org.jctools.queues.BaseMpscLinkedArrayQueue::isEmpty (18 bytes)
Event: 961.627 Thread 0x0000000021f96000 nmethod 5173 0x000000000be1f390 code [0x000000000be1f560, 0x000000000be1f8d8]
Event: 961.627 Thread 0x0000000021f96000 5174       3       sun.nio.ch.SelectorImpl::selectNow (7 bytes)
Event: 961.627 Thread 0x0000000021f96000 nmethod 5174 0x000000000be1fa10 code [0x000000000be1fbc0, 0x000000000be1fd70]
Event: 961.721 Thread 0x0000000021f96000 5175       3       io.netty.channel.nio.SelectedSelectionKeySetSelector::selectNow (15 bytes)
Event: 961.721 Thread 0x0000000021f96000 nmethod 5175 0x000000000be1fe10 code [0x000000000be20000, 0x000000000be20360]
Event: 962.501 Thread 0x0000000021fe3000 5176       4       java.util.HashSet::isEmpty (8 bytes)
Event: 962.502 Thread 0x0000000021fe3000 nmethod 5176 0x0000000012b82510 code [0x0000000012b826a0, 0x0000000012b82718]

GC Heap History (10 events):
Event: 18.719 GC heap before
{Heap before GC invocations=7 (full 0):
 garbage-first heap   total 131072K, used 45164K [0x0000000081600000, 0x0000000100000000)
  region size 1024K, 31 young (31744K), 3 survivors (3072K)
 Metaspace       used 34589K, capacity 35801K, committed 35840K, reserved 1081344K
  class space    used 4251K, capacity 4832K, committed 4864K, reserved 1048576K
}
Event: 18.725 GC heap after
{Heap after GC invocations=8 (full 0):
 garbage-first heap   total 131072K, used 18771K [0x0000000081600000, 0x0000000100000000)
  region size 1024K, 4 young (4096K), 4 survivors (4096K)
 Metaspace       used 34589K, capacity 35801K, committed 35840K, reserved 1081344K
  class space    used 4251K, capacity 4832K, committed 4864K, reserved 1048576K
}
Event: 22.801 GC heap before
{Heap before GC invocations=9 (full 0):
 garbage-first heap   total 131072K, used 83283K [0x0000000081600000, 0x0000000100000000)
  region size 1024K, 67 young (68608K), 4 survivors (4096K)
 Metaspace       used 43064K, capacity 44554K, committed 44620K, reserved 1087488K
  class space    used 5480K, capacity 6186K, committed 6220K, reserved 1048576K
}
Event: 22.812 GC heap after
{Heap after GC invocations=10 (full 0):
 garbage-first heap   total 131072K, used 24085K [0x0000000081600000, 0x0000000100000000)
  region size 1024K, 9 young (9216K), 9 survivors (9216K)
 Metaspace       used 43064K, capacity 44554K, committed 44620K, reserved 1087488K
  class space    used 5480K, capacity 6186K, committed 6220K, reserved 1048576K
}
Event: 30.716 GC heap before
{Heap before GC invocations=11 (full 0):
 garbage-first heap   total 131072K, used 90645K [0x0000000081600000, 0x0000000100000000)
  region size 1024K, 75 young (76800K), 9 survivors (9216K)
 Metaspace       used 53670K, capacity 55498K, committed 55756K, reserved 1097728K
  class space    used 6927K, capacity 7777K, committed 7884K, reserved 1048576K
}
Event: 30.728 GC heap after
{Heap after GC invocations=12 (full 0):
 garbage-first heap   total 131072K, used 30055K [0x0000000081600000, 0x0000000100000000)
  region size 1024K, 6 young (6144K), 6 survivors (6144K)
 Metaspace       used 53670K, capacity 55498K, committed 55756K, reserved 1097728K
  class space    used 6927K, capacity 7777K, committed 7884K, reserved 1048576K
}
Event: 52.323 GC heap before
{Heap before GC invocations=12 (full 0):
 garbage-first heap   total 131072K, used 96615K [0x0000000081600000, 0x0000000100000000)
  region size 1024K, 71 young (72704K), 6 survivors (6144K)
 Metaspace       used 63242K, capacity 65397K, committed 65484K, reserved 1105920K
  class space    used 8183K, capacity 9154K, committed 9164K, reserved 1048576K
}
Event: 52.336 GC heap after
{Heap after GC invocations=13 (full 0):
 garbage-first heap   total 131072K, used 35351K [0x0000000081600000, 0x0000000100000000)
  region size 1024K, 6 young (6144K), 6 survivors (6144K)
 Metaspace       used 63242K, capacity 65397K, committed 65484K, reserved 1105920K
  class space    used 8183K, capacity 9154K, committed 9164K, reserved 1048576K
}
Event: 958.671 GC heap before
{Heap before GC invocations=13 (full 0):
 garbage-first heap   total 131072K, used 97815K [0x0000000081600000, 0x0000000100000000)
  region size 1024K, 68 young (69632K), 6 survivors (6144K)
 Metaspace       used 63859K, capacity 66066K, committed 66124K, reserved 1105920K
  class space    used 8266K, capacity 9250K, committed 9292K, reserved 1048576K
}
Event: 958.679 GC heap after
{Heap after GC invocations=14 (full 0):
 garbage-first heap   total 131072K, used 35422K [0x0000000081600000, 0x0000000100000000)
  region size 1024K, 1 young (1024K), 1 survivors (1024K)
 Metaspace       used 63859K, capacity 66066K, committed 66124K, reserved 1105920K
  class space    used 8266K, capacity 9250K, committed 9292K, reserved 1048576K
}

Deoptimization events (10 events):
Event: 956.556 Thread 0x0000000002aee800 Uncommon trap: reason=unstable_if action=reinterpret pc=0x0000000012b456d0 method=java.util.concurrent.locks.ReentrantLock$Sync.tryRelease(I)Z @ 28 c2
Event: 956.556 Thread 0x0000000002aee800 Uncommon trap: reason=unstable_if action=reinterpret pc=0x0000000012b703d4 method=java.util.concurrent.ThreadPoolExecutor.runStateAtLeast(II)Z @ 2 c2
Event: 956.585 Thread 0x0000000002aee800 Uncommon trap: reason=class_check action=maybe_recompile pc=0x0000000012b4c128 method=java.util.stream.ReferencePipeline.forEachWithCancel(Ljava/util/Spliterator;Ljava/util/stream/Sink;)Z @ 1 c2
Event: 956.748 Thread 0x0000000023246000 Uncommon trap: reason=unstable_if action=reinterpret pc=0x0000000012b6b11c method=java.util.concurrent.ConcurrentLinkedQueue.first()Ljava/util/concurrent/ConcurrentLinkedQueue$Node; @ 32 c2
Event: 958.174 Thread 0x0000000002aee800 Uncommon trap: reason=class_check action=maybe_recompile pc=0x0000000012b4c128 method=java.util.stream.ReferencePipeline.forEachWithCancel(Ljava/util/Spliterator;Ljava/util/stream/Sink;)Z @ 1 c2
Event: 959.873 Thread 0x000000002560d800 Uncommon trap: reason=unstable_if action=reinterpret pc=0x0000000012b70110 method=io.netty.util.internal.shaded.org.jctools.queues.BaseMpscLinkedArrayQueue.isEmpty()Z @ 9 c2
Event: 961.611 Thread 0x00000000243d0000 Uncommon trap: reason=bimorphic_or_optimized_type_check action=maybe_recompile pc=0x0000000012a7d1fc method=java.util.Collections$SetFromMap.remove(Ljava/lang/Object;)Z @ 5 c2
Event: 961.612 Thread 0x00000000243d0000 Uncommon trap: reason=bimorphic_or_optimized_type_check action=maybe_recompile pc=0x0000000012a7d1fc method=java.util.Collections$SetFromMap.remove(Ljava/lang/Object;)Z @ 5 c2
Event: 961.612 Thread 0x00000000243d0000 Uncommon trap: reason=bimorphic_or_optimized_type_check action=maybe_recompile pc=0x0000000012a7d1fc method=java.util.Collections$SetFromMap.remove(Ljava/lang/Object;)Z @ 5 c2
Event: 961.663 Thread 0x00000000243d0000 Uncommon trap: reason=bimorphic_or_optimized_type_check action=maybe_recompile pc=0x0000000012a7d1fc method=java.util.Collections$SetFromMap.remove(Ljava/lang/Object;)Z @ 5 c2

Classes redefined (0 events):
No events

Internal exceptions (10 events):
Event: 956.583 Thread 0x00000000238b8000 Exception <a 'sun/nio/fs/WindowsException'{0x0000000086d97600}> (0x0000000086d97600) thrown at [t:/workspace/open/src/hotspot/share/prims/jni.cpp, line 615]
Event: 956.583 Thread 0x00000000238b8000 Exception <a 'sun/nio/fs/WindowsException'{0x0000000086d97670}> (0x0000000086d97670) thrown at [t:/workspace/open/src/hotspot/share/prims/jni.cpp, line 615]
Event: 956.691 Thread 0x0000000002aee800 Exception <a 'java/lang/NoSuchMethodError'{0x0000000086c768c8}: java.lang.invoke.DirectMethodHandle$Holder.invokeVirtual(Ljava/lang/Object;Ljava/lang/Object;J)V> (0x0000000086c768c8) thrown at [t:/workspace/open/src/hotspot/share/interpreter/linkResolver.
Event: 956.692 Thread 0x0000000002aee800 Exception <a 'java/lang/NoSuchMethodError'{0x0000000086c7c950}: java.lang.invoke.DirectMethodHandle$Holder.invokeStatic(Ljava/lang/Object;Ljava/lang/Object;Ljava/lang/Object;ILjava/lang/Object;)V> (0x0000000086c7c950) thrown at [t:/workspace/open/src/hots
Event: 957.320 Thread 0x0000000002aee800 Exception <a 'java/lang/NoSuchMethodError'{0x00000000865f98e8}: java.lang.invoke.DirectMethodHandle$Holder.invokeStaticInit(Ljava/lang/Object;)V> (0x00000000865f98e8) thrown at [t:/workspace/open/src/hotspot/share/interpreter/linkResolver.cpp, line 772]
Event: 957.372 Thread 0x0000000002aee800 Exception <a 'java/lang/NoSuchMethodError'{0x00000000864ea498}: java.lang.invoke.DirectMethodHandle$Holder.invokeSpecial(Ljava/lang/Object;Ljava/lang/Object;IIILjava/lang/Object;Ljava/lang/Object;J)Ljava/lang/Object;> (0x00000000864ea498) thrown at [t:/wo
Event: 957.372 Thread 0x0000000002aee800 Exception <a 'java/lang/NoSuchMethodError'{0x00000000864ed9c0}: java.lang.invoke.DelegatingMethodHandle$Holder.reinvoke_L(Ljava/lang/Object;IIILjava/lang/Object;Ljava/lang/Object;J)Ljava/lang/Object;> (0x00000000864ed9c0) thrown at [t:/workspace/open/src/
Event: 958.174 Thread 0x00000000238b8000 Exception <a 'sun/nio/fs/WindowsException'{0x0000000086d976e0}> (0x0000000086d976e0) thrown at [t:/workspace/open/src/hotspot/share/prims/jni.cpp, line 615]
Event: 958.174 Thread 0x00000000238b8000 Exception <a 'sun/nio/fs/WindowsException'{0x0000000086d97750}> (0x0000000086d97750) thrown at [t:/workspace/open/src/hotspot/share/prims/jni.cpp, line 615]
Event: 958.176 Thread 0x0000000002aee800 Exception <a 'java/lang/NoSuchMethodError'{0x0000000085f61a00}: java.lang.invoke.DirectMethodHandle$Holder.invokeStaticInit(Ljava/lang/Object;Ljava/lang/Object;Ljava/lang/Object;Ljava/lang/Object;Ljava/lang/Object;)Ljava/lang/Object;> (0x0000000085f61a00)

Events (10 events):
Event: 961.663 Thread 0x00000000243d0000 DEOPT PACKING pc=0x0000000012a7d1fc sp=0x000000002aa9f1c0
Event: 961.663 Thread 0x00000000243d0000 DEOPT UNPACKING pc=0x000000000ae18f2f sp=0x000000002aa9f1d8 mode 2
Event: 961.663 Executing VM operation: RevokeBias
Event: 961.663 Executing VM operation: RevokeBias done
Event: 961.663 Thread 0x00000000243d0000 Thread exited: 0x00000000243d0000
Event: 961.663 Executing VM operation: RevokeBias
Event: 961.664 Executing VM operation: RevokeBias done
Event: 961.664 Thread 0x0000000025611000 Thread exited: 0x0000000025611000
Event: 962.565 Thread 0x000000002560d000 Thread added: 0x000000002560d000
Event: 962.565 Thread 0x000000002560d000 Thread exited: 0x000000002560d000


Dynamic libraries:
0x00007ff608450000 - 0x00007ff608470000 	D:\Fax\KONACNI NOSQL\neo4j-community-4.0.0\bin\tools\prunsrv-amd64.exe
0x00007ffc9cc20000 - 0x00007ffc9ce10000 	C:\WINDOWS\SYSTEM32\ntdll.dll
0x00007ffc9c650000 - 0x00007ffc9c702000 	C:\WINDOWS\System32\KERNEL32.DLL
0x00007ffc9a270000 - 0x00007ffc9a513000 	C:\WINDOWS\System32\KERNELBASE.dll
0x00007ffc9c950000 - 0x00007ffc9c9f3000 	C:\WINDOWS\System32\ADVAPI32.dll
0x00007ffc9b8d0000 - 0x00007ffc9b96e000 	C:\WINDOWS\System32\msvcrt.dll
0x00007ffc9c7e0000 - 0x00007ffc9c877000 	C:\WINDOWS\System32\sechost.dll
0x00007ffc9b4f0000 - 0x00007ffc9b610000 	C:\WINDOWS\System32\RPCRT4.dll
0x00007ffc9acd0000 - 0x00007ffc9b3b5000 	C:\WINDOWS\System32\SHELL32.dll
0x00007ffc99bb0000 - 0x00007ffc99caa000 	C:\WINDOWS\System32\ucrtbase.dll
0x00007ffc99d30000 - 0x00007ffc99d7a000 	C:\WINDOWS\System32\cfgmgr32.dll
0x00007ffc9b970000 - 0x00007ffc9ba19000 	C:\WINDOWS\System32\shcore.dll
0x00007ffc9bbe0000 - 0x00007ffc9bf16000 	C:\WINDOWS\System32\combase.dll
0x00007ffc99cb0000 - 0x00007ffc99d30000 	C:\WINDOWS\System32\bcryptPrimitives.dll
0x00007ffc9a550000 - 0x00007ffc9accf000 	C:\WINDOWS\System32\windows.storage.dll
0x00007ffc9a1b0000 - 0x00007ffc9a24e000 	C:\WINDOWS\System32\msvcp_win.dll
0x00007ffc99b40000 - 0x00007ffc99b5f000 	C:\WINDOWS\System32\profapi.dll
0x00007ffc99b60000 - 0x00007ffc99baa000 	C:\WINDOWS\System32\powrprof.dll
0x00007ffc99af0000 - 0x00007ffc99b00000 	C:\WINDOWS\System32\UMPDC.dll
0x00007ffc9c5e0000 - 0x00007ffc9c632000 	C:\WINDOWS\System32\shlwapi.dll
0x00007ffc9b610000 - 0x00007ffc9b636000 	C:\WINDOWS\System32\GDI32.dll
0x00007ffc9a180000 - 0x00007ffc9a1a1000 	C:\WINDOWS\System32\win32u.dll
0x00007ffc99d80000 - 0x00007ffc99f14000 	C:\WINDOWS\System32\gdi32full.dll
0x00007ffc9b730000 - 0x00007ffc9b8c4000 	C:\WINDOWS\System32\USER32.dll
0x00007ffc99b20000 - 0x00007ffc99b31000 	C:\WINDOWS\System32\kernel.appcore.dll
0x00007ffc9a250000 - 0x00007ffc9a267000 	C:\WINDOWS\System32\cryptsp.dll
0x00007ffc7fff0000 - 0x00007ffc80b32000 	C:\Program Files\Java\jdk-11\bin\server\jvm.dll
0x00007ffc9ba20000 - 0x00007ffc9ba28000 	C:\WINDOWS\System32\PSAPI.DLL
0x00007ffc893f0000 - 0x00007ffc893f9000 	C:\WINDOWS\SYSTEM32\WSOCK32.dll
0x00007ffc9c4f0000 - 0x00007ffc9c55f000 	C:\WINDOWS\System32\WS2_32.dll
0x00007ffc96520000 - 0x00007ffc96544000 	C:\WINDOWS\SYSTEM32\WINMM.dll
0x00007ffc942c0000 - 0x00007ffc942ca000 	C:\WINDOWS\SYSTEM32\VERSION.dll
0x00007ffc85210000 - 0x00007ffc85225000 	C:\WINDOWS\SYSTEM32\VCRUNTIME140.dll
0x00007ffc964e0000 - 0x00007ffc9650d000 	C:\WINDOWS\SYSTEM32\WINMMBASE.dll
0x00007ffc7fdd0000 - 0x00007ffc7fde1000 	C:\Program Files\Java\jdk-11\bin\verify.dll
0x00007ffc917a0000 - 0x00007ffc91994000 	C:\WINDOWS\SYSTEM32\DBGHELP.DLL
0x00007ffc91770000 - 0x00007ffc9179a000 	C:\WINDOWS\SYSTEM32\dbgcore.DLL
0x00007ffc7fda0000 - 0x00007ffc7fdc9000 	C:\Program Files\Java\jdk-11\bin\java.dll
0x00007ffc7fd80000 - 0x00007ffc7fd96000 	C:\Program Files\Java\jdk-11\bin\zip.dll
0x00007ffc7fd70000 - 0x00007ffc7fd7a000 	C:\Program Files\Java\jdk-11\bin\jimage.dll
0x00007ffc7f5c0000 - 0x00007ffc7f5d9000 	C:\Program Files\Java\jdk-11\bin\net.dll
0x00007ffc95510000 - 0x00007ffc95600000 	C:\WINDOWS\SYSTEM32\WINHTTP.dll
0x00007ffc99360000 - 0x00007ffc993c7000 	C:\WINDOWS\system32\mswsock.dll
0x00007ffc7f560000 - 0x00007ffc7f573000 	C:\Program Files\Java\jdk-11\bin\nio.dll
0x00007ffc76e30000 - 0x00007ffc76e39000 	C:\Program Files\Java\jdk-11\bin\management.dll
0x00007ffc76e20000 - 0x00007ffc76e2c000 	C:\Program Files\Java\jdk-11\bin\management_ext.dll
0x00007ffc83d70000 - 0x00007ffc83d86000 	C:\WINDOWS\system32\napinsp.dll
0x00007ffc83d50000 - 0x00007ffc83d6a000 	C:\WINDOWS\system32\pnrpnsp.dll
0x00007ffc990b0000 - 0x00007ffc9917a000 	C:\WINDOWS\SYSTEM32\DNSAPI.dll
0x00007ffc9ca00000 - 0x00007ffc9ca08000 	C:\WINDOWS\System32\NSI.dll
0x00007ffc99070000 - 0x00007ffc990aa000 	C:\WINDOWS\SYSTEM32\IPHLPAPI.DLL
0x00007ffc83d40000 - 0x00007ffc83d4e000 	C:\WINDOWS\System32\winrnr.dll
0x00007ffc96620000 - 0x00007ffc9663c000 	C:\WINDOWS\system32\NLAapi.dll
0x00007ffc83d20000 - 0x00007ffc83d35000 	C:\WINDOWS\system32\wshbth.dll
0x00007ffc8aa80000 - 0x00007ffc8aa8a000 	C:\Windows\System32\rasadhlp.dll
0x00007ffc8cbb0000 - 0x00007ffc8cc27000 	C:\WINDOWS\System32\fwpuclnt.dll
0x00007ffc9a520000 - 0x00007ffc9a546000 	C:\WINDOWS\System32\bcrypt.dll
0x00007ffc8cfb0000 - 0x00007ffc8cfc6000 	C:\WINDOWS\SYSTEM32\dhcpcsvc6.DLL
0x00007ffc90a50000 - 0x00007ffc90a6c000 	C:\WINDOWS\SYSTEM32\dhcpcsvc.DLL
0x00007ffc98ed0000 - 0x00007ffc98f03000 	C:\WINDOWS\system32\rsaenh.dll
0x00007ffc99530000 - 0x00007ffc9953c000 	C:\WINDOWS\SYSTEM32\CRYPTBASE.dll

dbghelp: loaded successfully - version: 4.0.5 - missing functions: none
symbol engine: initialized successfully - sym options: 0x614 - pdb path: .;D:\Fax\KONACNI NOSQL\neo4j-community-4.0.0\bin\tools;C:\WINDOWS\SYSTEM32;C:\Program Files\Java\jdk-11\bin\server;C:\Program Files\Java\jdk-11\bin

VM Arguments:
jvm_args: -XX:+UnlockExperimentalVMOptions -XX:-OmitStackTraceInFastThrow -XX:+TrustFinalNonStaticFields -Dio.netty.tryReflectionSetAccessible=true -Dfile.encoding=UTF-8 -XX:+AlwaysPreTouch -Djdk.tls.ephemeralDHKeySize=2048 -Djdk.nio.maxCachedBufferSize=262144 -XX:+DisableExplicitGC -XX:+UseG1GC -Djdk.tls.rejectClientInitiatedRenegotiation=true exit abort 
java_command: <unknown>
java_class_path (initial): lib/activation-1.1.1.jar;lib/annotations-4.0.0.jar;lib/bcpkix-jdk15on-1.63.jar;lib/bcprov-jdk15on-1.63.jar;lib/caffeine-2.8.0.jar;lib/commons-beanutils-1.9.4.jar;lib/commons-collections-3.2.2.jar;lib/commons-compress-1.19.jar;lib/commons-configuration-1.10.jar;lib/commons-io-2.6.jar;lib/commons-lang-2.6.jar;lib/commons-lang3-3.9.jar;lib/commons-logging-1.2.jar;lib/commons-text-1.7.jar;lib/eclipse-collections-10.0.0.jar;lib/eclipse-collections-api-10.0.0.jar;lib/FastInfoset-1.2.16.jar;lib/hk2-api-2.5.0.jar;lib/hk2-locator-2.5.0.jar;lib/hk2-utils-2.5.0.jar;lib/istack-commons-runtime-3.0.8.jar;lib/jackson-annotations-2.10.0.jar;lib/jackson-core-2.10.0.jar;lib/jackson-databind-2.10.0.jar;lib/jackson-jaxrs-base-2.10.0.jar;lib/jackson-jaxrs-json-provider-2.10.0.jar;lib/jackson-module-jaxb-annotations-2.10.0.jar;lib/jakarta.activation-1.2.1.jar;lib/jakarta.activation-api-1.2.1.jar;lib/jakarta.annotation-api-1.3.4.jar;lib/jakarta.inject-2.5.0.jar;lib/jakarta.ws.rs-api-2.1.5.jar;lib/jakarta.xml.bind-api-2.3.2.jar;lib/javassist-3.22.0-CR2.jar;lib/javax.servlet-api-3.1.0.jar;lib/javax.ws.rs-api-2.1.1.jar;lib/jaxb-api-2.3.0.jar;lib/jaxb-runtime-2.3.2.jar;lib/jctools-core-2.1.2.jar;lib/jersey-client-2.29.jar;lib/jersey-common-2.29.jar;lib/jersey-container-servlet-2.29.jar;lib/jersey-container-servlet-core-2.29.jar;lib/jersey-hk2-2.29.jar;lib/jersey-media-jaxb-2.29.jar;lib/jersey-server-2.29.jar;lib/jetty-http-9.4.17.v20190418.jar;lib/jetty-io-9.4.17.v20190418.jar;lib/jetty-security-9.4.17.v20190418.jar;lib/jetty-server-9.4.17.v20190418.jar;lib/jetty-servlet-9.4.17.v20190418.jar;lib/jetty-util-9.4.17.v20190418.jar;lib/jetty-webapp-9.4.17.v20190418.jar;lib/jetty-xml-9.4.17.v20190418.jar;lib/jna-5.4.0.jar;lib/jPowerShell-3.0.jar;lib/jProcesses-1.6.5.jar;lib/lucene-analyzers-common-8.2.0.jar;lib/lucene-codecs-8.2.0.jar;lib/lucene-core-8.2.0.jar;lib/lucene-queryparser-8.2.0.jar;lib/neo4j-4.0.0.jar;lib/neo4j-ast-4.0-4.0.0.jar;lib/neo4j-batch-insert-4.0.0.j
Launcher Type: generic

[Global flags]
     bool AlwaysPreTouch                           = true                                      {product} {command line}
     intx CICompilerCount                          = 3                                         {product} {ergonomic}
     uint ConcGCThreads                            = 1                                         {product} {ergonomic}
     bool DisableExplicitGC                        = true                                      {product} {command line}
     uint G1ConcRefinementThreads                  = 4                                         {product} {ergonomic}
   size_t G1HeapRegionSize                         = 1048576                                   {product} {ergonomic}
    uintx GCDrainStackTargetSize                   = 64                                        {product} {ergonomic}
   size_t InitialHeapSize                          = 134217728                                 {product} {ergonomic}
   size_t MarkStackSize                            = 4194304                                   {product} {ergonomic}
   size_t MaxHeapSize                              = 2124414976                                {product} {ergonomic}
   size_t MaxNewSize                               = 1274019840                                {product} {ergonomic}
   size_t MinHeapDeltaBytes                        = 1048576                                   {product} {ergonomic}
    uintx NonNMethodCodeHeapSize                   = 5830092                                {pd product} {ergonomic}
    uintx NonProfiledCodeHeapSize                  = 122914074                              {pd product} {ergonomic}
     bool OmitStackTraceInFastThrow                = false                                     {product} {command line}
    uintx ProfiledCodeHeapSize                     = 122914074                              {pd product} {ergonomic}
    uintx ReservedCodeCacheSize                    = 251658240                              {pd product} {ergonomic}
     bool SegmentedCodeCache                       = true                                      {product} {ergonomic}
     bool TrustFinalNonStaticFields                = true                                 {experimental} {command line}
     bool UnlockExperimentalVMOptions              = true                                 {experimental} {command line}
     bool UseCompressedClassPointers               = true                                 {lp64_product} {ergonomic}
     bool UseCompressedOops                        = true                                 {lp64_product} {ergonomic}
     bool UseFastUnorderedTimeStamps               = true                                 {experimental} {ergonomic}
     bool UseG1GC                                  = true                                      {product} {command line}
     bool UseLargePagesIndividualAllocation        = false                                  {pd product} {ergonomic}

Logging:
Log output configuration:
 #0: stdout all=warning uptime,level,tags
 #1: stderr all=off uptime,level,tags

Environment Variables:
PATH=C:\Program Files\Java\jdk-11\bin;C:\Program Files\Java\jdk-11\bin;C:\WINDOWS\system32;C:\WINDOWS;C:\WINDOWS\System32\Wbem;C:\WINDOWS\System32\WindowsPowerShell\v1.0\;C:\Program Files (x86)\NVIDIA Corporation\PhysX\Common;C:\Program Files (x86)\Microsoft SQL Server\100\Tools\Binn\;C:\Program Files\Microsoft SQL Server\100\Tools\Binn\;C:\Program Files\Microsoft SQL Server\100\DTS\Binn\;C:\WINDOWS\system32;C:\WINDOWS;C:\WINDOWS\System32\Wbem;C:\WINDOWS\System32\WindowsPowerShell\v1.0\;C:\WINDOWS\System32\OpenSSH\;C:\Program Files\NVIDIA Corporation\NVIDIA NvDLISR;C:\Program Files\PuTTY\;C:\Program Files\nodejs\;C:\Program Files (x86)\Common Files\Acronis\VirtualFile\;C:\Program Files (x86)\Common Files\Acronis\VirtualFile64\;C:\Program Files (x86)\Common Files\Acronis\SnapAPI\;C:\Program Files\Crucial\Crucial Storage Executive;C:\WINDOWS\system32\config\systemprofile\AppData\Local\Microsoft\WindowsApps
USERNAME=JELENA-PC$
OS=Windows_NT
PROCESSOR_IDENTIFIER=Intel64 Family 6 Model 78 Stepping 3, GenuineIntel



---------------  S Y S T E M  ---------------

OS: Windows 10 , 64 bit Build 18362 (10.0.18362.329)

CPU:total 4 (initial active 4) (2 cores per cpu, 2 threads per core) family 6 model 78 stepping 3, cmov, cx8, fxsr, mmx, sse, sse2, sse3, ssse3, sse4.1, sse4.2, popcnt, avx, avx2, aes, clmul, erms, rtm, 3dnowpref, lzcnt, ht, tsc, tscinvbit, bmi1, bmi2, adx, fma

Memory: 4k page, system-wide physical 8098M (6096M free)
TotalPageFile size 9506M (AvailPageFile size 7355M)
current process WorkingSet (physical memory assigned to process): 251M, peak: 335M
current process commit charge ("private bytes"): 314M, peak: 367M

vm_info: Java HotSpot(TM) 64-Bit Server VM (11+28) for windows-amd64 JRE (11+28), built on Aug 23 2018 03:03:59 by "mach5one" with MS VC++ 15.5 (VS2017)

END.
