#
# A fatal error has been detected by the Java Runtime Environment:
#
#  EXCEPTION_ACCESS_VIOLATION (0xc0000005) at pc=0x00007ffae0ea5e98, pid=4640, tid=3712
#
# JRE version: Java(TM) SE Runtime Environment (11.0+28) (build 11+28)
# Java VM: Java HotSpot(TM) 64-Bit Server VM (11+28, mixed mode, tiered, compressed oops, g1 gc, windows-amd64)
# Problematic frame:
# V  [jvm.dll+0x2e5e98]
#
# No core dump will be written. Minidumps are not enabled by default on client versions of Windows
#
# If you would like to submit a bug report, please visit:
#   http://bugreport.java.com/bugreport/crash.jsp
#

---------------  S U M M A R Y ------------

Command Line: -XX:+UnlockExperimentalVMOptions -XX:-OmitStackTraceInFastThrow -XX:+TrustFinalNonStaticFields -Dio.netty.tryReflectionSetAccessible=true -Dfile.encoding=UTF-8 -XX:+AlwaysPreTouch -Djdk.tls.ephemeralDHKeySize=2048 -Djdk.nio.maxCachedBufferSize=262144 -XX:+DisableExplicitGC -XX:+UseG1GC -Djdk.tls.rejectClientInitiatedRenegotiation=true exit abort 

Host: Intel(R) Core(TM) i3-6100U CPU @ 2.30GHz, 4 cores, 7G,  Windows 10 , 64 bit Build 18362 (10.0.18362.778)
Time: Wed Apr 22 09:55:10 2020 Central Europe Daylight Time elapsed time: 388324 seconds (4d 11h 52m 4s)

---------------  T H R E A D  ---------------

Current thread (0x00000000021a3000):  GCTaskThread "GC Thread#0" [stack: 0x0000000001b20000,0x0000000001c20000] [id=3712]

Stack: [0x0000000001b20000,0x0000000001c20000],  sp=0x0000000001c1e140,  free space=1016k
Native frames: (J=compiled Java code, j=interpreted, Vv=VM code, C=native code)
V  [jvm.dll+0x2e5e98]
V  [jvm.dll+0x73ca98]
V  [jvm.dll+0x6a267d]
V  [jvm.dll+0x73d37c]
V  [jvm.dll+0x6a36f4]
V  [jvm.dll+0x7ab4f0]
V  [jvm.dll+0x63b2c2]
C  [ucrtbase.dll+0x20e72]
C  [KERNEL32.DLL+0x17bd4]
C  [ntdll.dll+0x6ce51]


siginfo: EXCEPTION_ACCESS_VIOLATION (0xc0000005), reading address 0x0000000000000000


Register to memory mapping:

RIP=0x00007ffae0ea5e98 jvm.dll
RAX=0x0 is NULL
RBX=0x0000000001c1e1a0 points into unknown readable memory
RCX=0x0 is NULL
RDX=0x0000000000000003 is an unknown value
RSP=0x0000000001c1e140 points into unknown readable memory
RBP=0x000000000193eba0 is pointing into the stack for thread: 0x000000000218e800
RSI=0x0000000001c1e200 points into unknown readable memory
RDI=0x0000000001c1e1d0 points into unknown readable memory
R8 =0x0 is NULL
R9 =0x0000000000000003 is an unknown value
R10=0x0000000000af1480 points into unknown readable memory
R11=0x0000000001c1e0f0 points into unknown readable memory
R12=0x000000000000001d is an unknown value
R13=0x0000000000000001 is an unknown value
R14=0x000000000218e800 is a thread
R15=0x000000002132f028 points into unknown readable memory


Registers:
RAX=0x0000000000000000, RBX=0x0000000001c1e1a0, RCX=0x0000000000000000, RDX=0x0000000000000003
RSP=0x0000000001c1e140, RBP=0x000000000193eba0, RSI=0x0000000001c1e200, RDI=0x0000000001c1e1d0
R8 =0x0000000000000000, R9 =0x0000000000000003, R10=0x0000000000af1480, R11=0x0000000001c1e0f0
R12=0x000000000000001d, R13=0x0000000000000001, R14=0x000000000218e800, R15=0x000000002132f028
RIP=0x00007ffae0ea5e98, EFLAGS=0x0000000000010246

Top of Stack: (sp=0x0000000001c1e140)
0x0000000001c1e140:   0000000001c1e1a0 000000000193eba0
0x0000000001c1e150:   0000000001c1e200 0000000000000000
0x0000000001c1e160:   000000002132f028 0000000000000000
0x0000000001c1e170:   00007ffae15e3fe8 00007ffae12fca98
0x0000000001c1e180:   0000000000000001 000000000218e800
0x0000000001c1e190:   000000002132f028 0000000000000000
0x0000000001c1e1a0:   000000000193eba0 0000000000000000
0x0000000001c1e1b0:   0000000000000000 0000000000000000
0x0000000001c1e1c0:   0000000000000000 000000000193eba0
0x0000000001c1e1d0:   000000000193eb30 0000000012094efb
0x0000000001c1e1e0:   0000000012094d10 0000000000000000
0x0000000001c1e1f0:   0000000000000000 000000000193eb30
0x0000000001c1e200:   0000000027b0eda8 0000000027b0edac
0x0000000001c1e210:   0000000027b0eda0 0000000027b0eda4
0x0000000001c1e220:   0000000027b0ed98 0000000027b0ed9c
0x0000000001c1e230:   0000000027b0ed90 0000000027b0ed94 

Instructions: (pc=0x00007ffae0ea5e98)
0x00007ffae0ea5e78:   4b 08 e8 11 49 f1 ff 48 8b cb 48 89 43 10 e8 25
0x00007ffae0ea5e88:   f5 ff ff 48 85 c0 0f 85 e3 00 00 00 48 8b 4b 10
0x00007ffae0ea5e98:   48 8b 01 ff 50 20 33 c9 84 c0 0f 95 c1 e9 da 00
0x00007ffae0ea5ea8:   00 00 48 8b 57 10 48 85 d2 0f 84 8c 00 00 00 41 



---------------  P R O C E S S  ---------------

Threads class SMR info:
_java_thread_list=0x0000000027e88550, length=29, elements={
0x000000000218e800, 0x0000000020813800, 0x0000000020814800, 0x0000000020822800,
0x000000002167b800, 0x000000002167d000, 0x0000000021681800, 0x000000002082c000,
0x00000000219a1000, 0x000000002199f800, 0x00000000233cb000, 0x00000000238fa000,
0x0000000023cbf000, 0x00000000230ad000, 0x0000000022e4c800, 0x0000000022e4d000,
0x000000002badd800, 0x000000002bae7800, 0x000000002bae5800, 0x000000002badc000,
0x000000002badc800, 0x000000002bada000, 0x000000002bade800, 0x000000002badf000,
0x000000002bae0000, 0x000000002badb000, 0x000000002bae3000, 0x000000002bae0800,
0x000000002bae6800
}

Java Threads: ( => current thread )
  0x000000000218e800 JavaThread "main" [_thread_blocked, id=1468, stack(0x0000000001840000,0x0000000001940000)]
  0x0000000020813800 JavaThread "Reference Handler" daemon [_thread_blocked, id=6288, stack(0x0000000021330000,0x0000000021430000)]
  0x0000000020814800 JavaThread "Finalizer" daemon [_thread_blocked, id=6292, stack(0x0000000021430000,0x0000000021530000)]
  0x0000000020822800 JavaThread "Signal Dispatcher" daemon [_thread_blocked, id=6400, stack(0x0000000021a30000,0x0000000021b30000)]
  0x000000002167b800 JavaThread "Attach Listener" daemon [_thread_blocked, id=6404, stack(0x0000000021b30000,0x0000000021c30000)]
  0x000000002167d000 JavaThread "C2 CompilerThread0" daemon [_thread_blocked, id=6408, stack(0x0000000021c30000,0x0000000021d30000)]
  0x0000000021681800 JavaThread "C1 CompilerThread0" daemon [_thread_blocked, id=6412, stack(0x0000000021d30000,0x0000000021e30000)]
  0x000000002082c000 JavaThread "Sweeper thread" daemon [_thread_blocked, id=6420, stack(0x0000000021e30000,0x0000000021f30000)]
  0x00000000219a1000 JavaThread "Service Thread" daemon [_thread_blocked, id=6456, stack(0x0000000021f30000,0x0000000022030000)]
  0x000000002199f800 JavaThread "Common-Cleaner" daemon [_thread_blocked, id=6524, stack(0x0000000022130000,0x0000000022230000)]
  0x00000000233cb000 JavaThread "neo4j.Scheduler-1" daemon [_thread_blocked, id=3900, stack(0x0000000022d30000,0x0000000022e30000)]
  0x00000000238fa000 JavaThread "Cleaner-0" daemon [_thread_blocked, id=7876, stack(0x0000000025830000,0x0000000025930000)]
  0x0000000023cbf000 JavaThread "FileSystemWatchService" daemon [_thread_in_native, id=8488, stack(0x0000000026710000,0x0000000026810000)]
  0x00000000230ad000 JavaThread "MuninnPageCache[1]-EvictionTask" daemon [_thread_blocked, id=8640, stack(0x0000000026810000,0x0000000026910000)]
  0x0000000022e4c800 JavaThread "neo4j.VmPauseMonitor-1" daemon [_thread_blocked, id=11040, stack(0x0000000028c40000,0x0000000028d40000)]
  0x0000000022e4d000 JavaThread "neo4j.IndexSampling-9" daemon [_thread_blocked, id=564, stack(0x000000002aa60000,0x000000002ab60000)]
  0x000000002badd800 JavaThread "neo4j.TransactionTimeoutMonitor-13" daemon [_thread_blocked, id=4328, stack(0x000000002dc20000,0x000000002dd20000)]
  0x000000002bae7800 JavaThread "neo4j.StorageMaintenance-13" daemon [_thread_blocked, id=14600, stack(0x000000002dd20000,0x000000002de20000)]
  0x000000002bae5800 JavaThread "neo4j.ServerTransactionTimeout-7" daemon [_thread_blocked, id=10228, stack(0x000000002de20000,0x000000002df20000)]
  0x000000002badc000 JavaThread "neo4j.CheckPoint-48" daemon [_thread_blocked, id=10172, stack(0x0000000001540000,0x0000000001640000)]
  0x000000002badc800 JavaThread "neo4j.CheckPoint-49" daemon [_thread_blocked, id=8696, stack(0x0000000000bc0000,0x0000000000cc0000)]
  0x000000002bada000 JavaThread "neo4j.BoltNetworkIO-2" [_thread_blocked, id=15608, stack(0x0000000001740000,0x0000000001840000)]
  0x000000002bade800 JavaThread "neo4j.BoltNetworkIO-3" [_thread_blocked, id=10136, stack(0x0000000026910000,0x0000000026a10000)]
  0x000000002badf000 JavaThread "neo4j.BoltNetworkIO-4" [_thread_blocked, id=2284, stack(0x0000000027810000,0x0000000027910000)]
  0x000000002bae0000 JavaThread "neo4j.BoltNetworkIO-5" [_thread_blocked, id=6444, stack(0x0000000027910000,0x0000000027a10000)]
  0x000000002badb000 JavaThread "neo4j.BoltNetworkIO-6" [_thread_blocked, id=4356, stack(0x0000000027a10000,0x0000000027b10000)]
  0x000000002bae3000 JavaThread "neo4j.BoltNetworkIO-7" [_thread_blocked, id=7856, stack(0x0000000027b10000,0x0000000027c10000)]
  0x000000002bae0800 JavaThread "neo4j.BoltNetworkIO-8" [_thread_blocked, id=7872, stack(0x0000000028d40000,0x0000000028e40000)]
  0x000000002bae6800 JavaThread "DestroyJavaVM" [_thread_blocked, id=13360, stack(0x0000000001840000,0x0000000001940000)]

Other Threads:
  0x00000000207ee800 VMThread "VM Thread" [stack: 0x0000000021230000,0x0000000021330000] [id=6216]
  0x000000002199d800 WatcherThread [stack: 0x0000000022030000,0x0000000022130000] [id=6480]
=>0x00000000021a3000 GCTaskThread "GC Thread#0" [stack: 0x0000000001b20000,0x0000000001c20000] [id=3712]
  0x000000002285b000 GCTaskThread "GC Thread#1" [stack: 0x0000000022b30000,0x0000000022c30000] [id=7252]
  0x000000002285b800 GCTaskThread "GC Thread#2" [stack: 0x0000000022c30000,0x0000000022d30000] [id=7256]
  0x0000000023849800 GCTaskThread "GC Thread#3" [stack: 0x0000000029740000,0x0000000029840000] [id=4940]
  0x00000000021d6000 ConcurrentGCThread "G1 Main Marker" [stack: 0x000000001dff0000,0x000000001e0f0000] [id=4264]
  0x00000000021d7000 ConcurrentGCThread "G1 Conc#0" [stack: 0x000000001e0f0000,0x000000001e1f0000] [id=944]
  0x000000000223d800 ConcurrentGCThread "G1 Refine#0" [stack: 0x0000000020830000,0x0000000020930000] [id=6188]
  0x0000000023899800 ConcurrentGCThread "G1 Refine#1" [stack: 0x000000002e020000,0x000000002e120000] [id=2448]
  0x000000002065a800 ConcurrentGCThread "G1 Young RemSet Sampling" [stack: 0x0000000020930000,0x0000000020a30000] [id=6192]

Threads with active compile tasks:

VM state:at safepoint (normal execution)

VM Mutex/Monitor currently owned by a thread:  ([mutex/lock_event])
[0x000000000218a9f0] Safepoint_lock - owner thread: 0x00000000207ee800
[0x000000000218a690] Threads_lock - owner thread: 0x00000000207ee800

Heap address: 0x0000000081600000, size: 2026 MB, Compressed Oops mode: 32-bit
Narrow klass base: 0x0000000000000000, Narrow klass shift: 3
Compressed class space size: 1073741824 Address: 0x0000000100000000

Heap:
 garbage-first heap   total 131072K, used 110657K [0x0000000081600000, 0x0000000100000000)
  region size 1024K, 32 young (32768K), 1 survivors (1024K)
 Metaspace       used 63440K, capacity 65361K, committed 66380K, reserved 1105920K
  class space    used 8109K, capacity 8960K, committed 9292K, reserved 1048576K
Heap Regions: E=young(eden), S=young(survivor), O=old, HS=humongous(starts), HC=humongous(continues), CS=collection set, F=free, A=archive, TAMS=top-at-mark-start (previous, next)
|   0|0x0000000081600000, 0x0000000081700000, 0x0000000081700000|100%| O|  |TAMS 0x0000000081700000, 0x0000000081600000| Untracked 
|   1|0x0000000081700000, 0x0000000081800000, 0x0000000081800000|100%| O|  |TAMS 0x0000000081800000, 0x0000000081700000| Untracked 
|   2|0x0000000081800000, 0x0000000081900000, 0x0000000081900000|100%| O|  |TAMS 0x0000000081900000, 0x0000000081800000| Untracked 
|   3|0x0000000081900000, 0x0000000081a00000, 0x0000000081a00000|100%| O|  |TAMS 0x0000000081a00000, 0x0000000081900000| Untracked 
|   4|0x0000000081a00000, 0x0000000081b00000, 0x0000000081b00000|100%| O|  |TAMS 0x0000000081b00000, 0x0000000081a00000| Untracked 
|   5|0x0000000081b00000, 0x0000000081c00000, 0x0000000081c00000|100%| O|  |TAMS 0x0000000081c00000, 0x0000000081b00000| Untracked 
|   6|0x0000000081c00000, 0x0000000081d00000, 0x0000000081d00000|100%| O|  |TAMS 0x0000000081d00000, 0x0000000081c00000| Untracked 
|   7|0x0000000081d00000, 0x0000000081e00000, 0x0000000081e00000|100%| O|  |TAMS 0x0000000081e00000, 0x0000000081d00000| Untracked 
|   8|0x0000000081e00000, 0x0000000081f00000, 0x0000000081f00000|100%| O|  |TAMS 0x0000000081f00000, 0x0000000081e00000| Untracked 
|   9|0x0000000081f00000, 0x0000000082000000, 0x0000000082000000|100%| O|  |TAMS 0x0000000082000000, 0x0000000081f00000| Untracked 
|  10|0x0000000082000000, 0x0000000082100000, 0x0000000082100000|100%| O|  |TAMS 0x0000000082100000, 0x0000000082000000| Untracked 
|  11|0x0000000082100000, 0x0000000082200000, 0x0000000082200000|100%| O|  |TAMS 0x0000000082200000, 0x0000000082100000| Untracked 
|  12|0x0000000082200000, 0x0000000082300000, 0x0000000082300000|100%| O|  |TAMS 0x0000000082300000, 0x0000000082200000| Untracked 
|  13|0x0000000082300000, 0x0000000082400000, 0x0000000082400000|100%| O|  |TAMS 0x0000000082400000, 0x0000000082300000| Untracked 
|  14|0x0000000082400000, 0x0000000082500000, 0x0000000082500000|100%| O|  |TAMS 0x0000000082500000, 0x0000000082400000| Untracked 
|  15|0x0000000082500000, 0x0000000082600000, 0x0000000082600000|100%| O|  |TAMS 0x0000000082600000, 0x0000000082500000| Untracked 
|  16|0x0000000082600000, 0x0000000082700000, 0x0000000082700000|100%| O|  |TAMS 0x0000000082700000, 0x0000000082600000| Untracked 
|  17|0x0000000082700000, 0x0000000082800000, 0x0000000082800000|100%| O|  |TAMS 0x0000000082800000, 0x0000000082700000| Untracked 
|  18|0x0000000082800000, 0x0000000082900000, 0x0000000082900000|100%| O|  |TAMS 0x0000000082900000, 0x0000000082800000| Untracked 
|  19|0x0000000082900000, 0x0000000082a00000, 0x0000000082a00000|100%| O|  |TAMS 0x0000000082a00000, 0x0000000082900000| Untracked 
|  20|0x0000000082a00000, 0x0000000082b00000, 0x0000000082b00000|100%| O|  |TAMS 0x0000000082b00000, 0x0000000082a00000| Untracked 
|  21|0x0000000082b00000, 0x0000000082c00000, 0x0000000082c00000|100%| O|  |TAMS 0x0000000082c00000, 0x0000000082b00000| Untracked 
|  22|0x0000000082c00000, 0x0000000082d00000, 0x0000000082d00000|100%| O|  |TAMS 0x0000000082d00000, 0x0000000082c00000| Untracked 
|  23|0x0000000082d00000, 0x0000000082e00000, 0x0000000082e00000|100%| O|  |TAMS 0x0000000082e00000, 0x0000000082d00000| Untracked 
|  24|0x0000000082e00000, 0x0000000082f00000, 0x0000000082f00000|100%| O|  |TAMS 0x0000000082f00000, 0x0000000082e00000| Untracked 
|  25|0x0000000082f00000, 0x0000000083000000, 0x0000000083000000|100%| O|  |TAMS 0x0000000083000000, 0x0000000082f00000| Untracked 
|  26|0x0000000083000000, 0x0000000083100000, 0x0000000083100000|100%| O|  |TAMS 0x0000000083100000, 0x0000000083000000| Untracked 
|  27|0x0000000083100000, 0x0000000083200000, 0x0000000083200000|100%| O|  |TAMS 0x0000000083200000, 0x0000000083100000| Untracked 
|  28|0x0000000083200000, 0x0000000083300000, 0x0000000083300000|100%| O|  |TAMS 0x0000000083300000, 0x0000000083200000| Untracked 
|  29|0x0000000083300000, 0x0000000083400000, 0x0000000083400000|100%| O|  |TAMS 0x0000000083400000, 0x0000000083300000| Untracked 
|  30|0x0000000083400000, 0x0000000083500000, 0x0000000083500000|100%| O|  |TAMS 0x0000000083500000, 0x0000000083400000| Untracked 
|  31|0x0000000083500000, 0x0000000083600000, 0x0000000083600000|100%| O|  |TAMS 0x0000000083600000, 0x0000000083500000| Untracked 
|  32|0x0000000083600000, 0x0000000083700000, 0x0000000083700000|100%| O|  |TAMS 0x0000000083700000, 0x0000000083600000| Untracked 
|  33|0x0000000083700000, 0x0000000083800000, 0x0000000083800000|100%| O|  |TAMS 0x0000000083800000, 0x0000000083700000| Untracked 
|  34|0x0000000083800000, 0x0000000083900000, 0x0000000083900000|100%| O|  |TAMS 0x0000000083900000, 0x0000000083800000| Untracked 
|  35|0x0000000083900000, 0x0000000083a00000, 0x0000000083a00000|100%| O|  |TAMS 0x0000000083a00000, 0x0000000083900000| Untracked 
|  36|0x0000000083a00000, 0x0000000083b00000, 0x0000000083b00000|100%| O|  |TAMS 0x0000000083b00000, 0x0000000083a00000| Untracked 
|  37|0x0000000083b00000, 0x0000000083c00000, 0x0000000083c00000|100%| O|  |TAMS 0x0000000083c00000, 0x0000000083b00000| Untracked 
|  38|0x0000000083c00000, 0x0000000083d00000, 0x0000000083d00000|100%| O|  |TAMS 0x0000000083d00000, 0x0000000083c00000| Untracked 
|  39|0x0000000083d00000, 0x0000000083e00000, 0x0000000083e00000|100%| O|  |TAMS 0x0000000083e00000, 0x0000000083d00000| Untracked 
|  40|0x0000000083e00000, 0x0000000083f00000, 0x0000000083f00000|100%| O|  |TAMS 0x0000000083f00000, 0x0000000083e00000| Untracked 
|  41|0x0000000083f00000, 0x0000000084000000, 0x0000000084000000|100%| O|  |TAMS 0x0000000084000000, 0x0000000083f00000| Untracked 
|  42|0x0000000084000000, 0x0000000084100000, 0x0000000084100000|100%| O|  |TAMS 0x0000000084100000, 0x0000000084000000| Untracked 
|  43|0x0000000084100000, 0x0000000084200000, 0x0000000084200000|100%| O|  |TAMS 0x0000000084200000, 0x0000000084100000| Untracked 
|  44|0x0000000084200000, 0x0000000084300000, 0x0000000084300000|100%| O|  |TAMS 0x0000000084300000, 0x0000000084200000| Untracked 
|  45|0x0000000084300000, 0x0000000084400000, 0x0000000084400000|100%| O|  |TAMS 0x0000000084400000, 0x0000000084300000| Untracked 
|  46|0x0000000084400000, 0x0000000084500000, 0x0000000084500000|100%| O|  |TAMS 0x0000000084500000, 0x0000000084400000| Untracked 
|  47|0x0000000084500000, 0x0000000084600000, 0x0000000084600000|100%| O|  |TAMS 0x0000000084600000, 0x0000000084500000| Untracked 
|  48|0x0000000084600000, 0x0000000084700000, 0x0000000084700000|100%| O|  |TAMS 0x0000000084700000, 0x0000000084600000| Untracked 
|  49|0x0000000084700000, 0x0000000084800000, 0x0000000084800000|100%| O|  |TAMS 0x0000000084800000, 0x0000000084700000| Untracked 
|  50|0x0000000084800000, 0x0000000084900000, 0x0000000084900000|100%| O|  |TAMS 0x0000000084900000, 0x0000000084800000| Untracked 
|  51|0x0000000084900000, 0x0000000084a00000, 0x0000000084a00000|100%| O|  |TAMS 0x0000000084a00000, 0x0000000084900000| Untracked 
|  52|0x0000000084a00000, 0x0000000084b00000, 0x0000000084b00000|100%| O|  |TAMS 0x0000000084b00000, 0x0000000084a00000| Untracked 
|  53|0x0000000084b00000, 0x0000000084c00000, 0x0000000084c00000|100%| O|  |TAMS 0x0000000084c00000, 0x0000000084b00000| Untracked 
|  54|0x0000000084c00000, 0x0000000084d00000, 0x0000000084d00000|100%| O|  |TAMS 0x0000000084d00000, 0x0000000084c00000| Untracked 
|  55|0x0000000084d00000, 0x0000000084e00000, 0x0000000084e00000|100%| O|  |TAMS 0x0000000084e00000, 0x0000000084d00000| Untracked 
|  56|0x0000000084e00000, 0x0000000084f00000, 0x0000000084f00000|100%| O|  |TAMS 0x0000000084f00000, 0x0000000084e00000| Untracked 
|  57|0x0000000084f00000, 0x0000000085000000, 0x0000000085000000|100%| O|  |TAMS 0x0000000085000000, 0x0000000084f00000| Untracked 
|  58|0x0000000085000000, 0x0000000085100000, 0x0000000085100000|100%| O|  |TAMS 0x0000000085100000, 0x0000000085000000| Untracked 
|  59|0x0000000085100000, 0x0000000085200000, 0x0000000085200000|100%|HS|  |TAMS 0x0000000085200000, 0x0000000085100000| Complete 
|  60|0x0000000085200000, 0x0000000085300000, 0x0000000085300000|100%|HC|  |TAMS 0x0000000085300000, 0x0000000085200000| Complete 
|  61|0x0000000085300000, 0x0000000085400000, 0x0000000085400000|100%|HC|  |TAMS 0x0000000085400000, 0x0000000085300000| Complete 
|  62|0x0000000085400000, 0x0000000085500000, 0x0000000085500000|100%| O|  |TAMS 0x0000000085500000, 0x0000000085400000| Untracked 
|  63|0x0000000085500000, 0x0000000085600000, 0x0000000085600000|100%| O|  |TAMS 0x0000000085600000, 0x0000000085500000| Untracked 
|  64|0x0000000085600000, 0x0000000085700000, 0x0000000085700000|100%| O|  |TAMS 0x0000000085700000, 0x0000000085600000| Untracked 
|  65|0x0000000085700000, 0x0000000085800000, 0x0000000085800000|100%| O|  |TAMS 0x0000000085800000, 0x0000000085700000| Untracked 
|  66|0x0000000085800000, 0x0000000085900000, 0x0000000085900000|100%| O|  |TAMS 0x0000000085900000, 0x0000000085800000| Untracked 
|  67|0x0000000085900000, 0x0000000085a00000, 0x0000000085a00000|100%| O|  |TAMS 0x0000000085a00000, 0x0000000085900000| Untracked 
|  68|0x0000000085a00000, 0x0000000085b00000, 0x0000000085b00000|100%| O|  |TAMS 0x0000000085b00000, 0x0000000085a00000| Untracked 
|  69|0x0000000085b00000, 0x0000000085c00000, 0x0000000085c00000|100%|HS|  |TAMS 0x0000000085c00000, 0x0000000085b00000| Complete 
|  70|0x0000000085c00000, 0x0000000085d00000, 0x0000000085d00000|100%|HC|  |TAMS 0x0000000085d00000, 0x0000000085c00000| Complete 
|  71|0x0000000085d00000, 0x0000000085e00000, 0x0000000085e00000|100%| O|  |TAMS 0x0000000085e00000, 0x0000000085d00000| Untracked 
|  72|0x0000000085e00000, 0x0000000085f00000, 0x0000000085f00000|100%| O|  |TAMS 0x0000000085f00000, 0x0000000085e00000| Untracked 
|  73|0x0000000085f00000, 0x0000000086000000, 0x0000000086000000|100%| O|  |TAMS 0x0000000086000000, 0x0000000085f00000| Untracked 
|  74|0x0000000086000000, 0x0000000086100000, 0x0000000086100000|100%| O|  |TAMS 0x0000000086100000, 0x0000000086000000| Untracked 
|  75|0x0000000086100000, 0x0000000086200000, 0x0000000086200000|100%| O|  |TAMS 0x0000000086200000, 0x0000000086100000| Untracked 
|  76|0x0000000086200000, 0x0000000086300000, 0x0000000086300000|100%| O|  |TAMS 0x0000000086300000, 0x0000000086200000| Untracked 
|  77|0x0000000086300000, 0x0000000086400000, 0x0000000086400000|100%| O|  |TAMS 0x0000000086400000, 0x0000000086300000| Untracked 
|  78|0x0000000086400000, 0x0000000086500000, 0x0000000086500000|100%| O|  |TAMS 0x0000000086500000, 0x0000000086400000| Untracked 
|  79|0x0000000086500000, 0x0000000086507c00, 0x0000000086600000|  3%| O|  |TAMS 0x0000000086506a00, 0x0000000086500000| Untracked 
|  80|0x0000000086600000, 0x0000000086600000, 0x0000000086700000|  0%| F|  |TAMS 0x0000000086600000, 0x0000000086600000| Untracked 
|  81|0x0000000086700000, 0x0000000086700000, 0x0000000086800000|  0%| F|  |TAMS 0x0000000086700000, 0x0000000086700000| Untracked 
|  82|0x0000000086800000, 0x0000000086800000, 0x0000000086900000|  0%| F|  |TAMS 0x0000000086800000, 0x0000000086800000| Untracked 
|  83|0x0000000086900000, 0x0000000086900000, 0x0000000086a00000|  0%| F|  |TAMS 0x0000000086900000, 0x0000000086900000| Untracked 
|  84|0x0000000086a00000, 0x0000000086a00000, 0x0000000086b00000|  0%| F|  |TAMS 0x0000000086a00000, 0x0000000086a00000| Untracked 
|  85|0x0000000086b00000, 0x0000000086b00000, 0x0000000086c00000|  0%| F|  |TAMS 0x0000000086b00000, 0x0000000086b00000| Untracked 
|  86|0x0000000086c00000, 0x0000000086c00000, 0x0000000086d00000|  0%| F|  |TAMS 0x0000000086c00000, 0x0000000086c00000| Untracked 
|  87|0x0000000086d00000, 0x0000000086d00000, 0x0000000086e00000|  0%| F|  |TAMS 0x0000000086d00000, 0x0000000086d00000| Untracked 
|  88|0x0000000086e00000, 0x0000000086e00000, 0x0000000086f00000|  0%| F|  |TAMS 0x0000000086e00000, 0x0000000086e00000| Untracked 
|  89|0x0000000086f00000, 0x0000000086f00000, 0x0000000087000000|  0%| F|  |TAMS 0x0000000086f00000, 0x0000000086f00000| Untracked 
|  90|0x0000000087000000, 0x0000000087000000, 0x0000000087100000|  0%| F|  |TAMS 0x0000000087000000, 0x0000000087000000| Untracked 
|  91|0x0000000087100000, 0x0000000087100000, 0x0000000087200000|  0%| F|  |TAMS 0x0000000087100000, 0x0000000087100000| Untracked 
|  92|0x0000000087200000, 0x0000000087200000, 0x0000000087300000|  0%| F|  |TAMS 0x0000000087200000, 0x0000000087200000| Untracked 
|  93|0x0000000087300000, 0x0000000087300000, 0x0000000087400000|  0%| F|  |TAMS 0x0000000087300000, 0x0000000087300000| Untracked 
|  94|0x0000000087400000, 0x0000000087408910, 0x0000000087500000|  3%| S|CS|TAMS 0x0000000087400000, 0x0000000087400000| Complete 
|  95|0x0000000087500000, 0x0000000087500000, 0x0000000087600000|  0%| F|  |TAMS 0x0000000087500000, 0x0000000087500000| Untracked 
|  96|0x0000000087600000, 0x0000000087600000, 0x0000000087700000|  0%| F|  |TAMS 0x0000000087600000, 0x0000000087600000| Untracked 
|  97|0x0000000087700000, 0x00000000877d45a8, 0x0000000087800000| 82%| E|  |TAMS 0x0000000087700000, 0x0000000087700000| Complete 
|  98|0x0000000087800000, 0x0000000087900000, 0x0000000087900000|100%| E|CS|TAMS 0x0000000087800000, 0x0000000087800000| Complete 
|  99|0x0000000087900000, 0x0000000087a00000, 0x0000000087a00000|100%| E|  |TAMS 0x0000000087900000, 0x0000000087900000| Complete 
| 100|0x0000000087a00000, 0x0000000087b00000, 0x0000000087b00000|100%| E|CS|TAMS 0x0000000087a00000, 0x0000000087a00000| Complete 
| 101|0x0000000087b00000, 0x0000000087c00000, 0x0000000087c00000|100%| E|CS|TAMS 0x0000000087b00000, 0x0000000087b00000| Complete 
| 102|0x0000000087c00000, 0x0000000087d00000, 0x0000000087d00000|100%| E|CS|TAMS 0x0000000087c00000, 0x0000000087c00000| Complete 
| 103|0x0000000087d00000, 0x0000000087e00000, 0x0000000087e00000|100%| E|CS|TAMS 0x0000000087d00000, 0x0000000087d00000| Complete 
| 104|0x0000000087e00000, 0x0000000087f00000, 0x0000000087f00000|100%| E|CS|TAMS 0x0000000087e00000, 0x0000000087e00000| Complete 
| 105|0x0000000087f00000, 0x0000000088000000, 0x0000000088000000|100%| E|CS|TAMS 0x0000000087f00000, 0x0000000087f00000| Complete 
| 106|0x0000000088000000, 0x0000000088100000, 0x0000000088100000|100%| E|CS|TAMS 0x0000000088000000, 0x0000000088000000| Complete 
| 107|0x0000000088100000, 0x0000000088200000, 0x0000000088200000|100%| E|CS|TAMS 0x0000000088100000, 0x0000000088100000| Complete 
| 108|0x0000000088200000, 0x0000000088300000, 0x0000000088300000|100%| E|CS|TAMS 0x0000000088200000, 0x0000000088200000| Complete 
| 109|0x0000000088300000, 0x0000000088400000, 0x0000000088400000|100%| E|CS|TAMS 0x0000000088300000, 0x0000000088300000| Complete 
| 110|0x0000000088400000, 0x0000000088500000, 0x0000000088500000|100%| E|CS|TAMS 0x0000000088400000, 0x0000000088400000| Complete 
| 111|0x0000000088500000, 0x0000000088600000, 0x0000000088600000|100%| E|CS|TAMS 0x0000000088500000, 0x0000000088500000| Complete 
| 112|0x0000000088600000, 0x0000000088700000, 0x0000000088700000|100%| E|CS|TAMS 0x0000000088600000, 0x0000000088600000| Complete 
| 113|0x0000000088700000, 0x0000000088800000, 0x0000000088800000|100%| E|CS|TAMS 0x0000000088700000, 0x0000000088700000| Complete 
| 114|0x0000000088800000, 0x0000000088900000, 0x0000000088900000|100%| E|CS|TAMS 0x0000000088800000, 0x0000000088800000| Complete 
| 115|0x0000000088900000, 0x0000000088a00000, 0x0000000088a00000|100%| E|CS|TAMS 0x0000000088900000, 0x0000000088900000| Complete 
| 116|0x0000000088a00000, 0x0000000088b00000, 0x0000000088b00000|100%| E|CS|TAMS 0x0000000088a00000, 0x0000000088a00000| Complete 
| 117|0x0000000088b00000, 0x0000000088c00000, 0x0000000088c00000|100%| E|CS|TAMS 0x0000000088b00000, 0x0000000088b00000| Complete 
| 118|0x0000000088c00000, 0x0000000088d00000, 0x0000000088d00000|100%| E|CS|TAMS 0x0000000088c00000, 0x0000000088c00000| Complete 
| 119|0x0000000088d00000, 0x0000000088e00000, 0x0000000088e00000|100%| E|CS|TAMS 0x0000000088d00000, 0x0000000088d00000| Complete 
| 120|0x0000000088e00000, 0x0000000088f00000, 0x0000000088f00000|100%| E|CS|TAMS 0x0000000088e00000, 0x0000000088e00000| Complete 
| 121|0x0000000088f00000, 0x0000000089000000, 0x0000000089000000|100%| E|CS|TAMS 0x0000000088f00000, 0x0000000088f00000| Complete 
| 122|0x0000000089000000, 0x0000000089100000, 0x0000000089100000|100%| E|CS|TAMS 0x0000000089000000, 0x0000000089000000| Complete 
| 123|0x0000000089100000, 0x0000000089200000, 0x0000000089200000|100%| E|CS|TAMS 0x0000000089100000, 0x0000000089100000| Complete 
| 124|0x0000000089200000, 0x0000000089300000, 0x0000000089300000|100%| E|CS|TAMS 0x0000000089200000, 0x0000000089200000| Complete 
| 125|0x0000000089300000, 0x0000000089400000, 0x0000000089400000|100%| E|CS|TAMS 0x0000000089300000, 0x0000000089300000| Complete 
| 126|0x0000000089400000, 0x0000000089500000, 0x0000000089500000|100%| E|CS|TAMS 0x0000000089400000, 0x0000000089400000| Complete 
| 127|0x0000000089500000, 0x0000000089600000, 0x0000000089600000|100%| E|CS|TAMS 0x0000000089500000, 0x0000000089500000| Complete 

Card table byte_map: [0x0000000019890000,0x0000000019c90000] _byte_map_base: 0x0000000019485000

Marking Bits (Prev, Next): (CMBitMap*) 0x00000000021cd1b0, (CMBitMap*) 0x00000000021cd178
 Prev Bits: [0x000000001c040000, 0x000000001dfe8000)
 Next Bits: [0x000000001a090000, 0x000000001c038000)

Polling page: 0x0000000000aa0000

Metaspace:

Usage:
  Non-class:     55.08 MB capacity,    54.03 MB ( 98%) used,   836.78 KB (  1%) free+waste,   233.13 KB ( <1%) overhead. 
      Class:      8.75 MB capacity,     7.92 MB ( 91%) used,   730.55 KB (  8%) free+waste,   120.44 KB (  1%) overhead. 
       Both:     63.83 MB capacity,    61.95 MB ( 97%) used,     1.53 MB (  2%) free+waste,   353.56 KB ( <1%) overhead. 

Virtual space:
  Non-class space:       56.00 MB reserved,      55.75 MB (>99%) committed 
      Class space:        1.00 GB reserved,       9.07 MB ( <1%) committed 
             Both:        1.05 GB reserved,      64.82 MB (  6%) committed 

Chunk freelists:
   Non-Class:  77.88 KB
       Class:  40.00 KB
        Both:  117.88 KB

CodeHeap 'non-profiled nmethods': size=120064Kb used=3021Kb max_used=3021Kb free=117042Kb
 bounds [0x0000000011f50000, 0x0000000012250000, 0x0000000019490000]
CodeHeap 'profiled nmethods': size=120000Kb used=8825Kb max_used=9739Kb free=111174Kb
 bounds [0x000000000aa20000, 0x000000000b3c0000, 0x0000000011f50000]
CodeHeap 'non-nmethods': size=5696Kb used=1372Kb max_used=1420Kb free=4323Kb
 bounds [0x000000000a490000, 0x000000000a700000, 0x000000000aa20000]
 total_blobs=8213 nmethods=4703 adapters=734
 compilation: enabled
              stopped_count=0, restarted_count=0
 full_count=0

Compilation events (10 events):
Event: 388322.968 Thread 0x000000002167d000 5690       4       sun.nio.ch.WindowsSelectorImpl::adjustThreadsCount (132 bytes)
Event: 388322.969 Thread 0x000000002167d000 nmethod 5690 0x0000000012223f90 code [0x0000000012224120, 0x00000000122241f8]
Event: 388323.071 Thread 0x0000000021681800 5691       3       io.netty.util.concurrent.SingleThreadEventExecutor::hasTasks (39 bytes)
Event: 388323.072 Thread 0x0000000021681800 nmethod 5691 0x000000000accd690 code [0x000000000accd860, 0x000000000accdaf0]
Event: 388323.072 Thread 0x0000000021681800 5692       3       io.netty.util.internal.shaded.org.jctools.queues.BaseMpscLinkedArrayQueue::isEmpty (18 bytes)
Event: 388323.072 Thread 0x0000000021681800 nmethod 5692 0x000000000ace5790 code [0x000000000ace5960, 0x000000000ace5cd8]
Event: 388324.055 Thread 0x0000000021681800 5694       3       io.netty.channel.nio.SelectedSelectionKeySetSelector::selectNow (15 bytes)
Event: 388324.056 Thread 0x0000000021681800 nmethod 5694 0x000000000acf0810 code [0x000000000acf0a00, 0x000000000acf0d60]
Event: 388324.056 Thread 0x0000000021681800 5695       3       sun.nio.ch.SelectorImpl::selectNow (7 bytes)
Event: 388324.056 Thread 0x0000000021681800 nmethod 5695 0x000000000acf3b90 code [0x000000000acf3d40, 0x000000000acf3ef0]

GC Heap History (10 events):
Event: 385192.172 GC heap before
{Heap before GC invocations=161 (full 0):
 garbage-first heap   total 131072K, used 114726K [0x0000000081600000, 0x0000000100000000)
  region size 1024K, 34 young (34816K), 1 survivors (1024K)
 Metaspace       used 62868K, capacity 64677K, committed 66124K, reserved 1105920K
  class space    used 8001K, capacity 8787K, committed 9292K, reserved 1048576K
}
Event: 385192.174 GC heap after
{Heap after GC invocations=162 (full 0):
 garbage-first heap   total 131072K, used 80941K [0x0000000081600000, 0x0000000100000000)
  region size 1024K, 1 young (1024K), 1 survivors (1024K)
 Metaspace       used 62868K, capacity 64677K, committed 66124K, reserved 1105920K
  class space    used 8001K, capacity 8787K, committed 9292K, reserved 1048576K
}
Event: 385970.172 GC heap before
{Heap before GC invocations=162 (full 0):
 garbage-first heap   total 131072K, used 114733K [0x0000000081600000, 0x0000000100000000)
  region size 1024K, 34 young (34816K), 1 survivors (1024K)
 Metaspace       used 62868K, capacity 64677K, committed 66124K, reserved 1105920K
  class space    used 8001K, capacity 8787K, committed 9292K, reserved 1048576K
}
Event: 385970.175 GC heap after
{Heap after GC invocations=163 (full 0):
 garbage-first heap   total 131072K, used 80949K [0x0000000081600000, 0x0000000100000000)
  region size 1024K, 1 young (1024K), 1 survivors (1024K)
 Metaspace       used 62868K, capacity 64677K, committed 66124K, reserved 1105920K
  class space    used 8001K, capacity 8787K, committed 9292K, reserved 1048576K
}
Event: 386746.599 GC heap before
{Heap before GC invocations=164 (full 0):
 garbage-first heap   total 131072K, used 114741K [0x0000000081600000, 0x0000000100000000)
  region size 1024K, 34 young (34816K), 1 survivors (1024K)
 Metaspace       used 62868K, capacity 64677K, committed 66124K, reserved 1105920K
  class space    used 8001K, capacity 8787K, committed 9292K, reserved 1048576K
}
Event: 386746.601 GC heap after
{Heap after GC invocations=165 (full 0):
 garbage-first heap   total 131072K, used 80954K [0x0000000081600000, 0x0000000100000000)
  region size 1024K, 1 young (1024K), 1 survivors (1024K)
 Metaspace       used 62868K, capacity 64677K, committed 66124K, reserved 1105920K
  class space    used 8001K, capacity 8787K, committed 9292K, reserved 1048576K
}
Event: 387529.547 GC heap before
{Heap before GC invocations=165 (full 0):
 garbage-first heap   total 131072K, used 114746K [0x0000000081600000, 0x0000000100000000)
  region size 1024K, 34 young (34816K), 1 survivors (1024K)
 Metaspace       used 62871K, capacity 64677K, committed 66124K, reserved 1105920K
  class space    used 8001K, capacity 8787K, committed 9292K, reserved 1048576K
}
Event: 387529.549 GC heap after
{Heap after GC invocations=166 (full 0):
 garbage-first heap   total 131072K, used 80956K [0x0000000081600000, 0x0000000100000000)
  region size 1024K, 1 young (1024K), 1 survivors (1024K)
 Metaspace       used 62871K, capacity 64677K, committed 66124K, reserved 1105920K
  class space    used 8001K, capacity 8787K, committed 9292K, reserved 1048576K
}
Event: 388306.545 GC heap before
{Heap before GC invocations=167 (full 0):
 garbage-first heap   total 131072K, used 114748K [0x0000000081600000, 0x0000000100000000)
  region size 1024K, 34 young (34816K), 1 survivors (1024K)
 Metaspace       used 62872K, capacity 64677K, committed 66124K, reserved 1105920K
  class space    used 8001K, capacity 8787K, committed 9292K, reserved 1048576K
}
Event: 388306.547 GC heap after
{Heap after GC invocations=168 (full 0):
 garbage-first heap   total 131072K, used 80961K [0x0000000081600000, 0x0000000100000000)
  region size 1024K, 1 young (1024K), 1 survivors (1024K)
 Metaspace       used 62872K, capacity 64677K, committed 66124K, reserved 1105920K
  class space    used 8001K, capacity 8787K, committed 9292K, reserved 1048576K
}

Deoptimization events (10 events):
Event: 388317.170 Thread 0x00000000233cb000 Uncommon trap: reason=unstable_if action=reinterpret pc=0x0000000012239afc method=java.util.concurrent.ConcurrentLinkedQueue.first()Ljava/util/concurrent/ConcurrentLinkedQueue$Node; @ 32 c2
Event: 388317.171 Thread 0x00000000233cb000 Uncommon trap: reason=unstable_if action=reinterpret pc=0x00000000120b418c method=java.util.concurrent.ConcurrentLinkedQueue.first()Ljava/util/concurrent/ConcurrentLinkedQueue$Node; @ 32 c2
Event: 388317.171 Thread 0x00000000233cb000 Uncommon trap: reason=unstable_if action=reinterpret pc=0x00000000120c0e0c method=java.util.concurrent.ConcurrentLinkedQueue.first()Ljava/util/concurrent/ConcurrentLinkedQueue$Node; @ 32 c2
Event: 388319.211 Thread 0x000000000218e800 Uncommon trap: reason=class_check action=maybe_recompile pc=0x00000000121d8914 method=java.util.stream.ReferencePipeline.forEachWithCancel(Ljava/util/Spliterator;Ljava/util/stream/Sink;)Z @ 1 c2
Event: 388319.313 Thread 0x000000000218e800 Uncommon trap: reason=class_check action=maybe_recompile pc=0x0000000012095bdc method=org.eclipse.collections.impl.map.mutable.primitive.LongObjectHashMap.forEachKeyValue(Lorg/eclipse/collections/api/block/procedure/primitive/LongObjectProcedure;)V @ 50 c
Event: 388321.089 Thread 0x0000000022e4f000 Uncommon trap: reason=unstable_if action=reinterpret pc=0x000000001202afc0 method=io.netty.util.internal.shaded.org.jctools.queues.BaseMpscLinkedArrayQueue.poll()Ljava/lang/Object; @ 34 c2
Event: 388321.090 Thread 0x0000000022e4f000 Uncommon trap: reason=unstable_if action=reinterpret pc=0x0000000012094c78 method=io.netty.util.concurrent.SingleThreadEventExecutor.isShuttingDown()Z @ 5 c2
Event: 388321.090 Thread 0x000000002bada000 Uncommon trap: reason=unstable_if action=reinterpret pc=0x0000000012022234 method=io.netty.util.internal.shaded.org.jctools.queues.BaseMpscLinkedArrayQueue.isEmpty()Z @ 9 c2
Event: 388321.090 Thread 0x000000002bade800 Uncommon trap: reason=unstable_if action=reinterpret pc=0x0000000011fa0590 method=io.netty.util.internal.shaded.org.jctools.queues.BaseMpscLinkedArrayQueue.isEmpty()Z @ 9 c2
Event: 388321.137 Thread 0x0000000022e4c800 Uncommon trap: reason=unstable_if action=reinterpret pc=0x0000000012228b30 method=org.neo4j.monitoring.VmPauseMonitor.monitor()V @ 17 c2

Classes redefined (0 events):
No events

Internal exceptions (10 events):
Event: 388317.087 Thread 0x0000000023cbf000 Exception <a 'sun/nio/fs/WindowsException'{0x00000000894a4840}> (0x00000000894a4840) thrown at [t:/workspace/open/src/hotspot/share/prims/jni.cpp, line 615]
Event: 388317.102 Thread 0x000000000218e800 Exception <a 'java/lang/NoSuchMethodError'{0x000000008930c8e8}: java.lang.invoke.DelegatingMethodHandle$Holder.reinvoke_L(Ljava/lang/Object;Ljava/lang/Object;J)Ljava/lang/Object;> (0x000000008930c8e8) thrown at [t:/workspace/open/src/hotspot/share/interpr
Event: 388317.296 Thread 0x000000000218e800 Exception <a 'java/lang/NoSuchMethodError'{0x00000000893ec490}: java.lang.invoke.DirectMethodHandle$Holder.invokeVirtual(Ljava/lang/Object;Ljava/lang/Object;J)V> (0x00000000893ec490) thrown at [t:/workspace/open/src/hotspot/share/interpreter/linkResolver.
Event: 388317.297 Thread 0x000000000218e800 Exception <a 'java/lang/NoSuchMethodError'{0x00000000893f2518}: java.lang.invoke.DirectMethodHandle$Holder.invokeStatic(Ljava/lang/Object;Ljava/lang/Object;Ljava/lang/Object;ILjava/lang/Object;)V> (0x00000000893f2518) thrown at [t:/workspace/open/src/hots
Event: 388318.153 Thread 0x000000000218e800 Exception <a 'java/lang/NoSuchMethodError'{0x0000000088cffce8}: java.lang.invoke.DirectMethodHandle$Holder.invokeStaticInit(Ljava/lang/Object;)V> (0x0000000088cffce8) thrown at [t:/workspace/open/src/hotspot/share/interpreter/linkResolver.cpp, line 772]
Event: 388318.204 Thread 0x000000000218e800 Exception <a 'java/lang/NoSuchMethodError'{0x0000000088aa4760}: java.lang.invoke.DirectMethodHandle$Holder.invokeSpecial(Ljava/lang/Object;Ljava/lang/Object;IIILjava/lang/Object;Ljava/lang/Object;J)Ljava/lang/Object;> (0x0000000088aa4760) thrown at [t:/wo
Event: 388318.204 Thread 0x000000000218e800 Exception <a 'java/lang/NoSuchMethodError'{0x0000000088aa7c88}: java.lang.invoke.DelegatingMethodHandle$Holder.reinvoke_L(Ljava/lang/Object;IIILjava/lang/Object;Ljava/lang/Object;J)Ljava/lang/Object;> (0x0000000088aa7c88) thrown at [t:/workspace/open/src/
Event: 388319.210 Thread 0x0000000023cbf000 Exception <a 'sun/nio/fs/WindowsException'{0x00000000894a48b0}> (0x00000000894a48b0) thrown at [t:/workspace/open/src/hotspot/share/prims/jni.cpp, line 615]
Event: 388319.210 Thread 0x0000000023cbf000 Exception <a 'sun/nio/fs/WindowsException'{0x00000000894a4920}> (0x00000000894a4920) thrown at [t:/workspace/open/src/hotspot/share/prims/jni.cpp, line 615]
Event: 388319.242 Thread 0x000000000218e800 Exception <a 'java/lang/NoSuchMethodError'{0x000000008850cd40}: java.lang.invoke.DirectMethodHandle$Holder.invokeStaticInit(Ljava/lang/Object;Ljava/lang/Object;Ljava/lang/Object;Ljava/lang/Object;Ljava/lang/Object;)Ljava/lang/Object;> (0x000000008850cd40)

Events (10 events):
Event: 388322.166 Thread 0x000000002bae4000 Thread added: 0x000000002bae4000
Event: 388322.166 Executing VM operation: RevokeBias
Event: 388322.167 Executing VM operation: RevokeBias done
Event: 388322.167 Thread 0x0000000022e4f000 Thread exited: 0x0000000022e4f000
Event: 388322.167 Executing VM operation: RevokeBias
Event: 388322.167 Executing VM operation: RevokeBias done
Event: 388322.167 Thread 0x000000002bae4000 Thread exited: 0x000000002bae4000
Event: 388322.852 Thread 0x000000002bae4000 Thread added: 0x000000002bae4000
Event: 388322.852 Thread 0x000000002bae4000 Thread exited: 0x000000002bae4000
Event: 388323.065 Thread 0x000000002bae6800 Thread added: 0x000000002bae6800


Dynamic libraries:
0x00007ff722b50000 - 0x00007ff722b70000 	D:\Fax\KONACNI NOSQL\neo4j-community-4.0.0\bin\tools\prunsrv-amd64.exe
0x00007ffb00b20000 - 0x00007ffb00d10000 	C:\WINDOWS\SYSTEM32\ntdll.dll
0x00007ffaff930000 - 0x00007ffaff9e2000 	C:\WINDOWS\System32\KERNEL32.DLL
0x00007ffafe840000 - 0x00007ffafeae3000 	C:\WINDOWS\System32\KERNELBASE.dll
0x00007ffb00650000 - 0x00007ffb006f3000 	C:\WINDOWS\System32\ADVAPI32.dll
0x00007ffb001a0000 - 0x00007ffb0023e000 	C:\WINDOWS\System32\msvcrt.dll
0x00007ffb000d0000 - 0x00007ffb00167000 	C:\WINDOWS\System32\sechost.dll
0x00007ffaffbb0000 - 0x00007ffaffcd0000 	C:\WINDOWS\System32\RPCRT4.dll
0x00007ffaff230000 - 0x00007ffaff915000 	C:\WINDOWS\System32\SHELL32.dll
0x00007ffafdae0000 - 0x00007ffafdbda000 	C:\WINDOWS\System32\ucrtbase.dll
0x00007ffafded0000 - 0x00007ffafdf1a000 	C:\WINDOWS\System32\cfgmgr32.dll
0x00007ffaffb00000 - 0x00007ffaffba9000 	C:\WINDOWS\System32\shcore.dll
0x00007ffb00240000 - 0x00007ffb00576000 	C:\WINDOWS\System32\combase.dll
0x00007ffafeb50000 - 0x00007ffafebd0000 	C:\WINDOWS\System32\bcryptPrimitives.dll
0x00007ffafe0c0000 - 0x00007ffafe840000 	C:\WINDOWS\System32\windows.storage.dll
0x00007ffafde30000 - 0x00007ffafdece000 	C:\WINDOWS\System32\msvcp_win.dll
0x00007ffafda40000 - 0x00007ffafda63000 	C:\WINDOWS\System32\profapi.dll
0x00007ffafd9f0000 - 0x00007ffafda3a000 	C:\WINDOWS\System32\powrprof.dll
0x00007ffafd9e0000 - 0x00007ffafd9f0000 	C:\WINDOWS\System32\UMPDC.dll
0x00007ffafecb0000 - 0x00007ffafed02000 	C:\WINDOWS\System32\shlwapi.dll
0x00007ffb00170000 - 0x00007ffb00196000 	C:\WINDOWS\System32\GDI32.dll
0x00007ffafe090000 - 0x00007ffafe0b1000 	C:\WINDOWS\System32\win32u.dll
0x00007ffafdc90000 - 0x00007ffafde24000 	C:\WINDOWS\System32\gdi32full.dll
0x00007ffb00940000 - 0x00007ffb00ad4000 	C:\WINDOWS\System32\USER32.dll
0x00007ffafda90000 - 0x00007ffafdaa1000 	C:\WINDOWS\System32\kernel.appcore.dll
0x00007ffafdf20000 - 0x00007ffafdf37000 	C:\WINDOWS\System32\cryptsp.dll
0x00007ffae0bc0000 - 0x00007ffae1702000 	C:\Program Files\Java\jdk-11\bin\server\jvm.dll
0x00007ffb007d0000 - 0x00007ffb007d8000 	C:\WINDOWS\System32\PSAPI.DLL
0x00007ffaea900000 - 0x00007ffaea909000 	C:\WINDOWS\SYSTEM32\WSOCK32.dll
0x00007ffaffeb0000 - 0x00007ffafff1f000 	C:\WINDOWS\System32\WS2_32.dll
0x00007ffafba40000 - 0x00007ffafba64000 	C:\WINDOWS\SYSTEM32\WINMM.dll
0x00007ffaf5480000 - 0x00007ffaf548a000 	C:\WINDOWS\SYSTEM32\VERSION.dll
0x00007ffae5d10000 - 0x00007ffae5d29000 	C:\WINDOWS\SYSTEM32\VCRUNTIME140.dll
0x00007ffafb910000 - 0x00007ffafb93d000 	C:\WINDOWS\SYSTEM32\WINMMBASE.dll
0x00007ffae0970000 - 0x00007ffae0981000 	C:\Program Files\Java\jdk-11\bin\verify.dll
0x00007ffaf0b50000 - 0x00007ffaf0d44000 	C:\WINDOWS\SYSTEM32\DBGHELP.DLL
0x00007ffaf0710000 - 0x00007ffaf073a000 	C:\WINDOWS\SYSTEM32\dbgcore.DLL
0x00007ffae0940000 - 0x00007ffae0969000 	C:\Program Files\Java\jdk-11\bin\java.dll
0x00007ffae0850000 - 0x00007ffae0866000 	C:\Program Files\Java\jdk-11\bin\zip.dll
0x00007ffae0840000 - 0x00007ffae084a000 	C:\Program Files\Java\jdk-11\bin\jimage.dll
0x00007ffadec90000 - 0x00007ffadeca9000 	C:\Program Files\Java\jdk-11\bin\net.dll
0x00007ffaf7510000 - 0x00007ffaf7600000 	C:\WINDOWS\SYSTEM32\WINHTTP.dll
0x00007ffafd250000 - 0x00007ffafd2b7000 	C:\WINDOWS\system32\mswsock.dll
0x00007ffadec70000 - 0x00007ffadec83000 	C:\Program Files\Java\jdk-11\bin\nio.dll
0x00007ffaddc00000 - 0x00007ffaddc09000 	C:\Program Files\Java\jdk-11\bin\management.dll
0x00007ffadc030000 - 0x00007ffadc03c000 	C:\Program Files\Java\jdk-11\bin\management_ext.dll
0x00007ffae4cb0000 - 0x00007ffae4cc6000 	C:\WINDOWS\system32\napinsp.dll
0x00007ffae4c90000 - 0x00007ffae4caa000 	C:\WINDOWS\system32\pnrpnsp.dll
0x00007ffafcfb0000 - 0x00007ffafd07a000 	C:\WINDOWS\SYSTEM32\DNSAPI.dll
0x00007ffaff920000 - 0x00007ffaff928000 	C:\WINDOWS\System32\NSI.dll
0x00007ffafcf60000 - 0x00007ffafcf9a000 	C:\WINDOWS\SYSTEM32\IPHLPAPI.DLL
0x00007ffae4c80000 - 0x00007ffae4c8e000 	C:\WINDOWS\System32\winrnr.dll
0x00007ffafa220000 - 0x00007ffafa23c000 	C:\WINDOWS\system32\NLAapi.dll
0x00007ffae49c0000 - 0x00007ffae49d5000 	C:\WINDOWS\system32\wshbth.dll
0x00007ffaeb040000 - 0x00007ffaeb04a000 	C:\Windows\System32\rasadhlp.dll
0x00007ffaf0340000 - 0x00007ffaf03b7000 	C:\WINDOWS\System32\fwpuclnt.dll
0x00007ffafdab0000 - 0x00007ffafdad6000 	C:\WINDOWS\System32\bcrypt.dll
0x00007ffaf1360000 - 0x00007ffaf1376000 	C:\WINDOWS\SYSTEM32\dhcpcsvc6.DLL
0x00007ffaf1340000 - 0x00007ffaf135c000 	C:\WINDOWS\SYSTEM32\dhcpcsvc.DLL
0x00007ffafcdc0000 - 0x00007ffafcdf3000 	C:\WINDOWS\system32\rsaenh.dll
0x00007ffafd420000 - 0x00007ffafd42c000 	C:\WINDOWS\SYSTEM32\CRYPTBASE.dll

dbghelp: loaded successfully - version: 4.0.5 - missing functions: none
symbol engine: initialized successfully - sym options: 0x614 - pdb path: .;D:\Fax\KONACNI NOSQL\neo4j-community-4.0.0\bin\tools;C:\WINDOWS\SYSTEM32;C:\Program Files\Java\jdk-11\bin\server;C:\Program Files\Java\jdk-11\bin

VM Arguments:
jvm_args: -XX:+UnlockExperimentalVMOptions -XX:-OmitStackTraceInFastThrow -XX:+TrustFinalNonStaticFields -Dio.netty.tryReflectionSetAccessible=true -Dfile.encoding=UTF-8 -XX:+AlwaysPreTouch -Djdk.tls.ephemeralDHKeySize=2048 -Djdk.nio.maxCachedBufferSize=262144 -XX:+DisableExplicitGC -XX:+UseG1GC -Djdk.tls.rejectClientInitiatedRenegotiation=true exit abort 
java_command: <unknown>
java_class_path (initial): lib/activation-1.1.1.jar;lib/annotations-4.0.0.jar;lib/bcpkix-jdk15on-1.63.jar;lib/bcprov-jdk15on-1.63.jar;lib/caffeine-2.8.0.jar;lib/commons-beanutils-1.9.4.jar;lib/commons-collections-3.2.2.jar;lib/commons-compress-1.19.jar;lib/commons-configuration-1.10.jar;lib/commons-io-2.6.jar;lib/commons-lang-2.6.jar;lib/commons-lang3-3.9.jar;lib/commons-logging-1.2.jar;lib/commons-text-1.7.jar;lib/eclipse-collections-10.0.0.jar;lib/eclipse-collections-api-10.0.0.jar;lib/FastInfoset-1.2.16.jar;lib/hk2-api-2.5.0.jar;lib/hk2-locator-2.5.0.jar;lib/hk2-utils-2.5.0.jar;lib/istack-commons-runtime-3.0.8.jar;lib/jackson-annotations-2.10.0.jar;lib/jackson-core-2.10.0.jar;lib/jackson-databind-2.10.0.jar;lib/jackson-jaxrs-base-2.10.0.jar;lib/jackson-jaxrs-json-provider-2.10.0.jar;lib/jackson-module-jaxb-annotations-2.10.0.jar;lib/jakarta.activation-1.2.1.jar;lib/jakarta.activation-api-1.2.1.jar;lib/jakarta.annotation-api-1.3.4.jar;lib/jakarta.inject-2.5.0.jar;lib/jakarta.ws.rs-api-2.1.5.jar;lib/jakarta.xml.bind-api-2.3.2.jar;lib/javassist-3.22.0-CR2.jar;lib/javax.servlet-api-3.1.0.jar;lib/javax.ws.rs-api-2.1.1.jar;lib/jaxb-api-2.3.0.jar;lib/jaxb-runtime-2.3.2.jar;lib/jctools-core-2.1.2.jar;lib/jersey-client-2.29.jar;lib/jersey-common-2.29.jar;lib/jersey-container-servlet-2.29.jar;lib/jersey-container-servlet-core-2.29.jar;lib/jersey-hk2-2.29.jar;lib/jersey-media-jaxb-2.29.jar;lib/jersey-server-2.29.jar;lib/jetty-http-9.4.17.v20190418.jar;lib/jetty-io-9.4.17.v20190418.jar;lib/jetty-security-9.4.17.v20190418.jar;lib/jetty-server-9.4.17.v20190418.jar;lib/jetty-servlet-9.4.17.v20190418.jar;lib/jetty-util-9.4.17.v20190418.jar;lib/jetty-webapp-9.4.17.v20190418.jar;lib/jetty-xml-9.4.17.v20190418.jar;lib/jna-5.4.0.jar;lib/jPowerShell-3.0.jar;lib/jProcesses-1.6.5.jar;lib/lucene-analyzers-common-8.2.0.jar;lib/lucene-codecs-8.2.0.jar;lib/lucene-core-8.2.0.jar;lib/lucene-queryparser-8.2.0.jar;lib/neo4j-4.0.0.jar;lib/neo4j-ast-4.0-4.0.0.jar;lib/neo4j-batch-insert-4.0.0.j
Launcher Type: generic

[Global flags]
     bool AlwaysPreTouch                           = true                                      {product} {command line}
     intx CICompilerCount                          = 3                                         {product} {ergonomic}
     uint ConcGCThreads                            = 1                                         {product} {ergonomic}
     bool DisableExplicitGC                        = true                                      {product} {command line}
     uint G1ConcRefinementThreads                  = 4                                         {product} {ergonomic}
   size_t G1HeapRegionSize                         = 1048576                                   {product} {ergonomic}
    uintx GCDrainStackTargetSize                   = 64                                        {product} {ergonomic}
   size_t InitialHeapSize                          = 134217728                                 {product} {ergonomic}
   size_t MarkStackSize                            = 4194304                                   {product} {ergonomic}
   size_t MaxHeapSize                              = 2124414976                                {product} {ergonomic}
   size_t MaxNewSize                               = 1274019840                                {product} {ergonomic}
   size_t MinHeapDeltaBytes                        = 1048576                                   {product} {ergonomic}
    uintx NonNMethodCodeHeapSize                   = 5830092                                {pd product} {ergonomic}
    uintx NonProfiledCodeHeapSize                  = 122914074                              {pd product} {ergonomic}
     bool OmitStackTraceInFastThrow                = false                                     {product} {command line}
    uintx ProfiledCodeHeapSize                     = 122914074                              {pd product} {ergonomic}
    uintx ReservedCodeCacheSize                    = 251658240                              {pd product} {ergonomic}
     bool SegmentedCodeCache                       = true                                      {product} {ergonomic}
     bool TrustFinalNonStaticFields                = true                                 {experimental} {command line}
     bool UnlockExperimentalVMOptions              = true                                 {experimental} {command line}
     bool UseCompressedClassPointers               = true                                 {lp64_product} {ergonomic}
     bool UseCompressedOops                        = true                                 {lp64_product} {ergonomic}
     bool UseFastUnorderedTimeStamps               = true                                 {experimental} {ergonomic}
     bool UseG1GC                                  = true                                      {product} {command line}
     bool UseLargePagesIndividualAllocation        = false                                  {pd product} {ergonomic}

Logging:
Log output configuration:
 #0: stdout all=warning uptime,level,tags
 #1: stderr all=off uptime,level,tags

Environment Variables:
PATH=C:\Program Files\Java\jdk-11\bin;C:\Program Files\Java\jdk-11\bin;C:\WINDOWS\system32;C:\WINDOWS;C:\WINDOWS\System32\Wbem;C:\WINDOWS\System32\WindowsPowerShell\v1.0\;C:\Program Files (x86)\NVIDIA Corporation\PhysX\Common;C:\Program Files (x86)\Microsoft SQL Server\100\Tools\Binn\;C:\Program Files\Microsoft SQL Server\100\Tools\Binn\;C:\Program Files\Microsoft SQL Server\100\DTS\Binn\;C:\WINDOWS\system32;C:\WINDOWS;C:\WINDOWS\System32\Wbem;C:\WINDOWS\System32\WindowsPowerShell\v1.0\;C:\WINDOWS\System32\OpenSSH\;C:\Program Files\NVIDIA Corporation\NVIDIA NvDLISR;C:\Program Files\PuTTY\;C:\Program Files\nodejs\;C:\Program Files (x86)\Common Files\Acronis\VirtualFile\;C:\Program Files (x86)\Common Files\Acronis\VirtualFile64\;C:\Program Files (x86)\Common Files\Acronis\SnapAPI\;C:\Program Files\Crucial\Crucial Storage Executive;D:\instalacija\Git\cmd;C:\WINDOWS\system32\config\systemprofile\AppData\Local\Microsoft\WindowsApps
USERNAME=JELENA-PC$
OS=Windows_NT
PROCESSOR_IDENTIFIER=Intel64 Family 6 Model 78 Stepping 3, GenuineIntel



---------------  S Y S T E M  ---------------

OS: Windows 10 , 64 bit Build 18362 (10.0.18362.778)

CPU:total 4 (initial active 4) (2 cores per cpu, 2 threads per core) family 6 model 78 stepping 3, cmov, cx8, fxsr, mmx, sse, sse2, sse3, ssse3, sse4.1, sse4.2, popcnt, avx, avx2, aes, clmul, erms, rtm, 3dnowpref, lzcnt, ht, tsc, tscinvbit, bmi1, bmi2, adx, fma

Memory: 4k page, system-wide physical 8098M (5871M free)
TotalPageFile size 9378M (AvailPageFile size 6880M)
current process WorkingSet (physical memory assigned to process): 195M, peak: 323M
current process commit charge ("private bytes"): 314M, peak: 353M

vm_info: Java HotSpot(TM) 64-Bit Server VM (11+28) for windows-amd64 JRE (11+28), built on Aug 23 2018 03:03:59 by "mach5one" with MS VC++ 15.5 (VS2017)

END.
