#
# A fatal error has been detected by the Java Runtime Environment:
#
#  EXCEPTION_ACCESS_VIOLATION (0xc0000005) at pc=0x00007ffc68135ed0, pid=4492, tid=10508
#
# JRE version: Java(TM) SE Runtime Environment (11.0+28) (build 11+28)
# Java VM: Java HotSpot(TM) 64-Bit Server VM (11+28, mixed mode, tiered, compressed oops, g1 gc, windows-amd64)
# Problematic frame:
# V  [jvm.dll+0x2e5ed0]
#
# No core dump will be written. Minidumps are not enabled by default on client versions of Windows
#
# If you would like to submit a bug report, please visit:
#   http://bugreport.java.com/bugreport/crash.jsp
#

---------------  S U M M A R Y ------------

Command Line: -XX:+UnlockExperimentalVMOptions -XX:-OmitStackTraceInFastThrow -XX:+TrustFinalNonStaticFields -Dio.netty.tryReflectionSetAccessible=true -Dfile.encoding=UTF-8 -XX:+AlwaysPreTouch -Djdk.tls.ephemeralDHKeySize=2048 -Djdk.nio.maxCachedBufferSize=262144 -XX:+DisableExplicitGC -XX:+UseG1GC -Djdk.tls.rejectClientInitiatedRenegotiation=true exit abort 

Host: Intel(R) Core(TM) i3-6100U CPU @ 2.30GHz, 4 cores, 7G,  Windows 10 , 64 bit Build 18362 (10.0.18362.329)
Time: Wed Jan 29 23:18:59 2020 Central Europe Standard Time elapsed time: 75459 seconds (0d 20h 57m 39s)

---------------  T H R E A D  ---------------

Current thread (0x0000000024aca800):  GCTaskThread "GC Thread#3" [stack: 0x0000000029460000,0x0000000029560000] [id=10508]

Stack: [0x0000000029460000,0x0000000029560000],  sp=0x000000002955ddf0,  free space=1015k
Native frames: (J=compiled Java code, j=interpreted, Vv=VM code, C=native code)
V  [jvm.dll+0x2e5ed0]
V  [jvm.dll+0x73ca98]
V  [jvm.dll+0x6a267d]
V  [jvm.dll+0x73d37c]
V  [jvm.dll+0x6a36f4]
V  [jvm.dll+0x7ab4f0]
V  [jvm.dll+0x63b2c2]
C  [ucrtbase.dll+0x20e72]
C  [KERNEL32.DLL+0x17bd4]
C  [ntdll.dll+0x6ced1]


siginfo: EXCEPTION_ACCESS_VIOLATION (0xc0000005), reading address 0x0000000001aaec68


Register to memory mapping:

RIP=0x00007ffc68135ed0 jvm.dll
RAX=0x0000000001aaec00 is pointing into the stack for thread: 0x00000000022ff800
RBX=0x000000002955de50 points into unknown readable memory
RCX=0x000000000000000e is an unknown value
RDX=0x00000000120eee10 is at entry_point+-432 in (nmethod*)0x00000000120eee10
RSP=0x000000002955ddf0 points into unknown readable memory
RBP=0x0000000001aaec70 is pointing into the stack for thread: 0x00000000022ff800
RSI=0x000000002955deb0 points into unknown readable memory
RDI=0x000000002955de80 points into unknown readable memory
R8 =0x000000002955deb0 points into unknown readable memory
R9 =0x0000000001ba0000 points into unknown readable memory
R10=0x00000000120c0000 points into unknown readable memory
R11=0x0000000000000246 is an unknown value
R12=0x000000000000001c is an unknown value
R13=0x0000000000000001 is an unknown value
R14=0x00000000022ff800 is a thread
R15=0x00000000214af378 points into unknown readable memory


Registers:
RAX=0x0000000001aaec00, RBX=0x000000002955de50, RCX=0x000000000000000e, RDX=0x00000000120eee10
RSP=0x000000002955ddf0, RBP=0x0000000001aaec70, RSI=0x000000002955deb0, RDI=0x000000002955de80
R8 =0x000000002955deb0, R9 =0x0000000001ba0000, R10=0x00000000120c0000, R11=0x0000000000000246
R12=0x000000000000001c, R13=0x0000000000000001, R14=0x00000000022ff800, R15=0x00000000214af378
RIP=0x00007ffc68135ed0, EFLAGS=0x0000000000010202

Top of Stack: (sp=0x000000002955ddf0)
0x000000002955ddf0:   0000000001aaec00 00007ffc681340af
0x000000002955de00:   00000000120eee10 0000000000000000
0x000000002955de10:   00000000214af378 0000000000000000
0x000000002955de20:   00007ffc68873fe8 00007ffc6858ca98
0x000000002955de30:   0000000000000001 00000000022ff800
0x000000002955de40:   00000000214af378 0000000000000000
0x000000002955de50:   0000000028f5f0f0 000000000a600a90
0x000000002955de60:   000000000a600910 0000000000000000
0x000000002955de70:   0000000028f5f2d0 0000000028f5f0f0
0x000000002955de80:   0000000001aaec00 00000000120eeffb
0x000000002955de90:   00000000120eee10 0000000000000000
0x000000002955dea0:   0000000000000000 0000000001aaec00
0x000000002955deb0:   000000002985f308 000000002985f30c
0x000000002955dec0:   000000002985f300 000000002985f304
0x000000002955ded0:   000000002985f2f8 000000002985f2fc
0x000000002955dee0:   000000002985f2f0 000000002985f2f4 

Instructions: (pc=0x00007ffc68135ed0)
0x00007ffc68135eb0:   d2 0f 84 8c 00 00 00 41 80 b8 20 12 00 00 00 48
0x00007ffc68135ec0:   63 4a 1c 48 8b 47 28 48 8d 2c c8 4c 89 7c 24 50
0x00007ffc68135ed0:   4c 8b 7d f8 74 2d 0f b6 42 58 41 88 80 10 12 00
0x00007ffc68135ee0:   00 48 8b 47 10 48 83 78 50 00 74 0b 48 8b d6 48 



---------------  P R O C E S S  ---------------

Threads class SMR info:
_java_thread_list=0x000000002bee2e40, length=28, elements={
0x00000000022ff800, 0x0000000020994000, 0x0000000020995800, 0x0000000021801800,
0x0000000021803800, 0x00000000217b7000, 0x00000000209a4000, 0x000000002183e800,
0x0000000021b26800, 0x0000000021b37800, 0x0000000023898800, 0x00000000218bb000,
0x0000000023e76800, 0x0000000023742800, 0x00000000278f9000, 0x0000000024765800,
0x000000002476a000, 0x0000000024764800, 0x000000002476b000, 0x0000000024769800,
0x000000002476c000, 0x0000000024766000, 0x000000002476c800, 0x0000000024768000,
0x0000000024767000, 0x000000002476d800, 0x0000000024768800, 0x0000000024772800
}

Java Threads: ( => current thread )
  0x00000000022ff800 JavaThread "main" [_thread_blocked, id=5672, stack(0x00000000019b0000,0x0000000001ab0000)]
  0x0000000020994000 JavaThread "Reference Handler" daemon [_thread_blocked, id=5852, stack(0x00000000214b0000,0x00000000215b0000)]
  0x0000000020995800 JavaThread "Finalizer" daemon [_thread_blocked, id=5856, stack(0x00000000215b0000,0x00000000216b0000)]
  0x0000000021801800 JavaThread "Signal Dispatcher" daemon [_thread_blocked, id=5916, stack(0x0000000021bb0000,0x0000000021cb0000)]
  0x0000000021803800 JavaThread "Attach Listener" daemon [_thread_blocked, id=5920, stack(0x0000000021cb0000,0x0000000021db0000)]
  0x00000000217b7000 JavaThread "C2 CompilerThread0" daemon [_thread_blocked, id=5924, stack(0x0000000021db0000,0x0000000021eb0000)]
  0x00000000209a4000 JavaThread "C1 CompilerThread0" daemon [_thread_blocked, id=5936, stack(0x0000000021eb0000,0x0000000021fb0000)]
  0x000000002183e800 JavaThread "Sweeper thread" daemon [_thread_blocked, id=5952, stack(0x0000000021fb0000,0x00000000220b0000)]
  0x0000000021b26800 JavaThread "Service Thread" daemon [_thread_blocked, id=6052, stack(0x00000000220b0000,0x00000000221b0000)]
  0x0000000021b37800 JavaThread "Common-Cleaner" daemon [_thread_blocked, id=6080, stack(0x00000000222b0000,0x00000000223b0000)]
  0x0000000023898800 JavaThread "neo4j.Scheduler-1" daemon [_thread_blocked, id=7408, stack(0x0000000023e80000,0x0000000023f80000)]
  0x00000000218bb000 JavaThread "Cleaner-0" daemon [_thread_blocked, id=7488, stack(0x00000000259b0000,0x0000000025ab0000)]
  0x0000000023e76800 JavaThread "FileSystemWatchService" daemon [_thread_in_native, id=7836, stack(0x0000000026890000,0x0000000026990000)]
  0x0000000023742800 JavaThread "MuninnPageCache[1]-EvictionTask" daemon [_thread_blocked, id=7960, stack(0x0000000026990000,0x0000000026a90000)]
  0x00000000278f9000 JavaThread "neo4j.VmPauseMonitor-1" daemon [_thread_blocked, id=10092, stack(0x0000000028d60000,0x0000000028e60000)]
  0x0000000024765800 JavaThread "neo4j.TransactionTimeoutMonitor-6" daemon [_thread_blocked, id=9516, stack(0x0000000022bb0000,0x0000000022cb0000)]
  0x000000002476a000 JavaThread "neo4j.StorageMaintenance-8" daemon [_thread_blocked, id=10512, stack(0x000000002a480000,0x000000002a580000)]
  0x0000000024764800 JavaThread "neo4j.ServerTransactionTimeout-3" daemon [_thread_blocked, id=13980, stack(0x000000002db40000,0x000000002dc40000)]
  0x000000002476b000 JavaThread "neo4j.IndexSampling-8" daemon [_thread_blocked, id=13700, stack(0x000000002dd40000,0x000000002de40000)]
  0x0000000024769800 JavaThread "neo4j.CheckPoint-3" daemon [_thread_blocked, id=4256, stack(0x0000000000cf0000,0x0000000000df0000)]
  0x000000002476c000 JavaThread "neo4j.BoltNetworkIO-2" [_thread_blocked, id=3280, stack(0x00000000018b0000,0x00000000019b0000)]
  0x0000000024766000 JavaThread "neo4j.BoltNetworkIO-3" [_thread_blocked, id=1056, stack(0x0000000026a90000,0x0000000026b90000)]
  0x000000002476c800 JavaThread "neo4j.BoltNetworkIO-4" [_thread_blocked, id=6776, stack(0x0000000028960000,0x0000000028a60000)]
  0x0000000024768000 JavaThread "neo4j.BoltNetworkIO-5" [_thread_blocked, id=6388, stack(0x0000000028a60000,0x0000000028b60000)]
  0x0000000024767000 JavaThread "neo4j.BoltNetworkIO-6" [_thread_blocked, id=5620, stack(0x0000000028b60000,0x0000000028c60000)]
  0x000000002476d800 JavaThread "neo4j.BoltNetworkIO-7" [_thread_blocked, id=5484, stack(0x0000000028c60000,0x0000000028d60000)]
  0x0000000024768800 JavaThread "neo4j.BoltNetworkIO-8" [_thread_blocked, id=12308, stack(0x0000000028e60000,0x0000000028f60000)]
  0x0000000024772800 JavaThread "DestroyJavaVM" [_thread_blocked, id=9612, stack(0x00000000012c0000,0x00000000013c0000)]

Other Threads:
  0x000000002096f000 VMThread "VM Thread" [stack: 0x00000000213b0000,0x00000000214b0000] [id=5844]
  0x0000000021b3b000 WatcherThread [stack: 0x00000000221b0000,0x00000000222b0000] [id=6072]
  0x0000000002314000 GCTaskThread "GC Thread#0" [stack: 0x0000000001c90000,0x0000000001d90000] [id=5740]
  0x00000000229f3000 GCTaskThread "GC Thread#1" [stack: 0x0000000022cb0000,0x0000000022db0000] [id=3292]
  0x0000000022a00000 GCTaskThread "GC Thread#2" [stack: 0x0000000022db0000,0x0000000022eb0000] [id=4128]
=>0x0000000024aca800 GCTaskThread "GC Thread#3" [stack: 0x0000000029460000,0x0000000029560000] [id=10508]
  0x0000000002346800 ConcurrentGCThread "G1 Main Marker" [stack: 0x000000001e160000,0x000000001e260000] [id=5748]
  0x0000000002348000 ConcurrentGCThread "G1 Conc#0" [stack: 0x000000001e260000,0x000000001e360000] [id=5752]
  0x00000000207da800 ConcurrentGCThread "G1 Refine#0" [stack: 0x00000000209b0000,0x0000000020ab0000] [id=5800]
  0x00000000207db000 ConcurrentGCThread "G1 Young RemSet Sampling" [stack: 0x0000000020ab0000,0x0000000020bb0000] [id=5804]

Threads with active compile tasks:

VM state:at safepoint (normal execution)

VM Mutex/Monitor currently owned by a thread:  ([mutex/lock_event])
[0x00000000022fb920] Safepoint_lock - owner thread: 0x000000002096f000
[0x00000000022fa4e0] Threads_lock - owner thread: 0x000000002096f000

Heap address: 0x0000000081600000, size: 2026 MB, Compressed Oops mode: 32-bit
Narrow klass base: 0x0000000000000000, Narrow klass shift: 3
Compressed class space size: 1073741824 Address: 0x0000000100000000

Heap:
 garbage-first heap   total 161792K, used 65162K [0x0000000081600000, 0x0000000100000000)
  region size 1024K, 32 young (32768K), 8 survivors (8192K)
 Metaspace       used 63927K, capacity 66177K, committed 66432K, reserved 1105920K
  class space    used 8269K, capacity 9283K, committed 9344K, reserved 1048576K
Heap Regions: E=young(eden), S=young(survivor), O=old, HS=humongous(starts), HC=humongous(continues), CS=collection set, F=free, A=archive, TAMS=top-at-mark-start (previous, next)
|   0|0x0000000081600000, 0x0000000081700000, 0x0000000081700000|100%| O|  |TAMS 0x0000000081700000, 0x0000000081600000| Untracked 
|   1|0x0000000081700000, 0x0000000081800000, 0x0000000081800000|100%| O|  |TAMS 0x0000000081800000, 0x0000000081700000| Untracked 
|   2|0x0000000081800000, 0x0000000081900000, 0x0000000081900000|100%| O|  |TAMS 0x0000000081900000, 0x0000000081800000| Untracked 
|   3|0x0000000081900000, 0x0000000081a00000, 0x0000000081a00000|100%| O|  |TAMS 0x0000000081a00000, 0x0000000081900000| Untracked 
|   4|0x0000000081a00000, 0x0000000081b00000, 0x0000000081b00000|100%| O|  |TAMS 0x0000000081b00000, 0x0000000081a00000| Untracked 
|   5|0x0000000081b00000, 0x0000000081c00000, 0x0000000081c00000|100%| O|  |TAMS 0x0000000081c00000, 0x0000000081b00000| Untracked 
|   6|0x0000000081c00000, 0x0000000081d00000, 0x0000000081d00000|100%| O|  |TAMS 0x0000000081d00000, 0x0000000081c00000| Untracked 
|   7|0x0000000081d00000, 0x0000000081e00000, 0x0000000081e00000|100%| O|  |TAMS 0x0000000081e00000, 0x0000000081d00000| Untracked 
|   8|0x0000000081e00000, 0x0000000081f00000, 0x0000000081f00000|100%| O|  |TAMS 0x0000000081f00000, 0x0000000081e00000| Untracked 
|   9|0x0000000081f00000, 0x0000000082000000, 0x0000000082000000|100%| O|  |TAMS 0x0000000082000000, 0x0000000081f00000| Untracked 
|  10|0x0000000082000000, 0x0000000082100000, 0x0000000082100000|100%| O|  |TAMS 0x0000000082100000, 0x0000000082000000| Untracked 
|  11|0x0000000082100000, 0x0000000082200000, 0x0000000082200000|100%| O|  |TAMS 0x0000000082200000, 0x0000000082100000| Untracked 
|  12|0x0000000082200000, 0x0000000082300000, 0x0000000082300000|100%| O|  |TAMS 0x0000000082300000, 0x0000000082200000| Untracked 
|  13|0x0000000082300000, 0x0000000082400000, 0x0000000082400000|100%| O|  |TAMS 0x0000000082400000, 0x0000000082300000| Untracked 
|  14|0x0000000082400000, 0x0000000082500000, 0x0000000082500000|100%| O|  |TAMS 0x0000000082500000, 0x0000000082400000| Untracked 
|  15|0x0000000082500000, 0x0000000082600000, 0x0000000082600000|100%| O|  |TAMS 0x0000000082600000, 0x0000000082500000| Untracked 
|  16|0x0000000082600000, 0x0000000082700000, 0x0000000082700000|100%| O|  |TAMS 0x0000000082700000, 0x0000000082600000| Untracked 
|  17|0x0000000082700000, 0x0000000082800000, 0x0000000082800000|100%| O|  |TAMS 0x0000000082800000, 0x0000000082700000| Untracked 
|  18|0x0000000082800000, 0x0000000082900000, 0x0000000082900000|100%| O|  |TAMS 0x0000000082900000, 0x0000000082800000| Untracked 
|  19|0x0000000082900000, 0x0000000082a00000, 0x0000000082a00000|100%| O|  |TAMS 0x0000000082a00000, 0x0000000082900000| Untracked 
|  20|0x0000000082a00000, 0x0000000082b00000, 0x0000000082b00000|100%| O|  |TAMS 0x0000000082b00000, 0x0000000082a00000| Untracked 
|  21|0x0000000082b00000, 0x0000000082c00000, 0x0000000082c00000|100%| O|  |TAMS 0x0000000082c00000, 0x0000000082b00000| Untracked 
|  22|0x0000000082c00000, 0x0000000082d00000, 0x0000000082d00000|100%| O|  |TAMS 0x0000000082d00000, 0x0000000082c00000| Untracked 
|  23|0x0000000082d00000, 0x0000000082e00000, 0x0000000082e00000|100%| O|  |TAMS 0x0000000082e00000, 0x0000000082d00000| Untracked 
|  24|0x0000000082e00000, 0x0000000082f00000, 0x0000000082f00000|100%| O|  |TAMS 0x0000000082f00000, 0x0000000082e00000| Untracked 
|  25|0x0000000082f00000, 0x0000000083000000, 0x0000000083000000|100%| O|  |TAMS 0x0000000083000000, 0x0000000082f00000| Untracked 
|  26|0x0000000083000000, 0x0000000083100000, 0x0000000083100000|100%| O|  |TAMS 0x0000000083100000, 0x0000000083000000| Untracked 
|  27|0x0000000083100000, 0x0000000083200000, 0x0000000083200000|100%| O|  |TAMS 0x0000000083200000, 0x0000000083100000| Untracked 
|  28|0x0000000083200000, 0x0000000083300000, 0x0000000083300000|100%| O|  |TAMS 0x00000000832ea400, 0x0000000083200000| Untracked 
|  29|0x0000000083300000, 0x0000000083400000, 0x0000000083400000|100%| O|  |TAMS 0x0000000083300000, 0x0000000083300000| Untracked 
|  30|0x0000000083400000, 0x0000000083500000, 0x0000000083500000|100%| O|  |TAMS 0x0000000083400000, 0x0000000083400000| Untracked 
|  31|0x0000000083500000, 0x0000000083600000, 0x0000000083600000|100%|HS|  |TAMS 0x0000000083500000, 0x0000000083500000| Complete 
|  32|0x0000000083600000, 0x0000000083700000, 0x0000000083700000|100%| O|  |TAMS 0x0000000083600000, 0x0000000083600000| Untracked 
|  33|0x0000000083700000, 0x0000000083800000, 0x0000000083800000|100%| O|  |TAMS 0x0000000083700000, 0x0000000083700000| Untracked 
|  34|0x0000000083800000, 0x0000000083805a00, 0x0000000083900000|  2%| O|  |TAMS 0x0000000083800000, 0x0000000083800000| Untracked 
|  35|0x0000000083900000, 0x0000000083900000, 0x0000000083a00000|  0%| F|  |TAMS 0x0000000083900000, 0x0000000083900000| Untracked 
|  36|0x0000000083a00000, 0x0000000083a00000, 0x0000000083b00000|  0%| F|  |TAMS 0x0000000083a00000, 0x0000000083a00000| Untracked 
|  37|0x0000000083b00000, 0x0000000083b00000, 0x0000000083c00000|  0%| F|  |TAMS 0x0000000083b00000, 0x0000000083b00000| Untracked 
|  38|0x0000000083c00000, 0x0000000083c00000, 0x0000000083d00000|  0%| F|  |TAMS 0x0000000083c00000, 0x0000000083c00000| Untracked 
|  39|0x0000000083d00000, 0x0000000083d00000, 0x0000000083e00000|  0%| F|  |TAMS 0x0000000083d00000, 0x0000000083d00000| Untracked 
|  40|0x0000000083e00000, 0x0000000083e00000, 0x0000000083f00000|  0%| F|  |TAMS 0x0000000083e00000, 0x0000000083e00000| Untracked 
|  41|0x0000000083f00000, 0x0000000083f00000, 0x0000000084000000|  0%| F|  |TAMS 0x0000000083f00000, 0x0000000083f00000| Untracked 
|  42|0x0000000084000000, 0x0000000084000000, 0x0000000084100000|  0%| F|  |TAMS 0x0000000084000000, 0x0000000084000000| Untracked 
|  43|0x0000000084100000, 0x0000000084100000, 0x0000000084200000|  0%| F|  |TAMS 0x0000000084100000, 0x0000000084100000| Untracked 
|  44|0x0000000084200000, 0x0000000084200000, 0x0000000084300000|  0%| F|  |TAMS 0x0000000084200000, 0x0000000084200000| Untracked 
|  45|0x0000000084300000, 0x0000000084300000, 0x0000000084400000|  0%| F|  |TAMS 0x0000000084300000, 0x0000000084300000| Untracked 
|  46|0x0000000084400000, 0x0000000084400000, 0x0000000084500000|  0%| F|  |TAMS 0x0000000084400000, 0x0000000084400000| Untracked 
|  47|0x0000000084500000, 0x0000000084500000, 0x0000000084600000|  0%| F|  |TAMS 0x0000000084500000, 0x0000000084500000| Untracked 
|  48|0x0000000084600000, 0x0000000084600000, 0x0000000084700000|  0%| F|  |TAMS 0x0000000084600000, 0x0000000084600000| Untracked 
|  49|0x0000000084700000, 0x0000000084700000, 0x0000000084800000|  0%| F|  |TAMS 0x0000000084700000, 0x0000000084700000| Untracked 
|  50|0x0000000084800000, 0x0000000084800000, 0x0000000084900000|  0%| F|  |TAMS 0x0000000084800000, 0x0000000084800000| Untracked 
|  51|0x0000000084900000, 0x0000000084900000, 0x0000000084a00000|  0%| F|  |TAMS 0x0000000084900000, 0x0000000084900000| Untracked 
|  52|0x0000000084a00000, 0x0000000084a00000, 0x0000000084b00000|  0%| F|  |TAMS 0x0000000084a00000, 0x0000000084a00000| Untracked 
|  53|0x0000000084b00000, 0x0000000084b00000, 0x0000000084c00000|  0%| F|  |TAMS 0x0000000084b00000, 0x0000000084b00000| Untracked 
|  54|0x0000000084c00000, 0x0000000084c00000, 0x0000000084d00000|  0%| F|  |TAMS 0x0000000084c00000, 0x0000000084c00000| Untracked 
|  55|0x0000000084d00000, 0x0000000084d00000, 0x0000000084e00000|  0%| F|  |TAMS 0x0000000084d00000, 0x0000000084d00000| Untracked 
|  56|0x0000000084e00000, 0x0000000084e00000, 0x0000000084f00000|  0%| F|  |TAMS 0x0000000084e00000, 0x0000000084e00000| Untracked 
|  57|0x0000000084f00000, 0x0000000084f00000, 0x0000000085000000|  0%| F|  |TAMS 0x0000000084f00000, 0x0000000084f00000| Untracked 
|  58|0x0000000085000000, 0x0000000085000000, 0x0000000085100000|  0%| F|  |TAMS 0x0000000085000000, 0x0000000085000000| Untracked 
|  59|0x0000000085100000, 0x0000000085100000, 0x0000000085200000|  0%| F|  |TAMS 0x0000000085100000, 0x0000000085100000| Untracked 
|  60|0x0000000085200000, 0x0000000085200000, 0x0000000085300000|  0%| F|  |TAMS 0x0000000085200000, 0x0000000085200000| Untracked 
|  61|0x0000000085300000, 0x0000000085300000, 0x0000000085400000|  0%| F|  |TAMS 0x0000000085300000, 0x0000000085300000| Untracked 
|  62|0x0000000085400000, 0x0000000085400000, 0x0000000085500000|  0%| F|  |TAMS 0x0000000085400000, 0x0000000085400000| Untracked 
|  63|0x0000000085500000, 0x0000000085500000, 0x0000000085600000|  0%| F|  |TAMS 0x0000000085500000, 0x0000000085500000| Untracked 
|  64|0x0000000085600000, 0x000000008569cfd0, 0x0000000085700000| 61%| S|CS|TAMS 0x0000000085600000, 0x0000000085600000| Complete 
|  65|0x0000000085700000, 0x0000000085800000, 0x0000000085800000|100%| S|CS|TAMS 0x0000000085700000, 0x0000000085700000| Complete 
|  66|0x0000000085800000, 0x0000000085900000, 0x0000000085900000|100%| S|CS|TAMS 0x0000000085800000, 0x0000000085800000| Complete 
|  67|0x0000000085900000, 0x0000000085a00000, 0x0000000085a00000|100%| S|CS|TAMS 0x0000000085900000, 0x0000000085900000| Complete 
|  68|0x0000000085a00000, 0x0000000085b00000, 0x0000000085b00000|100%| S|CS|TAMS 0x0000000085a00000, 0x0000000085a00000| Complete 
|  69|0x0000000085b00000, 0x0000000085c00000, 0x0000000085c00000|100%| S|CS|TAMS 0x0000000085b00000, 0x0000000085b00000| Complete 
|  70|0x0000000085c00000, 0x0000000085d00000, 0x0000000085d00000|100%| S|CS|TAMS 0x0000000085c00000, 0x0000000085c00000| Complete 
|  71|0x0000000085d00000, 0x0000000085e00000, 0x0000000085e00000|100%| S|CS|TAMS 0x0000000085d00000, 0x0000000085d00000| Complete 
|  72|0x0000000085e00000, 0x0000000085e00000, 0x0000000085f00000|  0%| F|  |TAMS 0x0000000085e00000, 0x0000000085e00000| Untracked 
|  73|0x0000000085f00000, 0x0000000085f00000, 0x0000000086000000|  0%| F|  |TAMS 0x0000000085f00000, 0x0000000085f00000| Untracked 
|  74|0x0000000086000000, 0x0000000086000000, 0x0000000086100000|  0%| F|  |TAMS 0x0000000086000000, 0x0000000086000000| Untracked 
|  75|0x0000000086100000, 0x0000000086100000, 0x0000000086200000|  0%| F|  |TAMS 0x0000000086100000, 0x0000000086100000| Untracked 
|  76|0x0000000086200000, 0x0000000086200000, 0x0000000086300000|  0%| F|  |TAMS 0x0000000086200000, 0x0000000086200000| Untracked 
|  77|0x0000000086300000, 0x0000000086300000, 0x0000000086400000|  0%| F|  |TAMS 0x0000000086300000, 0x0000000086300000| Untracked 
|  78|0x0000000086400000, 0x0000000086400000, 0x0000000086500000|  0%| F|  |TAMS 0x0000000086400000, 0x0000000086400000| Untracked 
|  79|0x0000000086500000, 0x0000000086500000, 0x0000000086600000|  0%| F|  |TAMS 0x0000000086500000, 0x0000000086500000| Untracked 
|  80|0x0000000086600000, 0x0000000086600000, 0x0000000086700000|  0%| F|  |TAMS 0x0000000086600000, 0x0000000086600000| Untracked 
|  81|0x0000000086700000, 0x0000000086700000, 0x0000000086800000|  0%| F|  |TAMS 0x0000000086700000, 0x0000000086700000| Untracked 
|  82|0x0000000086800000, 0x0000000086800000, 0x0000000086900000|  0%| F|  |TAMS 0x0000000086800000, 0x0000000086800000| Untracked 
|  83|0x0000000086900000, 0x0000000086900000, 0x0000000086a00000|  0%| F|  |TAMS 0x0000000086900000, 0x0000000086900000| Untracked 
|  84|0x0000000086a00000, 0x0000000086a00000, 0x0000000086b00000|  0%| F|  |TAMS 0x0000000086a00000, 0x0000000086a00000| Untracked 
|  85|0x0000000086b00000, 0x0000000086b00000, 0x0000000086c00000|  0%| F|  |TAMS 0x0000000086b00000, 0x0000000086b00000| Untracked 
|  86|0x0000000086c00000, 0x0000000086c00000, 0x0000000086d00000|  0%| F|  |TAMS 0x0000000086c00000, 0x0000000086c00000| Untracked 
|  87|0x0000000086d00000, 0x0000000086d00000, 0x0000000086e00000|  0%| F|  |TAMS 0x0000000086d00000, 0x0000000086d00000| Untracked 
|  88|0x0000000086e00000, 0x0000000086e00000, 0x0000000086f00000|  0%| F|  |TAMS 0x0000000086e00000, 0x0000000086e00000| Untracked 
|  89|0x0000000086f00000, 0x0000000086f00000, 0x0000000087000000|  0%| F|  |TAMS 0x0000000086f00000, 0x0000000086f00000| Untracked 
|  90|0x0000000087000000, 0x0000000087000000, 0x0000000087100000|  0%| F|  |TAMS 0x0000000087000000, 0x0000000087000000| Untracked 
|  91|0x0000000087100000, 0x0000000087100000, 0x0000000087200000|  0%| F|  |TAMS 0x0000000087100000, 0x0000000087100000| Untracked 
|  92|0x0000000087200000, 0x0000000087200000, 0x0000000087300000|  0%| F|  |TAMS 0x0000000087200000, 0x0000000087200000| Untracked 
|  93|0x0000000087300000, 0x0000000087300000, 0x0000000087400000|  0%| F|  |TAMS 0x0000000087300000, 0x0000000087300000| Untracked 
|  94|0x0000000087400000, 0x0000000087400000, 0x0000000087500000|  0%| F|  |TAMS 0x0000000087400000, 0x0000000087400000| Untracked 
|  95|0x0000000087500000, 0x0000000087500000, 0x0000000087600000|  0%| F|  |TAMS 0x0000000087500000, 0x0000000087500000| Untracked 
|  96|0x0000000087600000, 0x0000000087600000, 0x0000000087700000|  0%| F|  |TAMS 0x0000000087600000, 0x0000000087600000| Untracked 
|  97|0x0000000087700000, 0x0000000087700000, 0x0000000087800000|  0%| F|  |TAMS 0x0000000087700000, 0x0000000087700000| Untracked 
|  98|0x0000000087800000, 0x0000000087800000, 0x0000000087900000|  0%| F|  |TAMS 0x0000000087800000, 0x0000000087800000| Untracked 
|  99|0x0000000087900000, 0x0000000087900000, 0x0000000087a00000|  0%| F|  |TAMS 0x0000000087900000, 0x0000000087900000| Untracked 
| 100|0x0000000087a00000, 0x0000000087a00000, 0x0000000087b00000|  0%| F|  |TAMS 0x0000000087a00000, 0x0000000087a00000| Untracked 
| 101|0x0000000087b00000, 0x0000000087b00000, 0x0000000087c00000|  0%| F|  |TAMS 0x0000000087b00000, 0x0000000087b00000| Untracked 
| 102|0x0000000087c00000, 0x0000000087c00000, 0x0000000087d00000|  0%| F|  |TAMS 0x0000000087c00000, 0x0000000087c00000| Untracked 
| 103|0x0000000087d00000, 0x0000000087d00000, 0x0000000087e00000|  0%| F|  |TAMS 0x0000000087d00000, 0x0000000087d00000| Untracked 
| 104|0x0000000087e00000, 0x0000000087e00000, 0x0000000087f00000|  0%| F|  |TAMS 0x0000000087e00000, 0x0000000087e00000| Untracked 
| 105|0x0000000087f00000, 0x0000000087f00000, 0x0000000088000000|  0%| F|  |TAMS 0x0000000087f00000, 0x0000000087f00000| Untracked 
| 106|0x0000000088000000, 0x0000000088000000, 0x0000000088100000|  0%| F|  |TAMS 0x0000000088000000, 0x0000000088000000| Untracked 
| 107|0x0000000088100000, 0x0000000088100000, 0x0000000088200000|  0%| F|  |TAMS 0x0000000088100000, 0x0000000088100000| Untracked 
| 108|0x0000000088200000, 0x0000000088200000, 0x0000000088300000|  0%| F|  |TAMS 0x0000000088200000, 0x0000000088200000| Untracked 
| 109|0x0000000088300000, 0x0000000088300000, 0x0000000088400000|  0%| F|  |TAMS 0x0000000088300000, 0x0000000088300000| Untracked 
| 110|0x0000000088400000, 0x0000000088400000, 0x0000000088500000|  0%| F|  |TAMS 0x0000000088400000, 0x0000000088400000| Untracked 
| 111|0x0000000088500000, 0x0000000088500000, 0x0000000088600000|  0%| F|  |TAMS 0x0000000088500000, 0x0000000088500000| Untracked 
| 112|0x0000000088600000, 0x0000000088600000, 0x0000000088700000|  0%| F|  |TAMS 0x0000000088600000, 0x0000000088600000| Untracked 
| 113|0x0000000088700000, 0x0000000088700000, 0x0000000088800000|  0%| F|  |TAMS 0x0000000088700000, 0x0000000088700000| Untracked 
| 114|0x0000000088800000, 0x0000000088800000, 0x0000000088900000|  0%| F|  |TAMS 0x0000000088800000, 0x0000000088800000| Untracked 
| 115|0x0000000088900000, 0x0000000088900000, 0x0000000088a00000|  0%| F|  |TAMS 0x0000000088900000, 0x0000000088900000| Untracked 
| 116|0x0000000088a00000, 0x0000000088a00000, 0x0000000088b00000|  0%| F|  |TAMS 0x0000000088a00000, 0x0000000088a00000| Untracked 
| 117|0x0000000088b00000, 0x0000000088b00000, 0x0000000088c00000|  0%| F|  |TAMS 0x0000000088b00000, 0x0000000088b00000| Untracked 
| 118|0x0000000088c00000, 0x0000000088c00000, 0x0000000088d00000|  0%| F|  |TAMS 0x0000000088c00000, 0x0000000088c00000| Untracked 
| 119|0x0000000088d00000, 0x0000000088d00000, 0x0000000088e00000|  0%| F|  |TAMS 0x0000000088d00000, 0x0000000088d00000| Untracked 
| 120|0x0000000088e00000, 0x0000000088e00000, 0x0000000088f00000|  0%| F|  |TAMS 0x0000000088e00000, 0x0000000088e00000| Untracked 
| 121|0x0000000088f00000, 0x0000000088f00000, 0x0000000089000000|  0%| F|  |TAMS 0x0000000088f00000, 0x0000000088f00000| Untracked 
| 122|0x0000000089000000, 0x0000000089000000, 0x0000000089100000|  0%| F|  |TAMS 0x0000000089000000, 0x0000000089000000| Untracked 
| 123|0x0000000089100000, 0x0000000089100000, 0x0000000089200000|  0%| F|  |TAMS 0x0000000089100000, 0x0000000089100000| Untracked 
| 124|0x0000000089200000, 0x0000000089200000, 0x0000000089300000|  0%| F|  |TAMS 0x0000000089200000, 0x0000000089200000| Untracked 
| 125|0x0000000089300000, 0x0000000089300000, 0x0000000089400000|  0%| F|  |TAMS 0x0000000089300000, 0x0000000089300000| Untracked 
| 126|0x0000000089400000, 0x0000000089400000, 0x0000000089500000|  0%| F|  |TAMS 0x0000000089400000, 0x0000000089400000| Untracked 
| 127|0x0000000089500000, 0x0000000089500000, 0x0000000089600000|  0%| F|  |TAMS 0x0000000089500000, 0x0000000089500000| Untracked 
| 128|0x0000000089600000, 0x0000000089600000, 0x0000000089700000|  0%| F|  |TAMS 0x0000000089600000, 0x0000000089600000| Untracked 
| 129|0x0000000089700000, 0x0000000089700000, 0x0000000089800000|  0%| F|  |TAMS 0x0000000089700000, 0x0000000089700000| Untracked 
| 130|0x0000000089800000, 0x0000000089800000, 0x0000000089900000|  0%| F|  |TAMS 0x0000000089800000, 0x0000000089800000| Untracked 
| 131|0x0000000089900000, 0x0000000089900000, 0x0000000089a00000|  0%| F|  |TAMS 0x0000000089900000, 0x0000000089900000| Untracked 
| 132|0x0000000089a00000, 0x0000000089a00000, 0x0000000089b00000|  0%| F|  |TAMS 0x0000000089a00000, 0x0000000089a00000| Untracked 
| 133|0x0000000089b00000, 0x0000000089b00000, 0x0000000089c00000|  0%| F|  |TAMS 0x0000000089b00000, 0x0000000089b00000| Untracked 
| 134|0x0000000089c00000, 0x0000000089cccce0, 0x0000000089d00000| 80%| E|  |TAMS 0x0000000089c00000, 0x0000000089c00000| Complete 
| 135|0x0000000089d00000, 0x0000000089e00000, 0x0000000089e00000|100%| E|CS|TAMS 0x0000000089d00000, 0x0000000089d00000| Complete 
| 136|0x0000000089e00000, 0x0000000089f00000, 0x0000000089f00000|100%| E|CS|TAMS 0x0000000089e00000, 0x0000000089e00000| Complete 
| 137|0x0000000089f00000, 0x000000008a000000, 0x000000008a000000|100%| E|CS|TAMS 0x0000000089f00000, 0x0000000089f00000| Complete 
| 138|0x000000008a000000, 0x000000008a100000, 0x000000008a100000|100%| E|CS|TAMS 0x000000008a000000, 0x000000008a000000| Complete 
| 139|0x000000008a100000, 0x000000008a200000, 0x000000008a200000|100%| E|  |TAMS 0x000000008a100000, 0x000000008a100000| Complete 
| 140|0x000000008a200000, 0x000000008a300000, 0x000000008a300000|100%| E|CS|TAMS 0x000000008a200000, 0x000000008a200000| Complete 
| 141|0x000000008a300000, 0x000000008a400000, 0x000000008a400000|100%| E|CS|TAMS 0x000000008a300000, 0x000000008a300000| Complete 
| 142|0x000000008a400000, 0x000000008a500000, 0x000000008a500000|100%| E|CS|TAMS 0x000000008a400000, 0x000000008a400000| Complete 
| 143|0x000000008a500000, 0x000000008a600000, 0x000000008a600000|100%| E|CS|TAMS 0x000000008a500000, 0x000000008a500000| Complete 
| 144|0x000000008a600000, 0x000000008a700000, 0x000000008a700000|100%| E|CS|TAMS 0x000000008a600000, 0x000000008a600000| Complete 
| 145|0x000000008a700000, 0x000000008a800000, 0x000000008a800000|100%| E|CS|TAMS 0x000000008a700000, 0x000000008a700000| Complete 
| 146|0x000000008a800000, 0x000000008a900000, 0x000000008a900000|100%| E|CS|TAMS 0x000000008a800000, 0x000000008a800000| Complete 
| 147|0x000000008a900000, 0x000000008aa00000, 0x000000008aa00000|100%| E|CS|TAMS 0x000000008a900000, 0x000000008a900000| Complete 
| 148|0x000000008aa00000, 0x000000008ab00000, 0x000000008ab00000|100%| E|CS|TAMS 0x000000008aa00000, 0x000000008aa00000| Complete 
| 149|0x000000008ab00000, 0x000000008ac00000, 0x000000008ac00000|100%| E|CS|TAMS 0x000000008ab00000, 0x000000008ab00000| Complete 
| 150|0x000000008ac00000, 0x000000008ad00000, 0x000000008ad00000|100%| E|CS|TAMS 0x000000008ac00000, 0x000000008ac00000| Complete 
| 151|0x000000008ad00000, 0x000000008ae00000, 0x000000008ae00000|100%| E|CS|TAMS 0x000000008ad00000, 0x000000008ad00000| Complete 
| 152|0x000000008ae00000, 0x000000008af00000, 0x000000008af00000|100%| E|CS|TAMS 0x000000008ae00000, 0x000000008ae00000| Complete 
| 153|0x000000008af00000, 0x000000008b000000, 0x000000008b000000|100%| E|CS|TAMS 0x000000008af00000, 0x000000008af00000| Complete 
| 154|0x000000008b000000, 0x000000008b100000, 0x000000008b100000|100%| E|CS|TAMS 0x000000008b000000, 0x000000008b000000| Complete 
| 155|0x000000008b100000, 0x000000008b200000, 0x000000008b200000|100%| E|CS|TAMS 0x000000008b100000, 0x000000008b100000| Complete 
| 156|0x000000008b200000, 0x000000008b300000, 0x000000008b300000|100%| E|CS|TAMS 0x000000008b200000, 0x000000008b200000| Complete 
| 157|0x000000008b300000, 0x000000008b400000, 0x000000008b400000|100%| E|CS|TAMS 0x000000008b300000, 0x000000008b300000| Complete 

Card table byte_map: [0x0000000019a00000,0x0000000019e00000] _byte_map_base: 0x00000000195f5000

Marking Bits (Prev, Next): (CMBitMap*) 0x000000000233e0f0, (CMBitMap*) 0x000000000233e0b8
 Prev Bits: [0x000000001c1b0000, 0x000000001e158000)
 Next Bits: [0x000000001a200000, 0x000000001c1a8000)

Polling page: 0x00000000007b0000

Metaspace:

Usage:
  Non-class:     55.56 MB capacity,    54.35 MB ( 98%) used,   963.91 KB (  2%) free+waste,   271.44 KB ( <1%) overhead. 
      Class:      9.07 MB capacity,     8.08 MB ( 89%) used,   873.34 KB (  9%) free+waste,   140.63 KB (  2%) overhead. 
       Both:     64.63 MB capacity,    62.43 MB ( 97%) used,     1.79 MB (  3%) free+waste,   412.06 KB ( <1%) overhead. 

Virtual space:
  Non-class space:       56.00 MB reserved,      55.75 MB (>99%) committed 
      Class space:        1.00 GB reserved,       9.13 MB ( <1%) committed 
             Both:        1.05 GB reserved,      64.88 MB (  6%) committed 

Chunk freelists:
   Non-Class:  256 bytes
       Class:  3.63 KB
        Both:  3.88 KB

CodeHeap 'non-profiled nmethods': size=120064Kb used=2723Kb max_used=3044Kb free=117340Kb
 bounds [0x00000000120c0000, 0x00000000123c0000, 0x0000000019600000]
CodeHeap 'profiled nmethods': size=120000Kb used=8894Kb max_used=11182Kb free=111105Kb
 bounds [0x000000000ab90000, 0x000000000b680000, 0x00000000120c0000]
CodeHeap 'non-nmethods': size=5696Kb used=1361Kb max_used=1406Kb free=4334Kb
 bounds [0x000000000a600000, 0x000000000a870000, 0x000000000ab90000]
 total_blobs=7747 nmethods=4563 adapters=713
 compilation: enabled
              stopped_count=0, restarted_count=0
 full_count=0

Compilation events (10 events):
Event: 75458.978 Thread 0x00000000209a4000 nmethod 5421 0x000000000ac47990 code [0x000000000ac47b60, 0x000000000ac47e60]
Event: 75458.978 Thread 0x00000000209a4000 5420       3       io.netty.util.internal.shaded.org.jctools.queues.BaseMpscLinkedArrayQueue::isEmpty (18 bytes)
Event: 75458.979 Thread 0x00000000209a4000 nmethod 5420 0x000000000ac47310 code [0x000000000ac474e0, 0x000000000ac47858]
Event: 75458.979 Thread 0x00000000209a4000 5419       3       io.netty.channel.nio.SelectedSelectionKeySetSelector::selectNow (15 bytes)
Event: 75458.979 Thread 0x00000000217b7000 nmethod 5418 0x0000000012157810 code [0x00000000121579a0, 0x0000000012157a78]
Event: 75458.979 Thread 0x00000000209a4000 nmethod 5419 0x000000000ac50c90 code [0x000000000ac50e80, 0x000000000ac511e0]
Event: 75459.088 Thread 0x00000000217b7000 5422       4       java.nio.channels.spi.AbstractSelector::begin (48 bytes)
Event: 75459.088 Thread 0x00000000209a4000 5423       3       io.netty.channel.DefaultSelectStrategy::calculateStrategy (15 bytes)
Event: 75459.089 Thread 0x00000000209a4000 nmethod 5423 0x000000000ac4b310 code [0x000000000ac4b4e0, 0x000000000ac4b770]
Event: 75459.096 Thread 0x00000000217b7000 nmethod 5422 0x000000001219b290 code [0x000000001219b440, 0x000000001219b9a8]

GC Heap History (10 events):
Event: 4464.256 GC heap before
{Heap before GC invocations=14 (full 0):
 garbage-first heap   total 161792K, used 104544K [0x0000000081600000, 0x0000000100000000)
  region size 1024K, 74 young (75776K), 6 survivors (6144K)
 Metaspace       used 63391K, capacity 65540K, committed 65792K, reserved 1105920K
  class space    used 8183K, capacity 9154K, committed 9216K, reserved 1048576K
}
Event: 4464.266 GC heap after
{Heap after GC invocations=15 (full 0):
 garbage-first heap   total 161792K, used 35404K [0x0000000081600000, 0x0000000100000000)
  region size 1024K, 5 young (5120K), 5 survivors (5120K)
 Metaspace       used 63391K, capacity 65540K, committed 65792K, reserved 1105920K
  class space    used 8183K, capacity 9154K, committed 9216K, reserved 1048576K
}
Event: 6281.408 GC heap before
{Heap before GC invocations=15 (full 0):
 garbage-first heap   total 161792K, used 114252K [0x0000000081600000, 0x0000000100000000)
  region size 1024K, 82 young (83968K), 5 survivors (5120K)
 Metaspace       used 63405K, capacity 65604K, committed 65792K, reserved 1105920K
  class space    used 8183K, capacity 9154K, committed 9216K, reserved 1048576K
}
Event: 6281.416 GC heap after
{Heap after GC invocations=16 (full 0):
 garbage-first heap   total 161792K, used 35397K [0x0000000081600000, 0x0000000100000000)
  region size 1024K, 5 young (5120K), 5 survivors (5120K)
 Metaspace       used 63405K, capacity 65604K, committed 65792K, reserved 1105920K
  class space    used 8183K, capacity 9154K, committed 9216K, reserved 1048576K
}
Event: 8227.429 GC heap before
{Heap before GC invocations=16 (full 0):
 garbage-first heap   total 161792K, used 119365K [0x0000000081600000, 0x0000000100000000)
  region size 1024K, 87 young (89088K), 5 survivors (5120K)
 Metaspace       used 63416K, capacity 65608K, committed 65792K, reserved 1105920K
  class space    used 8183K, capacity 9154K, committed 9216K, reserved 1048576K
}
Event: 8227.436 GC heap after
{Heap after GC invocations=17 (full 0):
 garbage-first heap   total 161792K, used 35392K [0x0000000081600000, 0x0000000100000000)
  region size 1024K, 5 young (5120K), 5 survivors (5120K)
 Metaspace       used 63416K, capacity 65608K, committed 65792K, reserved 1105920K
  class space    used 8183K, capacity 9154K, committed 9216K, reserved 1048576K
}
Event: 75176.413 GC heap before
{Heap before GC invocations=17 (full 0):
 garbage-first heap   total 161792K, used 125504K [0x0000000081600000, 0x0000000100000000)
  region size 1024K, 94 young (96256K), 5 survivors (5120K)
 Metaspace       used 63423K, capacity 65608K, committed 65792K, reserved 1105920K
  class space    used 8183K, capacity 9154K, committed 9216K, reserved 1048576K
}
Event: 75176.432 GC heap after
{Heap after GC invocations=18 (full 0):
 garbage-first heap   total 161792K, used 38464K [0x0000000081600000, 0x0000000100000000)
  region size 1024K, 8 young (8192K), 8 survivors (8192K)
 Metaspace       used 63423K, capacity 65608K, committed 65792K, reserved 1105920K
  class space    used 8183K, capacity 9154K, committed 9216K, reserved 1048576K
}
Event: 75453.835 GC heap before
{Heap before GC invocations=18 (full 0):
 garbage-first heap   total 161792K, used 126528K [0x0000000081600000, 0x0000000100000000)
  region size 1024K, 94 young (96256K), 8 survivors (8192K)
 Metaspace       used 63755K, capacity 65915K, committed 66048K, reserved 1105920K
  class space    used 8231K, capacity 9194K, committed 9216K, reserved 1048576K
}
Event: 75453.853 GC heap after
{Heap after GC invocations=19 (full 0):
 garbage-first heap   total 161792K, used 42634K [0x0000000081600000, 0x0000000100000000)
  region size 1024K, 8 young (8192K), 8 survivors (8192K)
 Metaspace       used 63755K, capacity 65915K, committed 66048K, reserved 1105920K
  class space    used 8231K, capacity 9194K, committed 9216K, reserved 1048576K
}

Deoptimization events (10 events):
Event: 75455.031 Thread 0x00000000022ff800 Uncommon trap: reason=class_check action=maybe_recompile pc=0x000000001236f128 method=java.util.stream.ReferencePipeline.forEachWithCancel(Ljava/util/Spliterator;Ljava/util/stream/Sink;)Z @ 1 c2
Event: 75455.096 Thread 0x00000000022ff800 Uncommon trap: reason=class_check action=maybe_recompile pc=0x00000000120e7a70 method=org.eclipse.collections.impl.map.mutable.primitive.LongObjectHashMap.forEachKeyValue(Lorg/eclipse/collections/api/block/procedure/primitive/LongObjectProcedure;)V @ 50 c
Event: 75456.993 Thread 0x00000000254ef800 Uncommon trap: reason=unstable_if action=reinterpret pc=0x00000000120c5740 method=io.netty.util.internal.shaded.org.jctools.queues.BaseMpscLinkedArrayQueue.poll()Ljava/lang/Object; @ 34 c2
Event: 75456.993 Thread 0x00000000254ef800 Uncommon trap: reason=unstable_if action=reinterpret pc=0x00000000120ce178 method=io.netty.util.concurrent.SingleThreadEventExecutor.isShuttingDown()Z @ 5 c2
Event: 75456.993 Thread 0x000000002476c000 Uncommon trap: reason=unstable_if action=reinterpret pc=0x00000000123b848c method=io.netty.util.internal.shaded.org.jctools.queues.BaseMpscLinkedArrayQueue.isEmpty()Z @ 9 c2
Event: 75456.993 Thread 0x000000002476c000 Uncommon trap: reason=unstable_if action=reinterpret pc=0x00000000120c14f8 method=io.netty.channel.DefaultSelectStrategy.calculateStrategy(Lio/netty/util/IntSupplier;Z)I @ 1 c2
Event: 75456.994 Thread 0x0000000024766000 Uncommon trap: reason=unstable_if action=reinterpret pc=0x00000000120c1b34 method=io.netty.util.internal.shaded.org.jctools.queues.BaseMpscLinkedArrayQueue.isEmpty()Z @ 9 c2
Event: 75456.995 Thread 0x000000002476c800 Uncommon trap: reason=unstable_if action=reinterpret pc=0x00000000123a5710 method=io.netty.util.internal.shaded.org.jctools.queues.BaseMpscLinkedArrayQueue.isEmpty()Z @ 9 c2
Event: 75458.423 Thread 0x00000000254ef800 Uncommon trap: reason=class_check action=maybe_recompile pc=0x0000000012248dc8 method=java.util.Collections$SetFromMap.remove(Ljava/lang/Object;)Z @ 5 c2
Event: 75458.423 Thread 0x00000000254ef800 Uncommon trap: reason=class_check action=maybe_recompile pc=0x0000000012248dc8 method=java.util.Collections$SetFromMap.remove(Ljava/lang/Object;)Z @ 5 c2

Classes redefined (0 events):
No events

Internal exceptions (10 events):
Event: 75453.356 Thread 0x0000000023e76800 Exception <a 'sun/nio/fs/WindowsException'{0x0000000086480b20}> (0x0000000086480b20) thrown at [t:/workspace/open/src/hotspot/share/prims/jni.cpp, line 615]
Event: 75453.356 Thread 0x0000000023e76800 Exception <a 'sun/nio/fs/WindowsException'{0x0000000086480b90}> (0x0000000086480b90) thrown at [t:/workspace/open/src/hotspot/share/prims/jni.cpp, line 615]
Event: 75453.489 Thread 0x00000000022ff800 Exception <a 'java/lang/NoSuchMethodError'{0x0000000086334ea0}: java.lang.invoke.DirectMethodHandle$Holder.invokeVirtual(Ljava/lang/Object;Ljava/lang/Object;J)V> (0x0000000086334ea0) thrown at [t:/workspace/open/src/hotspot/share/interpreter/linkResolver.
Event: 75453.490 Thread 0x00000000022ff800 Exception <a 'java/lang/NoSuchMethodError'{0x000000008633af28}: java.lang.invoke.DirectMethodHandle$Holder.invokeStatic(Ljava/lang/Object;Ljava/lang/Object;Ljava/lang/Object;ILjava/lang/Object;)V> (0x000000008633af28) thrown at [t:/workspace/open/src/hots
Event: 75454.099 Thread 0x00000000022ff800 Exception <a 'java/lang/NoSuchMethodError'{0x000000008b2fa4a8}: java.lang.invoke.DirectMethodHandle$Holder.invokeStaticInit(Ljava/lang/Object;)V> (0x000000008b2fa4a8) thrown at [t:/workspace/open/src/hotspot/share/interpreter/linkResolver.cpp, line 772]
Event: 75454.151 Thread 0x00000000022ff800 Exception <a 'java/lang/NoSuchMethodError'{0x000000008b1f2000}: java.lang.invoke.DirectMethodHandle$Holder.invokeSpecial(Ljava/lang/Object;Ljava/lang/Object;IIILjava/lang/Object;Ljava/lang/Object;J)Ljava/lang/Object;> (0x000000008b1f2000) thrown at [t:/wo
Event: 75454.151 Thread 0x00000000022ff800 Exception <a 'java/lang/NoSuchMethodError'{0x000000008b1f5528}: java.lang.invoke.DelegatingMethodHandle$Holder.reinvoke_L(Ljava/lang/Object;IIILjava/lang/Object;Ljava/lang/Object;J)Ljava/lang/Object;> (0x000000008b1f5528) thrown at [t:/workspace/open/src/
Event: 75455.029 Thread 0x0000000023e76800 Exception <a 'sun/nio/fs/WindowsException'{0x000000008ace00c0}> (0x000000008ace00c0) thrown at [t:/workspace/open/src/hotspot/share/prims/jni.cpp, line 615]
Event: 75455.029 Thread 0x0000000023e76800 Exception <a 'sun/nio/fs/WindowsException'{0x000000008ace0130}> (0x000000008ace0130) thrown at [t:/workspace/open/src/hotspot/share/prims/jni.cpp, line 615]
Event: 75455.033 Thread 0x00000000022ff800 Exception <a 'java/lang/NoSuchMethodError'{0x000000008ac95510}: java.lang.invoke.DirectMethodHandle$Holder.invokeStaticInit(Ljava/lang/Object;Ljava/lang/Object;Ljava/lang/Object;Ljava/lang/Object;Ljava/lang/Object;)Ljava/lang/Object;> (0x000000008ac95510)

Events (10 events):
Event: 75458.478 Thread 0x0000000024770000 Thread added: 0x0000000024770000
Event: 75458.478 Executing VM operation: RevokeBias
Event: 75458.478 Executing VM operation: RevokeBias done
Event: 75458.478 Thread 0x00000000254ef800 Thread exited: 0x00000000254ef800
Event: 75458.479 Executing VM operation: RevokeBias
Event: 75458.479 Executing VM operation: RevokeBias done
Event: 75458.479 Thread 0x0000000024770000 Thread exited: 0x0000000024770000
Event: 75459.230 Thread 0x0000000024772800 Thread added: 0x0000000024772800
Event: 75459.230 Thread 0x0000000024772800 Thread exited: 0x0000000024772800
Event: 75459.434 Thread 0x0000000024772800 Thread added: 0x0000000024772800


Dynamic libraries:
0x00007ff6fb2b0000 - 0x00007ff6fb2d0000 	D:\Fax\KONACNI NOSQL\neo4j-community-4.0.0\bin\tools\prunsrv-amd64.exe
0x00007ffc87520000 - 0x00007ffc87710000 	C:\WINDOWS\SYSTEM32\ntdll.dll
0x00007ffc85d60000 - 0x00007ffc85e12000 	C:\WINDOWS\System32\KERNEL32.DLL
0x00007ffc84550000 - 0x00007ffc847f3000 	C:\WINDOWS\System32\KERNELBASE.dll
0x00007ffc86700000 - 0x00007ffc867a3000 	C:\WINDOWS\System32\ADVAPI32.dll
0x00007ffc86c10000 - 0x00007ffc86cae000 	C:\WINDOWS\System32\msvcrt.dll
0x00007ffc86b70000 - 0x00007ffc86c07000 	C:\WINDOWS\System32\sechost.dll
0x00007ffc865e0000 - 0x00007ffc86700000 	C:\WINDOWS\System32\RPCRT4.dll
0x00007ffc85ef0000 - 0x00007ffc865d5000 	C:\WINDOWS\System32\SHELL32.dll
0x00007ffc849a0000 - 0x00007ffc84a9a000 	C:\WINDOWS\System32\ucrtbase.dll
0x00007ffc84950000 - 0x00007ffc8499a000 	C:\WINDOWS\System32\cfgmgr32.dll
0x00007ffc85c50000 - 0x00007ffc85cf9000 	C:\WINDOWS\System32\shcore.dll
0x00007ffc86d70000 - 0x00007ffc870a6000 	C:\WINDOWS\System32\combase.dll
0x00007ffc85420000 - 0x00007ffc854a0000 	C:\WINDOWS\System32\bcryptPrimitives.dll
0x00007ffc84aa0000 - 0x00007ffc8521f000 	C:\WINDOWS\System32\windows.storage.dll
0x00007ffc844b0000 - 0x00007ffc8454e000 	C:\WINDOWS\System32\msvcp_win.dll
0x00007ffc84490000 - 0x00007ffc844af000 	C:\WINDOWS\System32\profapi.dll
0x00007ffc84440000 - 0x00007ffc8448a000 	C:\WINDOWS\System32\powrprof.dll
0x00007ffc843f0000 - 0x00007ffc84400000 	C:\WINDOWS\System32\UMPDC.dll
0x00007ffc85d00000 - 0x00007ffc85d52000 	C:\WINDOWS\System32\shlwapi.dll
0x00007ffc86ce0000 - 0x00007ffc86d06000 	C:\WINDOWS\System32\GDI32.dll
0x00007ffc854f0000 - 0x00007ffc85511000 	C:\WINDOWS\System32\win32u.dll
0x00007ffc85220000 - 0x00007ffc853b4000 	C:\WINDOWS\System32\gdi32full.dll
0x00007ffc86890000 - 0x00007ffc86a24000 	C:\WINDOWS\System32\USER32.dll
0x00007ffc84400000 - 0x00007ffc84411000 	C:\WINDOWS\System32\kernel.appcore.dll
0x00007ffc854a0000 - 0x00007ffc854b7000 	C:\WINDOWS\System32\cryptsp.dll
0x00007ffc67e50000 - 0x00007ffc68992000 	C:\Program Files\Java\jdk-11\bin\server\jvm.dll
0x00007ffc855d0000 - 0x00007ffc855d8000 	C:\WINDOWS\System32\PSAPI.DLL
0x00007ffc792b0000 - 0x00007ffc792b9000 	C:\WINDOWS\SYSTEM32\WSOCK32.dll
0x00007ffc85b60000 - 0x00007ffc85bcf000 	C:\WINDOWS\System32\WS2_32.dll
0x00007ffc7a970000 - 0x00007ffc7a994000 	C:\WINDOWS\SYSTEM32\WINMM.dll
0x00007ffc7f530000 - 0x00007ffc7f53a000 	C:\WINDOWS\SYSTEM32\VERSION.dll
0x00007ffc6d6a0000 - 0x00007ffc6d6b5000 	C:\WINDOWS\SYSTEM32\VCRUNTIME140.dll
0x00007ffc7a940000 - 0x00007ffc7a96d000 	C:\WINDOWS\SYSTEM32\WINMMBASE.dll
0x00007ffc67ab0000 - 0x00007ffc67ac1000 	C:\Program Files\Java\jdk-11\bin\verify.dll
0x00007ffc7d530000 - 0x00007ffc7d724000 	C:\WINDOWS\SYSTEM32\DBGHELP.DLL
0x00007ffc7d4b0000 - 0x00007ffc7d4da000 	C:\WINDOWS\SYSTEM32\dbgcore.DLL
0x00007ffc67a80000 - 0x00007ffc67aa9000 	C:\Program Files\Java\jdk-11\bin\java.dll
0x00007ffc67960000 - 0x00007ffc67976000 	C:\Program Files\Java\jdk-11\bin\zip.dll
0x00007ffc67950000 - 0x00007ffc6795a000 	C:\Program Files\Java\jdk-11\bin\jimage.dll
0x00007ffc66f20000 - 0x00007ffc66f39000 	C:\Program Files\Java\jdk-11\bin\net.dll
0x00007ffc80630000 - 0x00007ffc80720000 	C:\WINDOWS\SYSTEM32\WINHTTP.dll
0x00007ffc83c60000 - 0x00007ffc83cc7000 	C:\WINDOWS\system32\mswsock.dll
0x00007ffc66f00000 - 0x00007ffc66f13000 	C:\Program Files\Java\jdk-11\bin\nio.dll
0x00007ffc64070000 - 0x00007ffc64079000 	C:\Program Files\Java\jdk-11\bin\management.dll
0x00007ffc64060000 - 0x00007ffc6406c000 	C:\Program Files\Java\jdk-11\bin\management_ext.dll
0x00007ffc6cde0000 - 0x00007ffc6cdf6000 	C:\WINDOWS\system32\napinsp.dll
0x00007ffc6cdc0000 - 0x00007ffc6cdda000 	C:\WINDOWS\system32\pnrpnsp.dll
0x00007ffc839b0000 - 0x00007ffc83a7a000 	C:\WINDOWS\SYSTEM32\DNSAPI.dll
0x00007ffc867b0000 - 0x00007ffc867b8000 	C:\WINDOWS\System32\NSI.dll
0x00007ffc83970000 - 0x00007ffc839aa000 	C:\WINDOWS\SYSTEM32\IPHLPAPI.DLL
0x00007ffc6cdb0000 - 0x00007ffc6cdbe000 	C:\WINDOWS\System32\winrnr.dll
0x00007ffc7e000000 - 0x00007ffc7e01c000 	C:\WINDOWS\system32\NLAapi.dll
0x00007ffc6cd90000 - 0x00007ffc6cda5000 	C:\WINDOWS\system32\wshbth.dll
0x00007ffc7a770000 - 0x00007ffc7a77a000 	C:\Windows\System32\rasadhlp.dll
0x00007ffc7b2e0000 - 0x00007ffc7b357000 	C:\WINDOWS\System32\fwpuclnt.dll
0x00007ffc854c0000 - 0x00007ffc854e6000 	C:\WINDOWS\System32\bcrypt.dll
0x00007ffc7b7d0000 - 0x00007ffc7b7e6000 	C:\WINDOWS\SYSTEM32\dhcpcsvc6.DLL
0x00007ffc7cba0000 - 0x00007ffc7cbbc000 	C:\WINDOWS\SYSTEM32\dhcpcsvc.DLL
0x00007ffc837d0000 - 0x00007ffc83803000 	C:\WINDOWS\system32\rsaenh.dll
0x00007ffc83e30000 - 0x00007ffc83e3c000 	C:\WINDOWS\SYSTEM32\CRYPTBASE.dll

dbghelp: loaded successfully - version: 4.0.5 - missing functions: none
symbol engine: initialized successfully - sym options: 0x614 - pdb path: .;D:\Fax\KONACNI NOSQL\neo4j-community-4.0.0\bin\tools;C:\WINDOWS\SYSTEM32;C:\Program Files\Java\jdk-11\bin\server;C:\Program Files\Java\jdk-11\bin

VM Arguments:
jvm_args: -XX:+UnlockExperimentalVMOptions -XX:-OmitStackTraceInFastThrow -XX:+TrustFinalNonStaticFields -Dio.netty.tryReflectionSetAccessible=true -Dfile.encoding=UTF-8 -XX:+AlwaysPreTouch -Djdk.tls.ephemeralDHKeySize=2048 -Djdk.nio.maxCachedBufferSize=262144 -XX:+DisableExplicitGC -XX:+UseG1GC -Djdk.tls.rejectClientInitiatedRenegotiation=true exit abort 
java_command: <unknown>
java_class_path (initial): lib/activation-1.1.1.jar;lib/annotations-4.0.0.jar;lib/bcpkix-jdk15on-1.63.jar;lib/bcprov-jdk15on-1.63.jar;lib/caffeine-2.8.0.jar;lib/commons-beanutils-1.9.4.jar;lib/commons-collections-3.2.2.jar;lib/commons-compress-1.19.jar;lib/commons-configuration-1.10.jar;lib/commons-io-2.6.jar;lib/commons-lang-2.6.jar;lib/commons-lang3-3.9.jar;lib/commons-logging-1.2.jar;lib/commons-text-1.7.jar;lib/eclipse-collections-10.0.0.jar;lib/eclipse-collections-api-10.0.0.jar;lib/FastInfoset-1.2.16.jar;lib/hk2-api-2.5.0.jar;lib/hk2-locator-2.5.0.jar;lib/hk2-utils-2.5.0.jar;lib/istack-commons-runtime-3.0.8.jar;lib/jackson-annotations-2.10.0.jar;lib/jackson-core-2.10.0.jar;lib/jackson-databind-2.10.0.jar;lib/jackson-jaxrs-base-2.10.0.jar;lib/jackson-jaxrs-json-provider-2.10.0.jar;lib/jackson-module-jaxb-annotations-2.10.0.jar;lib/jakarta.activation-1.2.1.jar;lib/jakarta.activation-api-1.2.1.jar;lib/jakarta.annotation-api-1.3.4.jar;lib/jakarta.inject-2.5.0.jar;lib/jakarta.ws.rs-api-2.1.5.jar;lib/jakarta.xml.bind-api-2.3.2.jar;lib/javassist-3.22.0-CR2.jar;lib/javax.servlet-api-3.1.0.jar;lib/javax.ws.rs-api-2.1.1.jar;lib/jaxb-api-2.3.0.jar;lib/jaxb-runtime-2.3.2.jar;lib/jctools-core-2.1.2.jar;lib/jersey-client-2.29.jar;lib/jersey-common-2.29.jar;lib/jersey-container-servlet-2.29.jar;lib/jersey-container-servlet-core-2.29.jar;lib/jersey-hk2-2.29.jar;lib/jersey-media-jaxb-2.29.jar;lib/jersey-server-2.29.jar;lib/jetty-http-9.4.17.v20190418.jar;lib/jetty-io-9.4.17.v20190418.jar;lib/jetty-security-9.4.17.v20190418.jar;lib/jetty-server-9.4.17.v20190418.jar;lib/jetty-servlet-9.4.17.v20190418.jar;lib/jetty-util-9.4.17.v20190418.jar;lib/jetty-webapp-9.4.17.v20190418.jar;lib/jetty-xml-9.4.17.v20190418.jar;lib/jna-5.4.0.jar;lib/jPowerShell-3.0.jar;lib/jProcesses-1.6.5.jar;lib/lucene-analyzers-common-8.2.0.jar;lib/lucene-codecs-8.2.0.jar;lib/lucene-core-8.2.0.jar;lib/lucene-queryparser-8.2.0.jar;lib/neo4j-4.0.0.jar;lib/neo4j-ast-4.0-4.0.0.jar;lib/neo4j-batch-insert-4.0.0.j
Launcher Type: generic

[Global flags]
     bool AlwaysPreTouch                           = true                                      {product} {command line}
     intx CICompilerCount                          = 3                                         {product} {ergonomic}
     uint ConcGCThreads                            = 1                                         {product} {ergonomic}
     bool DisableExplicitGC                        = true                                      {product} {command line}
     uint G1ConcRefinementThreads                  = 4                                         {product} {ergonomic}
   size_t G1HeapRegionSize                         = 1048576                                   {product} {ergonomic}
    uintx GCDrainStackTargetSize                   = 64                                        {product} {ergonomic}
   size_t InitialHeapSize                          = 134217728                                 {product} {ergonomic}
   size_t MarkStackSize                            = 4194304                                   {product} {ergonomic}
   size_t MaxHeapSize                              = 2124414976                                {product} {ergonomic}
   size_t MaxNewSize                               = 1274019840                                {product} {ergonomic}
   size_t MinHeapDeltaBytes                        = 1048576                                   {product} {ergonomic}
    uintx NonNMethodCodeHeapSize                   = 5830092                                {pd product} {ergonomic}
    uintx NonProfiledCodeHeapSize                  = 122914074                              {pd product} {ergonomic}
     bool OmitStackTraceInFastThrow                = false                                     {product} {command line}
    uintx ProfiledCodeHeapSize                     = 122914074                              {pd product} {ergonomic}
    uintx ReservedCodeCacheSize                    = 251658240                              {pd product} {ergonomic}
     bool SegmentedCodeCache                       = true                                      {product} {ergonomic}
     bool TrustFinalNonStaticFields                = true                                 {experimental} {command line}
     bool UnlockExperimentalVMOptions              = true                                 {experimental} {command line}
     bool UseCompressedClassPointers               = true                                 {lp64_product} {ergonomic}
     bool UseCompressedOops                        = true                                 {lp64_product} {ergonomic}
     bool UseFastUnorderedTimeStamps               = true                                 {experimental} {ergonomic}
     bool UseG1GC                                  = true                                      {product} {command line}
     bool UseLargePagesIndividualAllocation        = false                                  {pd product} {ergonomic}

Logging:
Log output configuration:
 #0: stdout all=warning uptime,level,tags
 #1: stderr all=off uptime,level,tags

Environment Variables:
PATH=C:\Program Files\Java\jdk-11\bin;C:\Program Files\Java\jdk-11\bin;C:\WINDOWS\system32;C:\WINDOWS;C:\WINDOWS\System32\Wbem;C:\WINDOWS\System32\WindowsPowerShell\v1.0\;C:\Program Files (x86)\NVIDIA Corporation\PhysX\Common;C:\Program Files (x86)\Microsoft SQL Server\100\Tools\Binn\;C:\Program Files\Microsoft SQL Server\100\Tools\Binn\;C:\Program Files\Microsoft SQL Server\100\DTS\Binn\;C:\WINDOWS\system32;C:\WINDOWS;C:\WINDOWS\System32\Wbem;C:\WINDOWS\System32\WindowsPowerShell\v1.0\;C:\WINDOWS\System32\OpenSSH\;C:\Program Files\NVIDIA Corporation\NVIDIA NvDLISR;C:\Program Files\PuTTY\;C:\Program Files\nodejs\;C:\Program Files (x86)\Common Files\Acronis\VirtualFile\;C:\Program Files (x86)\Common Files\Acronis\VirtualFile64\;C:\Program Files (x86)\Common Files\Acronis\SnapAPI\;C:\Program Files\Crucial\Crucial Storage Executive;C:\WINDOWS\system32\config\systemprofile\AppData\Local\Microsoft\WindowsApps
USERNAME=JELENA-PC$
OS=Windows_NT
PROCESSOR_IDENTIFIER=Intel64 Family 6 Model 78 Stepping 3, GenuineIntel



---------------  S Y S T E M  ---------------

OS: Windows 10 , 64 bit Build 18362 (10.0.18362.329)

CPU:total 4 (initial active 4) (2 cores per cpu, 2 threads per core) family 6 model 78 stepping 3, cmov, cx8, fxsr, mmx, sse, sse2, sse3, ssse3, sse4.1, sse4.2, popcnt, avx, avx2, aes, clmul, erms, rtm, 3dnowpref, lzcnt, ht, tsc, tscinvbit, bmi1, bmi2, adx, fma

Memory: 4k page, system-wide physical 8098M (6175M free)
TotalPageFile size 9442M (AvailPageFile size 7243M)
current process WorkingSet (physical memory assigned to process): 206M, peak: 367M
current process commit charge ("private bytes"): 349M, peak: 397M

vm_info: Java HotSpot(TM) 64-Bit Server VM (11+28) for windows-amd64 JRE (11+28), built on Aug 23 2018 03:03:59 by "mach5one" with MS VC++ 15.5 (VS2017)

END.
