#
# A fatal error has been detected by the Java Runtime Environment:
#
#  EXCEPTION_ACCESS_VIOLATION (0xc0000005) at pc=0x00007ff891275e98, pid=4768, tid=7420
#
# JRE version: Java(TM) SE Runtime Environment (11.0+28) (build 11+28)
# Java VM: Java HotSpot(TM) 64-Bit Server VM (11+28, mixed mode, tiered, compressed oops, g1 gc, windows-amd64)
# Problematic frame:
# V  [jvm.dll+0x2e5e98]
#
# No core dump will be written. Minidumps are not enabled by default on client versions of Windows
#
# If you would like to submit a bug report, please visit:
#   http://bugreport.java.com/bugreport/crash.jsp
#

---------------  S U M M A R Y ------------

Command Line: -XX:+UnlockExperimentalVMOptions -XX:-OmitStackTraceInFastThrow -XX:+TrustFinalNonStaticFields -Dio.netty.tryReflectionSetAccessible=true -Dfile.encoding=UTF-8 -XX:+AlwaysPreTouch -Djdk.tls.ephemeralDHKeySize=2048 -Djdk.nio.maxCachedBufferSize=262144 -XX:+DisableExplicitGC -XX:+UseG1GC -Djdk.tls.rejectClientInitiatedRenegotiation=true exit abort 

Host: ## __CPU__, 4 cores, 7G, Call to GetFileVersionInfoSize failed
Time: Wed May 13 21:22:11 2020 Central Europe Daylight Time elapsed time: 1823294 seconds (21d 2h 28m 14s)

---------------  T H R E A D  ---------------

Current thread (0x000000002278b800):  GCTaskThread "GC Thread#1" [stack: 0x0000000022a40000,0x0000000022b40000] [id=7420]

Stack: [0x0000000022a40000,0x0000000022b40000],  sp=0x0000000022b3e540,  free space=1017k
Native frames: (J=compiled Java code, j=interpreted, Vv=VM code, C=native code)
V  [jvm.dll+0x2e5e98]
V  [jvm.dll+0x73ca98]
V  [jvm.dll+0x6a267d]
V  [jvm.dll+0x73d37c]
V  [jvm.dll+0x6a36f4]
V  [jvm.dll+0x7ab4f0]
