#
# A fatal error has been detected by the Java Runtime Environment:
#
#  EXCEPTION_ACCESS_VIOLATION (0xc0000005) at pc=0x00007ffa93425e98, pid=4744, tid=7232
#
# JRE version: Java(TM) SE Runtime Environment (11.0+28) (build 11+28)
# Java VM: Java HotSpot(TM) 64-Bit Server VM (11+28, mixed mode, tiered, compressed oops, g1 gc, windows-amd64)
# Problematic frame:
# V  [jvm.dll+0x2e5e98]
#
# No core dump will be written. Minidumps are not enabled by default on client versions of Windows
#
# If you would like to submit a bug report, please visit:
#   http://bugreport.java.com/bugreport/crash.jsp
#

---------------  S U M M A R Y ------------

Command Line: -XX:+UnlockExperimentalVMOptions -XX:-OmitStackTraceInFastThrow -XX:+TrustFinalNonStaticFields -Dio.netty.tryReflectionSetAccessible=true -Dfile.encoding=UTF-8 -XX:+AlwaysPreTouch -Djdk.tls.ephemeralDHKeySize=2048 -Djdk.nio.maxCachedBufferSize=262144 -XX:+DisableExplicitGC -XX:+UseG1GC -Djdk.tls.rejectClientInitiatedRenegotiation=true exit abort 

Host: Intel(R) Core(TM) i3-6100U CPU @ 2.30GHz, 4 cores, 7G,  Windows 10 , 64 bit Build 18362 (10.0.18362.329)
Time: Fri Mar 27 20:10:22 2020 Central Europe Standard Time elapsed time: 86747 seconds (1d 0h 5m 47s)

---------------  T H R E A D  ---------------

Current thread (0x0000000022e09800):  GCTaskThread "GC Thread#1" [stack: 0x0000000022fb0000,0x00000000230b0000] [id=7232]

Stack: [0x0000000022fb0000,0x00000000230b0000],  sp=0x00000000230ae1d0,  free space=1016k
Native frames: (J=compiled Java code, j=interpreted, Vv=VM code, C=native code)
V  [jvm.dll+0x2e5e98]
V  [jvm.dll+0x73ca98]
V  [jvm.dll+0x6a267d]
V  [jvm.dll+0x73d37c]
V  [jvm.dll+0x6a36f4]
V  [jvm.dll+0x7ab4f0]
V  [jvm.dll+0x63b2c2]
C  [ucrtbase.dll+0x20e72]
C  [KERNEL32.DLL+0x17bd4]
C  [ntdll.dll+0x6ced1]


siginfo: EXCEPTION_ACCESS_VIOLATION (0xc0000005), reading address 0x0000000000000000


Register to memory mapping:

RIP=0x00007ffa93425e98 jvm.dll
RAX=0x0 is NULL
RBX=0x00000000230ae230 points into unknown readable memory
RCX=0x0 is NULL
RDX=0x0000000000000003 is an unknown value
RSP=0x00000000230ae1d0 points into unknown readable memory
RBP=0x0000000001fbee70 is pointing into the stack for thread: 0x000000000281a800
RSI=0x00000000230ae290 points into unknown readable memory
RDI=0x00000000230ae260 points into unknown readable memory
R8 =0x0 is NULL
R9 =0x0000000000000003 is an unknown value
R10=0x0000000001095560 points into unknown readable memory
R11=0x00000000230ae180 points into unknown readable memory
R12=0x000000000000001d is an unknown value
R13=0x0000000000000001 is an unknown value
R14=0x000000000281a800 is a thread
R15=0x00000000218af388 points into unknown readable memory


Registers:
RAX=0x0000000000000000, RBX=0x00000000230ae230, RCX=0x0000000000000000, RDX=0x0000000000000003
RSP=0x00000000230ae1d0, RBP=0x0000000001fbee70, RSI=0x00000000230ae290, RDI=0x00000000230ae260
R8 =0x0000000000000000, R9 =0x0000000000000003, R10=0x0000000001095560, R11=0x00000000230ae180
R12=0x000000000000001d, R13=0x0000000000000001, R14=0x000000000281a800, R15=0x00000000218af388
RIP=0x00007ffa93425e98, EFLAGS=0x0000000000010246

Top of Stack: (sp=0x00000000230ae1d0)
0x00000000230ae1d0:   00000000230ae230 0000000001fbee70
0x00000000230ae1e0:   00000000230ae290 0000000000000000
0x00000000230ae1f0:   00000000218af388 0000000000000000
0x00000000230ae200:   00007ffa93b63fe8 00007ffa9387ca98
0x00000000230ae210:   0000000000000001 000000000281a800
0x00000000230ae220:   00000000218af388 0000000000000000
0x00000000230ae230:   0000000001fbee70 0000000000000000
0x00000000230ae240:   0000000000000000 0000000000000000
0x00000000230ae250:   0000000000000000 0000000001fbee70
0x00000000230ae260:   0000000001fbee00 000000001262b27b
0x00000000230ae270:   000000001262b090 0000000000000000
0x00000000230ae280:   0000000000000000 0000000001fbee00
0x00000000230ae290:   0000000026e9edf8 0000000026e9edfc
0x00000000230ae2a0:   0000000026e9edf0 0000000026e9edf4
0x00000000230ae2b0:   0000000026e9ede8 0000000026e9edec
0x00000000230ae2c0:   0000000026e9ede0 0000000026e9ede4 

Instructions: (pc=0x00007ffa93425e98)
0x00007ffa93425e78:   4b 08 e8 11 49 f1 ff 48 8b cb 48 89 43 10 e8 25
0x00007ffa93425e88:   f5 ff ff 48 85 c0 0f 85 e3 00 00 00 48 8b 4b 10
0x00007ffa93425e98:   48 8b 01 ff 50 20 33 c9 84 c0 0f 95 c1 e9 da 00
0x00007ffa93425ea8:   00 00 48 8b 57 10 48 85 d2 0f 84 8c 00 00 00 41 



---------------  P R O C E S S  ---------------

Threads class SMR info:
_java_thread_list=0x00000000287530a0, length=29, elements={
0x000000000281a800, 0x0000000020d9e000, 0x0000000020da1000, 0x0000000020dae800,
0x0000000021bfa800, 0x0000000021bfc800, 0x0000000021c09000, 0x0000000021c69000,
0x0000000021f76000, 0x0000000021f7d800, 0x00000000234c7000, 0x00000000234d8800,
0x00000000234eb800, 0x0000000023419000, 0x00000000251ea800, 0x000000002342b000,
0x0000000023429800, 0x000000002342a000, 0x0000000023435800, 0x000000002342f000,
0x000000002342e000, 0x0000000023430000, 0x0000000023430800, 0x000000002342c000,
0x0000000023431800, 0x000000002342d800, 0x000000002342c800, 0x0000000023437000,
0x0000000023433000
}

Java Threads: ( => current thread )
  0x000000000281a800 JavaThread "main" [_thread_blocked, id=4556, stack(0x0000000001ec0000,0x0000000001fc0000)]
  0x0000000020d9e000 JavaThread "Reference Handler" daemon [_thread_blocked, id=6296, stack(0x00000000218b0000,0x00000000219b0000)]
  0x0000000020da1000 JavaThread "Finalizer" daemon [_thread_blocked, id=6304, stack(0x00000000219b0000,0x0000000021ab0000)]
  0x0000000020dae800 JavaThread "Signal Dispatcher" daemon [_thread_blocked, id=6312, stack(0x0000000021fb0000,0x00000000220b0000)]
  0x0000000021bfa800 JavaThread "Attach Listener" daemon [_thread_blocked, id=6316, stack(0x00000000220b0000,0x00000000221b0000)]
  0x0000000021bfc800 JavaThread "C2 CompilerThread0" daemon [_thread_blocked, id=6320, stack(0x00000000221b0000,0x00000000222b0000)]
  0x0000000021c09000 JavaThread "C1 CompilerThread0" daemon [_thread_blocked, id=6324, stack(0x00000000222b0000,0x00000000223b0000)]
  0x0000000021c69000 JavaThread "Sweeper thread" daemon [_thread_blocked, id=6336, stack(0x00000000223b0000,0x00000000224b0000)]
  0x0000000021f76000 JavaThread "Service Thread" daemon [_thread_blocked, id=6452, stack(0x00000000224b0000,0x00000000225b0000)]
  0x0000000021f7d800 JavaThread "Common-Cleaner" daemon [_thread_blocked, id=6476, stack(0x00000000226b0000,0x00000000227b0000)]
  0x00000000234c7000 JavaThread "neo4j.Scheduler-1" daemon [_thread_blocked, id=7852, stack(0x0000000024680000,0x0000000024780000)]
  0x00000000234d8800 JavaThread "Cleaner-0" daemon [_thread_blocked, id=7896, stack(0x0000000025dc0000,0x0000000025ec0000)]
  0x00000000234eb800 JavaThread "FileSystemWatchService" daemon [_thread_in_native, id=7120, stack(0x0000000026ca0000,0x0000000026da0000)]
  0x0000000023419000 JavaThread "MuninnPageCache[1]-EvictionTask" daemon [_thread_blocked, id=8936, stack(0x0000000026da0000,0x0000000026ea0000)]
  0x00000000251ea800 JavaThread "neo4j.VmPauseMonitor-1" daemon [_thread_blocked, id=10688, stack(0x00000000291c0000,0x00000000292c0000)]
  0x000000002342b000 JavaThread "neo4j.TransactionTimeoutMonitor-5" daemon [_thread_blocked, id=15380, stack(0x000000002ab90000,0x000000002ac90000)]
  0x0000000023429800 JavaThread "neo4j.ServerTransactionTimeout-3" daemon [_thread_blocked, id=13852, stack(0x000000002b8b0000,0x000000002b9b0000)]
  0x000000002342a000 JavaThread "neo4j.IndexSampling-6" daemon [_thread_blocked, id=16800, stack(0x000000002de30000,0x000000002df30000)]
  0x0000000023435800 JavaThread "neo4j.StorageMaintenance-7" daemon [_thread_blocked, id=13068, stack(0x000000002df30000,0x000000002e030000)]
  0x000000002342f000 JavaThread "neo4j.CheckPoint-11" daemon [_thread_blocked, id=7476, stack(0x0000000001160000,0x0000000001260000)]
  0x000000002342e000 JavaThread "neo4j.CheckPoint-12" daemon [_thread_blocked, id=7968, stack(0x0000000001770000,0x0000000001870000)]
  0x0000000023430000 JavaThread "neo4j.BoltNetworkIO-2" [_thread_blocked, id=16748, stack(0x0000000001dc0000,0x0000000001ec0000)]
  0x0000000023430800 JavaThread "neo4j.BoltNetworkIO-3" [_thread_blocked, id=6496, stack(0x0000000026ea0000,0x0000000026fa0000)]
  0x000000002342c000 JavaThread "neo4j.BoltNetworkIO-4" [_thread_blocked, id=17044, stack(0x0000000027da0000,0x0000000027ea0000)]
  0x0000000023431800 JavaThread "neo4j.BoltNetworkIO-5" [_thread_blocked, id=3936, stack(0x0000000027ea0000,0x0000000027fa0000)]
  0x000000002342d800 JavaThread "neo4j.BoltNetworkIO-6" [_thread_blocked, id=5516, stack(0x0000000027fa0000,0x00000000280a0000)]
  0x000000002342c800 JavaThread "neo4j.BoltNetworkIO-7" [_thread_blocked, id=11132, stack(0x00000000280a0000,0x00000000281a0000)]
  0x0000000023437000 JavaThread "neo4j.BoltNetworkIO-8" [_thread_blocked, id=3800, stack(0x00000000292c0000,0x00000000293c0000)]
  0x0000000023433000 JavaThread "DestroyJavaVM" [_thread_blocked, id=7140, stack(0x0000000001ec0000,0x0000000001fc0000)]

Other Threads:
  0x0000000020d79000 VMThread "VM Thread" [stack: 0x00000000217b0000,0x00000000218b0000] [id=6284]
  0x0000000021f81000 WatcherThread [stack: 0x00000000225b0000,0x00000000226b0000] [id=6472]
  0x000000000282f800 GCTaskThread "GC Thread#0" [stack: 0x00000000020b0000,0x00000000021b0000] [id=6224]
=>0x0000000022e09800 GCTaskThread "GC Thread#1" [stack: 0x0000000022fb0000,0x00000000230b0000] [id=7232]
  0x0000000022dfe000 GCTaskThread "GC Thread#2" [stack: 0x00000000230b0000,0x00000000231b0000] [id=7236]
  0x0000000025682800 GCTaskThread "GC Thread#3" [stack: 0x00000000298c0000,0x00000000299c0000] [id=11156]
  0x0000000002860000 ConcurrentGCThread "G1 Main Marker" [stack: 0x0000000002600000,0x0000000002700000] [id=6228]
  0x0000000002861800 ConcurrentGCThread "G1 Conc#0" [stack: 0x000000001e670000,0x000000001e770000] [id=6232]
  0x0000000020be3800 ConcurrentGCThread "G1 Refine#0" [stack: 0x0000000020db0000,0x0000000020eb0000] [id=6252]
  0x0000000020be4000 ConcurrentGCThread "G1 Young RemSet Sampling" [stack: 0x0000000020eb0000,0x0000000020fb0000] [id=6256]

Threads with active compile tasks:

VM state:at safepoint (normal execution)

VM Mutex/Monitor currently owned by a thread:  ([mutex/lock_event])
[0x0000000002814ae0] Safepoint_lock - owner thread: 0x0000000020d79000
[0x0000000002814390] Threads_lock - owner thread: 0x0000000020d79000

Heap address: 0x0000000081600000, size: 2026 MB, Compressed Oops mode: 32-bit
Narrow klass base: 0x0000000000000000, Narrow klass shift: 3
Compressed class space size: 1073741824 Address: 0x0000000100000000

Heap:
 garbage-first heap   total 131072K, used 108678K [0x0000000081600000, 0x0000000100000000)
  region size 1024K, 67 young (68608K), 2 survivors (2048K)
 Metaspace       used 63970K, capacity 66208K, committed 66380K, reserved 1105920K
  class space    used 8267K, capacity 9251K, committed 9292K, reserved 1048576K
Heap Regions: E=young(eden), S=young(survivor), O=old, HS=humongous(starts), HC=humongous(continues), CS=collection set, F=free, A=archive, TAMS=top-at-mark-start (previous, next)
|   0|0x0000000081600000, 0x0000000081700000, 0x0000000081700000|100%| O|  |TAMS 0x0000000081700000, 0x0000000081600000| Untracked 
|   1|0x0000000081700000, 0x0000000081800000, 0x0000000081800000|100%| O|  |TAMS 0x0000000081800000, 0x0000000081700000| Untracked 
|   2|0x0000000081800000, 0x0000000081900000, 0x0000000081900000|100%| O|  |TAMS 0x0000000081900000, 0x0000000081800000| Untracked 
|   3|0x0000000081900000, 0x0000000081a00000, 0x0000000081a00000|100%| O|  |TAMS 0x0000000081a00000, 0x0000000081900000| Untracked 
|   4|0x0000000081a00000, 0x0000000081b00000, 0x0000000081b00000|100%| O|  |TAMS 0x0000000081b00000, 0x0000000081a00000| Untracked 
|   5|0x0000000081b00000, 0x0000000081c00000, 0x0000000081c00000|100%| O|  |TAMS 0x0000000081c00000, 0x0000000081b00000| Untracked 
|   6|0x0000000081c00000, 0x0000000081d00000, 0x0000000081d00000|100%| O|  |TAMS 0x0000000081d00000, 0x0000000081c00000| Untracked 
|   7|0x0000000081d00000, 0x0000000081e00000, 0x0000000081e00000|100%| O|  |TAMS 0x0000000081e00000, 0x0000000081d00000| Untracked 
|   8|0x0000000081e00000, 0x0000000081f00000, 0x0000000081f00000|100%| O|  |TAMS 0x0000000081f00000, 0x0000000081e00000| Untracked 
|   9|0x0000000081f00000, 0x0000000082000000, 0x0000000082000000|100%| O|  |TAMS 0x0000000082000000, 0x0000000081f00000| Untracked 
|  10|0x0000000082000000, 0x0000000082100000, 0x0000000082100000|100%| O|  |TAMS 0x0000000082100000, 0x0000000082000000| Untracked 
|  11|0x0000000082100000, 0x0000000082200000, 0x0000000082200000|100%| O|  |TAMS 0x0000000082200000, 0x0000000082100000| Untracked 
|  12|0x0000000082200000, 0x0000000082300000, 0x0000000082300000|100%| O|  |TAMS 0x0000000082300000, 0x0000000082200000| Untracked 
|  13|0x0000000082300000, 0x0000000082400000, 0x0000000082400000|100%| O|  |TAMS 0x0000000082400000, 0x0000000082300000| Untracked 
|  14|0x0000000082400000, 0x0000000082500000, 0x0000000082500000|100%| O|  |TAMS 0x0000000082500000, 0x0000000082400000| Untracked 
|  15|0x0000000082500000, 0x0000000082600000, 0x0000000082600000|100%| O|  |TAMS 0x0000000082600000, 0x0000000082500000| Untracked 
|  16|0x0000000082600000, 0x0000000082700000, 0x0000000082700000|100%| O|  |TAMS 0x0000000082700000, 0x0000000082600000| Untracked 
|  17|0x0000000082700000, 0x0000000082800000, 0x0000000082800000|100%| O|  |TAMS 0x0000000082800000, 0x0000000082700000| Untracked 
|  18|0x0000000082800000, 0x0000000082900000, 0x0000000082900000|100%| O|  |TAMS 0x0000000082900000, 0x0000000082800000| Untracked 
|  19|0x0000000082900000, 0x0000000082a00000, 0x0000000082a00000|100%| O|  |TAMS 0x0000000082a00000, 0x0000000082900000| Untracked 
|  20|0x0000000082a00000, 0x0000000082b00000, 0x0000000082b00000|100%| O|  |TAMS 0x0000000082b00000, 0x0000000082a00000| Untracked 
|  21|0x0000000082b00000, 0x0000000082c00000, 0x0000000082c00000|100%| O|  |TAMS 0x0000000082c00000, 0x0000000082b00000| Untracked 
|  22|0x0000000082c00000, 0x0000000082d00000, 0x0000000082d00000|100%| O|  |TAMS 0x0000000082d00000, 0x0000000082c00000| Untracked 
|  23|0x0000000082d00000, 0x0000000082e00000, 0x0000000082e00000|100%| O|  |TAMS 0x0000000082e00000, 0x0000000082d00000| Untracked 
|  24|0x0000000082e00000, 0x0000000082f00000, 0x0000000082f00000|100%| O|  |TAMS 0x0000000082f00000, 0x0000000082e00000| Untracked 
|  25|0x0000000082f00000, 0x0000000083000000, 0x0000000083000000|100%| O|  |TAMS 0x0000000083000000, 0x0000000082f00000| Untracked 
|  26|0x0000000083000000, 0x0000000083100000, 0x0000000083100000|100%| O|  |TAMS 0x0000000083100000, 0x0000000083000000| Untracked 
|  27|0x0000000083100000, 0x0000000083200000, 0x0000000083200000|100%| O|  |TAMS 0x0000000083200000, 0x0000000083100000| Untracked 
|  28|0x0000000083200000, 0x0000000083300000, 0x0000000083300000|100%| O|  |TAMS 0x0000000083300000, 0x0000000083200000| Untracked 
|  29|0x0000000083300000, 0x0000000083400000, 0x0000000083400000|100%| O|  |TAMS 0x000000008332aa00, 0x0000000083300000| Untracked 
|  30|0x0000000083400000, 0x0000000083500000, 0x0000000083500000|100%| O|  |TAMS 0x0000000083400000, 0x0000000083400000| Untracked 
|  31|0x0000000083500000, 0x0000000083600000, 0x0000000083600000|100%| O|  |TAMS 0x0000000083500000, 0x0000000083500000| Untracked 
|  32|0x0000000083600000, 0x0000000083700000, 0x0000000083700000|100%| O|  |TAMS 0x0000000083600000, 0x0000000083600000| Untracked 
|  33|0x0000000083700000, 0x0000000083800000, 0x0000000083800000|100%| O|  |TAMS 0x0000000083700000, 0x0000000083700000| Untracked 
|  34|0x0000000083800000, 0x0000000083900000, 0x0000000083900000|100%| O|  |TAMS 0x0000000083800000, 0x0000000083800000| Untracked 
|  35|0x0000000083900000, 0x0000000083a00000, 0x0000000083a00000|100%| O|  |TAMS 0x0000000083900000, 0x0000000083900000| Untracked 
|  36|0x0000000083a00000, 0x0000000083b00000, 0x0000000083b00000|100%| O|  |TAMS 0x0000000083a00000, 0x0000000083a00000| Untracked 
|  37|0x0000000083b00000, 0x0000000083c00000, 0x0000000083c00000|100%| O|  |TAMS 0x0000000083b00000, 0x0000000083b00000| Untracked 
|  38|0x0000000083c00000, 0x0000000083d00000, 0x0000000083d00000|100%| O|  |TAMS 0x0000000083c00000, 0x0000000083c00000| Untracked 
|  39|0x0000000083d00000, 0x0000000083e00000, 0x0000000083e00000|100%| O|  |TAMS 0x0000000083d00000, 0x0000000083d00000| Untracked 
|  40|0x0000000083e00000, 0x0000000083ec3200, 0x0000000083f00000| 76%| O|  |TAMS 0x0000000083e00000, 0x0000000083e00000| Untracked 
|  41|0x0000000083f00000, 0x0000000084000000, 0x0000000084000000|100%|HS|  |TAMS 0x0000000083f00000, 0x0000000083f00000| Complete 
|  42|0x0000000084000000, 0x0000000084000000, 0x0000000084100000|  0%| F|  |TAMS 0x0000000084000000, 0x0000000084000000| Untracked 
|  43|0x0000000084100000, 0x0000000084100000, 0x0000000084200000|  0%| F|  |TAMS 0x0000000084100000, 0x0000000084100000| Untracked 
|  44|0x0000000084200000, 0x0000000084200000, 0x0000000084300000|  0%| F|  |TAMS 0x0000000084200000, 0x0000000084200000| Untracked 
|  45|0x0000000084300000, 0x0000000084300000, 0x0000000084400000|  0%| F|  |TAMS 0x0000000084300000, 0x0000000084300000| Untracked 
|  46|0x0000000084400000, 0x0000000084400000, 0x0000000084500000|  0%| F|  |TAMS 0x0000000084400000, 0x0000000084400000| Untracked 
|  47|0x0000000084500000, 0x0000000084500000, 0x0000000084600000|  0%| F|  |TAMS 0x0000000084500000, 0x0000000084500000| Untracked 
|  48|0x0000000084600000, 0x0000000084600000, 0x0000000084700000|  0%| F|  |TAMS 0x0000000084600000, 0x0000000084600000| Untracked 
|  49|0x0000000084700000, 0x0000000084700000, 0x0000000084800000|  0%| F|  |TAMS 0x0000000084700000, 0x0000000084700000| Untracked 
|  50|0x0000000084800000, 0x0000000084800000, 0x0000000084900000|  0%| F|  |TAMS 0x0000000084800000, 0x0000000084800000| Untracked 
|  51|0x0000000084900000, 0x0000000084900000, 0x0000000084a00000|  0%| F|  |TAMS 0x0000000084900000, 0x0000000084900000| Untracked 
|  52|0x0000000084a00000, 0x0000000084a00000, 0x0000000084b00000|  0%| F|  |TAMS 0x0000000084a00000, 0x0000000084a00000| Untracked 
|  53|0x0000000084b00000, 0x0000000084b00000, 0x0000000084c00000|  0%| F|  |TAMS 0x0000000084b00000, 0x0000000084b00000| Untracked 
|  54|0x0000000084c00000, 0x0000000084c00000, 0x0000000084d00000|  0%| F|  |TAMS 0x0000000084c00000, 0x0000000084c00000| Untracked 
|  55|0x0000000084d00000, 0x0000000084d00000, 0x0000000084e00000|  0%| F|  |TAMS 0x0000000084d00000, 0x0000000084d00000| Untracked 
|  56|0x0000000084e00000, 0x0000000084e00000, 0x0000000084f00000|  0%| F|  |TAMS 0x0000000084e00000, 0x0000000084e00000| Untracked 
|  57|0x0000000084f00000, 0x0000000084f5e948, 0x0000000085000000| 36%| S|CS|TAMS 0x0000000084f00000, 0x0000000084f00000| Complete 
|  58|0x0000000085000000, 0x0000000085100000, 0x0000000085100000|100%| S|CS|TAMS 0x0000000085000000, 0x0000000085000000| Complete 
|  59|0x0000000085100000, 0x0000000085100000, 0x0000000085200000|  0%| F|  |TAMS 0x0000000085100000, 0x0000000085100000| Untracked 
|  60|0x0000000085200000, 0x0000000085200000, 0x0000000085300000|  0%| F|  |TAMS 0x0000000085200000, 0x0000000085200000| Untracked 
|  61|0x0000000085300000, 0x0000000085300000, 0x0000000085400000|  0%| F|  |TAMS 0x0000000085300000, 0x0000000085300000| Untracked 
|  62|0x0000000085400000, 0x0000000085400000, 0x0000000085500000|  0%| F|  |TAMS 0x0000000085400000, 0x0000000085400000| Untracked 
|  63|0x0000000085500000, 0x0000000085600000, 0x0000000085600000|100%| E|  |TAMS 0x0000000085500000, 0x0000000085500000| Complete 
|  64|0x0000000085600000, 0x0000000085700000, 0x0000000085700000|100%| E|CS|TAMS 0x0000000085600000, 0x0000000085600000| Complete 
|  65|0x0000000085700000, 0x0000000085800000, 0x0000000085800000|100%| E|CS|TAMS 0x0000000085700000, 0x0000000085700000| Complete 
|  66|0x0000000085800000, 0x0000000085900000, 0x0000000085900000|100%| E|  |TAMS 0x0000000085800000, 0x0000000085800000| Complete 
|  67|0x0000000085900000, 0x0000000085a00000, 0x0000000085a00000|100%| E|CS|TAMS 0x0000000085900000, 0x0000000085900000| Complete 
|  68|0x0000000085a00000, 0x0000000085b00000, 0x0000000085b00000|100%| E|CS|TAMS 0x0000000085a00000, 0x0000000085a00000| Complete 
|  69|0x0000000085b00000, 0x0000000085c00000, 0x0000000085c00000|100%| E|CS|TAMS 0x0000000085b00000, 0x0000000085b00000| Complete 
|  70|0x0000000085c00000, 0x0000000085d00000, 0x0000000085d00000|100%| E|CS|TAMS 0x0000000085c00000, 0x0000000085c00000| Complete 
|  71|0x0000000085d00000, 0x0000000085e00000, 0x0000000085e00000|100%| E|CS|TAMS 0x0000000085d00000, 0x0000000085d00000| Complete 
|  72|0x0000000085e00000, 0x0000000085f00000, 0x0000000085f00000|100%| E|CS|TAMS 0x0000000085e00000, 0x0000000085e00000| Complete 
|  73|0x0000000085f00000, 0x0000000086000000, 0x0000000086000000|100%| E|CS|TAMS 0x0000000085f00000, 0x0000000085f00000| Complete 
|  74|0x0000000086000000, 0x0000000086100000, 0x0000000086100000|100%| E|CS|TAMS 0x0000000086000000, 0x0000000086000000| Complete 
|  75|0x0000000086100000, 0x0000000086200000, 0x0000000086200000|100%| E|CS|TAMS 0x0000000086100000, 0x0000000086100000| Complete 
|  76|0x0000000086200000, 0x0000000086300000, 0x0000000086300000|100%| E|CS|TAMS 0x0000000086200000, 0x0000000086200000| Complete 
|  77|0x0000000086300000, 0x0000000086400000, 0x0000000086400000|100%| E|CS|TAMS 0x0000000086300000, 0x0000000086300000| Complete 
|  78|0x0000000086400000, 0x0000000086500000, 0x0000000086500000|100%| E|CS|TAMS 0x0000000086400000, 0x0000000086400000| Complete 
|  79|0x0000000086500000, 0x0000000086600000, 0x0000000086600000|100%| E|CS|TAMS 0x0000000086500000, 0x0000000086500000| Complete 
|  80|0x0000000086600000, 0x0000000086700000, 0x0000000086700000|100%| E|CS|TAMS 0x0000000086600000, 0x0000000086600000| Complete 
|  81|0x0000000086700000, 0x0000000086800000, 0x0000000086800000|100%| E|CS|TAMS 0x0000000086700000, 0x0000000086700000| Complete 
|  82|0x0000000086800000, 0x0000000086900000, 0x0000000086900000|100%| E|CS|TAMS 0x0000000086800000, 0x0000000086800000| Complete 
|  83|0x0000000086900000, 0x0000000086a00000, 0x0000000086a00000|100%| E|CS|TAMS 0x0000000086900000, 0x0000000086900000| Complete 
|  84|0x0000000086a00000, 0x0000000086b00000, 0x0000000086b00000|100%| E|CS|TAMS 0x0000000086a00000, 0x0000000086a00000| Complete 
|  85|0x0000000086b00000, 0x0000000086c00000, 0x0000000086c00000|100%| E|CS|TAMS 0x0000000086b00000, 0x0000000086b00000| Complete 
|  86|0x0000000086c00000, 0x0000000086d00000, 0x0000000086d00000|100%| E|CS|TAMS 0x0000000086c00000, 0x0000000086c00000| Complete 
|  87|0x0000000086d00000, 0x0000000086e00000, 0x0000000086e00000|100%| E|CS|TAMS 0x0000000086d00000, 0x0000000086d00000| Complete 
|  88|0x0000000086e00000, 0x0000000086f00000, 0x0000000086f00000|100%| E|CS|TAMS 0x0000000086e00000, 0x0000000086e00000| Complete 
|  89|0x0000000086f00000, 0x0000000087000000, 0x0000000087000000|100%| E|CS|TAMS 0x0000000086f00000, 0x0000000086f00000| Complete 
|  90|0x0000000087000000, 0x0000000087100000, 0x0000000087100000|100%| E|CS|TAMS 0x0000000087000000, 0x0000000087000000| Complete 
|  91|0x0000000087100000, 0x0000000087200000, 0x0000000087200000|100%| E|CS|TAMS 0x0000000087100000, 0x0000000087100000| Complete 
|  92|0x0000000087200000, 0x0000000087300000, 0x0000000087300000|100%| E|CS|TAMS 0x0000000087200000, 0x0000000087200000| Complete 
|  93|0x0000000087300000, 0x0000000087400000, 0x0000000087400000|100%| E|CS|TAMS 0x0000000087300000, 0x0000000087300000| Complete 
|  94|0x0000000087400000, 0x0000000087500000, 0x0000000087500000|100%| E|CS|TAMS 0x0000000087400000, 0x0000000087400000| Complete 
|  95|0x0000000087500000, 0x0000000087600000, 0x0000000087600000|100%| E|CS|TAMS 0x0000000087500000, 0x0000000087500000| Complete 
|  96|0x0000000087600000, 0x0000000087700000, 0x0000000087700000|100%| E|CS|TAMS 0x0000000087600000, 0x0000000087600000| Complete 
|  97|0x0000000087700000, 0x0000000087800000, 0x0000000087800000|100%| E|CS|TAMS 0x0000000087700000, 0x0000000087700000| Complete 
|  98|0x0000000087800000, 0x0000000087900000, 0x0000000087900000|100%| E|CS|TAMS 0x0000000087800000, 0x0000000087800000| Complete 
|  99|0x0000000087900000, 0x0000000087a00000, 0x0000000087a00000|100%| E|CS|TAMS 0x0000000087900000, 0x0000000087900000| Complete 
| 100|0x0000000087a00000, 0x0000000087b00000, 0x0000000087b00000|100%| E|CS|TAMS 0x0000000087a00000, 0x0000000087a00000| Complete 
| 101|0x0000000087b00000, 0x0000000087c00000, 0x0000000087c00000|100%| E|CS|TAMS 0x0000000087b00000, 0x0000000087b00000| Complete 
| 102|0x0000000087c00000, 0x0000000087d00000, 0x0000000087d00000|100%| E|CS|TAMS 0x0000000087c00000, 0x0000000087c00000| Complete 
| 103|0x0000000087d00000, 0x0000000087e00000, 0x0000000087e00000|100%| E|CS|TAMS 0x0000000087d00000, 0x0000000087d00000| Complete 
| 104|0x0000000087e00000, 0x0000000087f00000, 0x0000000087f00000|100%| E|CS|TAMS 0x0000000087e00000, 0x0000000087e00000| Complete 
| 105|0x0000000087f00000, 0x0000000088000000, 0x0000000088000000|100%| E|CS|TAMS 0x0000000087f00000, 0x0000000087f00000| Complete 
| 106|0x0000000088000000, 0x0000000088100000, 0x0000000088100000|100%| E|CS|TAMS 0x0000000088000000, 0x0000000088000000| Complete 
| 107|0x0000000088100000, 0x0000000088200000, 0x0000000088200000|100%| E|CS|TAMS 0x0000000088100000, 0x0000000088100000| Complete 
| 108|0x0000000088200000, 0x0000000088300000, 0x0000000088300000|100%| E|CS|TAMS 0x0000000088200000, 0x0000000088200000| Complete 
| 109|0x0000000088300000, 0x0000000088400000, 0x0000000088400000|100%| E|CS|TAMS 0x0000000088300000, 0x0000000088300000| Complete 
| 110|0x0000000088400000, 0x0000000088500000, 0x0000000088500000|100%| E|CS|TAMS 0x0000000088400000, 0x0000000088400000| Complete 
| 111|0x0000000088500000, 0x0000000088600000, 0x0000000088600000|100%| E|CS|TAMS 0x0000000088500000, 0x0000000088500000| Complete 
| 112|0x0000000088600000, 0x0000000088700000, 0x0000000088700000|100%| E|CS|TAMS 0x0000000088600000, 0x0000000088600000| Complete 
| 113|0x0000000088700000, 0x0000000088800000, 0x0000000088800000|100%| E|CS|TAMS 0x0000000088700000, 0x0000000088700000| Complete 
| 114|0x0000000088800000, 0x0000000088900000, 0x0000000088900000|100%| E|CS|TAMS 0x0000000088800000, 0x0000000088800000| Complete 
| 115|0x0000000088900000, 0x0000000088a00000, 0x0000000088a00000|100%| E|CS|TAMS 0x0000000088900000, 0x0000000088900000| Complete 
| 116|0x0000000088a00000, 0x0000000088b00000, 0x0000000088b00000|100%| E|CS|TAMS 0x0000000088a00000, 0x0000000088a00000| Complete 
| 117|0x0000000088b00000, 0x0000000088c00000, 0x0000000088c00000|100%| E|CS|TAMS 0x0000000088b00000, 0x0000000088b00000| Complete 
| 118|0x0000000088c00000, 0x0000000088d00000, 0x0000000088d00000|100%| E|CS|TAMS 0x0000000088c00000, 0x0000000088c00000| Complete 
| 119|0x0000000088d00000, 0x0000000088e00000, 0x0000000088e00000|100%| E|CS|TAMS 0x0000000088d00000, 0x0000000088d00000| Complete 
| 120|0x0000000088e00000, 0x0000000088f00000, 0x0000000088f00000|100%| E|CS|TAMS 0x0000000088e00000, 0x0000000088e00000| Complete 
| 121|0x0000000088f00000, 0x0000000089000000, 0x0000000089000000|100%| E|CS|TAMS 0x0000000088f00000, 0x0000000088f00000| Complete 
| 122|0x0000000089000000, 0x0000000089100000, 0x0000000089100000|100%| E|CS|TAMS 0x0000000089000000, 0x0000000089000000| Complete 
| 123|0x0000000089100000, 0x0000000089200000, 0x0000000089200000|100%| E|CS|TAMS 0x0000000089100000, 0x0000000089100000| Complete 
| 124|0x0000000089200000, 0x0000000089300000, 0x0000000089300000|100%| E|CS|TAMS 0x0000000089200000, 0x0000000089200000| Complete 
| 125|0x0000000089300000, 0x0000000089400000, 0x0000000089400000|100%| E|CS|TAMS 0x0000000089300000, 0x0000000089300000| Complete 
| 126|0x0000000089400000, 0x0000000089500000, 0x0000000089500000|100%| E|CS|TAMS 0x0000000089400000, 0x0000000089400000| Complete 
| 127|0x0000000089500000, 0x0000000089600000, 0x0000000089600000|100%| E|CS|TAMS 0x0000000089500000, 0x0000000089500000| Complete 

Card table byte_map: [0x0000000019f10000,0x000000001a310000] _byte_map_base: 0x0000000019b05000

Marking Bits (Prev, Next): (CMBitMap*) 0x00000000028575a0, (CMBitMap*) 0x0000000002857568
 Prev Bits: [0x000000001c6c0000, 0x000000001e668000)
 Next Bits: [0x000000001a710000, 0x000000001c6b8000)

Polling page: 0x0000000000bf0000

Metaspace:

Usage:
  Non-class:     55.62 MB capacity,    54.40 MB ( 98%) used,   982.92 KB (  2%) free+waste,   271.44 KB ( <1%) overhead. 
      Class:      9.03 MB capacity,     8.07 MB ( 89%) used,   842.80 KB (  9%) free+waste,   140.56 KB (  2%) overhead. 
       Both:     64.66 MB capacity,    62.47 MB ( 97%) used,     1.78 MB (  3%) free+waste,   412.00 KB ( <1%) overhead. 

Virtual space:
  Non-class space:       56.00 MB reserved,      55.75 MB (>99%) committed 
      Class space:        1.00 GB reserved,       9.07 MB ( <1%) committed 
             Both:        1.05 GB reserved,      64.82 MB (  6%) committed 

Chunk freelists:
   Non-Class:  384 bytes
       Class:  0 bytes
        Both:  384 bytes

CodeHeap 'non-profiled nmethods': size=120064Kb used=2790Kb max_used=2988Kb free=117273Kb
 bounds [0x00000000125d0000, 0x00000000128d0000, 0x0000000019b10000]
CodeHeap 'profiled nmethods': size=120000Kb used=8664Kb max_used=10720Kb free=111335Kb
 bounds [0x000000000b0a0000, 0x000000000bb20000, 0x00000000125d0000]
CodeHeap 'non-nmethods': size=5696Kb used=1359Kb max_used=1397Kb free=4336Kb
 bounds [0x000000000ab10000, 0x000000000ad80000, 0x000000000b0a0000]
 total_blobs=7952 nmethods=4597 adapters=713
 compilation: enabled
              stopped_count=0, restarted_count=0
 full_count=0

Compilation events (10 events):
Event: 86746.744 Thread 0x0000000021c09000 nmethod 5507 0x000000000b15ef10 code [0x000000000b15f0e0, 0x000000000b15f370]
Event: 86746.744 Thread 0x0000000021c09000 5503       3       sun.nio.ch.SelectorImpl::selectNow (7 bytes)
Event: 86746.744 Thread 0x0000000021c09000 nmethod 5503 0x000000000b155f10 code [0x000000000b1560c0, 0x000000000b156270]
Event: 86746.744 Thread 0x0000000021c09000 5505       3       io.netty.channel.nio.SelectedSelectionKeySetSelector::selectNow (15 bytes)
Event: 86746.745 Thread 0x0000000021c09000 nmethod 5505 0x000000000b16bc10 code [0x000000000b16be00, 0x000000000b16c160]
Event: 86746.750 Thread 0x0000000021bfc800 nmethod 5504 0x00000000126b6f90 code [0x00000000126b7140, 0x00000000126b76a8]
Event: 86746.750 Thread 0x0000000021bfc800 5506       4       sun.nio.ch.WindowsSelectorImpl::adjustThreadsCount (132 bytes)
Event: 86746.751 Thread 0x0000000021bfc800 nmethod 5506 0x00000000126b6c10 code [0x00000000126b6da0, 0x00000000126b6e78]
Event: 86747.177 Thread 0x0000000021bfc800 5508       4       java.util.Arrays::fill (28 bytes)
Event: 86747.186 Thread 0x0000000021bfc800 nmethod 5508 0x00000000126b6390 code [0x00000000126b6540, 0x00000000126b6a58]

GC Heap History (10 events):
Event: 79345.891 GC heap before
{Heap before GC invocations=42 (full 0):
 garbage-first heap   total 131072K, used 114643K [0x0000000081600000, 0x0000000100000000)
  region size 1024K, 71 young (72704K), 2 survivors (2048K)
 Metaspace       used 63470K, capacity 65607K, committed 65740K, reserved 1105920K
  class space    used 8182K, capacity 9154K, committed 9164K, reserved 1048576K
}
Event: 79345.897 GC heap after
{Heap after GC invocations=43 (full 0):
 garbage-first heap   total 131072K, used 44024K [0x0000000081600000, 0x0000000100000000)
  region size 1024K, 2 young (2048K), 2 survivors (2048K)
 Metaspace       used 63470K, capacity 65607K, committed 65740K, reserved 1105920K
  class space    used 8182K, capacity 9154K, committed 9164K, reserved 1048576K
}
Event: 80995.890 GC heap before
{Heap before GC invocations=43 (full 0):
 garbage-first heap   total 131072K, used 114680K [0x0000000081600000, 0x0000000100000000)
  region size 1024K, 71 young (72704K), 2 survivors (2048K)
 Metaspace       used 63470K, capacity 65607K, committed 65740K, reserved 1105920K
  class space    used 8182K, capacity 9154K, committed 9164K, reserved 1048576K
}
Event: 80995.896 GC heap after
{Heap after GC invocations=44 (full 0):
 garbage-first heap   total 131072K, used 43971K [0x0000000081600000, 0x0000000100000000)
  region size 1024K, 2 young (2048K), 2 survivors (2048K)
 Metaspace       used 63470K, capacity 65607K, committed 65740K, reserved 1105920K
  class space    used 8182K, capacity 9154K, committed 9164K, reserved 1048576K
}
Event: 82637.892 GC heap before
{Heap before GC invocations=44 (full 0):
 garbage-first heap   total 131072K, used 114627K [0x0000000081600000, 0x0000000100000000)
  region size 1024K, 71 young (72704K), 2 survivors (2048K)
 Metaspace       used 63470K, capacity 65607K, committed 65740K, reserved 1105920K
  class space    used 8182K, capacity 9154K, committed 9164K, reserved 1048576K
}
Event: 82637.898 GC heap after
{Heap after GC invocations=45 (full 0):
 garbage-first heap   total 131072K, used 44150K [0x0000000081600000, 0x0000000100000000)
  region size 1024K, 2 young (2048K), 2 survivors (2048K)
 Metaspace       used 63470K, capacity 65607K, committed 65740K, reserved 1105920K
  class space    used 8182K, capacity 9154K, committed 9164K, reserved 1048576K
}
Event: 84288.297 GC heap before
{Heap before GC invocations=45 (full 0):
 garbage-first heap   total 131072K, used 114806K [0x0000000081600000, 0x0000000100000000)
  region size 1024K, 71 young (72704K), 2 survivors (2048K)
 Metaspace       used 63470K, capacity 65607K, committed 65740K, reserved 1105920K
  class space    used 8182K, capacity 9154K, committed 9164K, reserved 1048576K
}
Event: 84288.303 GC heap after
{Heap after GC invocations=46 (full 0):
 garbage-first heap   total 131072K, used 44107K [0x0000000081600000, 0x0000000100000000)
  region size 1024K, 2 young (2048K), 2 survivors (2048K)
 Metaspace       used 63470K, capacity 65607K, committed 65740K, reserved 1105920K
  class space    used 8182K, capacity 9154K, committed 9164K, reserved 1048576K
}
Event: 85929.890 GC heap before
{Heap before GC invocations=46 (full 0):
 garbage-first heap   total 131072K, used 114763K [0x0000000081600000, 0x0000000100000000)
  region size 1024K, 71 young (72704K), 2 survivors (2048K)
 Metaspace       used 63470K, capacity 65607K, committed 65740K, reserved 1105920K
  class space    used 8182K, capacity 9154K, committed 9164K, reserved 1048576K
}
Event: 85929.896 GC heap after
{Heap after GC invocations=47 (full 0):
 garbage-first heap   total 131072K, used 44166K [0x0000000081600000, 0x0000000100000000)
  region size 1024K, 2 young (2048K), 2 survivors (2048K)
 Metaspace       used 63470K, capacity 65607K, committed 65740K, reserved 1105920K
  class space    used 8182K, capacity 9154K, committed 9164K, reserved 1048576K
}

Deoptimization events (10 events):
Event: 86744.658 Thread 0x0000000021d0a800 Uncommon trap: reason=unstable_if action=reinterpret pc=0x00000000125e8bf8 method=io.netty.util.concurrent.SingleThreadEventExecutor.isShuttingDown()Z @ 5 c2
Event: 86744.659 Thread 0x0000000023430000 Uncommon trap: reason=unstable_if action=reinterpret pc=0x00000000125d6b8c method=io.netty.util.internal.shaded.org.jctools.queues.BaseMpscLinkedArrayQueue.isEmpty()Z @ 9 c2
Event: 86744.659 Thread 0x0000000023430000 Uncommon trap: reason=unstable_if action=reinterpret pc=0x00000000125e0d78 method=io.netty.channel.DefaultSelectStrategy.calculateStrategy(Lio/netty/util/IntSupplier;Z)I @ 1 c2
Event: 86744.660 Thread 0x0000000023430800 Uncommon trap: reason=unstable_if action=reinterpret pc=0x00000000125dd9b4 method=io.netty.util.internal.shaded.org.jctools.queues.BaseMpscLinkedArrayQueue.isEmpty()Z @ 9 c2
Event: 86744.661 Thread 0x000000002342c000 Uncommon trap: reason=unstable_if action=reinterpret pc=0x00000000128af090 method=io.netty.util.internal.shaded.org.jctools.queues.BaseMpscLinkedArrayQueue.isEmpty()Z @ 9 c2
Event: 86744.760 Thread 0x00000000251ea800 Uncommon trap: reason=unstable_if action=reinterpret pc=0x0000000012646bcc method=org.neo4j.monitoring.VmPauseMonitor.monitor()V @ 17 c2
Event: 86745.197 Thread 0x0000000021d0a800 Uncommon trap: reason=bimorphic_or_optimized_type_check action=maybe_recompile pc=0x00000000127aa6f4 method=java.util.Collections$SetFromMap.remove(Ljava/lang/Object;)Z @ 5 c2
Event: 86745.197 Thread 0x0000000021d0a800 Uncommon trap: reason=bimorphic_or_optimized_type_check action=maybe_recompile pc=0x00000000127aa6f4 method=java.util.Collections$SetFromMap.remove(Ljava/lang/Object;)Z @ 5 c2
Event: 86745.197 Thread 0x0000000021d0a800 Uncommon trap: reason=bimorphic_or_optimized_type_check action=maybe_recompile pc=0x00000000127aa6f4 method=java.util.Collections$SetFromMap.remove(Ljava/lang/Object;)Z @ 5 c2
Event: 86745.216 Thread 0x0000000021d0a800 Uncommon trap: reason=bimorphic_or_optimized_type_check action=maybe_recompile pc=0x00000000127aa6f4 method=java.util.Collections$SetFromMap.remove(Ljava/lang/Object;)Z @ 5 c2

Classes redefined (0 events):
No events

Internal exceptions (10 events):
Event: 86740.214 Thread 0x00000000234eb800 Exception <a 'sun/nio/fs/WindowsException'{0x000000008720c7f0}> (0x000000008720c7f0) thrown at [t:/workspace/open/src/hotspot/share/prims/jni.cpp, line 615]
Event: 86740.214 Thread 0x00000000234eb800 Exception <a 'sun/nio/fs/WindowsException'{0x000000008720c860}> (0x000000008720c860) thrown at [t:/workspace/open/src/hotspot/share/prims/jni.cpp, line 615]
Event: 86740.381 Thread 0x000000000281a800 Exception <a 'java/lang/NoSuchMethodError'{0x00000000871238a8}: java.lang.invoke.DirectMethodHandle$Holder.invokeVirtual(Ljava/lang/Object;Ljava/lang/Object;J)V> (0x00000000871238a8) thrown at [t:/workspace/open/src/hotspot/share/interpreter/linkResolver.
Event: 86740.384 Thread 0x000000000281a800 Exception <a 'java/lang/NoSuchMethodError'{0x0000000087129930}: java.lang.invoke.DirectMethodHandle$Holder.invokeStatic(Ljava/lang/Object;Ljava/lang/Object;Ljava/lang/Object;ILjava/lang/Object;)V> (0x0000000087129930) thrown at [t:/workspace/open/src/hots
Event: 86741.160 Thread 0x000000000281a800 Exception <a 'java/lang/NoSuchMethodError'{0x0000000086afcc98}: java.lang.invoke.DirectMethodHandle$Holder.invokeStaticInit(Ljava/lang/Object;)V> (0x0000000086afcc98) thrown at [t:/workspace/open/src/hotspot/share/interpreter/linkResolver.cpp, line 772]
Event: 86741.233 Thread 0x000000000281a800 Exception <a 'java/lang/NoSuchMethodError'{0x000000008698d4d0}: java.lang.invoke.DirectMethodHandle$Holder.invokeSpecial(Ljava/lang/Object;Ljava/lang/Object;IIILjava/lang/Object;Ljava/lang/Object;J)Ljava/lang/Object;> (0x000000008698d4d0) thrown at [t:/wo
Event: 86741.233 Thread 0x000000000281a800 Exception <a 'java/lang/NoSuchMethodError'{0x00000000869909f8}: java.lang.invoke.DelegatingMethodHandle$Holder.reinvoke_L(Ljava/lang/Object;IIILjava/lang/Object;Ljava/lang/Object;J)Ljava/lang/Object;> (0x00000000869909f8) thrown at [t:/workspace/open/src/
Event: 86742.410 Thread 0x00000000234eb800 Exception <a 'sun/nio/fs/WindowsException'{0x000000008720c8d0}> (0x000000008720c8d0) thrown at [t:/workspace/open/src/hotspot/share/prims/jni.cpp, line 615]
Event: 86742.410 Thread 0x00000000234eb800 Exception <a 'sun/nio/fs/WindowsException'{0x000000008720c940}> (0x000000008720c940) thrown at [t:/workspace/open/src/hotspot/share/prims/jni.cpp, line 615]
Event: 86742.418 Thread 0x000000000281a800 Exception <a 'java/lang/NoSuchMethodError'{0x00000000865f5a68}: java.lang.invoke.DirectMethodHandle$Holder.invokeStaticInit(Ljava/lang/Object;Ljava/lang/Object;Ljava/lang/Object;Ljava/lang/Object;Ljava/lang/Object;)Ljava/lang/Object;> (0x00000000865f5a68)

Events (10 events):
Event: 86745.216 Thread 0x0000000021d0a800 DEOPT UNPACKING pc=0x000000000ab38f2f sp=0x000000002b29f178 mode 2
Event: 86745.216 Executing VM operation: RevokeBias
Event: 86745.217 Executing VM operation: RevokeBias done
Event: 86745.217 Thread 0x0000000021d0a800 Thread exited: 0x0000000021d0a800
Event: 86745.217 Executing VM operation: RevokeBias
Event: 86745.217 Executing VM operation: RevokeBias done
Event: 86745.218 Thread 0x0000000023432800 Thread exited: 0x0000000023432800
Event: 86745.712 Thread 0x0000000023434000 Thread added: 0x0000000023434000
Event: 86745.712 Thread 0x0000000023434000 Thread exited: 0x0000000023434000
Event: 86745.852 Thread 0x0000000023433000 Thread added: 0x0000000023433000


Dynamic libraries:
0x00007ff7575e0000 - 0x00007ff757600000 	D:\Fax\KONACNI NOSQL\neo4j-community-4.0.0\bin\tools\prunsrv-amd64.exe
0x00007ffab02e0000 - 0x00007ffab04d0000 	C:\WINDOWS\SYSTEM32\ntdll.dll
0x00007ffaaee00000 - 0x00007ffaaeeb2000 	C:\WINDOWS\System32\KERNEL32.DLL
0x00007ffaadd80000 - 0x00007ffaae023000 	C:\WINDOWS\System32\KERNELBASE.dll
0x00007ffaab320000 - 0x00007ffaab3af000 	C:\WINDOWS\SYSTEM32\apphelp.dll
0x00007ffaafe80000 - 0x00007ffaaff23000 	C:\WINDOWS\System32\ADVAPI32.dll
0x00007ffaaed30000 - 0x00007ffaaedce000 	C:\WINDOWS\System32\msvcrt.dll
0x00007ffaaf070000 - 0x00007ffaaf107000 	C:\WINDOWS\System32\sechost.dll
0x00007ffaaf600000 - 0x00007ffaaf720000 	C:\WINDOWS\System32\RPCRT4.dll
0x00007ffaae640000 - 0x00007ffaaed25000 	C:\WINDOWS\System32\SHELL32.dll
0x00007ffaae0f0000 - 0x00007ffaae1ea000 	C:\WINDOWS\System32\ucrtbase.dll
0x00007ffaad9f0000 - 0x00007ffaada3a000 	C:\WINDOWS\System32\cfgmgr32.dll
0x00007ffaaf550000 - 0x00007ffaaf5f9000 	C:\WINDOWS\System32\shcore.dll
0x00007ffaaf110000 - 0x00007ffaaf446000 	C:\WINDOWS\System32\combase.dll
0x00007ffaada40000 - 0x00007ffaadac0000 	C:\WINDOWS\System32\bcryptPrimitives.dll
0x00007ffaad270000 - 0x00007ffaad9f0000 	C:\WINDOWS\System32\windows.storage.dll
0x00007ffaae050000 - 0x00007ffaae0ee000 	C:\WINDOWS\System32\msvcp_win.dll
0x00007ffaad1b0000 - 0x00007ffaad1d3000 	C:\WINDOWS\System32\profapi.dll
0x00007ffaad220000 - 0x00007ffaad26a000 	C:\WINDOWS\System32\powrprof.dll
0x00007ffaad1a0000 - 0x00007ffaad1b0000 	C:\WINDOWS\System32\UMPDC.dll
0x00007ffaaffa0000 - 0x00007ffaafff2000 	C:\WINDOWS\System32\shlwapi.dll
0x00007ffaaf470000 - 0x00007ffaaf496000 	C:\WINDOWS\System32\GDI32.dll
0x00007ffaadbd0000 - 0x00007ffaadbf1000 	C:\WINDOWS\System32\win32u.dll
0x00007ffaae1f0000 - 0x00007ffaae384000 	C:\WINDOWS\System32\gdi32full.dll
0x00007ffaaf720000 - 0x00007ffaaf8b4000 	C:\WINDOWS\System32\USER32.dll
0x00007ffaad200000 - 0x00007ffaad211000 	C:\WINDOWS\System32\kernel.appcore.dll
0x00007ffaae030000 - 0x00007ffaae047000 	C:\WINDOWS\System32\cryptsp.dll
0x00007ffa93140000 - 0x00007ffa93c82000 	C:\Program Files\Java\jdk-11\bin\server\jvm.dll
0x00007ffab0230000 - 0x00007ffab0238000 	C:\WINDOWS\System32\PSAPI.DLL
0x00007ffa9ea80000 - 0x00007ffa9ea89000 	C:\WINDOWS\SYSTEM32\WSOCK32.dll
0x00007ffaaf000000 - 0x00007ffaaf06f000 	C:\WINDOWS\System32\WS2_32.dll
0x00007ffaa9bd0000 - 0x00007ffaa9bf4000 	C:\WINDOWS\SYSTEM32\WINMM.dll
0x00007ffaa4c40000 - 0x00007ffaa4c4a000 	C:\WINDOWS\SYSTEM32\VERSION.dll
0x00007ffa97f90000 - 0x00007ffa97fa5000 	C:\WINDOWS\SYSTEM32\VCRUNTIME140.dll
0x00007ffaa9ba0000 - 0x00007ffaa9bcd000 	C:\WINDOWS\SYSTEM32\WINMMBASE.dll
0x00007ffa92b90000 - 0x00007ffa92ba1000 	C:\Program Files\Java\jdk-11\bin\verify.dll
0x00007ffaa2be0000 - 0x00007ffaa2dd4000 	C:\WINDOWS\SYSTEM32\DBGHELP.DLL
0x00007ffaa2a60000 - 0x00007ffaa2a8a000 	C:\WINDOWS\SYSTEM32\dbgcore.DLL
0x00007ffa92b60000 - 0x00007ffa92b89000 	C:\Program Files\Java\jdk-11\bin\java.dll
0x00007ffa92ae0000 - 0x00007ffa92af6000 	C:\Program Files\Java\jdk-11\bin\zip.dll
0x00007ffa92ad0000 - 0x00007ffa92ada000 	C:\Program Files\Java\jdk-11\bin\jimage.dll
0x00007ffa912a0000 - 0x00007ffa912b9000 	C:\Program Files\Java\jdk-11\bin\net.dll
0x00007ffaa7ee0000 - 0x00007ffaa7fd1000 	C:\WINDOWS\SYSTEM32\WINHTTP.dll
0x00007ffaaca10000 - 0x00007ffaaca77000 	C:\WINDOWS\system32\mswsock.dll
0x00007ffa91280000 - 0x00007ffa91293000 	C:\Program Files\Java\jdk-11\bin\nio.dll
0x00007ffa992a0000 - 0x00007ffa992a9000 	C:\Program Files\Java\jdk-11\bin\management.dll
0x00007ffa99290000 - 0x00007ffa9929c000 	C:\Program Files\Java\jdk-11\bin\management_ext.dll
0x00007ffa96430000 - 0x00007ffa96446000 	C:\WINDOWS\system32\napinsp.dll
0x00007ffa96410000 - 0x00007ffa9642a000 	C:\WINDOWS\system32\pnrpnsp.dll
0x00007ffaac760000 - 0x00007ffaac82a000 	C:\WINDOWS\SYSTEM32\DNSAPI.dll
0x00007ffaaf460000 - 0x00007ffaaf468000 	C:\WINDOWS\System32\NSI.dll
0x00007ffaac720000 - 0x00007ffaac75a000 	C:\WINDOWS\SYSTEM32\IPHLPAPI.DLL
0x00007ffa973b0000 - 0x00007ffa973be000 	C:\WINDOWS\System32\winrnr.dll
0x00007ffaa9c00000 - 0x00007ffaa9c1c000 	C:\WINDOWS\system32\NLAapi.dll
0x00007ffa963f0000 - 0x00007ffa96405000 	C:\WINDOWS\system32\wshbth.dll
0x00007ffa9d9a0000 - 0x00007ffa9d9aa000 	C:\Windows\System32\rasadhlp.dll
0x00007ffaa05c0000 - 0x00007ffaa0637000 	C:\WINDOWS\System32\fwpuclnt.dll
0x00007ffaadc00000 - 0x00007ffaadc26000 	C:\WINDOWS\System32\bcrypt.dll
0x00007ffaa2ba0000 - 0x00007ffaa2bb6000 	C:\WINDOWS\SYSTEM32\dhcpcsvc6.DLL
0x00007ffaa2b60000 - 0x00007ffaa2b7c000 	C:\WINDOWS\SYSTEM32\dhcpcsvc.DLL
0x00007ffaac580000 - 0x00007ffaac5b3000 	C:\WINDOWS\system32\rsaenh.dll
0x00007ffaacbe0000 - 0x00007ffaacbec000 	C:\WINDOWS\SYSTEM32\CRYPTBASE.dll

dbghelp: loaded successfully - version: 4.0.5 - missing functions: none
symbol engine: initialized successfully - sym options: 0x614 - pdb path: .;D:\Fax\KONACNI NOSQL\neo4j-community-4.0.0\bin\tools;C:\WINDOWS\SYSTEM32;C:\Program Files\Java\jdk-11\bin\server;C:\Program Files\Java\jdk-11\bin

VM Arguments:
jvm_args: -XX:+UnlockExperimentalVMOptions -XX:-OmitStackTraceInFastThrow -XX:+TrustFinalNonStaticFields -Dio.netty.tryReflectionSetAccessible=true -Dfile.encoding=UTF-8 -XX:+AlwaysPreTouch -Djdk.tls.ephemeralDHKeySize=2048 -Djdk.nio.maxCachedBufferSize=262144 -XX:+DisableExplicitGC -XX:+UseG1GC -Djdk.tls.rejectClientInitiatedRenegotiation=true exit abort 
java_command: <unknown>
java_class_path (initial): lib/activation-1.1.1.jar;lib/annotations-4.0.0.jar;lib/bcpkix-jdk15on-1.63.jar;lib/bcprov-jdk15on-1.63.jar;lib/caffeine-2.8.0.jar;lib/commons-beanutils-1.9.4.jar;lib/commons-collections-3.2.2.jar;lib/commons-compress-1.19.jar;lib/commons-configuration-1.10.jar;lib/commons-io-2.6.jar;lib/commons-lang-2.6.jar;lib/commons-lang3-3.9.jar;lib/commons-logging-1.2.jar;lib/commons-text-1.7.jar;lib/eclipse-collections-10.0.0.jar;lib/eclipse-collections-api-10.0.0.jar;lib/FastInfoset-1.2.16.jar;lib/hk2-api-2.5.0.jar;lib/hk2-locator-2.5.0.jar;lib/hk2-utils-2.5.0.jar;lib/istack-commons-runtime-3.0.8.jar;lib/jackson-annotations-2.10.0.jar;lib/jackson-core-2.10.0.jar;lib/jackson-databind-2.10.0.jar;lib/jackson-jaxrs-base-2.10.0.jar;lib/jackson-jaxrs-json-provider-2.10.0.jar;lib/jackson-module-jaxb-annotations-2.10.0.jar;lib/jakarta.activation-1.2.1.jar;lib/jakarta.activation-api-1.2.1.jar;lib/jakarta.annotation-api-1.3.4.jar;lib/jakarta.inject-2.5.0.jar;lib/jakarta.ws.rs-api-2.1.5.jar;lib/jakarta.xml.bind-api-2.3.2.jar;lib/javassist-3.22.0-CR2.jar;lib/javax.servlet-api-3.1.0.jar;lib/javax.ws.rs-api-2.1.1.jar;lib/jaxb-api-2.3.0.jar;lib/jaxb-runtime-2.3.2.jar;lib/jctools-core-2.1.2.jar;lib/jersey-client-2.29.jar;lib/jersey-common-2.29.jar;lib/jersey-container-servlet-2.29.jar;lib/jersey-container-servlet-core-2.29.jar;lib/jersey-hk2-2.29.jar;lib/jersey-media-jaxb-2.29.jar;lib/jersey-server-2.29.jar;lib/jetty-http-9.4.17.v20190418.jar;lib/jetty-io-9.4.17.v20190418.jar;lib/jetty-security-9.4.17.v20190418.jar;lib/jetty-server-9.4.17.v20190418.jar;lib/jetty-servlet-9.4.17.v20190418.jar;lib/jetty-util-9.4.17.v20190418.jar;lib/jetty-webapp-9.4.17.v20190418.jar;lib/jetty-xml-9.4.17.v20190418.jar;lib/jna-5.4.0.jar;lib/jPowerShell-3.0.jar;lib/jProcesses-1.6.5.jar;lib/lucene-analyzers-common-8.2.0.jar;lib/lucene-codecs-8.2.0.jar;lib/lucene-core-8.2.0.jar;lib/lucene-queryparser-8.2.0.jar;lib/neo4j-4.0.0.jar;lib/neo4j-ast-4.0-4.0.0.jar;lib/neo4j-batch-insert-4.0.0.j
Launcher Type: generic

[Global flags]
     bool AlwaysPreTouch                           = true                                      {product} {command line}
     intx CICompilerCount                          = 3                                         {product} {ergonomic}
     uint ConcGCThreads                            = 1                                         {product} {ergonomic}
     bool DisableExplicitGC                        = true                                      {product} {command line}
     uint G1ConcRefinementThreads                  = 4                                         {product} {ergonomic}
   size_t G1HeapRegionSize                         = 1048576                                   {product} {ergonomic}
    uintx GCDrainStackTargetSize                   = 64                                        {product} {ergonomic}
   size_t InitialHeapSize                          = 134217728                                 {product} {ergonomic}
   size_t MarkStackSize                            = 4194304                                   {product} {ergonomic}
   size_t MaxHeapSize                              = 2124414976                                {product} {ergonomic}
   size_t MaxNewSize                               = 1274019840                                {product} {ergonomic}
   size_t MinHeapDeltaBytes                        = 1048576                                   {product} {ergonomic}
    uintx NonNMethodCodeHeapSize                   = 5830092                                {pd product} {ergonomic}
    uintx NonProfiledCodeHeapSize                  = 122914074                              {pd product} {ergonomic}
     bool OmitStackTraceInFastThrow                = false                                     {product} {command line}
    uintx ProfiledCodeHeapSize                     = 122914074                              {pd product} {ergonomic}
    uintx ReservedCodeCacheSize                    = 251658240                              {pd product} {ergonomic}
     bool SegmentedCodeCache                       = true                                      {product} {ergonomic}
     bool TrustFinalNonStaticFields                = true                                 {experimental} {command line}
     bool UnlockExperimentalVMOptions              = true                                 {experimental} {command line}
     bool UseCompressedClassPointers               = true                                 {lp64_product} {ergonomic}
     bool UseCompressedOops                        = true                                 {lp64_product} {ergonomic}
     bool UseFastUnorderedTimeStamps               = true                                 {experimental} {ergonomic}
     bool UseG1GC                                  = true                                      {product} {command line}
     bool UseLargePagesIndividualAllocation        = false                                  {pd product} {ergonomic}

Logging:
Log output configuration:
 #0: stdout all=warning uptime,level,tags
 #1: stderr all=off uptime,level,tags

Environment Variables:
PATH=C:\Program Files\Java\jdk-11\bin;C:\Program Files\Java\jdk-11\bin;C:\WINDOWS\system32;C:\WINDOWS;C:\WINDOWS\System32\Wbem;C:\WINDOWS\System32\WindowsPowerShell\v1.0\;C:\Program Files (x86)\NVIDIA Corporation\PhysX\Common;C:\Program Files (x86)\Microsoft SQL Server\100\Tools\Binn\;C:\Program Files\Microsoft SQL Server\100\Tools\Binn\;C:\Program Files\Microsoft SQL Server\100\DTS\Binn\;C:\WINDOWS\system32;C:\WINDOWS;C:\WINDOWS\System32\Wbem;C:\WINDOWS\System32\WindowsPowerShell\v1.0\;C:\WINDOWS\System32\OpenSSH\;C:\Program Files\NVIDIA Corporation\NVIDIA NvDLISR;C:\Program Files\PuTTY\;C:\Program Files\nodejs\;C:\Program Files (x86)\Common Files\Acronis\VirtualFile\;C:\Program Files (x86)\Common Files\Acronis\VirtualFile64\;C:\Program Files (x86)\Common Files\Acronis\SnapAPI\;C:\Program Files\Crucial\Crucial Storage Executive;C:\WINDOWS\system32\config\systemprofile\AppData\Local\Microsoft\WindowsApps
USERNAME=JELENA-PC$
OS=Windows_NT
PROCESSOR_IDENTIFIER=Intel64 Family 6 Model 78 Stepping 3, GenuineIntel



---------------  S Y S T E M  ---------------

OS: Windows 10 , 64 bit Build 18362 (10.0.18362.329)

CPU:total 4 (initial active 4) (2 cores per cpu, 2 threads per core) family 6 model 78 stepping 3, cmov, cx8, fxsr, mmx, sse, sse2, sse3, ssse3, sse4.1, sse4.2, popcnt, avx, avx2, aes, clmul, erms, rtm, 3dnowpref, lzcnt, ht, tsc, tscinvbit, bmi1, bmi2, adx, fma

Memory: 4k page, system-wide physical 8098M (5430M free)
TotalPageFile size 9760M (AvailPageFile size 6780M)
current process WorkingSet (physical memory assigned to process): 172M, peak: 331M
current process commit charge ("private bytes"): 314M, peak: 361M

vm_info: Java HotSpot(TM) 64-Bit Server VM (11+28) for windows-amd64 JRE (11+28), built on Aug 23 2018 03:03:59 by "mach5one" with MS VC++ 15.5 (VS2017)

END.
