#
# A fatal error has been detected by the Java Runtime Environment:
#
#  EXCEPTION_ACCESS_VIOLATION (0xc0000005) at pc=0x00007ffbf6645ed0, pid=5264, tid=8960
#
# JRE version: Java(TM) SE Runtime Environment (11.0+28) (build 11+28)
# Java VM: Java HotSpot(TM) 64-Bit Server VM (11+28, mixed mode, tiered, compressed oops, g1 gc, windows-amd64)
# Problematic frame:
# V  [jvm.dll+0x2e5ed0]
#
# No core dump will be written. Minidumps are not enabled by default on client versions of Windows
#
# If you would like to submit a bug report, please visit:
#   http://bugreport.java.com/bugreport/crash.jsp
#

---------------  S U M M A R Y ------------

Command Line: -XX:+UnlockExperimentalVMOptions -XX:-OmitStackTraceInFastThrow -XX:+TrustFinalNonStaticFields -Dio.netty.tryReflectionSetAccessible=true -Dfile.encoding=UTF-8 -XX:+AlwaysPreTouch -Djdk.tls.ephemeralDHKeySize=2048 -Djdk.nio.maxCachedBufferSize=262144 -XX:+DisableExplicitGC -XX:+UseG1GC -Djdk.tls.rejectClientInitiatedRenegotiation=true exit abort 

Host: Intel(R) Core(TM) i3-6100U CPU @ 2.30GHz, 4 cores, 7G,  Windows 10 , 64 bit Build 18362 (10.0.18362.752)
Time: Fri Apr  3 19:39:09 2020 Central Europe Daylight Time elapsed time: 599324 seconds (6d 22h 28m 44s)

---------------  T H R E A D  ---------------

Current thread (0x00000000232c5000):  GCTaskThread "GC Thread#3" [stack: 0x0000000029cb0000,0x0000000029db0000] [id=8960]

Stack: [0x0000000029cb0000,0x0000000029db0000],  sp=0x0000000029dae180,  free space=1016k
Native frames: (J=compiled Java code, j=interpreted, Vv=VM code, C=native code)
V  [jvm.dll+0x2e5ed0]
V  [jvm.dll+0x73ca98]
V  [jvm.dll+0x6a267d]
V  [jvm.dll+0x73d37c]
V  [jvm.dll+0x6a36f4]
V  [jvm.dll+0x7ab4f0]
V  [jvm.dll+0x63b2c2]
C  [ucrtbase.dll+0x20e72]
C  [KERNEL32.DLL+0x17bd4]
C  [ntdll.dll+0x6ced1]


siginfo: EXCEPTION_ACCESS_VIOLATION (0xc0000005), reading address 0x00000000022eea88


Register to memory mapping:

RIP=0x00007ffbf6645ed0 jvm.dll
RAX=0x00000000022eea20 is pointing into the stack for thread: 0x0000000002b41000
RBX=0x0000000029dae1e0 points into unknown readable memory
RCX=0x000000000000000e is an unknown value
RDX=0x00000000129de590 is at entry_point+-432 in (nmethod*)0x00000000129de590
RSP=0x0000000029dae180 points into unknown readable memory
RBP=0x00000000022eea90 is pointing into the stack for thread: 0x0000000002b41000
RSI=0x0000000029dae240 points into unknown readable memory
RDI=0x0000000029dae210 points into unknown readable memory
R8 =0x0000000029dae240 points into unknown readable memory
R9 =0x00000000023e0000 points into unknown readable memory
R10=0x0000000012900000 points into unknown readable memory
R11=0x0000000000000246 is an unknown value
R12=0x000000000000001a is an unknown value
R13=0x0000000000000001 is an unknown value
R14=0x0000000002b41000 is a thread
R15=0x0000000021cef748 points into unknown readable memory


Registers:
RAX=0x00000000022eea20, RBX=0x0000000029dae1e0, RCX=0x000000000000000e, RDX=0x00000000129de590
RSP=0x0000000029dae180, RBP=0x00000000022eea90, RSI=0x0000000029dae240, RDI=0x0000000029dae210
R8 =0x0000000029dae240, R9 =0x00000000023e0000, R10=0x0000000012900000, R11=0x0000000000000246
R12=0x000000000000001a, R13=0x0000000000000001, R14=0x0000000002b41000, R15=0x0000000021cef748
RIP=0x00007ffbf6645ed0, EFLAGS=0x0000000000010202

Top of Stack: (sp=0x0000000029dae180)
0x0000000029dae180:   00000000022eea20 00007ffbf66440af
0x0000000029dae190:   00000000129de590 0000000000000000
0x0000000029dae1a0:   0000000021cef748 0000000000000000
0x0000000029dae1b0:   00007ffbf6d83fe8 00007ffbf6a9ca98
0x0000000029dae1c0:   0000000000000001 0000000002b41000
0x0000000029dae1d0:   0000000021cef748 0000000000000000
0x0000000029dae1e0:   00000000021ef2e0 000000000ae40a90
0x0000000029dae1f0:   000000000ae40910 0000000000000000
0x0000000029dae200:   00000000021ef4d0 00000000021ef2e0
0x0000000029dae210:   00000000022eea20 00000000129de77b
0x0000000029dae220:   00000000129de590 0000000000000000
0x0000000029dae230:   0000000000000000 00000000022eea20
0x0000000029dae240:   000000002d3de4b8 000000002d3de4bc
0x0000000029dae250:   000000002d3de4b0 000000002d3de4b4
0x0000000029dae260:   000000002d3de4a8 000000002d3de4ac
0x0000000029dae270:   000000002d3de4a0 000000002d3de4a4 

Instructions: (pc=0x00007ffbf6645ed0)
0x00007ffbf6645eb0:   d2 0f 84 8c 00 00 00 41 80 b8 20 12 00 00 00 48
0x00007ffbf6645ec0:   63 4a 1c 48 8b 47 28 48 8d 2c c8 4c 89 7c 24 50
0x00007ffbf6645ed0:   4c 8b 7d f8 74 2d 0f b6 42 58 41 88 80 10 12 00
0x00007ffbf6645ee0:   00 48 8b 47 10 48 83 78 50 00 74 0b 48 8b d6 48 



---------------  P R O C E S S  ---------------

Threads class SMR info:
_java_thread_list=0x000000002ca4e460, length=26, elements={
0x0000000002b41000, 0x00000000211d7800, 0x00000000211d8800, 0x00000000211e5800,
0x00000000211e7800, 0x000000002203b800, 0x000000002203f000, 0x000000002207b000,
0x00000000221e6000, 0x00000000221e8800, 0x000000002325f800, 0x000000002372d000,
0x00000000234e3800, 0x0000000023059000, 0x0000000027e2a800, 0x0000000023acd000,
0x000000002594d800, 0x0000000025954000, 0x0000000025955000, 0x0000000025952800,
0x0000000025950000, 0x0000000025953000, 0x0000000025950800, 0x000000002594f000,
0x000000002594e000, 0x0000000025951800
}

Java Threads: ( => current thread )
  0x0000000002b41000 JavaThread "main" [_thread_blocked, id=6280, stack(0x00000000021f0000,0x00000000022f0000)]
  0x00000000211d7800 JavaThread "Reference Handler" daemon [_thread_blocked, id=6532, stack(0x0000000021cf0000,0x0000000021df0000)]
  0x00000000211d8800 JavaThread "Finalizer" daemon [_thread_blocked, id=6536, stack(0x0000000021df0000,0x0000000021ef0000)]
  0x00000000211e5800 JavaThread "Signal Dispatcher" daemon [_thread_blocked, id=6560, stack(0x00000000223f0000,0x00000000224f0000)]
  0x00000000211e7800 JavaThread "Attach Listener" daemon [_thread_blocked, id=6564, stack(0x00000000224f0000,0x00000000225f0000)]
  0x000000002203b800 JavaThread "C2 CompilerThread0" daemon [_thread_blocked, id=6568, stack(0x00000000225f0000,0x00000000226f0000)]
  0x000000002203f000 JavaThread "C1 CompilerThread0" daemon [_thread_blocked, id=6576, stack(0x00000000226f0000,0x00000000227f0000)]
  0x000000002207b000 JavaThread "Sweeper thread" daemon [_thread_blocked, id=6584, stack(0x00000000227f0000,0x00000000228f0000)]
  0x00000000221e6000 JavaThread "Service Thread" daemon [_thread_blocked, id=6712, stack(0x00000000228f0000,0x00000000229f0000)]
  0x00000000221e8800 JavaThread "Common-Cleaner" daemon [_thread_blocked, id=6752, stack(0x0000000022af0000,0x0000000022bf0000)]
  0x000000002325f800 JavaThread "neo4j.Scheduler-1" daemon [_thread_blocked, id=7404, stack(0x00000000246c0000,0x00000000247c0000)]
  0x000000002372d000 JavaThread "Cleaner-0" daemon [_thread_blocked, id=7408, stack(0x0000000026200000,0x0000000026300000)]
  0x00000000234e3800 JavaThread "FileSystemWatchService" daemon [_thread_in_native, id=7764, stack(0x00000000270e0000,0x00000000271e0000)]
  0x0000000023059000 JavaThread "MuninnPageCache[1]-EvictionTask" daemon [_thread_blocked, id=7804, stack(0x00000000271e0000,0x00000000272e0000)]
  0x0000000027e2a800 JavaThread "neo4j.VmPauseMonitor-1" daemon [_thread_blocked, id=8004, stack(0x00000000296b0000,0x00000000297b0000)]
  0x0000000023acd000 JavaThread "neo4j.ServerTransactionTimeout-13" daemon [_thread_blocked, id=15528, stack(0x0000000030020000,0x0000000030120000)]
  0x000000002594d800 JavaThread "neo4j.StorageMaintenance-42" daemon [_thread_blocked, id=13976, stack(0x000000002a9e0000,0x000000002aae0000)]
  0x0000000025954000 JavaThread "neo4j.TransactionTimeoutMonitor-35" daemon [_thread_blocked, id=4332, stack(0x000000002ade0000,0x000000002aee0000)]
  0x0000000025955000 JavaThread "neo4j.IndexSampling-32" daemon [_thread_blocked, id=1120, stack(0x000000002b660000,0x000000002b760000)]
  0x0000000025952800 JavaThread "neo4j.CheckPoint-141" daemon [_thread_blocked, id=3764, stack(0x00000000245c0000,0x00000000246c0000)]
  0x0000000025950000 JavaThread "neo4j.BoltNetworkIO-4" [_thread_blocked, id=15380, stack(0x0000000001ef0000,0x0000000001ff0000)]
  0x0000000025953000 JavaThread "neo4j.BoltNetworkIO-5" [_thread_blocked, id=6484, stack(0x00000000020f0000,0x00000000021f0000)]
  0x0000000025950800 JavaThread "neo4j.BoltNetworkIO-6" [_thread_blocked, id=4772, stack(0x00000000272e0000,0x00000000273e0000)]
  0x000000002594f000 JavaThread "neo4j.BoltNetworkIO-7" [_thread_blocked, id=11860, stack(0x00000000291b0000,0x00000000292b0000)]
  0x000000002594e000 JavaThread "neo4j.BoltNetworkIO-8" [_thread_blocked, id=928, stack(0x00000000292b0000,0x00000000293b0000)]
  0x0000000025951800 JavaThread "DestroyJavaVM" [_thread_blocked, id=10776, stack(0x0000000001530000,0x0000000001630000)]

Other Threads:
  0x00000000211b2800 VMThread "VM Thread" [stack: 0x0000000021bf0000,0x0000000021cf0000] [id=6508]
  0x00000000221ec000 WatcherThread [stack: 0x00000000229f0000,0x0000000022af0000] [id=6728]
  0x0000000002b55000 GCTaskThread "GC Thread#0" [stack: 0x00000000024d0000,0x00000000025d0000] [id=6384]
  0x000000002322e000 GCTaskThread "GC Thread#1" [stack: 0x00000000243c0000,0x00000000244c0000] [id=5188]
  0x00000000232c4000 GCTaskThread "GC Thread#2" [stack: 0x00000000244c0000,0x00000000245c0000] [id=5140]
=>0x00000000232c5000 GCTaskThread "GC Thread#3" [stack: 0x0000000029cb0000,0x0000000029db0000] [id=8960]
  0x0000000002b87800 ConcurrentGCThread "G1 Main Marker" [stack: 0x000000001e9a0000,0x000000001eaa0000] [id=6388]
  0x0000000002b89000 ConcurrentGCThread "G1 Conc#0" [stack: 0x000000001eaa0000,0x000000001eba0000] [id=6392]
  0x000000002101e800 ConcurrentGCThread "G1 Refine#0" [stack: 0x00000000211f0000,0x00000000212f0000] [id=6448]
  0x000000002101f800 ConcurrentGCThread "G1 Young RemSet Sampling" [stack: 0x00000000212f0000,0x00000000213f0000] [id=6452]

Threads with active compile tasks:

VM state:at safepoint (normal execution)

VM Mutex/Monitor currently owned by a thread:  ([mutex/lock_event])
[0x0000000002b3c700] Safepoint_lock - owner thread: 0x00000000211b2800
[0x0000000002b3cdc0] Threads_lock - owner thread: 0x00000000211b2800

Heap address: 0x0000000081600000, size: 2026 MB, Compressed Oops mode: 32-bit
Narrow klass base: 0x0000000000000000, Narrow klass shift: 3
Compressed class space size: 1073741824 Address: 0x0000000100000000

Heap:
 garbage-first heap   total 131072K, used 102849K [0x0000000081600000, 0x0000000100000000)
  region size 1024K, 13 young (13312K), 1 survivors (1024K)
 Metaspace       used 67169K, capacity 69159K, committed 70144K, reserved 1110016K
  class space    used 8612K, capacity 9474K, committed 9804K, reserved 1048576K
Heap Regions: E=young(eden), S=young(survivor), O=old, HS=humongous(starts), HC=humongous(continues), CS=collection set, F=free, A=archive, TAMS=top-at-mark-start (previous, next)
|   0|0x0000000081600000, 0x0000000081700000, 0x0000000081700000|100%| O|  |TAMS 0x0000000081700000, 0x0000000081600000| Untracked 
|   1|0x0000000081700000, 0x0000000081800000, 0x0000000081800000|100%| O|  |TAMS 0x0000000081800000, 0x0000000081700000| Untracked 
|   2|0x0000000081800000, 0x0000000081900000, 0x0000000081900000|100%| O|  |TAMS 0x0000000081900000, 0x0000000081800000| Untracked 
|   3|0x0000000081900000, 0x0000000081a00000, 0x0000000081a00000|100%| O|  |TAMS 0x0000000081a00000, 0x0000000081900000| Untracked 
|   4|0x0000000081a00000, 0x0000000081b00000, 0x0000000081b00000|100%| O|  |TAMS 0x0000000081b00000, 0x0000000081a00000| Untracked 
|   5|0x0000000081b00000, 0x0000000081c00000, 0x0000000081c00000|100%| O|  |TAMS 0x0000000081c00000, 0x0000000081b00000| Untracked 
|   6|0x0000000081c00000, 0x0000000081d00000, 0x0000000081d00000|100%| O|  |TAMS 0x0000000081d00000, 0x0000000081c00000| Complete 
|   7|0x0000000081d00000, 0x0000000081e00000, 0x0000000081e00000|100%| O|  |TAMS 0x0000000081e00000, 0x0000000081d00000| Complete 
|   8|0x0000000081e00000, 0x0000000081f00000, 0x0000000081f00000|100%| O|  |TAMS 0x0000000081f00000, 0x0000000081e00000| Untracked 
|   9|0x0000000081f00000, 0x0000000082000000, 0x0000000082000000|100%| O|  |TAMS 0x0000000082000000, 0x0000000081f00000| Complete 
|  10|0x0000000082000000, 0x0000000082100000, 0x0000000082100000|100%| O|  |TAMS 0x0000000082100000, 0x0000000082000000| Untracked 
|  11|0x0000000082100000, 0x0000000082200000, 0x0000000082200000|100%| O|  |TAMS 0x0000000082200000, 0x0000000082100000| Complete 
|  12|0x0000000082200000, 0x0000000082300000, 0x0000000082300000|100%| O|  |TAMS 0x0000000082300000, 0x0000000082200000| Untracked 
|  13|0x0000000082300000, 0x0000000082400000, 0x0000000082400000|100%| O|  |TAMS 0x0000000082400000, 0x0000000082300000| Complete 
|  14|0x0000000082400000, 0x0000000082500000, 0x0000000082500000|100%| O|  |TAMS 0x0000000082500000, 0x0000000082400000| Complete 
|  15|0x0000000082500000, 0x0000000082600000, 0x0000000082600000|100%| O|  |TAMS 0x0000000082600000, 0x0000000082500000| Untracked 
|  16|0x0000000082600000, 0x0000000082700000, 0x0000000082700000|100%| O|  |TAMS 0x0000000082700000, 0x0000000082600000| Untracked 
|  17|0x0000000082700000, 0x0000000082800000, 0x0000000082800000|100%| O|  |TAMS 0x0000000082800000, 0x0000000082700000| Untracked 
|  18|0x0000000082800000, 0x0000000082900000, 0x0000000082900000|100%| O|  |TAMS 0x0000000082900000, 0x0000000082800000| Untracked 
|  19|0x0000000082900000, 0x0000000082a00000, 0x0000000082a00000|100%| O|  |TAMS 0x0000000082a00000, 0x0000000082900000| Untracked 
|  20|0x0000000082a00000, 0x0000000082b00000, 0x0000000082b00000|100%| O|  |TAMS 0x0000000082b00000, 0x0000000082a00000| Untracked 
|  21|0x0000000082b00000, 0x0000000082c00000, 0x0000000082c00000|100%| O|  |TAMS 0x0000000082c00000, 0x0000000082b00000| Complete 
|  22|0x0000000082c00000, 0x0000000082d00000, 0x0000000082d00000|100%| O|  |TAMS 0x0000000082d00000, 0x0000000082c00000| Complete 
|  23|0x0000000082d00000, 0x0000000082e00000, 0x0000000082e00000|100%| O|  |TAMS 0x0000000082e00000, 0x0000000082d00000| Complete 
|  24|0x0000000082e00000, 0x0000000082f00000, 0x0000000082f00000|100%| O|  |TAMS 0x0000000082f00000, 0x0000000082e00000| Complete 
|  25|0x0000000082f00000, 0x0000000083000000, 0x0000000083000000|100%| O|  |TAMS 0x0000000083000000, 0x0000000082f00000| Complete 
|  26|0x0000000083000000, 0x0000000083100000, 0x0000000083100000|100%| O|  |TAMS 0x0000000083100000, 0x0000000083000000| Complete 
|  27|0x0000000083100000, 0x0000000083200000, 0x0000000083200000|100%| O|  |TAMS 0x0000000083200000, 0x0000000083100000| Complete 
|  28|0x0000000083200000, 0x0000000083300000, 0x0000000083300000|100%| O|  |TAMS 0x0000000083300000, 0x0000000083200000| Complete 
|  29|0x0000000083300000, 0x0000000083400000, 0x0000000083400000|100%| O|  |TAMS 0x0000000083400000, 0x0000000083300000| Complete 
|  30|0x0000000083400000, 0x0000000083500000, 0x0000000083500000|100%| O|  |TAMS 0x0000000083500000, 0x0000000083400000| Complete 
|  31|0x0000000083500000, 0x0000000083600000, 0x0000000083600000|100%| O|  |TAMS 0x0000000083600000, 0x0000000083500000| Complete 
|  32|0x0000000083600000, 0x0000000083700000, 0x0000000083700000|100%| O|  |TAMS 0x0000000083700000, 0x0000000083600000| Complete 
|  33|0x0000000083700000, 0x0000000083800000, 0x0000000083800000|100%| O|  |TAMS 0x0000000083800000, 0x0000000083700000| Complete 
|  34|0x0000000083800000, 0x0000000083900000, 0x0000000083900000|100%| O|  |TAMS 0x0000000083900000, 0x0000000083800000| Untracked 
|  35|0x0000000083900000, 0x0000000083a00000, 0x0000000083a00000|100%| O|  |TAMS 0x0000000083a00000, 0x0000000083900000| Complete 
|  36|0x0000000083a00000, 0x0000000083b00000, 0x0000000083b00000|100%| O|  |TAMS 0x0000000083b00000, 0x0000000083a00000| Complete 
|  37|0x0000000083b00000, 0x0000000083c00000, 0x0000000083c00000|100%| O|  |TAMS 0x0000000083c00000, 0x0000000083b00000| Complete 
|  38|0x0000000083c00000, 0x0000000083d00000, 0x0000000083d00000|100%| O|  |TAMS 0x0000000083d00000, 0x0000000083c00000| Complete 
|  39|0x0000000083d00000, 0x0000000083e00000, 0x0000000083e00000|100%| O|  |TAMS 0x0000000083e00000, 0x0000000083d00000| Complete 
|  40|0x0000000083e00000, 0x0000000083f00000, 0x0000000083f00000|100%| O|  |TAMS 0x0000000083f00000, 0x0000000083e00000| Complete 
|  41|0x0000000083f00000, 0x0000000084000000, 0x0000000084000000|100%| O|  |TAMS 0x0000000084000000, 0x0000000083f00000| Complete 
|  42|0x0000000084000000, 0x0000000084100000, 0x0000000084100000|100%| O|  |TAMS 0x0000000084100000, 0x0000000084000000| Complete 
|  43|0x0000000084100000, 0x0000000084200000, 0x0000000084200000|100%| O|  |TAMS 0x0000000084200000, 0x0000000084100000| Untracked 
|  44|0x0000000084200000, 0x0000000084300000, 0x0000000084300000|100%| O|  |TAMS 0x0000000084300000, 0x0000000084200000| Complete 
|  45|0x0000000084300000, 0x0000000084400000, 0x0000000084400000|100%| O|  |TAMS 0x0000000084400000, 0x0000000084300000| Untracked 
|  46|0x0000000084400000, 0x0000000084500000, 0x0000000084500000|100%| O|  |TAMS 0x0000000084500000, 0x0000000084400000| Untracked 
|  47|0x0000000084500000, 0x0000000084600000, 0x0000000084600000|100%| O|  |TAMS 0x0000000084600000, 0x0000000084500000| Untracked 
|  48|0x0000000084600000, 0x0000000084700000, 0x0000000084700000|100%| O|  |TAMS 0x0000000084700000, 0x0000000084600000| Untracked 
|  49|0x0000000084700000, 0x0000000084800000, 0x0000000084800000|100%| O|  |TAMS 0x0000000084800000, 0x0000000084700000| Untracked 
|  50|0x0000000084800000, 0x0000000084900000, 0x0000000084900000|100%| O|  |TAMS 0x0000000084900000, 0x0000000084800000| Untracked 
|  51|0x0000000084900000, 0x0000000084a00000, 0x0000000084a00000|100%| O|  |TAMS 0x0000000084a00000, 0x0000000084900000| Untracked 
|  52|0x0000000084a00000, 0x0000000084b00000, 0x0000000084b00000|100%| O|  |TAMS 0x0000000084b00000, 0x0000000084a00000| Untracked 
|  53|0x0000000084b00000, 0x0000000084c00000, 0x0000000084c00000|100%| O|  |TAMS 0x0000000084c00000, 0x0000000084b00000| Untracked 
|  54|0x0000000084c00000, 0x0000000084d00000, 0x0000000084d00000|100%| O|  |TAMS 0x0000000084d00000, 0x0000000084c00000| Untracked 
|  55|0x0000000084d00000, 0x0000000084e00000, 0x0000000084e00000|100%| O|  |TAMS 0x0000000084e00000, 0x0000000084d00000| Untracked 
|  56|0x0000000084e00000, 0x0000000084f00000, 0x0000000084f00000|100%| O|  |TAMS 0x0000000084f00000, 0x0000000084e00000| Untracked 
|  57|0x0000000084f00000, 0x0000000085000000, 0x0000000085000000|100%| O|  |TAMS 0x0000000085000000, 0x0000000084f00000| Untracked 
|  58|0x0000000085000000, 0x0000000085100000, 0x0000000085100000|100%| O|  |TAMS 0x0000000085100000, 0x0000000085000000| Untracked 
|  59|0x0000000085100000, 0x0000000085200000, 0x0000000085200000|100%| O|  |TAMS 0x0000000085200000, 0x0000000085100000| Complete 
|  60|0x0000000085200000, 0x0000000085300000, 0x0000000085300000|100%| O|  |TAMS 0x0000000085300000, 0x0000000085200000| Untracked 
|  61|0x0000000085300000, 0x0000000085400000, 0x0000000085400000|100%| O|  |TAMS 0x0000000085400000, 0x0000000085300000| Untracked 
|  62|0x0000000085400000, 0x0000000085500000, 0x0000000085500000|100%| O|  |TAMS 0x0000000085500000, 0x0000000085400000| Untracked 
|  63|0x0000000085500000, 0x0000000085600000, 0x0000000085600000|100%| O|  |TAMS 0x0000000085600000, 0x0000000085500000| Untracked 
|  64|0x0000000085600000, 0x0000000085700000, 0x0000000085700000|100%|HS|  |TAMS 0x0000000085700000, 0x0000000085600000| Complete 
|  65|0x0000000085700000, 0x0000000085800000, 0x0000000085800000|100%|HC|  |TAMS 0x0000000085800000, 0x0000000085700000| Complete 
|  66|0x0000000085800000, 0x0000000085900000, 0x0000000085900000|100%|HC|  |TAMS 0x0000000085900000, 0x0000000085800000| Complete 
|  67|0x0000000085900000, 0x0000000085a00000, 0x0000000085a00000|100%| O|  |TAMS 0x0000000085a00000, 0x0000000085900000| Untracked 
|  68|0x0000000085a00000, 0x0000000085b00000, 0x0000000085b00000|100%| O|  |TAMS 0x0000000085b00000, 0x0000000085a00000| Untracked 
|  69|0x0000000085b00000, 0x0000000085c00000, 0x0000000085c00000|100%| O|  |TAMS 0x0000000085c00000, 0x0000000085b00000| Untracked 
|  70|0x0000000085c00000, 0x0000000085d00000, 0x0000000085d00000|100%| O|  |TAMS 0x0000000085d00000, 0x0000000085c00000| Untracked 
|  71|0x0000000085d00000, 0x0000000085e00000, 0x0000000085e00000|100%|HS|  |TAMS 0x0000000085e00000, 0x0000000085d00000| Complete 
|  72|0x0000000085e00000, 0x0000000085f00000, 0x0000000085f00000|100%|HC|  |TAMS 0x0000000085f00000, 0x0000000085e00000| Complete 
|  73|0x0000000085f00000, 0x0000000086000000, 0x0000000086000000|100%| O|  |TAMS 0x0000000086000000, 0x0000000085f00000| Untracked 
|  74|0x0000000086000000, 0x0000000086100000, 0x0000000086100000|100%| O|  |TAMS 0x0000000086100000, 0x0000000086000000| Untracked 
|  75|0x0000000086100000, 0x0000000086200000, 0x0000000086200000|100%| O|  |TAMS 0x0000000086200000, 0x0000000086100000| Untracked 
|  76|0x0000000086200000, 0x0000000086300000, 0x0000000086300000|100%| O|  |TAMS 0x0000000086300000, 0x0000000086200000| Untracked 
|  77|0x0000000086300000, 0x0000000086400000, 0x0000000086400000|100%| O|  |TAMS 0x0000000086400000, 0x0000000086300000| Untracked 
|  78|0x0000000086400000, 0x0000000086500000, 0x0000000086500000|100%| O|  |TAMS 0x0000000086500000, 0x0000000086400000| Untracked 
|  79|0x0000000086500000, 0x0000000086600000, 0x0000000086600000|100%| O|  |TAMS 0x0000000086600000, 0x0000000086500000| Untracked 
|  80|0x0000000086600000, 0x0000000086700000, 0x0000000086700000|100%| O|  |TAMS 0x0000000086700000, 0x0000000086600000| Untracked 
|  81|0x0000000086700000, 0x0000000086800000, 0x0000000086800000|100%| O|  |TAMS 0x0000000086800000, 0x0000000086700000| Untracked 
|  82|0x0000000086800000, 0x0000000086900000, 0x0000000086900000|100%| O|  |TAMS 0x0000000086900000, 0x0000000086800000| Untracked 
|  83|0x0000000086900000, 0x0000000086a00000, 0x0000000086a00000|100%| O|  |TAMS 0x0000000086a00000, 0x0000000086900000| Untracked 
|  84|0x0000000086a00000, 0x0000000086b00000, 0x0000000086b00000|100%| O|  |TAMS 0x0000000086b00000, 0x0000000086a00000| Untracked 
|  85|0x0000000086b00000, 0x0000000086c00000, 0x0000000086c00000|100%| O|  |TAMS 0x0000000086c00000, 0x0000000086b00000| Untracked 
|  86|0x0000000086c00000, 0x0000000086d00000, 0x0000000086d00000|100%| O|  |TAMS 0x0000000086d00000, 0x0000000086c00000| Untracked 
|  87|0x0000000086d00000, 0x0000000086e00000, 0x0000000086e00000|100%| O|  |TAMS 0x0000000086e00000, 0x0000000086d00000| Untracked 
|  88|0x0000000086e00000, 0x0000000086f00000, 0x0000000086f00000|100%| O|  |TAMS 0x0000000086f00000, 0x0000000086e00000| Untracked 
|  89|0x0000000086f00000, 0x0000000086fdd800, 0x0000000087000000| 86%| O|  |TAMS 0x0000000086fdd800, 0x0000000086f00000| Untracked 
|  90|0x0000000087000000, 0x0000000087000000, 0x0000000087100000|  0%| F|  |TAMS 0x0000000087000000, 0x0000000087000000| Untracked 
|  91|0x0000000087100000, 0x0000000087100000, 0x0000000087200000|  0%| F|  |TAMS 0x0000000087100000, 0x0000000087100000| Untracked 
|  92|0x0000000087200000, 0x0000000087200000, 0x0000000087300000|  0%| F|  |TAMS 0x0000000087200000, 0x0000000087200000| Untracked 
|  93|0x0000000087300000, 0x0000000087300000, 0x0000000087400000|  0%| F|  |TAMS 0x0000000087300000, 0x0000000087300000| Untracked 
|  94|0x0000000087400000, 0x0000000087400000, 0x0000000087500000|  0%| F|  |TAMS 0x0000000087400000, 0x0000000087400000| Untracked 
|  95|0x0000000087500000, 0x0000000087500000, 0x0000000087600000|  0%| F|  |TAMS 0x0000000087500000, 0x0000000087500000| Untracked 
|  96|0x0000000087600000, 0x0000000087600000, 0x0000000087700000|  0%| F|  |TAMS 0x0000000087600000, 0x0000000087600000| Untracked 
|  97|0x0000000087700000, 0x0000000087700000, 0x0000000087800000|  0%| F|  |TAMS 0x0000000087700000, 0x0000000087700000| Untracked 
|  98|0x0000000087800000, 0x0000000087800000, 0x0000000087900000|  0%| F|  |TAMS 0x0000000087800000, 0x0000000087800000| Untracked 
|  99|0x0000000087900000, 0x0000000087900000, 0x0000000087a00000|  0%| F|  |TAMS 0x0000000087900000, 0x0000000087900000| Untracked 
| 100|0x0000000087a00000, 0x0000000087a00000, 0x0000000087b00000|  0%| F|  |TAMS 0x0000000087a00000, 0x0000000087a00000| Untracked 
| 101|0x0000000087b00000, 0x0000000087b00000, 0x0000000087c00000|  0%| F|  |TAMS 0x0000000087b00000, 0x0000000087b00000| Untracked 
| 102|0x0000000087c00000, 0x0000000087c00000, 0x0000000087d00000|  0%| F|  |TAMS 0x0000000087c00000, 0x0000000087c00000| Untracked 
| 103|0x0000000087d00000, 0x0000000087d00000, 0x0000000087e00000|  0%| F|  |TAMS 0x0000000087d00000, 0x0000000087d00000| Untracked 
| 104|0x0000000087e00000, 0x0000000087e92d88, 0x0000000087f00000| 57%| S|CS|TAMS 0x0000000087e00000, 0x0000000087e00000| Complete 
| 105|0x0000000087f00000, 0x0000000087f00000, 0x0000000088000000|  0%| F|  |TAMS 0x0000000087f00000, 0x0000000087f00000| Untracked 
| 106|0x0000000088000000, 0x0000000088000000, 0x0000000088100000|  0%| F|  |TAMS 0x0000000088000000, 0x0000000088000000| Untracked 
| 107|0x0000000088100000, 0x0000000088100000, 0x0000000088200000|  0%| F|  |TAMS 0x0000000088100000, 0x0000000088100000| Untracked 
| 108|0x0000000088200000, 0x0000000088200000, 0x0000000088300000|  0%| F|  |TAMS 0x0000000088200000, 0x0000000088200000| Untracked 
| 109|0x0000000088300000, 0x0000000088300000, 0x0000000088400000|  0%| F|  |TAMS 0x0000000088300000, 0x0000000088300000| Untracked 
| 110|0x0000000088400000, 0x0000000088400000, 0x0000000088500000|  0%| F|  |TAMS 0x0000000088400000, 0x0000000088400000| Untracked 
| 111|0x0000000088500000, 0x0000000088500000, 0x0000000088600000|  0%| F|  |TAMS 0x0000000088500000, 0x0000000088500000| Untracked 
| 112|0x0000000088600000, 0x0000000088600000, 0x0000000088700000|  0%| F|  |TAMS 0x0000000088600000, 0x0000000088600000| Untracked 
| 113|0x0000000088700000, 0x0000000088700000, 0x0000000088800000|  0%| F|  |TAMS 0x0000000088700000, 0x0000000088700000| Untracked 
| 114|0x0000000088800000, 0x0000000088800000, 0x0000000088900000|  0%| F|  |TAMS 0x0000000088800000, 0x0000000088800000| Untracked 
| 115|0x0000000088900000, 0x0000000088900000, 0x0000000088a00000|  0%| F|  |TAMS 0x0000000088900000, 0x0000000088900000| Untracked 
| 116|0x0000000088a00000, 0x0000000088a62660, 0x0000000088b00000| 38%| E|  |TAMS 0x0000000088a00000, 0x0000000088a00000| Complete 
| 117|0x0000000088b00000, 0x0000000088c00000, 0x0000000088c00000|100%| E|CS|TAMS 0x0000000088b00000, 0x0000000088b00000| Complete 
| 118|0x0000000088c00000, 0x0000000088d00000, 0x0000000088d00000|100%| E|CS|TAMS 0x0000000088c00000, 0x0000000088c00000| Complete 
| 119|0x0000000088d00000, 0x0000000088e00000, 0x0000000088e00000|100%| E|CS|TAMS 0x0000000088d00000, 0x0000000088d00000| Complete 
| 120|0x0000000088e00000, 0x0000000088f00000, 0x0000000088f00000|100%| E|  |TAMS 0x0000000088e00000, 0x0000000088e00000| Complete 
| 121|0x0000000088f00000, 0x0000000089000000, 0x0000000089000000|100%| E|CS|TAMS 0x0000000088f00000, 0x0000000088f00000| Complete 
| 122|0x0000000089000000, 0x0000000089100000, 0x0000000089100000|100%| E|CS|TAMS 0x0000000089000000, 0x0000000089000000| Complete 
| 123|0x0000000089100000, 0x0000000089200000, 0x0000000089200000|100%| E|CS|TAMS 0x0000000089100000, 0x0000000089100000| Complete 
| 124|0x0000000089200000, 0x0000000089300000, 0x0000000089300000|100%| E|CS|TAMS 0x0000000089200000, 0x0000000089200000| Complete 
| 125|0x0000000089300000, 0x0000000089400000, 0x0000000089400000|100%| E|CS|TAMS 0x0000000089300000, 0x0000000089300000| Complete 
| 126|0x0000000089400000, 0x0000000089500000, 0x0000000089500000|100%| E|CS|TAMS 0x0000000089400000, 0x0000000089400000| Complete 
| 127|0x0000000089500000, 0x0000000089600000, 0x0000000089600000|100%| E|CS|TAMS 0x0000000089500000, 0x0000000089500000| Complete 

Card table byte_map: [0x000000001a240000,0x000000001a640000] _byte_map_base: 0x0000000019e35000

Marking Bits (Prev, Next): (CMBitMap*) 0x0000000002b7f120, (CMBitMap*) 0x0000000002b7f0e8
 Prev Bits: [0x000000001c9f0000, 0x000000001e998000)
 Next Bits: [0x000000001aa40000, 0x000000001c9e8000)

Polling page: 0x00000000017d0000

Metaspace:

Usage:
  Non-class:     58.29 MB capacity,    57.19 MB ( 98%) used,   886.20 KB (  1%) free+waste,   240.94 KB ( <1%) overhead. 
      Class:      9.25 MB capacity,     8.41 MB ( 91%) used,   738.49 KB (  8%) free+waste,   123.50 KB (  1%) overhead. 
       Both:     67.54 MB capacity,    65.60 MB ( 97%) used,     1.59 MB (  2%) free+waste,   364.44 KB ( <1%) overhead. 

Virtual space:
  Non-class space:       60.00 MB reserved,      58.93 MB ( 98%) committed 
      Class space:        1.00 GB reserved,       9.57 MB ( <1%) committed 
             Both:        1.06 GB reserved,      68.50 MB (  6%) committed 

Chunk freelists:
   Non-Class:  65.88 KB
       Class:  35.75 KB
        Both:  101.63 KB

CodeHeap 'non-profiled nmethods': size=120064Kb used=2988Kb max_used=2988Kb free=117076Kb
 bounds [0x0000000012900000, 0x0000000012bf0000, 0x0000000019e40000]
CodeHeap 'profiled nmethods': size=120000Kb used=9267Kb max_used=10714Kb free=110733Kb
 bounds [0x000000000b3d0000, 0x000000000be50000, 0x0000000012900000]
CodeHeap 'non-nmethods': size=5696Kb used=1371Kb max_used=1436Kb free=4324Kb
 bounds [0x000000000ae40000, 0x000000000b0b0000, 0x000000000b3d0000]
 total_blobs=8430 nmethods=4796 adapters=733
 compilation: enabled
              stopped_count=0, restarted_count=0
 full_count=0

Compilation events (10 events):
Event: 599323.620 Thread 0x000000002203b800 5850       4       java.util.Collections$UnmodifiableCollection$1::hasNext (10 bytes)
Event: 599323.620 Thread 0x000000002203f000 5851       3       io.netty.util.concurrent.ScheduledFutureTask::nanoTime (8 bytes)
Event: 599323.621 Thread 0x000000002203f000 nmethod 5851 0x000000000b5e6e10 code [0x000000000b5e6fc0, 0x000000000b5e7138]
Event: 599323.621 Thread 0x000000002203b800 nmethod 5850 0x0000000012bead10 code [0x0000000012beaea0, 0x0000000012beaf38]
Event: 599324.022 Thread 0x000000002203f000 5852       3       io.netty.util.concurrent.SingleThreadEventExecutor::isShutdown (14 bytes)
Event: 599324.022 Thread 0x000000002203f000 nmethod 5852 0x000000000b5e8510 code [0x000000000b5e86c0, 0x000000000b5e8878]
Event: 599324.073 Thread 0x000000002203f000 5853       3       io.netty.util.internal.shaded.org.jctools.queues.BaseMpscLinkedArrayQueue::offer (159 bytes)
Event: 599324.074 Thread 0x000000002203f000 nmethod 5853 0x000000000b5f3210 code [0x000000000b5f3480, 0x000000000b5f3f50]
Event: 599324.074 Thread 0x000000002203f000 5854       3       io.netty.util.internal.shaded.org.jctools.queues.BaseMpscLinkedArrayQueueProducerFields::casProducerIndex (13 bytes)
Event: 599324.075 Thread 0x000000002203f000 nmethod 5854 0x000000000b5eda90 code [0x000000000b5edc40, 0x000000000b5ede38]

GC Heap History (10 events):
Event: 597566.972 GC heap before
{Heap before GC invocations=445 (full 0):
 garbage-first heap   total 131072K, used 115663K [0x0000000081600000, 0x0000000100000000)
  region size 1024K, 24 young (24576K), 1 survivors (1024K)
 Metaspace       used 66613K, capacity 68469K, committed 69888K, reserved 1110016K
  class space    used 8505K, capacity 9299K, committed 9804K, reserved 1048576K
}
Event: 597566.976 GC heap after
{Heap after GC invocations=446 (full 0):
 garbage-first heap   total 131072K, used 92131K [0x0000000081600000, 0x0000000100000000)
  region size 1024K, 1 young (1024K), 1 survivors (1024K)
 Metaspace       used 66613K, capacity 68469K, committed 69888K, reserved 1110016K
  class space    used 8505K, capacity 9299K, committed 9804K, reserved 1048576K
}
Event: 598116.694 GC heap before
{Heap before GC invocations=447 (full 0):
 garbage-first heap   total 131072K, used 115683K [0x0000000081600000, 0x0000000100000000)
  region size 1024K, 24 young (24576K), 1 survivors (1024K)
 Metaspace       used 66613K, capacity 68469K, committed 69888K, reserved 1110016K
  class space    used 8505K, capacity 9299K, committed 9804K, reserved 1048576K
}
Event: 598116.697 GC heap after
{Heap after GC invocations=448 (full 0):
 garbage-first heap   total 131072K, used 92154K [0x0000000081600000, 0x0000000100000000)
  region size 1024K, 1 young (1024K), 1 survivors (1024K)
 Metaspace       used 66613K, capacity 68469K, committed 69888K, reserved 1110016K
  class space    used 8505K, capacity 9299K, committed 9804K, reserved 1048576K
}
Event: 598666.396 GC heap before
{Heap before GC invocations=448 (full 0):
 garbage-first heap   total 131072K, used 115706K [0x0000000081600000, 0x0000000100000000)
  region size 1024K, 24 young (24576K), 1 survivors (1024K)
 Metaspace       used 66613K, capacity 68469K, committed 69888K, reserved 1110016K
  class space    used 8505K, capacity 9299K, committed 9804K, reserved 1048576K
}
Event: 598666.400 GC heap after
{Heap after GC invocations=449 (full 0):
 garbage-first heap   total 131072K, used 92177K [0x0000000081600000, 0x0000000100000000)
  region size 1024K, 1 young (1024K), 1 survivors (1024K)
 Metaspace       used 66613K, capacity 68469K, committed 69888K, reserved 1110016K
  class space    used 8505K, capacity 9299K, committed 9804K, reserved 1048576K
}
Event: 599217.262 GC heap before
{Heap before GC invocations=450 (full 0):
 garbage-first heap   total 131072K, used 115729K [0x0000000081600000, 0x0000000100000000)
  region size 1024K, 24 young (24576K), 1 survivors (1024K)
 Metaspace       used 66613K, capacity 68469K, committed 69888K, reserved 1110016K
  class space    used 8505K, capacity 9299K, committed 9804K, reserved 1048576K
}
Event: 599217.268 GC heap after
{Heap after GC invocations=451 (full 0):
 garbage-first heap   total 131072K, used 92192K [0x0000000081600000, 0x0000000100000000)
  region size 1024K, 1 young (1024K), 1 survivors (1024K)
 Metaspace       used 66613K, capacity 68469K, committed 69888K, reserved 1110016K
  class space    used 8505K, capacity 9299K, committed 9804K, reserved 1048576K
}
Event: 599317.507 GC heap before
{Heap before GC invocations=451 (full 0):
 garbage-first heap   total 131072K, used 114720K [0x0000000081600000, 0x0000000100000000)
  region size 1024K, 24 young (24576K), 1 survivors (1024K)
 Metaspace       used 67141K, capacity 69092K, committed 70144K, reserved 1110016K
  class space    used 8609K, capacity 9473K, committed 9804K, reserved 1048576K
}
Event: 599317.511 GC heap after
{Heap after GC invocations=452 (full 0):
 garbage-first heap   total 131072K, used 92609K [0x0000000081600000, 0x0000000100000000)
  region size 1024K, 1 young (1024K), 1 survivors (1024K)
 Metaspace       used 67141K, capacity 69092K, committed 70144K, reserved 1110016K
  class space    used 8609K, capacity 9473K, committed 9804K, reserved 1048576K
}

Deoptimization events (10 events):
Event: 599319.152 Thread 0x0000000025d62000 Uncommon trap: reason=bimorphic_or_optimized_type_check action=maybe_recompile pc=0x0000000012ae6e48 method=java.util.Collections$SetFromMap.remove(Ljava/lang/Object;)Z @ 5 c2
Event: 599319.154 Thread 0x000000002594c800 Uncommon trap: reason=unstable_if action=reinterpret pc=0x0000000012b4f238 method=io.netty.channel.nio.NioEventLoop.run()V @ 66 c2
Event: 599319.154 Thread 0x000000002594c800 Uncommon trap: reason=unstable_if action=reinterpret pc=0x0000000012a3e6c8 method=io.netty.util.concurrent.SingleThreadEventExecutor.pollTaskFrom(Ljava/util/Queue;)Ljava/lang/Runnable; @ 14 c2
Event: 599319.154 Thread 0x0000000023aca000 Uncommon trap: reason=unstable_if action=reinterpret pc=0x0000000012a3e6c8 method=io.netty.util.concurrent.SingleThreadEventExecutor.pollTaskFrom(Ljava/util/Queue;)Ljava/lang/Runnable; @ 14 c2
Event: 599319.154 Thread 0x0000000023aca000 Uncommon trap: reason=unstable_if action=reinterpret pc=0x00000000129cf778 method=io.netty.util.concurrent.SingleThreadEventExecutor.isShuttingDown()Z @ 5 c2
Event: 599319.154 Thread 0x0000000025951800 Uncommon trap: reason=unstable_if action=reinterpret pc=0x0000000012b4f238 method=io.netty.channel.nio.NioEventLoop.run()V @ 66 c2
Event: 599319.154 Thread 0x0000000025951800 Uncommon trap: reason=unstable_if action=reinterpret pc=0x0000000012a36614 method=io.netty.util.concurrent.SingleThreadEventExecutor.pollTaskFrom(Ljava/util/Queue;)Ljava/lang/Runnable; @ 14 c2
Event: 599319.154 Thread 0x000000002594c800 Uncommon trap: reason=bimorphic_or_optimized_type_check action=maybe_recompile pc=0x0000000012ae6e48 method=java.util.Collections$SetFromMap.remove(Ljava/lang/Object;)Z @ 5 c2
Event: 599319.154 Thread 0x0000000025951800 Uncommon trap: reason=bimorphic_or_optimized_type_check action=maybe_recompile pc=0x0000000012ae6e48 method=java.util.Collections$SetFromMap.remove(Ljava/lang/Object;)Z @ 5 c2
Event: 599319.183 Thread 0x0000000027e2a800 Uncommon trap: reason=unstable_if action=reinterpret pc=0x000000001297ad4c method=org.neo4j.monitoring.VmPauseMonitor.monitor()V @ 17 c2

Classes redefined (0 events):
No events

Internal exceptions (10 events):
Event: 599315.185 Thread 0x00000000234e3800 Exception <a 'sun/nio/fs/WindowsException'{0x0000000089066878}> (0x0000000089066878) thrown at [t:/workspace/open/src/hotspot/share/prims/jni.cpp, line 615]
Event: 599315.209 Thread 0x0000000002b41000 Exception <a 'java/lang/NoSuchMethodError'{0x00000000890c9390}: java.lang.invoke.DelegatingMethodHandle$Holder.reinvoke_L(Ljava/lang/Object;Ljava/lang/Object;J)Ljava/lang/Object;> (0x00000000890c9390) thrown at [t:/workspace/open/src/hotspot/share/interpr
Event: 599315.373 Thread 0x0000000002b41000 Exception <a 'java/lang/NoSuchMethodError'{0x0000000088fab980}: java.lang.invoke.DirectMethodHandle$Holder.invokeVirtual(Ljava/lang/Object;Ljava/lang/Object;J)V> (0x0000000088fab980) thrown at [t:/workspace/open/src/hotspot/share/interpreter/linkResolver.
Event: 599315.374 Thread 0x0000000002b41000 Exception <a 'java/lang/NoSuchMethodError'{0x0000000088fb1a08}: java.lang.invoke.DirectMethodHandle$Holder.invokeStatic(Ljava/lang/Object;Ljava/lang/Object;Ljava/lang/Object;ILjava/lang/Object;)V> (0x0000000088fb1a08) thrown at [t:/workspace/open/src/hots
Event: 599316.074 Thread 0x0000000002b41000 Exception <a 'java/lang/NoSuchMethodError'{0x0000000088790520}: java.lang.invoke.DirectMethodHandle$Holder.invokeStaticInit(Ljava/lang/Object;)V> (0x0000000088790520) thrown at [t:/workspace/open/src/hotspot/share/interpreter/linkResolver.cpp, line 772]
Event: 599316.131 Thread 0x0000000002b41000 Exception <a 'java/lang/NoSuchMethodError'{0x0000000088663430}: java.lang.invoke.DirectMethodHandle$Holder.invokeSpecial(Ljava/lang/Object;Ljava/lang/Object;IIILjava/lang/Object;Ljava/lang/Object;J)Ljava/lang/Object;> (0x0000000088663430) thrown at [t:/wo
Event: 599316.131 Thread 0x0000000002b41000 Exception <a 'java/lang/NoSuchMethodError'{0x0000000088666bd8}: java.lang.invoke.DelegatingMethodHandle$Holder.reinvoke_L(Ljava/lang/Object;IIILjava/lang/Object;Ljava/lang/Object;J)Ljava/lang/Object;> (0x0000000088666bd8) thrown at [t:/workspace/open/src/
Event: 599317.121 Thread 0x00000000234e3800 Exception <a 'sun/nio/fs/WindowsException'{0x00000000890668e8}> (0x00000000890668e8) thrown at [t:/workspace/open/src/hotspot/share/prims/jni.cpp, line 615]
Event: 599317.121 Thread 0x00000000234e3800 Exception <a 'sun/nio/fs/WindowsException'{0x0000000089066958}> (0x0000000089066958) thrown at [t:/workspace/open/src/hotspot/share/prims/jni.cpp, line 615]
Event: 599317.164 Thread 0x0000000002b41000 Exception <a 'java/lang/NoSuchMethodError'{0x00000000882c6b40}: java.lang.invoke.DirectMethodHandle$Holder.invokeStaticInit(Ljava/lang/Object;Ljava/lang/Object;Ljava/lang/Object;Ljava/lang/Object;Ljava/lang/Object;)Ljava/lang/Object;> (0x00000000882c6b40)

Events (10 events):
Event: 599320.219 Executing VM operation: RevokeBias
Event: 599320.259 Executing VM operation: RevokeBias done
Event: 599320.259 Thread 0x0000000023aca000 Thread exited: 0x0000000023aca000
Event: 599320.259 Executing VM operation: RevokeBias
Event: 599320.260 Executing VM operation: RevokeBias done
Event: 599320.260 Thread 0x0000000025951800 Thread exited: 0x0000000025951800
Event: 599320.763 Thread 0x0000000025951800 Thread added: 0x0000000025951800
Event: 599320.764 Thread 0x0000000025951800 Thread exited: 0x0000000025951800
Event: 599320.932 Thread 0x0000000025951800 Thread added: 0x0000000025951800
Event: 599324.174 Executing VM operation: RevokeBias


Dynamic libraries:
0x00007ff6a2a70000 - 0x00007ff6a2a90000 	D:\Fax\KONACNI NOSQL\neo4j-community-4.0.0\bin\tools\prunsrv-amd64.exe
0x00007ffc16d60000 - 0x00007ffc16f50000 	C:\WINDOWS\SYSTEM32\ntdll.dll
0x00007ffc16450000 - 0x00007ffc16502000 	C:\WINDOWS\System32\KERNEL32.DLL
0x00007ffc14b60000 - 0x00007ffc14e03000 	C:\WINDOWS\System32\KERNELBASE.dll
0x00007ffc16700000 - 0x00007ffc167a3000 	C:\WINDOWS\System32\ADVAPI32.dll
0x00007ffc14ee0000 - 0x00007ffc14f7e000 	C:\WINDOWS\System32\msvcrt.dll
0x00007ffc157a0000 - 0x00007ffc15837000 	C:\WINDOWS\System32\sechost.dll
0x00007ffc14fe0000 - 0x00007ffc15100000 	C:\WINDOWS\System32\RPCRT4.dll
0x00007ffc15bb0000 - 0x00007ffc16295000 	C:\WINDOWS\System32\SHELL32.dll
0x00007ffc148d0000 - 0x00007ffc149ca000 	C:\WINDOWS\System32\ucrtbase.dll
0x00007ffc14a30000 - 0x00007ffc14a7a000 	C:\WINDOWS\System32\cfgmgr32.dll
0x00007ffc15680000 - 0x00007ffc15729000 	C:\WINDOWS\System32\shcore.dll
0x00007ffc167b0000 - 0x00007ffc16ae6000 	C:\WINDOWS\System32\combase.dll
0x00007ffc13d90000 - 0x00007ffc13e10000 	C:\WINDOWS\System32\bcryptPrimitives.dll
0x00007ffc13e10000 - 0x00007ffc14590000 	C:\WINDOWS\System32\windows.storage.dll
0x00007ffc13cf0000 - 0x00007ffc13d8e000 	C:\WINDOWS\System32\msvcp_win.dll
0x00007ffc13c70000 - 0x00007ffc13c93000 	C:\WINDOWS\System32\profapi.dll
0x00007ffc13ca0000 - 0x00007ffc13cea000 	C:\WINDOWS\System32\powrprof.dll
0x00007ffc13c20000 - 0x00007ffc13c30000 	C:\WINDOWS\System32\UMPDC.dll
0x00007ffc15570000 - 0x00007ffc155c2000 	C:\WINDOWS\System32\shlwapi.dll
0x00007ffc15650000 - 0x00007ffc15676000 	C:\WINDOWS\System32\GDI32.dll
0x00007ffc14590000 - 0x00007ffc145b1000 	C:\WINDOWS\System32\win32u.dll
0x00007ffc14730000 - 0x00007ffc148c4000 	C:\WINDOWS\System32\gdi32full.dll
0x00007ffc15930000 - 0x00007ffc15ac4000 	C:\WINDOWS\System32\USER32.dll
0x00007ffc13c30000 - 0x00007ffc13c41000 	C:\WINDOWS\System32\kernel.appcore.dll
0x00007ffc145c0000 - 0x00007ffc145d7000 	C:\WINDOWS\System32\cryptsp.dll
0x00007ffbf6360000 - 0x00007ffbf6ea2000 	C:\Program Files\Java\jdk-11\bin\server\jvm.dll
0x00007ffc16af0000 - 0x00007ffc16af8000 	C:\WINDOWS\System32\PSAPI.DLL
0x00007ffc08bd0000 - 0x00007ffc08bd9000 	C:\WINDOWS\SYSTEM32\WSOCK32.dll
0x00007ffc15840000 - 0x00007ffc158af000 	C:\WINDOWS\System32\WS2_32.dll
0x00007ffc09dc0000 - 0x00007ffc09de4000 	C:\WINDOWS\SYSTEM32\WINMM.dll
0x00007ffc0e120000 - 0x00007ffc0e12a000 	C:\WINDOWS\SYSTEM32\VERSION.dll
0x00007ffbfb0a0000 - 0x00007ffbfb0b5000 	C:\WINDOWS\SYSTEM32\VCRUNTIME140.dll
0x00007ffc09d90000 - 0x00007ffc09dbd000 	C:\WINDOWS\SYSTEM32\WINMMBASE.dll
0x00007ffbf5f20000 - 0x00007ffbf5f31000 	C:\Program Files\Java\jdk-11\bin\verify.dll
0x00007ffc0c770000 - 0x00007ffc0c964000 	C:\WINDOWS\SYSTEM32\DBGHELP.DLL
0x00007ffc0c390000 - 0x00007ffc0c3ba000 	C:\WINDOWS\SYSTEM32\dbgcore.DLL
0x00007ffbf5ef0000 - 0x00007ffbf5f19000 	C:\Program Files\Java\jdk-11\bin\java.dll
0x00007ffbf5ed0000 - 0x00007ffbf5ee6000 	C:\Program Files\Java\jdk-11\bin\zip.dll
0x00007ffbf5ec0000 - 0x00007ffbf5eca000 	C:\Program Files\Java\jdk-11\bin\jimage.dll
0x00007ffbf55f0000 - 0x00007ffbf5609000 	C:\Program Files\Java\jdk-11\bin\net.dll
0x00007ffc0f4a0000 - 0x00007ffc0f591000 	C:\WINDOWS\SYSTEM32\WINHTTP.dll
0x00007ffc13490000 - 0x00007ffc134f7000 	C:\WINDOWS\system32\mswsock.dll
0x00007ffbf55d0000 - 0x00007ffbf55e3000 	C:\Program Files\Java\jdk-11\bin\nio.dll
0x00007ffbf3350000 - 0x00007ffbf3359000 	C:\Program Files\Java\jdk-11\bin\management.dll
0x00007ffbf3340000 - 0x00007ffbf334c000 	C:\Program Files\Java\jdk-11\bin\management_ext.dll
0x00007ffbf9990000 - 0x00007ffbf99a6000 	C:\WINDOWS\system32\napinsp.dll
0x00007ffbf9970000 - 0x00007ffbf998a000 	C:\WINDOWS\system32\pnrpnsp.dll
0x00007ffc131f0000 - 0x00007ffc132ba000 	C:\WINDOWS\SYSTEM32\DNSAPI.dll
0x00007ffc16bb0000 - 0x00007ffc16bb8000 	C:\WINDOWS\System32\NSI.dll
0x00007ffc131a0000 - 0x00007ffc131da000 	C:\WINDOWS\SYSTEM32\IPHLPAPI.DLL
0x00007ffbfa1f0000 - 0x00007ffbfa1fe000 	C:\WINDOWS\System32\winrnr.dll
0x00007ffc0dfc0000 - 0x00007ffc0dfdc000 	C:\WINDOWS\system32\NLAapi.dll
0x00007ffbf9950000 - 0x00007ffbf9965000 	C:\WINDOWS\system32\wshbth.dll
0x00007ffc09b40000 - 0x00007ffc09b4a000 	C:\Windows\System32\rasadhlp.dll
0x00007ffc0c410000 - 0x00007ffc0c487000 	C:\WINDOWS\System32\fwpuclnt.dll
0x00007ffc14a80000 - 0x00007ffc14aa6000 	C:\WINDOWS\System32\bcrypt.dll
0x00007ffc0cdb0000 - 0x00007ffc0cdc6000 	C:\WINDOWS\SYSTEM32\dhcpcsvc6.DLL
0x00007ffc0cd90000 - 0x00007ffc0cdac000 	C:\WINDOWS\SYSTEM32\dhcpcsvc.DLL
0x00007ffc13000000 - 0x00007ffc13033000 	C:\WINDOWS\system32\rsaenh.dll
0x00007ffc13660000 - 0x00007ffc1366c000 	C:\WINDOWS\SYSTEM32\CRYPTBASE.dll

dbghelp: loaded successfully - version: 4.0.5 - missing functions: none
symbol engine: initialized successfully - sym options: 0x614 - pdb path: .;D:\Fax\KONACNI NOSQL\neo4j-community-4.0.0\bin\tools;C:\WINDOWS\SYSTEM32;C:\Program Files\Java\jdk-11\bin\server;C:\Program Files\Java\jdk-11\bin

VM Arguments:
jvm_args: -XX:+UnlockExperimentalVMOptions -XX:-OmitStackTraceInFastThrow -XX:+TrustFinalNonStaticFields -Dio.netty.tryReflectionSetAccessible=true -Dfile.encoding=UTF-8 -XX:+AlwaysPreTouch -Djdk.tls.ephemeralDHKeySize=2048 -Djdk.nio.maxCachedBufferSize=262144 -XX:+DisableExplicitGC -XX:+UseG1GC -Djdk.tls.rejectClientInitiatedRenegotiation=true exit abort 
java_command: <unknown>
java_class_path (initial): lib/activation-1.1.1.jar;lib/annotations-4.0.0.jar;lib/bcpkix-jdk15on-1.63.jar;lib/bcprov-jdk15on-1.63.jar;lib/caffeine-2.8.0.jar;lib/commons-beanutils-1.9.4.jar;lib/commons-collections-3.2.2.jar;lib/commons-compress-1.19.jar;lib/commons-configuration-1.10.jar;lib/commons-io-2.6.jar;lib/commons-lang-2.6.jar;lib/commons-lang3-3.9.jar;lib/commons-logging-1.2.jar;lib/commons-text-1.7.jar;lib/eclipse-collections-10.0.0.jar;lib/eclipse-collections-api-10.0.0.jar;lib/FastInfoset-1.2.16.jar;lib/hk2-api-2.5.0.jar;lib/hk2-locator-2.5.0.jar;lib/hk2-utils-2.5.0.jar;lib/istack-commons-runtime-3.0.8.jar;lib/jackson-annotations-2.10.0.jar;lib/jackson-core-2.10.0.jar;lib/jackson-databind-2.10.0.jar;lib/jackson-jaxrs-base-2.10.0.jar;lib/jackson-jaxrs-json-provider-2.10.0.jar;lib/jackson-module-jaxb-annotations-2.10.0.jar;lib/jakarta.activation-1.2.1.jar;lib/jakarta.activation-api-1.2.1.jar;lib/jakarta.annotation-api-1.3.4.jar;lib/jakarta.inject-2.5.0.jar;lib/jakarta.ws.rs-api-2.1.5.jar;lib/jakarta.xml.bind-api-2.3.2.jar;lib/javassist-3.22.0-CR2.jar;lib/javax.servlet-api-3.1.0.jar;lib/javax.ws.rs-api-2.1.1.jar;lib/jaxb-api-2.3.0.jar;lib/jaxb-runtime-2.3.2.jar;lib/jctools-core-2.1.2.jar;lib/jersey-client-2.29.jar;lib/jersey-common-2.29.jar;lib/jersey-container-servlet-2.29.jar;lib/jersey-container-servlet-core-2.29.jar;lib/jersey-hk2-2.29.jar;lib/jersey-media-jaxb-2.29.jar;lib/jersey-server-2.29.jar;lib/jetty-http-9.4.17.v20190418.jar;lib/jetty-io-9.4.17.v20190418.jar;lib/jetty-security-9.4.17.v20190418.jar;lib/jetty-server-9.4.17.v20190418.jar;lib/jetty-servlet-9.4.17.v20190418.jar;lib/jetty-util-9.4.17.v20190418.jar;lib/jetty-webapp-9.4.17.v20190418.jar;lib/jetty-xml-9.4.17.v20190418.jar;lib/jna-5.4.0.jar;lib/jPowerShell-3.0.jar;lib/jProcesses-1.6.5.jar;lib/lucene-analyzers-common-8.2.0.jar;lib/lucene-codecs-8.2.0.jar;lib/lucene-core-8.2.0.jar;lib/lucene-queryparser-8.2.0.jar;lib/neo4j-4.0.0.jar;lib/neo4j-ast-4.0-4.0.0.jar;lib/neo4j-batch-insert-4.0.0.j
Launcher Type: generic

[Global flags]
     bool AlwaysPreTouch                           = true                                      {product} {command line}
     intx CICompilerCount                          = 3                                         {product} {ergonomic}
     uint ConcGCThreads                            = 1                                         {product} {ergonomic}
     bool DisableExplicitGC                        = true                                      {product} {command line}
     uint G1ConcRefinementThreads                  = 4                                         {product} {ergonomic}
   size_t G1HeapRegionSize                         = 1048576                                   {product} {ergonomic}
    uintx GCDrainStackTargetSize                   = 64                                        {product} {ergonomic}
   size_t InitialHeapSize                          = 134217728                                 {product} {ergonomic}
   size_t MarkStackSize                            = 4194304                                   {product} {ergonomic}
   size_t MaxHeapSize                              = 2124414976                                {product} {ergonomic}
   size_t MaxNewSize                               = 1274019840                                {product} {ergonomic}
   size_t MinHeapDeltaBytes                        = 1048576                                   {product} {ergonomic}
    uintx NonNMethodCodeHeapSize                   = 5830092                                {pd product} {ergonomic}
    uintx NonProfiledCodeHeapSize                  = 122914074                              {pd product} {ergonomic}
     bool OmitStackTraceInFastThrow                = false                                     {product} {command line}
    uintx ProfiledCodeHeapSize                     = 122914074                              {pd product} {ergonomic}
    uintx ReservedCodeCacheSize                    = 251658240                              {pd product} {ergonomic}
     bool SegmentedCodeCache                       = true                                      {product} {ergonomic}
     bool TrustFinalNonStaticFields                = true                                 {experimental} {command line}
     bool UnlockExperimentalVMOptions              = true                                 {experimental} {command line}
     bool UseCompressedClassPointers               = true                                 {lp64_product} {ergonomic}
     bool UseCompressedOops                        = true                                 {lp64_product} {ergonomic}
     bool UseFastUnorderedTimeStamps               = true                                 {experimental} {ergonomic}
     bool UseG1GC                                  = true                                      {product} {command line}
     bool UseLargePagesIndividualAllocation        = false                                  {pd product} {ergonomic}

Logging:
Log output configuration:
 #0: stdout all=warning uptime,level,tags
 #1: stderr all=off uptime,level,tags

Environment Variables:
PATH=C:\Program Files\Java\jdk-11\bin;C:\Program Files\Java\jdk-11\bin;C:\WINDOWS\system32;C:\WINDOWS;C:\WINDOWS\System32\Wbem;C:\WINDOWS\System32\WindowsPowerShell\v1.0\;C:\Program Files (x86)\NVIDIA Corporation\PhysX\Common;C:\Program Files (x86)\Microsoft SQL Server\100\Tools\Binn\;C:\Program Files\Microsoft SQL Server\100\Tools\Binn\;C:\Program Files\Microsoft SQL Server\100\DTS\Binn\;C:\WINDOWS\system32;C:\WINDOWS;C:\WINDOWS\System32\Wbem;C:\WINDOWS\System32\WindowsPowerShell\v1.0\;C:\WINDOWS\System32\OpenSSH\;C:\Program Files\NVIDIA Corporation\NVIDIA NvDLISR;C:\Program Files\PuTTY\;C:\Program Files\nodejs\;C:\Program Files (x86)\Common Files\Acronis\VirtualFile\;C:\Program Files (x86)\Common Files\Acronis\VirtualFile64\;C:\Program Files (x86)\Common Files\Acronis\SnapAPI\;C:\Program Files\Crucial\Crucial Storage Executive;C:\WINDOWS\system32\config\systemprofile\AppData\Local\Microsoft\WindowsApps
USERNAME=JELENA-PC$
OS=Windows_NT
PROCESSOR_IDENTIFIER=Intel64 Family 6 Model 78 Stepping 3, GenuineIntel



---------------  S Y S T E M  ---------------

OS: Windows 10 , 64 bit Build 18362 (10.0.18362.752)

CPU:total 4 (initial active 4) (2 cores per cpu, 2 threads per core) family 6 model 78 stepping 3, cmov, cx8, fxsr, mmx, sse, sse2, sse3, ssse3, sse4.1, sse4.2, popcnt, avx, avx2, aes, clmul, erms, rtm, 3dnowpref, lzcnt, ht, tsc, tscinvbit, bmi1, bmi2, adx, fma

Memory: 4k page, system-wide physical 8098M (5514M free)
TotalPageFile size 10045M (AvailPageFile size 7060M)
current process WorkingSet (physical memory assigned to process): 214M, peak: 339M
current process commit charge ("private bytes"): 372M, peak: 390M

vm_info: Java HotSpot(TM) 64-Bit Server VM (11+28) for windows-amd64 JRE (11+28), built on Aug 23 2018 03:03:59 by "mach5one" with MS VC++ 15.5 (VS2017)

END.
