#
# A fatal error has been detected by the Java Runtime Environment:
#
#  EXCEPTION_ACCESS_VIOLATION (0xc0000005) at pc=0x00007ff859905e98, pid=4756, tid=7228
#
# JRE version: Java(TM) SE Runtime Environment (11.0+28) (build 11+28)
# Java VM: Java HotSpot(TM) 64-Bit Server VM (11+28, mixed mode, tiered, compressed oops, g1 gc, windows-amd64)
# Problematic frame:
# V  [jvm.dll+0x2e5e98]
#
# No core dump will be written. Minidumps are not enabled by default on client versions of Windows
#
# If you would like to submit a bug report, please visit:
#   http://bugreport.java.com/bugreport/crash.jsp
#

---------------  S U M M A R Y ------------

Command Line: -XX:+UnlockExperimentalVMOptions -XX:-OmitStackTraceInFastThrow -XX:+TrustFinalNonStaticFields -Dio.netty.tryReflectionSetAccessible=true -Dfile.encoding=UTF-8 -XX:+AlwaysPreTouch -Djdk.tls.ephemeralDHKeySize=2048 -Djdk.nio.maxCachedBufferSize=262144 -XX:+DisableExplicitGC -XX:+UseG1GC -Djdk.tls.rejectClientInitiatedRenegotiation=true exit abort 

Host: Intel(R) Core(TM) i3-6100U CPU @ 2.30GHz, 4 cores, 7G,  Windows 10 , 64 bit Build 18362 (10.0.18362.752)
Time: Wed Apr 15 21:09:27 2020 Central Europe Daylight Time elapsed time: 1041535 seconds (12d 1h 18m 55s)

---------------  T H R E A D  ---------------

Current thread (0x00000000232c8800):  GCTaskThread "GC Thread#1" [stack: 0x0000000023480000,0x0000000023580000] [id=7228]

Stack: [0x0000000023480000,0x0000000023580000],  sp=0x000000002357de40,  free space=1015k
Native frames: (J=compiled Java code, j=interpreted, Vv=VM code, C=native code)
V  [jvm.dll+0x2e5e98]
V  [jvm.dll+0x73ca98]
V  [jvm.dll+0x6a267d]
V  [jvm.dll+0x73d37c]
V  [jvm.dll+0x6a36f4]
V  [jvm.dll+0x7ab4f0]
V  [jvm.dll+0x63b2c2]
C  [ucrtbase.dll+0x20e72]
C  [KERNEL32.DLL+0x17bd4]
C  [ntdll.dll+0x6ced1]


siginfo: EXCEPTION_ACCESS_VIOLATION (0xc0000005), reading address 0x0000000000000000


Register to memory mapping:

RIP=0x00007ff859905e98 jvm.dll
RAX=0x0 is NULL
RBX=0x000000002357dea0 points into unknown readable memory
RCX=0x0 is NULL
RDX=0x0000000000000003 is an unknown value
RSP=0x000000002357de40 points into unknown readable memory
RBP=0x000000000228eed0 is pointing into the stack for thread: 0x0000000002ade800
RSI=0x000000002357df00 points into unknown readable memory
RDI=0x000000002357ded0 points into unknown readable memory
R8 =0x0000000000500016 is an unknown value
R9 =0x0000000000000003 is an unknown value
R10=0x00000000013a12c0 points into unknown readable memory
R11=0x000000002357ddf0 points into unknown readable memory
R12=0x000000000000001d is an unknown value
R13=0x0000000000000001 is an unknown value
R14=0x0000000002ade800 is a thread
R15=0x0000000021c7f908 points into unknown readable memory


Registers:
RAX=0x0000000000000000, RBX=0x000000002357dea0, RCX=0x0000000000000000, RDX=0x0000000000000003
RSP=0x000000002357de40, RBP=0x000000000228eed0, RSI=0x000000002357df00, RDI=0x000000002357ded0
R8 =0x0000000000500016, R9 =0x0000000000000003, R10=0x00000000013a12c0, R11=0x000000002357ddf0
R12=0x000000000000001d, R13=0x0000000000000001, R14=0x0000000002ade800, R15=0x0000000021c7f908
RIP=0x00007ff859905e98, EFLAGS=0x0000000000010246

Top of Stack: (sp=0x000000002357de40)
0x000000002357de40:   000000002357dea0 000000000228eed0
0x000000002357de50:   000000002357df00 0000000000000000
0x000000002357de60:   0000000021c7f908 0000000000000000
0x000000002357de70:   00007ff85a043fe0 00007ff859d5ca98
0x000000002357de80:   0000000000000001 0000000002ade800
0x000000002357de90:   0000000021c7f908 0000000000000000
0x000000002357dea0:   000000000228eed0 0000000000500016
0x000000002357deb0:   0000000000000000 0000000000000000
0x000000002357dec0:   000000000228eef0 000000000228eed0
0x000000002357ded0:   000000000228ee60 0000000012b63efb
0x000000002357dee0:   0000000012b63d10 0000000000000000
0x000000002357def0:   0000000000000000 000000000228ee60
0x000000002357df00:   000000002a18f2d8 000000002a18f2dc
0x000000002357df10:   000000002a18f2d0 000000002a18f2d4
0x000000002357df20:   000000002a18f2c8 000000002a18f2cc
0x000000002357df30:   000000002a18f2c0 000000002a18f2c4 

Instructions: (pc=0x00007ff859905e98)
0x00007ff859905e78:   4b 08 e8 11 49 f1 ff 48 8b cb 48 89 43 10 e8 25
0x00007ff859905e88:   f5 ff ff 48 85 c0 0f 85 e3 00 00 00 48 8b 4b 10
0x00007ff859905e98:   48 8b 01 ff 50 20 33 c9 84 c0 0f 95 c1 e9 da 00
0x00007ff859905ea8:   00 00 48 8b 57 10 48 85 d2 0f 84 8c 00 00 00 41 



---------------  P R O C E S S  ---------------

Threads class SMR info:
_java_thread_list=0x0000000028753250, length=29, elements={
0x0000000002ade800, 0x0000000021163800, 0x0000000021164800, 0x0000000021172800,
0x0000000021fcb800, 0x0000000021fcd000, 0x0000000021fd2000, 0x000000002201c000,
0x00000000222dd800, 0x00000000222e4000, 0x0000000022207800, 0x0000000024e5c000,
0x0000000023164000, 0x00000000242b9800, 0x0000000025d21800, 0x0000000024388000,
0x000000002438b000, 0x000000002438e800, 0x000000002438f800, 0x0000000024389800,
0x000000002438c000, 0x0000000024387000, 0x000000002438a800, 0x0000000024386800,
0x000000002438d000, 0x000000002438d800, 0x0000000024389000, 0x0000000024390000,
0x0000000024391000
}

Java Threads: ( => current thread )
  0x0000000002ade800 JavaThread "main" [_thread_blocked, id=5960, stack(0x0000000002190000,0x0000000002290000)]
  0x0000000021163800 JavaThread "Reference Handler" daemon [_thread_blocked, id=6140, stack(0x0000000021c80000,0x0000000021d80000)]
  0x0000000021164800 JavaThread "Finalizer" daemon [_thread_blocked, id=5116, stack(0x0000000021d80000,0x0000000021e80000)]
  0x0000000021172800 JavaThread "Signal Dispatcher" daemon [_thread_blocked, id=5184, stack(0x0000000022380000,0x0000000022480000)]
  0x0000000021fcb800 JavaThread "Attach Listener" daemon [_thread_blocked, id=5444, stack(0x0000000022480000,0x0000000022580000)]
  0x0000000021fcd000 JavaThread "C2 CompilerThread0" daemon [_thread_blocked, id=5492, stack(0x0000000022580000,0x0000000022680000)]
  0x0000000021fd2000 JavaThread "C1 CompilerThread0" daemon [_thread_blocked, id=4944, stack(0x0000000022680000,0x0000000022780000)]
  0x000000002201c000 JavaThread "Sweeper thread" daemon [_thread_blocked, id=5100, stack(0x0000000022780000,0x0000000022880000)]
  0x00000000222dd800 JavaThread "Service Thread" daemon [_thread_blocked, id=6188, stack(0x0000000022880000,0x0000000022980000)]
  0x00000000222e4000 JavaThread "Common-Cleaner" daemon [_thread_blocked, id=6216, stack(0x0000000022a80000,0x0000000022b80000)]
  0x0000000022207800 JavaThread "neo4j.Scheduler-1" daemon [_thread_blocked, id=7976, stack(0x0000000023680000,0x0000000023780000)]
  0x0000000024e5c000 JavaThread "Cleaner-0" daemon [_thread_blocked, id=8084, stack(0x0000000026290000,0x0000000026390000)]
  0x0000000023164000 JavaThread "FileSystemWatchService" daemon [_thread_in_native, id=9000, stack(0x0000000026190000,0x0000000026290000)]
  0x00000000242b9800 JavaThread "MuninnPageCache[1]-EvictionTask" daemon [_thread_blocked, id=9012, stack(0x0000000027170000,0x0000000027270000)]
  0x0000000025d21800 JavaThread "neo4j.VmPauseMonitor-1" daemon [_thread_blocked, id=11100, stack(0x0000000029590000,0x0000000029690000)]
  0x0000000024388000 JavaThread "neo4j.TransactionTimeoutMonitor-46" daemon [_thread_blocked, id=15484, stack(0x000000002a7a0000,0x000000002a8a0000)]
  0x000000002438b000 JavaThread "neo4j.ServerTransactionTimeout-20" daemon [_thread_blocked, id=13964, stack(0x000000002acc0000,0x000000002adc0000)]
  0x000000002438e800 JavaThread "neo4j.IndexSampling-43" daemon [_thread_blocked, id=11728, stack(0x000000002cf50000,0x000000002d050000)]
  0x000000002438f800 JavaThread "neo4j.StorageMaintenance-52" daemon [_thread_blocked, id=176, stack(0x000000002f700000,0x000000002f800000)]
  0x0000000024389800 JavaThread "neo4j.CheckPoint-126" daemon [_thread_blocked, id=3764, stack(0x0000000001e90000,0x0000000001f90000)]
  0x000000002438c000 JavaThread "neo4j.CheckPoint-127" daemon [_thread_blocked, id=2848, stack(0x0000000001540000,0x0000000001640000)]
  0x0000000024387000 JavaThread "neo4j.BoltNetworkIO-2" [_thread_blocked, id=18196, stack(0x0000000002090000,0x0000000002190000)]
  0x000000002438a800 JavaThread "neo4j.BoltNetworkIO-3" [_thread_blocked, id=13020, stack(0x0000000029690000,0x0000000029790000)]
  0x0000000024386800 JavaThread "neo4j.BoltNetworkIO-4" [_thread_blocked, id=10008, stack(0x0000000029f90000,0x000000002a090000)]
  0x000000002438d000 JavaThread "neo4j.BoltNetworkIO-5" [_thread_blocked, id=13496, stack(0x000000002a090000,0x000000002a190000)]
  0x000000002438d800 JavaThread "neo4j.BoltNetworkIO-6" [_thread_blocked, id=16808, stack(0x000000002a190000,0x000000002a290000)]
  0x0000000024389000 JavaThread "neo4j.BoltNetworkIO-7" [_thread_blocked, id=18984, stack(0x000000002a4a0000,0x000000002a5a0000)]
  0x0000000024390000 JavaThread "neo4j.BoltNetworkIO-8" [_thread_blocked, id=10268, stack(0x000000002a8a0000,0x000000002a9a0000)]
  0x0000000024391000 JavaThread "DestroyJavaVM" [_thread_blocked, id=6776, stack(0x0000000002190000,0x0000000002290000)]

Other Threads:
  0x000000002113e800 VMThread "VM Thread" [stack: 0x0000000021b80000,0x0000000021c80000] [id=6124]
  0x00000000222e8000 WatcherThread [stack: 0x0000000022980000,0x0000000022a80000] [id=6212]
  0x0000000002af3000 GCTaskThread "GC Thread#0" [stack: 0x0000000002470000,0x0000000002570000] [id=6060]
=>0x00000000232c8800 GCTaskThread "GC Thread#1" [stack: 0x0000000023480000,0x0000000023580000] [id=7228]
  0x00000000232c9000 GCTaskThread "GC Thread#2" [stack: 0x0000000023580000,0x0000000023680000] [id=7232]
  0x00000000252be800 GCTaskThread "GC Thread#3" [stack: 0x0000000029c90000,0x0000000029d90000] [id=4464]
  0x0000000002b26000 ConcurrentGCThread "G1 Main Marker" [stack: 0x000000001e940000,0x000000001ea40000] [id=6076]
  0x0000000002b27000 ConcurrentGCThread "G1 Conc#0" [stack: 0x000000001ea40000,0x000000001eb40000] [id=6080]
  0x0000000020fa8800 ConcurrentGCThread "G1 Refine#0" [stack: 0x0000000021180000,0x0000000021280000] [id=6096]
  0x0000000020fa9800 ConcurrentGCThread "G1 Young RemSet Sampling" [stack: 0x0000000021280000,0x0000000021380000] [id=6100]

Threads with active compile tasks:

VM state:at safepoint (normal execution)

VM Mutex/Monitor currently owned by a thread:  ([mutex/lock_event])
[0x0000000002adaf90] Safepoint_lock - owner thread: 0x000000002113e800
[0x0000000002ad97f0] Threads_lock - owner thread: 0x000000002113e800

Heap address: 0x0000000081600000, size: 2026 MB, Compressed Oops mode: 32-bit
Narrow klass base: 0x0000000000000000, Narrow klass shift: 3
Compressed class space size: 1073741824 Address: 0x0000000100000000

Heap:
 garbage-first heap   total 164864K, used 130907K [0x0000000081600000, 0x0000000100000000)
  region size 1024K, 7 young (7168K), 1 survivors (1024K)
 Metaspace       used 63357K, capacity 65255K, committed 66124K, reserved 1105920K
  class space    used 8093K, capacity 8940K, committed 9292K, reserved 1048576K
Heap Regions: E=young(eden), S=young(survivor), O=old, HS=humongous(starts), HC=humongous(continues), CS=collection set, F=free, A=archive, TAMS=top-at-mark-start (previous, next)
|   0|0x0000000081600000, 0x0000000081700000, 0x0000000081700000|100%| O|  |TAMS 0x0000000081700000, 0x0000000081600000| Untracked 
|   1|0x0000000081700000, 0x0000000081800000, 0x0000000081800000|100%| O|  |TAMS 0x0000000081800000, 0x0000000081700000| Untracked 
|   2|0x0000000081800000, 0x0000000081900000, 0x0000000081900000|100%| O|  |TAMS 0x0000000081900000, 0x0000000081800000| Untracked 
|   3|0x0000000081900000, 0x0000000081a00000, 0x0000000081a00000|100%| O|  |TAMS 0x0000000081a00000, 0x0000000081900000| Untracked 
|   4|0x0000000081a00000, 0x0000000081b00000, 0x0000000081b00000|100%| O|  |TAMS 0x0000000081b00000, 0x0000000081a00000| Untracked 
|   5|0x0000000081b00000, 0x0000000081c00000, 0x0000000081c00000|100%| O|  |TAMS 0x0000000081c00000, 0x0000000081b00000| Complete 
|   6|0x0000000081c00000, 0x0000000081d00000, 0x0000000081d00000|100%| O|  |TAMS 0x0000000081d00000, 0x0000000081c00000| Untracked 
|   7|0x0000000081d00000, 0x0000000081e00000, 0x0000000081e00000|100%| O|  |TAMS 0x0000000081e00000, 0x0000000081d00000| Complete 
|   8|0x0000000081e00000, 0x0000000081f00000, 0x0000000081f00000|100%| O|  |TAMS 0x0000000081f00000, 0x0000000081e00000| Complete 
|   9|0x0000000081f00000, 0x0000000082000000, 0x0000000082000000|100%| O|  |TAMS 0x0000000082000000, 0x0000000081f00000| Complete 
|  10|0x0000000082000000, 0x0000000082100000, 0x0000000082100000|100%| O|  |TAMS 0x0000000082100000, 0x0000000082000000| Untracked 
|  11|0x0000000082100000, 0x0000000082200000, 0x0000000082200000|100%| O|  |TAMS 0x0000000082200000, 0x0000000082100000| Untracked 
|  12|0x0000000082200000, 0x0000000082300000, 0x0000000082300000|100%| O|  |TAMS 0x0000000082300000, 0x0000000082200000| Untracked 
|  13|0x0000000082300000, 0x0000000082400000, 0x0000000082400000|100%| O|  |TAMS 0x0000000082400000, 0x0000000082300000| Untracked 
|  14|0x0000000082400000, 0x0000000082500000, 0x0000000082500000|100%| O|  |TAMS 0x0000000082500000, 0x0000000082400000| Untracked 
|  15|0x0000000082500000, 0x0000000082600000, 0x0000000082600000|100%| O|  |TAMS 0x0000000082600000, 0x0000000082500000| Untracked 
|  16|0x0000000082600000, 0x0000000082700000, 0x0000000082700000|100%| O|  |TAMS 0x0000000082700000, 0x0000000082600000| Untracked 
|  17|0x0000000082700000, 0x0000000082800000, 0x0000000082800000|100%| O|  |TAMS 0x0000000082800000, 0x0000000082700000| Untracked 
|  18|0x0000000082800000, 0x0000000082800000, 0x0000000082900000|  0%| F|  |TAMS 0x0000000082800000, 0x0000000082800000| Untracked 
|  19|0x0000000082900000, 0x0000000082a00000, 0x0000000082a00000|100%| O|  |TAMS 0x0000000082a00000, 0x0000000082900000| Complete 
|  20|0x0000000082a00000, 0x0000000082b00000, 0x0000000082b00000|100%| O|  |TAMS 0x0000000082b00000, 0x0000000082a00000| Untracked 
|  21|0x0000000082b00000, 0x0000000082c00000, 0x0000000082c00000|100%| O|  |TAMS 0x0000000082c00000, 0x0000000082b00000| Untracked 
|  22|0x0000000082c00000, 0x0000000082d00000, 0x0000000082d00000|100%| O|  |TAMS 0x0000000082d00000, 0x0000000082c00000| Untracked 
|  23|0x0000000082d00000, 0x0000000082e00000, 0x0000000082e00000|100%| O|  |TAMS 0x0000000082e00000, 0x0000000082d00000| Untracked 
|  24|0x0000000082e00000, 0x0000000082f00000, 0x0000000082f00000|100%| O|  |TAMS 0x0000000082f00000, 0x0000000082e00000| Complete 
|  25|0x0000000082f00000, 0x0000000083000000, 0x0000000083000000|100%| O|  |TAMS 0x0000000083000000, 0x0000000082f00000| Complete 
|  26|0x0000000083000000, 0x0000000083100000, 0x0000000083100000|100%| O|  |TAMS 0x0000000083100000, 0x0000000083000000| Complete 
|  27|0x0000000083100000, 0x0000000083200000, 0x0000000083200000|100%| O|  |TAMS 0x0000000083200000, 0x0000000083100000| Complete 
|  28|0x0000000083200000, 0x0000000083300000, 0x0000000083300000|100%| O|  |TAMS 0x0000000083300000, 0x0000000083200000| Complete 
|  29|0x0000000083300000, 0x0000000083400000, 0x0000000083400000|100%| O|  |TAMS 0x0000000083400000, 0x0000000083300000| Untracked 
|  30|0x0000000083400000, 0x0000000083500000, 0x0000000083500000|100%| O|  |TAMS 0x0000000083500000, 0x0000000083400000| Untracked 
|  31|0x0000000083500000, 0x0000000083600000, 0x0000000083600000|100%| O|  |TAMS 0x0000000083600000, 0x0000000083500000| Untracked 
|  32|0x0000000083600000, 0x0000000083700000, 0x0000000083700000|100%| O|  |TAMS 0x0000000083700000, 0x0000000083600000| Untracked 
|  33|0x0000000083700000, 0x0000000083800000, 0x0000000083800000|100%| O|  |TAMS 0x0000000083800000, 0x0000000083700000| Complete 
|  34|0x0000000083800000, 0x0000000083900000, 0x0000000083900000|100%| O|  |TAMS 0x0000000083900000, 0x0000000083800000| Complete 
|  35|0x0000000083900000, 0x0000000083a00000, 0x0000000083a00000|100%| O|  |TAMS 0x0000000083a00000, 0x0000000083900000| Complete 
|  36|0x0000000083a00000, 0x0000000083b00000, 0x0000000083b00000|100%| O|  |TAMS 0x0000000083b00000, 0x0000000083a00000| Complete 
|  37|0x0000000083b00000, 0x0000000083c00000, 0x0000000083c00000|100%| O|  |TAMS 0x0000000083c00000, 0x0000000083b00000| Complete 
|  38|0x0000000083c00000, 0x0000000083d00000, 0x0000000083d00000|100%| O|  |TAMS 0x0000000083d00000, 0x0000000083c00000| Untracked 
|  39|0x0000000083d00000, 0x0000000083e00000, 0x0000000083e00000|100%| O|  |TAMS 0x0000000083e00000, 0x0000000083d00000| Complete 
|  40|0x0000000083e00000, 0x0000000083f00000, 0x0000000083f00000|100%| O|  |TAMS 0x0000000083f00000, 0x0000000083e00000| Complete 
|  41|0x0000000083f00000, 0x0000000084000000, 0x0000000084000000|100%| O|  |TAMS 0x0000000084000000, 0x0000000083f00000| Untracked 
|  42|0x0000000084000000, 0x0000000084100000, 0x0000000084100000|100%| O|  |TAMS 0x0000000084100000, 0x0000000084000000| Untracked 
|  43|0x0000000084100000, 0x0000000084200000, 0x0000000084200000|100%| O|  |TAMS 0x0000000084200000, 0x0000000084100000| Complete 
|  44|0x0000000084200000, 0x0000000084300000, 0x0000000084300000|100%| O|  |TAMS 0x0000000084300000, 0x0000000084200000| Complete 
|  45|0x0000000084300000, 0x0000000084400000, 0x0000000084400000|100%| O|  |TAMS 0x0000000084400000, 0x0000000084300000| Complete 
|  46|0x0000000084400000, 0x0000000084500000, 0x0000000084500000|100%| O|  |TAMS 0x0000000084500000, 0x0000000084400000| Complete 
|  47|0x0000000084500000, 0x0000000084600000, 0x0000000084600000|100%| O|  |TAMS 0x0000000084600000, 0x0000000084500000| Complete 
|  48|0x0000000084600000, 0x0000000084700000, 0x0000000084700000|100%| O|  |TAMS 0x0000000084700000, 0x0000000084600000| Complete 
|  49|0x0000000084700000, 0x0000000084800000, 0x0000000084800000|100%| O|  |TAMS 0x0000000084800000, 0x0000000084700000| Complete 
|  50|0x0000000084800000, 0x0000000084900000, 0x0000000084900000|100%| O|  |TAMS 0x0000000084900000, 0x0000000084800000| Complete 
|  51|0x0000000084900000, 0x0000000084a00000, 0x0000000084a00000|100%| O|  |TAMS 0x0000000084a00000, 0x0000000084900000| Complete 
|  52|0x0000000084a00000, 0x0000000084b00000, 0x0000000084b00000|100%| O|  |TAMS 0x0000000084b00000, 0x0000000084a00000| Complete 
|  53|0x0000000084b00000, 0x0000000084c00000, 0x0000000084c00000|100%| O|  |TAMS 0x0000000084c00000, 0x0000000084b00000| Untracked 
|  54|0x0000000084c00000, 0x0000000084d00000, 0x0000000084d00000|100%| O|  |TAMS 0x0000000084d00000, 0x0000000084c00000| Untracked 
|  55|0x0000000084d00000, 0x0000000084e00000, 0x0000000084e00000|100%| O|  |TAMS 0x0000000084e00000, 0x0000000084d00000| Untracked 
|  56|0x0000000084e00000, 0x0000000084f00000, 0x0000000084f00000|100%| O|  |TAMS 0x0000000084f00000, 0x0000000084e00000| Untracked 
|  57|0x0000000084f00000, 0x0000000085000000, 0x0000000085000000|100%| O|  |TAMS 0x0000000085000000, 0x0000000084f00000| Complete 
|  58|0x0000000085000000, 0x0000000085100000, 0x0000000085100000|100%| O|  |TAMS 0x0000000085100000, 0x0000000085000000| Complete 
|  59|0x0000000085100000, 0x0000000085200000, 0x0000000085200000|100%| O|  |TAMS 0x0000000085200000, 0x0000000085100000| Untracked 
|  60|0x0000000085200000, 0x0000000085300000, 0x0000000085300000|100%| O|  |TAMS 0x0000000085300000, 0x0000000085200000| Untracked 
|  61|0x0000000085300000, 0x0000000085400000, 0x0000000085400000|100%| O|  |TAMS 0x0000000085400000, 0x0000000085300000| Untracked 
|  62|0x0000000085400000, 0x0000000085500000, 0x0000000085500000|100%| O|  |TAMS 0x0000000085500000, 0x0000000085400000| Untracked 
|  63|0x0000000085500000, 0x0000000085600000, 0x0000000085600000|100%| O|  |TAMS 0x0000000085600000, 0x0000000085500000| Untracked 
|  64|0x0000000085600000, 0x0000000085700000, 0x0000000085700000|100%| O|  |TAMS 0x0000000085700000, 0x0000000085600000| Complete 
|  65|0x0000000085700000, 0x0000000085800000, 0x0000000085800000|100%| O|  |TAMS 0x0000000085800000, 0x0000000085700000| Untracked 
|  66|0x0000000085800000, 0x0000000085900000, 0x0000000085900000|100%| O|  |TAMS 0x0000000085900000, 0x0000000085800000| Untracked 
|  67|0x0000000085900000, 0x0000000085a00000, 0x0000000085a00000|100%| O|  |TAMS 0x0000000085a00000, 0x0000000085900000| Untracked 
|  68|0x0000000085a00000, 0x0000000085b00000, 0x0000000085b00000|100%| O|  |TAMS 0x0000000085b00000, 0x0000000085a00000| Untracked 
|  69|0x0000000085b00000, 0x0000000085c00000, 0x0000000085c00000|100%| O|  |TAMS 0x0000000085c00000, 0x0000000085b00000| Untracked 
|  70|0x0000000085c00000, 0x0000000085d00000, 0x0000000085d00000|100%| O|  |TAMS 0x0000000085d00000, 0x0000000085c00000| Untracked 
|  71|0x0000000085d00000, 0x0000000085e00000, 0x0000000085e00000|100%| O|  |TAMS 0x0000000085e00000, 0x0000000085d00000| Untracked 
|  72|0x0000000085e00000, 0x0000000085f00000, 0x0000000085f00000|100%| O|  |TAMS 0x0000000085f00000, 0x0000000085e00000| Complete 
|  73|0x0000000085f00000, 0x0000000086000000, 0x0000000086000000|100%| O|  |TAMS 0x0000000086000000, 0x0000000085f00000| Untracked 
|  74|0x0000000086000000, 0x0000000086100000, 0x0000000086100000|100%| O|  |TAMS 0x0000000086100000, 0x0000000086000000| Untracked 
|  75|0x0000000086100000, 0x0000000086200000, 0x0000000086200000|100%| O|  |TAMS 0x0000000086200000, 0x0000000086100000| Untracked 
|  76|0x0000000086200000, 0x0000000086300000, 0x0000000086300000|100%| O|  |TAMS 0x0000000086300000, 0x0000000086200000| Untracked 
|  77|0x0000000086300000, 0x0000000086400000, 0x0000000086400000|100%| O|  |TAMS 0x0000000086400000, 0x0000000086300000| Untracked 
|  78|0x0000000086400000, 0x0000000086500000, 0x0000000086500000|100%| O|  |TAMS 0x0000000086500000, 0x0000000086400000| Untracked 
|  79|0x0000000086500000, 0x0000000086600000, 0x0000000086600000|100%| O|  |TAMS 0x0000000086600000, 0x0000000086500000| Untracked 
|  80|0x0000000086600000, 0x0000000086700000, 0x0000000086700000|100%| O|  |TAMS 0x0000000086700000, 0x0000000086600000| Untracked 
|  81|0x0000000086700000, 0x0000000086800000, 0x0000000086800000|100%| O|  |TAMS 0x0000000086800000, 0x0000000086700000| Untracked 
|  82|0x0000000086800000, 0x0000000086900000, 0x0000000086900000|100%| O|  |TAMS 0x0000000086900000, 0x0000000086800000| Complete 
|  83|0x0000000086900000, 0x0000000086a00000, 0x0000000086a00000|100%| O|  |TAMS 0x0000000086a00000, 0x0000000086900000| Untracked 
|  84|0x0000000086a00000, 0x0000000086b00000, 0x0000000086b00000|100%| O|  |TAMS 0x0000000086b00000, 0x0000000086a00000| Complete 
|  85|0x0000000086b00000, 0x0000000086c00000, 0x0000000086c00000|100%|HS|  |TAMS 0x0000000086c00000, 0x0000000086b00000| Complete 
|  86|0x0000000086c00000, 0x0000000086d00000, 0x0000000086d00000|100%|HC|  |TAMS 0x0000000086d00000, 0x0000000086c00000| Complete 
|  87|0x0000000086d00000, 0x0000000086e00000, 0x0000000086e00000|100%|HC|  |TAMS 0x0000000086e00000, 0x0000000086d00000| Complete 
|  88|0x0000000086e00000, 0x0000000086f00000, 0x0000000086f00000|100%|HC|  |TAMS 0x0000000086f00000, 0x0000000086e00000| Complete 
|  89|0x0000000086f00000, 0x0000000087000000, 0x0000000087000000|100%|HC|  |TAMS 0x0000000087000000, 0x0000000086f00000| Complete 
|  90|0x0000000087000000, 0x0000000087100000, 0x0000000087100000|100%| O|  |TAMS 0x0000000087100000, 0x0000000087000000| Untracked 
|  91|0x0000000087100000, 0x0000000087200000, 0x0000000087200000|100%| O|  |TAMS 0x0000000087200000, 0x0000000087100000| Untracked 
|  92|0x0000000087200000, 0x0000000087300000, 0x0000000087300000|100%| O|  |TAMS 0x0000000087300000, 0x0000000087200000| Untracked 
|  93|0x0000000087300000, 0x0000000087400000, 0x0000000087400000|100%| O|  |TAMS 0x0000000087400000, 0x0000000087300000| Untracked 
|  94|0x0000000087400000, 0x0000000087500000, 0x0000000087500000|100%| O|  |TAMS 0x0000000087500000, 0x0000000087400000| Untracked 
|  95|0x0000000087500000, 0x0000000087600000, 0x0000000087600000|100%| O|  |TAMS 0x0000000087600000, 0x0000000087500000| Untracked 
|  96|0x0000000087600000, 0x0000000087700000, 0x0000000087700000|100%| O|  |TAMS 0x0000000087700000, 0x0000000087600000| Untracked 
|  97|0x0000000087700000, 0x0000000087800000, 0x0000000087800000|100%| O|  |TAMS 0x0000000087800000, 0x0000000087700000| Untracked 
|  98|0x0000000087800000, 0x0000000087900000, 0x0000000087900000|100%| O|  |TAMS 0x0000000087900000, 0x0000000087800000| Untracked 
|  99|0x0000000087900000, 0x0000000087a00000, 0x0000000087a00000|100%| O|  |TAMS 0x0000000087a00000, 0x0000000087900000| Untracked 
| 100|0x0000000087a00000, 0x0000000087b00000, 0x0000000087b00000|100%| O|  |TAMS 0x0000000087b00000, 0x0000000087a00000| Untracked 
| 101|0x0000000087b00000, 0x0000000087c00000, 0x0000000087c00000|100%| O|  |TAMS 0x0000000087c00000, 0x0000000087b00000| Untracked 
| 102|0x0000000087c00000, 0x0000000087d00000, 0x0000000087d00000|100%| O|  |TAMS 0x0000000087d00000, 0x0000000087c00000| Complete 
| 103|0x0000000087d00000, 0x0000000087e00000, 0x0000000087e00000|100%|HS|  |TAMS 0x0000000087e00000, 0x0000000087d00000| Complete 
| 104|0x0000000087e00000, 0x0000000087f00000, 0x0000000087f00000|100%|HC|  |TAMS 0x0000000087f00000, 0x0000000087e00000| Complete 
| 105|0x0000000087f00000, 0x0000000088000000, 0x0000000088000000|100%|HC|  |TAMS 0x0000000088000000, 0x0000000087f00000| Complete 
| 106|0x0000000088000000, 0x0000000088100000, 0x0000000088100000|100%| O|  |TAMS 0x0000000088100000, 0x0000000088000000| Untracked 
| 107|0x0000000088100000, 0x0000000088200000, 0x0000000088200000|100%| O|  |TAMS 0x0000000088200000, 0x0000000088100000| Untracked 
| 108|0x0000000088200000, 0x0000000088300000, 0x0000000088300000|100%| O|  |TAMS 0x0000000088300000, 0x0000000088200000| Untracked 
| 109|0x0000000088300000, 0x0000000088400000, 0x0000000088400000|100%| O|  |TAMS 0x0000000088400000, 0x0000000088300000| Untracked 
| 110|0x0000000088400000, 0x0000000088500000, 0x0000000088500000|100%| O|  |TAMS 0x0000000088500000, 0x0000000088400000| Untracked 
| 111|0x0000000088500000, 0x0000000088600000, 0x0000000088600000|100%| O|  |TAMS 0x0000000088600000, 0x0000000088500000| Untracked 
| 112|0x0000000088600000, 0x0000000088700000, 0x0000000088700000|100%| O|  |TAMS 0x0000000088700000, 0x0000000088600000| Untracked 
| 113|0x0000000088700000, 0x0000000088800000, 0x0000000088800000|100%| O|  |TAMS 0x0000000088800000, 0x0000000088700000| Complete 
| 114|0x0000000088800000, 0x0000000088900000, 0x0000000088900000|100%| O|  |TAMS 0x0000000088900000, 0x0000000088800000| Untracked 
| 115|0x0000000088900000, 0x0000000088a00000, 0x0000000088a00000|100%| O|  |TAMS 0x0000000088a00000, 0x0000000088900000| Complete 
| 116|0x0000000088a00000, 0x0000000088b00000, 0x0000000088b00000|100%| O|  |TAMS 0x0000000088b00000, 0x0000000088a00000| Untracked 
| 117|0x0000000088b00000, 0x0000000088c00000, 0x0000000088c00000|100%| O|  |TAMS 0x0000000088c00000, 0x0000000088b00000| Untracked 
| 118|0x0000000088c00000, 0x0000000088d00000, 0x0000000088d00000|100%| O|  |TAMS 0x0000000088d00000, 0x0000000088c00000| Untracked 
| 119|0x0000000088d00000, 0x0000000088e00000, 0x0000000088e00000|100%| O|  |TAMS 0x0000000088e00000, 0x0000000088d00000| Untracked 
| 120|0x0000000088e00000, 0x0000000088f00000, 0x0000000088f00000|100%| O|  |TAMS 0x0000000088f00000, 0x0000000088e00000| Untracked 
| 121|0x0000000088f00000, 0x0000000089000000, 0x0000000089000000|100%| O|  |TAMS 0x0000000089000000, 0x0000000088f00000| Complete 
| 122|0x0000000089000000, 0x0000000089100000, 0x0000000089100000|100%| O|  |TAMS 0x0000000089100000, 0x0000000089000000| Untracked 
| 123|0x0000000089100000, 0x00000000891fda00, 0x0000000089200000| 99%| O|  |TAMS 0x00000000891fda00, 0x0000000089100000| Untracked 
| 124|0x0000000089200000, 0x0000000089200000, 0x0000000089300000|  0%| F|  |TAMS 0x0000000089200000, 0x0000000089200000| Untracked 
| 125|0x0000000089300000, 0x0000000089300000, 0x0000000089400000|  0%| F|  |TAMS 0x0000000089300000, 0x0000000089300000| Untracked 
| 126|0x0000000089400000, 0x0000000089400000, 0x0000000089500000|  0%| F|  |TAMS 0x0000000089400000, 0x0000000089400000| Untracked 
| 127|0x0000000089500000, 0x0000000089500000, 0x0000000089600000|  0%| F|  |TAMS 0x0000000089500000, 0x0000000089500000| Untracked 
| 128|0x0000000089600000, 0x0000000089600000, 0x0000000089700000|  0%| F|  |TAMS 0x0000000089600000, 0x0000000089600000| Untracked 
| 129|0x0000000089700000, 0x0000000089700000, 0x0000000089800000|  0%| F|  |TAMS 0x0000000089700000, 0x0000000089700000| Untracked 
| 130|0x0000000089800000, 0x0000000089800000, 0x0000000089900000|  0%| F|  |TAMS 0x0000000089800000, 0x0000000089800000| Untracked 
| 131|0x0000000089900000, 0x0000000089900000, 0x0000000089a00000|  0%| F|  |TAMS 0x0000000089900000, 0x0000000089900000| Untracked 
| 132|0x0000000089a00000, 0x0000000089a00000, 0x0000000089b00000|  0%| F|  |TAMS 0x0000000089a00000, 0x0000000089a00000| Untracked 
| 133|0x0000000089b00000, 0x0000000089b00000, 0x0000000089c00000|  0%| F|  |TAMS 0x0000000089b00000, 0x0000000089b00000| Untracked 
| 134|0x0000000089c00000, 0x0000000089c00000, 0x0000000089d00000|  0%| F|  |TAMS 0x0000000089c00000, 0x0000000089c00000| Untracked 
| 135|0x0000000089d00000, 0x0000000089d00000, 0x0000000089e00000|  0%| F|  |TAMS 0x0000000089d00000, 0x0000000089d00000| Untracked 
| 136|0x0000000089e00000, 0x0000000089e00000, 0x0000000089f00000|  0%| F|  |TAMS 0x0000000089e00000, 0x0000000089e00000| Untracked 
| 137|0x0000000089f00000, 0x0000000089f00000, 0x000000008a000000|  0%| F|  |TAMS 0x0000000089f00000, 0x0000000089f00000| Untracked 
| 138|0x000000008a000000, 0x000000008a000000, 0x000000008a100000|  0%| F|  |TAMS 0x000000008a000000, 0x000000008a000000| Untracked 
| 139|0x000000008a100000, 0x000000008a100000, 0x000000008a200000|  0%| F|  |TAMS 0x000000008a100000, 0x000000008a100000| Untracked 
| 140|0x000000008a200000, 0x000000008a200000, 0x000000008a300000|  0%| F|  |TAMS 0x000000008a200000, 0x000000008a200000| Untracked 
| 141|0x000000008a300000, 0x000000008a3d9310, 0x000000008a400000| 84%| S|CS|TAMS 0x000000008a300000, 0x000000008a300000| Complete 
| 142|0x000000008a400000, 0x000000008a400000, 0x000000008a500000|  0%| F|  |TAMS 0x000000008a400000, 0x000000008a400000| Untracked 
| 143|0x000000008a500000, 0x000000008a500000, 0x000000008a600000|  0%| F|  |TAMS 0x000000008a500000, 0x000000008a500000| Untracked 
| 144|0x000000008a600000, 0x000000008a600000, 0x000000008a700000|  0%| F|  |TAMS 0x000000008a600000, 0x000000008a600000| Untracked 
| 145|0x000000008a700000, 0x000000008a700000, 0x000000008a800000|  0%| F|  |TAMS 0x000000008a700000, 0x000000008a700000| Untracked 
| 146|0x000000008a800000, 0x000000008a800000, 0x000000008a900000|  0%| F|  |TAMS 0x000000008a800000, 0x000000008a800000| Untracked 
| 147|0x000000008a900000, 0x000000008a900000, 0x000000008aa00000|  0%| F|  |TAMS 0x000000008a900000, 0x000000008a900000| Untracked 
| 148|0x000000008aa00000, 0x000000008aa00000, 0x000000008ab00000|  0%| F|  |TAMS 0x000000008aa00000, 0x000000008aa00000| Untracked 
| 149|0x000000008ab00000, 0x000000008ab00000, 0x000000008ac00000|  0%| F|  |TAMS 0x000000008ab00000, 0x000000008ab00000| Untracked 
| 150|0x000000008ac00000, 0x000000008ac00000, 0x000000008ad00000|  0%| F|  |TAMS 0x000000008ac00000, 0x000000008ac00000| Untracked 
| 151|0x000000008ad00000, 0x000000008ad00000, 0x000000008ae00000|  0%| F|  |TAMS 0x000000008ad00000, 0x000000008ad00000| Untracked 
| 152|0x000000008ae00000, 0x000000008ae00000, 0x000000008af00000|  0%| F|  |TAMS 0x000000008ae00000, 0x000000008ae00000| Untracked 
| 153|0x000000008af00000, 0x000000008af00000, 0x000000008b000000|  0%| F|  |TAMS 0x000000008af00000, 0x000000008af00000| Untracked 
| 154|0x000000008b000000, 0x000000008b000000, 0x000000008b100000|  0%| F|  |TAMS 0x000000008b000000, 0x000000008b000000| Untracked 
| 155|0x000000008b100000, 0x000000008b136608, 0x000000008b200000| 21%| E|  |TAMS 0x000000008b100000, 0x000000008b100000| Complete 
| 156|0x000000008b200000, 0x000000008b300000, 0x000000008b300000|100%| E|CS|TAMS 0x000000008b200000, 0x000000008b200000| Complete 
| 157|0x000000008b300000, 0x000000008b400000, 0x000000008b400000|100%| E|CS|TAMS 0x000000008b300000, 0x000000008b300000| Complete 
| 158|0x000000008b400000, 0x000000008b500000, 0x000000008b500000|100%| E|  |TAMS 0x000000008b400000, 0x000000008b400000| Complete 
| 159|0x000000008b500000, 0x000000008b600000, 0x000000008b600000|100%| E|CS|TAMS 0x000000008b500000, 0x000000008b500000| Complete 
| 160|0x000000008b600000, 0x000000008b700000, 0x000000008b700000|100%| E|CS|TAMS 0x000000008b600000, 0x000000008b600000| Complete 

Card table byte_map: [0x000000001a1e0000,0x000000001a5e0000] _byte_map_base: 0x0000000019dd5000

Marking Bits (Prev, Next): (CMBitMap*) 0x0000000002b1d178, (CMBitMap*) 0x0000000002b1d1b0
 Prev Bits: [0x000000001a9e0000, 0x000000001c988000)
 Next Bits: [0x000000001c990000, 0x000000001e938000)

Polling page: 0x0000000001300000

Metaspace:

Usage:
  Non-class:     55.00 MB capacity,    53.97 MB ( 98%) used,   820.20 KB (  1%) free+waste,   231.50 KB ( <1%) overhead. 
      Class:      8.73 MB capacity,     7.90 MB ( 91%) used,   727.08 KB (  8%) free+waste,   119.19 KB (  1%) overhead. 
       Both:     63.73 MB capacity,    61.87 MB ( 97%) used,     1.51 MB (  2%) free+waste,   350.69 KB ( <1%) overhead. 

Virtual space:
  Non-class space:       56.00 MB reserved,      55.50 MB (>99%) committed 
      Class space:        1.00 GB reserved,       9.07 MB ( <1%) committed 
             Both:        1.05 GB reserved,      64.57 MB (  6%) committed 

Chunk freelists:
   Non-Class:  64.63 KB
       Class:  34.50 KB
        Both:  99.13 KB

CodeHeap 'non-profiled nmethods': size=120064Kb used=2910Kb max_used=2910Kb free=117153Kb
 bounds [0x00000000128a0000, 0x0000000012b90000, 0x0000000019de0000]
CodeHeap 'profiled nmethods': size=120000Kb used=8837Kb max_used=10131Kb free=111162Kb
 bounds [0x000000000b370000, 0x000000000bd60000, 0x00000000128a0000]
CodeHeap 'non-nmethods': size=5696Kb used=1360Kb max_used=1404Kb free=4335Kb
 bounds [0x000000000ade0000, 0x000000000b050000, 0x000000000b370000]
 total_blobs=8059 nmethods=4608 adapters=713
 compilation: enabled
              stopped_count=0, restarted_count=0
 full_count=0

Compilation events (10 events):
Event: 1041534.409 Thread 0x0000000021fcd000 5580       4       io.netty.util.internal.shaded.org.jctools.util.UnsafeRefArrayAccess::lvElement (9 bytes)
Event: 1041534.410 Thread 0x0000000021fcd000 nmethod 5580 0x0000000012b3e990 code [0x0000000012b3eb20, 0x0000000012b3eb78]
Event: 1041534.626 Thread 0x0000000021fd2000 5581   !   3       sun.nio.ch.WindowsSelectorImpl$SubSelector::processFDSet (177 bytes)
Event: 1041534.627 Thread 0x0000000021fd2000 nmethod 5581 0x000000000b5d9c10 code [0x000000000b5d9ea0, 0x000000000b5dad40]
Event: 1041534.735 Thread 0x0000000021fd2000 5582   !   3       sun.nio.ch.SelectorImpl::processDeregisterQueue (181 bytes)
Event: 1041534.736 Thread 0x0000000021fd2000 nmethod 5582 0x000000000b5fb610 code [0x000000000b5fb900, 0x000000000b5fcc90]
Event: 1041534.955 Thread 0x0000000021fcd000 5584   !   4       sun.nio.ch.WindowsSelectorImpl::processUpdateQueue (236 bytes)
Event: 1041534.955 Thread 0x0000000021fd2000 5583   !   3       sun.nio.ch.SelectorImpl::lockAndDoSelect (87 bytes)
Event: 1041534.956 Thread 0x0000000021fd2000 nmethod 5583 0x000000000b5a6490 code [0x000000000b5a66c0, 0x000000000b5a7030]
Event: 1041534.964 Thread 0x0000000021fcd000 nmethod 5584 0x0000000012b44690 code [0x0000000012b44840, 0x0000000012b44df8]

GC Heap History (10 events):
Event: 1040421.558 GC heap before
{Heap before GC invocations=422 (full 0):
 garbage-first heap   total 164864K, used 144846K [0x0000000081600000, 0x0000000100000000)
  region size 1024K, 19 young (19456K), 1 survivors (1024K)
 Metaspace       used 62787K, capacity 64565K, committed 65740K, reserved 1105920K
  class space    used 7984K, capacity 8765K, committed 9164K, reserved 1048576K
}
Event: 1040421.563 GC heap after
{Heap after GC invocations=423 (full 0):
 garbage-first heap   total 164864K, used 126439K [0x0000000081600000, 0x0000000100000000)
  region size 1024K, 1 young (1024K), 1 survivors (1024K)
 Metaspace       used 62787K, capacity 64565K, committed 65740K, reserved 1105920K
  class space    used 7984K, capacity 8765K, committed 9164K, reserved 1048576K
}
Event: 1040846.557 GC heap before
{Heap before GC invocations=424 (full 0):
 garbage-first heap   total 164864K, used 144871K [0x0000000081600000, 0x0000000100000000)
  region size 1024K, 19 young (19456K), 1 survivors (1024K)
 Metaspace       used 62787K, capacity 64565K, committed 65740K, reserved 1105920K
  class space    used 7984K, capacity 8765K, committed 9164K, reserved 1048576K
}
Event: 1040846.565 GC heap after
{Heap after GC invocations=425 (full 0):
 garbage-first heap   total 164864K, used 126464K [0x0000000081600000, 0x0000000100000000)
  region size 1024K, 1 young (1024K), 1 survivors (1024K)
 Metaspace       used 62787K, capacity 64565K, committed 65740K, reserved 1105920K
  class space    used 7984K, capacity 8765K, committed 9164K, reserved 1048576K
}
Event: 1041275.612 GC heap before
{Heap before GC invocations=425 (full 0):
 garbage-first heap   total 164864K, used 144896K [0x0000000081600000, 0x0000000100000000)
  region size 1024K, 19 young (19456K), 1 survivors (1024K)
 Metaspace       used 62787K, capacity 64565K, committed 65740K, reserved 1105920K
  class space    used 7984K, capacity 8765K, committed 9164K, reserved 1048576K
}
Event: 1041275.617 GC heap after
{Heap after GC invocations=426 (full 0):
 garbage-first heap   total 164864K, used 126459K [0x0000000081600000, 0x0000000100000000)
  region size 1024K, 1 young (1024K), 1 survivors (1024K)
 Metaspace       used 62787K, capacity 64565K, committed 65740K, reserved 1105920K
  class space    used 7984K, capacity 8765K, committed 9164K, reserved 1048576K
}
Event: 1041529.473 GC heap before
{Heap before GC invocations=427 (full 0):
 garbage-first heap   total 164864K, used 143867K [0x0000000081600000, 0x0000000100000000)
  region size 1024K, 19 young (19456K), 1 survivors (1024K)
 Metaspace       used 63138K, capacity 64933K, committed 65996K, reserved 1105920K
  class space    used 8045K, capacity 8829K, committed 9164K, reserved 1048576K
}
Event: 1041529.480 GC heap after
{Heap after GC invocations=428 (full 0):
 garbage-first heap   total 164864K, used 126682K [0x0000000081600000, 0x0000000100000000)
  region size 1024K, 1 young (1024K), 1 survivors (1024K)
 Metaspace       used 63138K, capacity 64933K, committed 65996K, reserved 1105920K
  class space    used 8045K, capacity 8829K, committed 9164K, reserved 1048576K
}
Event: 1041532.828 GC heap before
{Heap before GC invocations=428 (full 0):
 garbage-first heap   total 164864K, used 144090K [0x0000000081600000, 0x0000000100000000)
  region size 1024K, 19 young (19456K), 1 survivors (1024K)
 Metaspace       used 63339K, capacity 65252K, committed 66124K, reserved 1105920K
  class space    used 8091K, capacity 8939K, committed 9292K, reserved 1048576K
}
Event: 1041532.833 GC heap after
{Heap after GC invocations=429 (full 0):
 garbage-first heap   total 164864K, used 126811K [0x0000000081600000, 0x0000000100000000)
  region size 1024K, 1 young (1024K), 1 survivors (1024K)
 Metaspace       used 63339K, capacity 65252K, committed 66124K, reserved 1105920K
  class space    used 8091K, capacity 8939K, committed 9292K, reserved 1048576K
}

Deoptimization events (10 events):
Event: 1041531.133 Thread 0x0000000002ade800 Uncommon trap: reason=class_check action=maybe_recompile pc=0x0000000012b631f0 method=org.eclipse.collections.impl.map.mutable.primitive.LongObjectHashMap.forEachKeyValue(Lorg/eclipse/collections/api/block/procedure/primitive/LongObjectProcedure;)V @ 50 c
Event: 1041534.061 Thread 0x0000000025d23000 Uncommon trap: reason=unstable_if action=reinterpret pc=0x0000000012b55440 method=io.netty.util.internal.shaded.org.jctools.queues.BaseMpscLinkedArrayQueue.poll()Ljava/lang/Object; @ 34 c2
Event: 1041534.061 Thread 0x0000000025d23000 Uncommon trap: reason=unstable_if action=reinterpret pc=0x0000000012b642f8 method=io.netty.util.concurrent.SingleThreadEventExecutor.isShuttingDown()Z @ 5 c2
Event: 1041534.089 Thread 0x0000000024390000 Uncommon trap: reason=unstable_if action=reinterpret pc=0x0000000012b54d34 method=io.netty.util.internal.shaded.org.jctools.queues.BaseMpscLinkedArrayQueue.isEmpty()Z @ 9 c2
Event: 1041534.089 Thread 0x0000000025d23000 Uncommon trap: reason=bimorphic_or_optimized_type_check action=maybe_recompile pc=0x00000000128a1848 method=java.util.Collections$SetFromMap.remove(Ljava/lang/Object;)Z @ 5 c2
Event: 1041534.089 Thread 0x000000002438d800 Uncommon trap: reason=unstable_if action=reinterpret pc=0x0000000012b45b10 method=io.netty.util.internal.shaded.org.jctools.queues.BaseMpscLinkedArrayQueue.isEmpty()Z @ 9 c2
Event: 1041534.090 Thread 0x0000000025d21800 Uncommon trap: reason=unstable_if action=reinterpret pc=0x0000000012b6c830 method=org.neo4j.monitoring.VmPauseMonitor.monitor()V @ 17 c2
Event: 1041534.090 Thread 0x0000000025d23000 Uncommon trap: reason=bimorphic_or_optimized_type_check action=maybe_recompile pc=0x00000000128a1848 method=java.util.Collections$SetFromMap.remove(Ljava/lang/Object;)Z @ 5 c2
Event: 1041534.091 Thread 0x0000000025d23000 Uncommon trap: reason=bimorphic_or_optimized_type_check action=maybe_recompile pc=0x00000000128a1848 method=java.util.Collections$SetFromMap.remove(Ljava/lang/Object;)Z @ 5 c2
Event: 1041534.109 Thread 0x0000000025d23000 Uncommon trap: reason=bimorphic_or_optimized_type_check action=maybe_recompile pc=0x00000000128a1848 method=java.util.Collections$SetFromMap.remove(Ljava/lang/Object;)Z @ 5 c2

Classes redefined (0 events):
No events

Internal exceptions (10 events):
Event: 1041528.952 Thread 0x0000000023164000 Exception <a 'sun/nio/fs/WindowsException'{0x000000008aa00390}> (0x000000008aa00390) thrown at [t:/workspace/open/src/hotspot/share/prims/jni.cpp, line 615]
Event: 1041528.968 Thread 0x0000000002ade800 Exception <a 'java/lang/NoSuchMethodError'{0x000000008aa16748}: java.lang.invoke.DelegatingMethodHandle$Holder.reinvoke_L(Ljava/lang/Object;Ljava/lang/Object;J)Ljava/lang/Object;> (0x000000008aa16748) thrown at [t:/workspace/open/src/hotspot/share/interpr
Event: 1041529.095 Thread 0x0000000002ade800 Exception <a 'java/lang/NoSuchMethodError'{0x000000008aaf9200}: java.lang.invoke.DirectMethodHandle$Holder.invokeVirtual(Ljava/lang/Object;Ljava/lang/Object;J)V> (0x000000008aaf9200) thrown at [t:/workspace/open/src/hotspot/share/interpreter/linkResolver.
Event: 1041529.096 Thread 0x0000000002ade800 Exception <a 'java/lang/NoSuchMethodError'{0x000000008aaff288}: java.lang.invoke.DirectMethodHandle$Holder.invokeStatic(Ljava/lang/Object;Ljava/lang/Object;Ljava/lang/Object;ILjava/lang/Object;)V> (0x000000008aaff288) thrown at [t:/workspace/open/src/hots
Event: 1041529.785 Thread 0x0000000002ade800 Exception <a 'java/lang/NoSuchMethodError'{0x000000008b4ff9e8}: java.lang.invoke.DirectMethodHandle$Holder.invokeStaticInit(Ljava/lang/Object;)V> (0x000000008b4ff9e8) thrown at [t:/workspace/open/src/hotspot/share/interpreter/linkResolver.cpp, line 772]
Event: 1041529.859 Thread 0x0000000002ade800 Exception <a 'java/lang/NoSuchMethodError'{0x000000008b2042e0}: java.lang.invoke.DirectMethodHandle$Holder.invokeSpecial(Ljava/lang/Object;Ljava/lang/Object;IIILjava/lang/Object;Ljava/lang/Object;J)Ljava/lang/Object;> (0x000000008b2042e0) thrown at [t:/wo
Event: 1041529.860 Thread 0x0000000002ade800 Exception <a 'java/lang/NoSuchMethodError'{0x000000008b207808}: java.lang.invoke.DelegatingMethodHandle$Holder.reinvoke_L(Ljava/lang/Object;IIILjava/lang/Object;Ljava/lang/Object;J)Ljava/lang/Object;> (0x000000008b207808) thrown at [t:/workspace/open/src/
Event: 1041531.030 Thread 0x0000000023164000 Exception <a 'sun/nio/fs/WindowsException'{0x000000008b0f81f0}> (0x000000008b0f81f0) thrown at [t:/workspace/open/src/hotspot/share/prims/jni.cpp, line 615]
Event: 1041531.030 Thread 0x0000000023164000 Exception <a 'sun/nio/fs/WindowsException'{0x000000008b0f8260}> (0x000000008b0f8260) thrown at [t:/workspace/open/src/hotspot/share/prims/jni.cpp, line 615]
Event: 1041531.051 Thread 0x0000000002ade800 Exception <a 'java/lang/NoSuchMethodError'{0x000000008ae6cbc8}: java.lang.invoke.DirectMethodHandle$Holder.invokeStaticInit(Ljava/lang/Object;Ljava/lang/Object;Ljava/lang/Object;Ljava/lang/Object;Ljava/lang/Object;)Ljava/lang/Object;> (0x000000008ae6cbc8)

Events (10 events):
Event: 1041534.112 Executing VM operation: RevokeBias done
Event: 1041534.112 Thread 0x0000000025d23000 Thread exited: 0x0000000025d23000
Event: 1041534.113 Executing VM operation: RevokeBias
Event: 1041534.113 Executing VM operation: RevokeBias done
Event: 1041534.113 Thread 0x0000000024391000 Thread exited: 0x0000000024391000
Event: 1041534.301 Thread 0x000000002201c000 flushing nmethod 0x000000000b6ea990
Event: 1041534.301 Thread 0x000000002201c000 flushing nmethod 0x000000000b6eda10
Event: 1041534.672 Thread 0x0000000024391000 Thread added: 0x0000000024391000
Event: 1041534.672 Thread 0x0000000024391000 Thread exited: 0x0000000024391000
Event: 1041534.764 Thread 0x0000000024391000 Thread added: 0x0000000024391000


Dynamic libraries:
0x00007ff611750000 - 0x00007ff611770000 	D:\Fax\KONACNI NOSQL\neo4j-community-4.0.0\bin\tools\prunsrv-amd64.exe
0x00007ff878f40000 - 0x00007ff879130000 	C:\WINDOWS\SYSTEM32\ntdll.dll
0x00007ff876ff0000 - 0x00007ff8770a2000 	C:\WINDOWS\System32\KERNEL32.DLL
0x00007ff875ed0000 - 0x00007ff876173000 	C:\WINDOWS\System32\KERNELBASE.dll
0x00007ff878c40000 - 0x00007ff878ce3000 	C:\WINDOWS\System32\ADVAPI32.dll
0x00007ff878340000 - 0x00007ff8783de000 	C:\WINDOWS\System32\msvcrt.dll
0x00007ff878e60000 - 0x00007ff878ef7000 	C:\WINDOWS\System32\sechost.dll
0x00007ff878a10000 - 0x00007ff878b30000 	C:\WINDOWS\System32\RPCRT4.dll
0x00007ff8779c0000 - 0x00007ff8780a5000 	C:\WINDOWS\System32\SHELL32.dll
0x00007ff876bc0000 - 0x00007ff876cba000 	C:\WINDOWS\System32\ucrtbase.dll
0x00007ff876cc0000 - 0x00007ff876d0a000 	C:\WINDOWS\System32\cfgmgr32.dll
0x00007ff878b30000 - 0x00007ff878bd9000 	C:\WINDOWS\System32\shcore.dll
0x00007ff8783e0000 - 0x00007ff878716000 	C:\WINDOWS\System32\combase.dll
0x00007ff876180000 - 0x00007ff876200000 	C:\WINDOWS\System32\bcryptPrimitives.dll
0x00007ff876200000 - 0x00007ff876980000 	C:\WINDOWS\System32\windows.storage.dll
0x00007ff876b20000 - 0x00007ff876bbe000 	C:\WINDOWS\System32\msvcp_win.dll
0x00007ff875ea0000 - 0x00007ff875ec3000 	C:\WINDOWS\System32\profapi.dll
0x00007ff875e30000 - 0x00007ff875e7a000 	C:\WINDOWS\System32\powrprof.dll
0x00007ff875e00000 - 0x00007ff875e10000 	C:\WINDOWS\System32\UMPDC.dll
0x00007ff8770b0000 - 0x00007ff877102000 	C:\WINDOWS\System32\shlwapi.dll
0x00007ff8780b0000 - 0x00007ff8780d6000 	C:\WINDOWS\System32\GDI32.dll
0x00007ff8769a0000 - 0x00007ff8769c1000 	C:\WINDOWS\System32\win32u.dll
0x00007ff876e50000 - 0x00007ff876fe4000 	C:\WINDOWS\System32\gdi32full.dll
0x00007ff8777a0000 - 0x00007ff877934000 	C:\WINDOWS\System32\USER32.dll
0x00007ff875e80000 - 0x00007ff875e91000 	C:\WINDOWS\System32\kernel.appcore.dll
0x00007ff876980000 - 0x00007ff876997000 	C:\WINDOWS\System32\cryptsp.dll
0x00007ff859620000 - 0x00007ff85a162000 	C:\Program Files\Java\jdk-11\bin\server\jvm.dll
0x00007ff878c10000 - 0x00007ff878c18000 	C:\WINDOWS\System32\PSAPI.DLL
0x00007ff862d80000 - 0x00007ff862d89000 	C:\WINDOWS\SYSTEM32\WSOCK32.dll
0x00007ff8782d0000 - 0x00007ff87833f000 	C:\WINDOWS\System32\WS2_32.dll
0x00007ff872960000 - 0x00007ff872984000 	C:\WINDOWS\SYSTEM32\WINMM.dll
0x00007ff86e6a0000 - 0x00007ff86e6aa000 	C:\WINDOWS\SYSTEM32\VERSION.dll
0x00007ff85de70000 - 0x00007ff85de89000 	C:\WINDOWS\SYSTEM32\VCRUNTIME140.dll
0x00007ff872930000 - 0x00007ff87295d000 	C:\WINDOWS\SYSTEM32\WINMMBASE.dll
0x00007ff8591a0000 - 0x00007ff8591b1000 	C:\Program Files\Java\jdk-11\bin\verify.dll
0x00007ff86d1c0000 - 0x00007ff86d3b4000 	C:\WINDOWS\SYSTEM32\DBGHELP.DLL
0x00007ff86d3d0000 - 0x00007ff86d3fa000 	C:\WINDOWS\SYSTEM32\dbgcore.DLL
0x00007ff8590d0000 - 0x00007ff8590f9000 	C:\Program Files\Java\jdk-11\bin\java.dll
0x00007ff859180000 - 0x00007ff859196000 	C:\Program Files\Java\jdk-11\bin\zip.dll
0x00007ff859170000 - 0x00007ff85917a000 	C:\Program Files\Java\jdk-11\bin\jimage.dll
0x00007ff857720000 - 0x00007ff857739000 	C:\Program Files\Java\jdk-11\bin\net.dll
0x00007ff870d00000 - 0x00007ff870df1000 	C:\WINDOWS\SYSTEM32\WINHTTP.dll
0x00007ff875670000 - 0x00007ff8756d7000 	C:\WINDOWS\system32\mswsock.dll
0x00007ff8575d0000 - 0x00007ff8575e3000 	C:\Program Files\Java\jdk-11\bin\nio.dll
0x00007ff853fd0000 - 0x00007ff853fd9000 	C:\Program Files\Java\jdk-11\bin\management.dll
0x00007ff853fc0000 - 0x00007ff853fcc000 	C:\Program Files\Java\jdk-11\bin\management_ext.dll
0x00007ff85cb50000 - 0x00007ff85cb66000 	C:\WINDOWS\system32\napinsp.dll
0x00007ff85cb30000 - 0x00007ff85cb4a000 	C:\WINDOWS\system32\pnrpnsp.dll
0x00007ff8753c0000 - 0x00007ff87548a000 	C:\WINDOWS\SYSTEM32\DNSAPI.dll
0x00007ff877790000 - 0x00007ff877798000 	C:\WINDOWS\System32\NSI.dll
0x00007ff875380000 - 0x00007ff8753ba000 	C:\WINDOWS\SYSTEM32\IPHLPAPI.DLL
0x00007ff85cb20000 - 0x00007ff85cb2e000 	C:\WINDOWS\System32\winrnr.dll
0x00007ff872910000 - 0x00007ff87292c000 	C:\WINDOWS\system32\NLAapi.dll
0x00007ff85cb00000 - 0x00007ff85cb15000 	C:\WINDOWS\system32\wshbth.dll
0x00007ff8644b0000 - 0x00007ff8644ba000 	C:\Windows\System32\rasadhlp.dll
0x00007ff86b1c0000 - 0x00007ff86b237000 	C:\WINDOWS\System32\fwpuclnt.dll
0x00007ff876d10000 - 0x00007ff876d36000 	C:\WINDOWS\System32\bcrypt.dll
0x00007ff86d450000 - 0x00007ff86d466000 	C:\WINDOWS\SYSTEM32\dhcpcsvc6.DLL
0x00007ff86d430000 - 0x00007ff86d44c000 	C:\WINDOWS\SYSTEM32\dhcpcsvc.DLL
0x00007ff8751e0000 - 0x00007ff875213000 	C:\WINDOWS\system32\rsaenh.dll
0x00007ff875840000 - 0x00007ff87584c000 	C:\WINDOWS\SYSTEM32\CRYPTBASE.dll

dbghelp: loaded successfully - version: 4.0.5 - missing functions: none
symbol engine: initialized successfully - sym options: 0x614 - pdb path: .;D:\Fax\KONACNI NOSQL\neo4j-community-4.0.0\bin\tools;C:\WINDOWS\SYSTEM32;C:\Program Files\Java\jdk-11\bin\server;C:\Program Files\Java\jdk-11\bin

VM Arguments:
jvm_args: -XX:+UnlockExperimentalVMOptions -XX:-OmitStackTraceInFastThrow -XX:+TrustFinalNonStaticFields -Dio.netty.tryReflectionSetAccessible=true -Dfile.encoding=UTF-8 -XX:+AlwaysPreTouch -Djdk.tls.ephemeralDHKeySize=2048 -Djdk.nio.maxCachedBufferSize=262144 -XX:+DisableExplicitGC -XX:+UseG1GC -Djdk.tls.rejectClientInitiatedRenegotiation=true exit abort 
java_command: <unknown>
java_class_path (initial): lib/activation-1.1.1.jar;lib/annotations-4.0.0.jar;lib/bcpkix-jdk15on-1.63.jar;lib/bcprov-jdk15on-1.63.jar;lib/caffeine-2.8.0.jar;lib/commons-beanutils-1.9.4.jar;lib/commons-collections-3.2.2.jar;lib/commons-compress-1.19.jar;lib/commons-configuration-1.10.jar;lib/commons-io-2.6.jar;lib/commons-lang-2.6.jar;lib/commons-lang3-3.9.jar;lib/commons-logging-1.2.jar;lib/commons-text-1.7.jar;lib/eclipse-collections-10.0.0.jar;lib/eclipse-collections-api-10.0.0.jar;lib/FastInfoset-1.2.16.jar;lib/hk2-api-2.5.0.jar;lib/hk2-locator-2.5.0.jar;lib/hk2-utils-2.5.0.jar;lib/istack-commons-runtime-3.0.8.jar;lib/jackson-annotations-2.10.0.jar;lib/jackson-core-2.10.0.jar;lib/jackson-databind-2.10.0.jar;lib/jackson-jaxrs-base-2.10.0.jar;lib/jackson-jaxrs-json-provider-2.10.0.jar;lib/jackson-module-jaxb-annotations-2.10.0.jar;lib/jakarta.activation-1.2.1.jar;lib/jakarta.activation-api-1.2.1.jar;lib/jakarta.annotation-api-1.3.4.jar;lib/jakarta.inject-2.5.0.jar;lib/jakarta.ws.rs-api-2.1.5.jar;lib/jakarta.xml.bind-api-2.3.2.jar;lib/javassist-3.22.0-CR2.jar;lib/javax.servlet-api-3.1.0.jar;lib/javax.ws.rs-api-2.1.1.jar;lib/jaxb-api-2.3.0.jar;lib/jaxb-runtime-2.3.2.jar;lib/jctools-core-2.1.2.jar;lib/jersey-client-2.29.jar;lib/jersey-common-2.29.jar;lib/jersey-container-servlet-2.29.jar;lib/jersey-container-servlet-core-2.29.jar;lib/jersey-hk2-2.29.jar;lib/jersey-media-jaxb-2.29.jar;lib/jersey-server-2.29.jar;lib/jetty-http-9.4.17.v20190418.jar;lib/jetty-io-9.4.17.v20190418.jar;lib/jetty-security-9.4.17.v20190418.jar;lib/jetty-server-9.4.17.v20190418.jar;lib/jetty-servlet-9.4.17.v20190418.jar;lib/jetty-util-9.4.17.v20190418.jar;lib/jetty-webapp-9.4.17.v20190418.jar;lib/jetty-xml-9.4.17.v20190418.jar;lib/jna-5.4.0.jar;lib/jPowerShell-3.0.jar;lib/jProcesses-1.6.5.jar;lib/lucene-analyzers-common-8.2.0.jar;lib/lucene-codecs-8.2.0.jar;lib/lucene-core-8.2.0.jar;lib/lucene-queryparser-8.2.0.jar;lib/neo4j-4.0.0.jar;lib/neo4j-ast-4.0-4.0.0.jar;lib/neo4j-batch-insert-4.0.0.j
Launcher Type: generic

[Global flags]
     bool AlwaysPreTouch                           = true                                      {product} {command line}
     intx CICompilerCount                          = 3                                         {product} {ergonomic}
     uint ConcGCThreads                            = 1                                         {product} {ergonomic}
     bool DisableExplicitGC                        = true                                      {product} {command line}
     uint G1ConcRefinementThreads                  = 4                                         {product} {ergonomic}
   size_t G1HeapRegionSize                         = 1048576                                   {product} {ergonomic}
    uintx GCDrainStackTargetSize                   = 64                                        {product} {ergonomic}
   size_t InitialHeapSize                          = 134217728                                 {product} {ergonomic}
   size_t MarkStackSize                            = 4194304                                   {product} {ergonomic}
   size_t MaxHeapSize                              = 2124414976                                {product} {ergonomic}
   size_t MaxNewSize                               = 1274019840                                {product} {ergonomic}
   size_t MinHeapDeltaBytes                        = 1048576                                   {product} {ergonomic}
    uintx NonNMethodCodeHeapSize                   = 5830092                                {pd product} {ergonomic}
    uintx NonProfiledCodeHeapSize                  = 122914074                              {pd product} {ergonomic}
     bool OmitStackTraceInFastThrow                = false                                     {product} {command line}
    uintx ProfiledCodeHeapSize                     = 122914074                              {pd product} {ergonomic}
    uintx ReservedCodeCacheSize                    = 251658240                              {pd product} {ergonomic}
     bool SegmentedCodeCache                       = true                                      {product} {ergonomic}
     bool TrustFinalNonStaticFields                = true                                 {experimental} {command line}
     bool UnlockExperimentalVMOptions              = true                                 {experimental} {command line}
     bool UseCompressedClassPointers               = true                                 {lp64_product} {ergonomic}
     bool UseCompressedOops                        = true                                 {lp64_product} {ergonomic}
     bool UseFastUnorderedTimeStamps               = true                                 {experimental} {ergonomic}
     bool UseG1GC                                  = true                                      {product} {command line}
     bool UseLargePagesIndividualAllocation        = false                                  {pd product} {ergonomic}

Logging:
Log output configuration:
 #0: stdout all=warning uptime,level,tags
 #1: stderr all=off uptime,level,tags

Environment Variables:
PATH=C:\Program Files\Java\jdk-11\bin;C:\Program Files\Java\jdk-11\bin;C:\WINDOWS\system32;C:\WINDOWS;C:\WINDOWS\System32\Wbem;C:\WINDOWS\System32\WindowsPowerShell\v1.0\;C:\Program Files (x86)\NVIDIA Corporation\PhysX\Common;C:\Program Files (x86)\Microsoft SQL Server\100\Tools\Binn\;C:\Program Files\Microsoft SQL Server\100\Tools\Binn\;C:\Program Files\Microsoft SQL Server\100\DTS\Binn\;C:\WINDOWS\system32;C:\WINDOWS;C:\WINDOWS\System32\Wbem;C:\WINDOWS\System32\WindowsPowerShell\v1.0\;C:\WINDOWS\System32\OpenSSH\;C:\Program Files\NVIDIA Corporation\NVIDIA NvDLISR;C:\Program Files\PuTTY\;C:\Program Files\nodejs\;C:\Program Files (x86)\Common Files\Acronis\VirtualFile\;C:\Program Files (x86)\Common Files\Acronis\VirtualFile64\;C:\Program Files (x86)\Common Files\Acronis\SnapAPI\;C:\Program Files\Crucial\Crucial Storage Executive;D:\instalacija\Git\cmd;C:\WINDOWS\system32\config\systemprofile\AppData\Local\Microsoft\WindowsApps
USERNAME=JELENA-PC$
OS=Windows_NT
PROCESSOR_IDENTIFIER=Intel64 Family 6 Model 78 Stepping 3, GenuineIntel



---------------  S Y S T E M  ---------------

OS: Windows 10 , 64 bit Build 18362 (10.0.18362.752)

CPU:total 4 (initial active 4) (2 cores per cpu, 2 threads per core) family 6 model 78 stepping 3, cmov, cx8, fxsr, mmx, sse, sse2, sse3, ssse3, sse4.1, sse4.2, popcnt, avx, avx2, aes, clmul, erms, rtm, 3dnowpref, lzcnt, ht, tsc, tscinvbit, bmi1, bmi2, adx, fma

Memory: 4k page, system-wide physical 8098M (5269M free)
TotalPageFile size 9609M (AvailPageFile size 6107M)
current process WorkingSet (physical memory assigned to process): 228M, peak: 371M
current process commit charge ("private bytes"): 351M, peak: 403M

vm_info: Java HotSpot(TM) 64-Bit Server VM (11+28) for windows-amd64 JRE (11+28), built on Aug 23 2018 03:03:59 by "mach5one" with MS VC++ 15.5 (VS2017)

END.
