#
# A fatal error has been detected by the Java Runtime Environment:
#
#  EXCEPTION_ACCESS_VIOLATION (0xc0000005) at pc=0x00007fffea925e98, pid=4480, tid=6992
#
# JRE version: Java(TM) SE Runtime Environment (11.0+28) (build 11+28)
# Java VM: Java HotSpot(TM) 64-Bit Server VM (11+28, mixed mode, tiered, compressed oops, g1 gc, windows-amd64)
# Problematic frame:
# V  [jvm.dll+0x2e5e98]
#
# No core dump will be written. Minidumps are not enabled by default on client versions of Windows
#
# If you would like to submit a bug report, please visit:
#   http://bugreport.java.com/bugreport/crash.jsp
#

---------------  S U M M A R Y ------------

Command Line: -XX:+UnlockExperimentalVMOptions -XX:-OmitStackTraceInFastThrow -XX:+TrustFinalNonStaticFields -Dio.netty.tryReflectionSetAccessible=true -Dfile.encoding=UTF-8 -XX:+AlwaysPreTouch -Djdk.tls.ephemeralDHKeySize=2048 -Djdk.nio.maxCachedBufferSize=262144 -XX:+DisableExplicitGC -XX:+UseG1GC -Djdk.tls.rejectClientInitiatedRenegotiation=true exit abort 

Host: ## __CPU__, 4 cores, 7G,  Windows 10 , 64 bit Build 18362 (10.0.18362.900)
Time: Mon Jun 22 16:02:27 2020 Central Europe Daylight Time elapsed time: 950808 seconds (11d 0h 6m 48s)

---------------  T H R E A D  ---------------

Current thread (0x0000000022fd8000):  GCTaskThread "GC Thread#1" [stack: 0x00000000233b0000,0x00000000234b0000] [id=6992]

Stack: [0x00000000233b0000,0x00000000234b0000],  sp=0x00000000234ae610,  free space=1017k
Native frames: (J=compiled Java code, j=interpreted, Vv=VM code, C=native code)
V  [jvm.dll+0x2e5e98]
V  [jvm.dll+0x73ca98]
V  [jvm.dll+0x6a267d]
V  [jvm.dll+0x73d37c]
V  [jvm.dll+0x6a36f4]
V  [jvm.dll+0x7ab4f0]
V  [jvm.dll+0x63b2c2]
C  [ucrtbase.dll+0x20e82]
C  [KERNEL32.DLL+0x17bd4]
C  [ntdll.dll+0x6ce51]


siginfo: EXCEPTION_ACCESS_VIOLATION (0xc0000005), reading address 0x0000000000000000


Register to memory mapping:

RIP=0x00007fffea925e98 jvm.dll
RAX=0x0 is NULL
RBX=0x00000000234ae670 points into unknown readable memory
RCX=0x0 is NULL
RDX=0x0000000000000003 is an unknown value
RSP=0x00000000234ae610 points into unknown readable memory
RBP=0x00000000021aeb00 is pointing into the stack for thread: 0x00000000029ff800
RSI=0x00000000234ae6d0 points into unknown readable memory
RDI=0x00000000234ae6a0 points into unknown readable memory
R8 =0x0 is NULL
R9 =0x0000000000000003 is an unknown value
R10=0x0000000001411ee0 points into unknown readable memory
R11=0x00000000234ae5c0 points into unknown readable memory
R12=0x000000000000001d is an unknown value
R13=0x0000000000000001 is an unknown value
R14=0x00000000029ff800 is a thread
R15=0x0000000021baf248 points into unknown readable memory


Registers:
RAX=0x0000000000000000, RBX=0x00000000234ae670, RCX=0x0000000000000000, RDX=0x0000000000000003
RSP=0x00000000234ae610, RBP=0x00000000021aeb00, RSI=0x00000000234ae6d0, RDI=0x00000000234ae6a0
R8 =0x0000000000000000, R9 =0x0000000000000003, R10=0x0000000001411ee0, R11=0x00000000234ae5c0
R12=0x000000000000001d, R13=0x0000000000000001, R14=0x00000000029ff800, R15=0x0000000021baf248
RIP=0x00007fffea925e98, EFLAGS=0x0000000000010246

Top of Stack: (sp=0x00000000234ae610)
0x00000000234ae610:   00000000234ae670 00000000021aeb00
0x00000000234ae620:   00000000234ae6d0 0000000000000000
0x00000000234ae630:   0000000021baf248 0000000000000000
0x00000000234ae640:   00007fffeb063fe8 00007fffead7ca98
0x00000000234ae650:   0000000000000002 00000000029ff800
0x00000000234ae660:   0000000021baf248 0000000000000000
0x00000000234ae670:   00000000021aeb00 0000000000000000
0x00000000234ae680:   0000000000000000 0000000000000000
0x00000000234ae690:   0000000000000000 00000000021aeb00
0x00000000234ae6a0:   00000000021aea90 0000000012a90c7b
0x00000000234ae6b0:   0000000012a90a90 0000000000000000
0x00000000234ae6c0:   0000000000000000 00000000021aea90
0x00000000234ae6d0:   00000000021aeaa8 00000000021aeaac
0x00000000234ae6e0:   00000000021aeaa0 00000000021aeaa4
0x00000000234ae6f0:   00000000021aea98 00000000021aea9c
0x00000000234ae700:   00000000021aea90 00000000021aea94 

Instructions: (pc=0x00007fffea925e98)
0x00007fffea925e78:   4b 08 e8 11 49 f1 ff 48 8b cb 48 89 43 10 e8 25
0x00007fffea925e88:   f5 ff ff 48 85 c0 0f 85 e3 00 00 00 48 8b 4b 10
0x00007fffea925e98:   48 8b 01 ff 50 20 33 c9 84 c0 0f 95 c1 e9 da 00
0x00007fffea925ea8:   00 00 48 8b 57 10 48 85 d2 0f 84 8c 00 00 00 41 



---------------  P R O C E S S  ---------------

Threads class SMR info:
_java_thread_list=0x000000002552dd50, length=29, elements={
0x00000000029ff800, 0x0000000021094800, 0x0000000021095800, 0x0000000021f03000,
0x00000000210a4000, 0x0000000021eb9800, 0x0000000021ebd800, 0x0000000021ebf800,
0x0000000022262000, 0x0000000022269000, 0x0000000023114000, 0x00000000238e1800,
0x000000002453c000, 0x000000002327e000, 0x00000000259f1800, 0x00000000259f2800,
0x0000000025aeb000, 0x0000000025ae8800, 0x0000000025ae9800, 0x0000000025af1800,
0x0000000025af2800, 0x0000000025ae7000, 0x0000000025aea000, 0x0000000025ae5000,
0x0000000025aec000, 0x0000000025ae6000, 0x0000000025aed800, 0x0000000025ae7800,
0x0000000025aec800
}

Java Threads: ( => current thread )
  0x00000000029ff800 JavaThread "main" [_thread_blocked, id=5768, stack(0x00000000020b0000,0x00000000021b0000)]
  0x0000000021094800 JavaThread "Reference Handler" daemon [_thread_blocked, id=5900, stack(0x0000000021bb0000,0x0000000021cb0000)]
  0x0000000021095800 JavaThread "Finalizer" daemon [_thread_blocked, id=5904, stack(0x0000000021cb0000,0x0000000021db0000)]
  0x0000000021f03000 JavaThread "Signal Dispatcher" daemon [_thread_blocked, id=5948, stack(0x00000000222b0000,0x00000000223b0000)]
  0x00000000210a4000 JavaThread "Attach Listener" daemon [_thread_blocked, id=5952, stack(0x00000000223b0000,0x00000000224b0000)]
  0x0000000021eb9800 JavaThread "C2 CompilerThread0" daemon [_thread_blocked, id=5956, stack(0x00000000224b0000,0x00000000225b0000)]
  0x0000000021ebd800 JavaThread "C1 CompilerThread0" daemon [_thread_blocked, id=5960, stack(0x00000000225b0000,0x00000000226b0000)]
  0x0000000021ebf800 JavaThread "Sweeper thread" daemon [_thread_blocked, id=5964, stack(0x00000000226b0000,0x00000000227b0000)]
  0x0000000022262000 JavaThread "Service Thread" daemon [_thread_blocked, id=5984, stack(0x00000000227b0000,0x00000000228b0000)]
  0x0000000022269000 JavaThread "Common-Cleaner" daemon [_thread_blocked, id=6000, stack(0x00000000229b0000,0x0000000022ab0000)]
  0x0000000023114000 JavaThread "neo4j.Scheduler-1" daemon [_thread_blocked, id=7736, stack(0x0000000024980000,0x0000000024a80000)]
  0x00000000238e1800 JavaThread "Cleaner-0" daemon [_thread_blocked, id=7836, stack(0x0000000024b80000,0x0000000024c80000)]
  0x000000002453c000 JavaThread "FileSystemWatchService" daemon [_thread_in_native, id=632, stack(0x0000000027090000,0x0000000027190000)]
  0x000000002327e000 JavaThread "MuninnPageCache[1]-EvictionTask" daemon [_thread_blocked, id=3632, stack(0x0000000027190000,0x0000000027290000)]
  0x00000000259f1800 JavaThread "neo4j.VmPauseMonitor-1" daemon [_thread_blocked, id=9000, stack(0x00000000295c0000,0x00000000296c0000)]
  0x00000000259f2800 JavaThread "neo4j.CheckPoint-3" daemon [_thread_blocked, id=7000, stack(0x00000000012d0000,0x00000000013d0000)]
  0x0000000025aeb000 JavaThread "neo4j.ServerTransactionTimeout-4" daemon [_thread_blocked, id=11952, stack(0x000000002a4c0000,0x000000002a5c0000)]
  0x0000000025ae8800 JavaThread "neo4j.CheckPoint-6" daemon [_thread_blocked, id=7876, stack(0x00000000019d0000,0x0000000001ad0000)]
  0x0000000025ae9800 JavaThread "neo4j.IndexSampling-14" daemon [_thread_blocked, id=13652, stack(0x000000002a1c0000,0x000000002a2c0000)]
  0x0000000025af1800 JavaThread "neo4j.StorageMaintenance-24" daemon [_thread_blocked, id=2108, stack(0x000000002e650000,0x000000002e750000)]
  0x0000000025af2800 JavaThread "neo4j.TransactionTimeoutMonitor-17" daemon [_thread_blocked, id=15164, stack(0x000000002e850000,0x000000002e950000)]
  0x0000000025ae7000 JavaThread "neo4j.BoltNetworkIO-2" [_thread_blocked, id=15056, stack(0x0000000001fb0000,0x00000000020b0000)]
  0x0000000025aea000 JavaThread "neo4j.BoltNetworkIO-3" [_thread_blocked, id=15692, stack(0x0000000024a80000,0x0000000024b80000)]
  0x0000000025ae5000 JavaThread "neo4j.BoltNetworkIO-4" [_thread_blocked, id=8496, stack(0x0000000028090000,0x0000000028190000)]
  0x0000000025aec000 JavaThread "neo4j.BoltNetworkIO-5" [_thread_blocked, id=16576, stack(0x0000000028190000,0x0000000028290000)]
  0x0000000025ae6000 JavaThread "neo4j.BoltNetworkIO-6" [_thread_blocked, id=12484, stack(0x00000000292c0000,0x00000000293c0000)]
  0x0000000025aed800 JavaThread "neo4j.BoltNetworkIO-7" [_thread_blocked, id=5980, stack(0x00000000293c0000,0x00000000294c0000)]
  0x0000000025ae7800 JavaThread "neo4j.BoltNetworkIO-8" [_thread_blocked, id=7776, stack(0x00000000294c0000,0x00000000295c0000)]
  0x0000000025aec800 JavaThread "DestroyJavaVM" [_thread_blocked, id=15632, stack(0x00000000020b0000,0x00000000021b0000)]

Other Threads:
  0x000000002106f800 VMThread "VM Thread" [stack: 0x0000000021ab0000,0x0000000021bb0000] [id=5868]
  0x000000002226d000 WatcherThread [stack: 0x00000000228b0000,0x00000000229b0000] [id=5996]
  0x0000000002a14000 GCTaskThread "GC Thread#0" [stack: 0x0000000002390000,0x0000000002490000] [id=5812]
=>0x0000000022fd8000 GCTaskThread "GC Thread#1" [stack: 0x00000000233b0000,0x00000000234b0000] [id=6992]
  0x000000002311d000 GCTaskThread "GC Thread#2" [stack: 0x00000000234b0000,0x00000000235b0000] [id=6996]
  0x0000000023c03800 GCTaskThread "GC Thread#3" [stack: 0x000000002a0c0000,0x000000002a1c0000] [id=11816]
  0x0000000002a47000 ConcurrentGCThread "G1 Main Marker" [stack: 0x000000001e860000,0x000000001e960000] [id=5816]
  0x0000000002a48000 ConcurrentGCThread "G1 Conc#0" [stack: 0x000000001e960000,0x000000001ea60000] [id=5820]
  0x0000000020eda800 ConcurrentGCThread "G1 Refine#0" [stack: 0x00000000210b0000,0x00000000211b0000] [id=5840]
  0x000000002bdb1800 ConcurrentGCThread "G1 Refine#1" [stack: 0x00000000311b0000,0x00000000312b0000] [id=14620]
  0x0000000025945800 ConcurrentGCThread "G1 Refine#2" [stack: 0x00000000313b0000,0x00000000314b0000] [id=15232]
  0x0000000028b63800 ConcurrentGCThread "G1 Refine#3" [stack: 0x00000000315b0000,0x00000000316b0000] [id=11648]
  0x0000000020edb000 ConcurrentGCThread "G1 Young RemSet Sampling" [stack: 0x00000000211b0000,0x00000000212b0000] [id=5844]

Threads with active compile tasks:

VM state:at safepoint (normal execution)

VM Mutex/Monitor currently owned by a thread:  ([mutex/lock_event])
[0x00000000029fb350] Safepoint_lock - owner thread: 0x000000002106f800
[0x00000000029faf60] Threads_lock - owner thread: 0x000000002106f800

Heap address: 0x0000000081600000, size: 2026 MB, Compressed Oops mode: 32-bit
Narrow klass base: 0x0000000000000000, Narrow klass shift: 3
Compressed class space size: 1073741824 Address: 0x0000000100000000

Heap:
 garbage-first heap   total 254976K, used 156851K [0x0000000081600000, 0x0000000100000000)
  region size 1024K, 8 young (8192K), 2 survivors (2048K)
 Metaspace       used 63315K, capacity 65199K, committed 66124K, reserved 1105920K
  class space    used 8101K, capacity 8946K, committed 9292K, reserved 1048576K
Heap Regions: E=young(eden), S=young(survivor), O=old, HS=humongous(starts), HC=humongous(continues), CS=collection set, F=free, A=archive, TAMS=top-at-mark-start (previous, next)
|   0|0x0000000081600000, 0x0000000081700000, 0x0000000081700000|100%| O|  |TAMS 0x0000000081700000, 0x0000000081600000| Untracked 
|   1|0x0000000081700000, 0x0000000081800000, 0x0000000081800000|100%| O|  |TAMS 0x0000000081800000, 0x0000000081700000| Untracked 
|   2|0x0000000081800000, 0x0000000081900000, 0x0000000081900000|100%| O|  |TAMS 0x0000000081900000, 0x0000000081800000| Untracked 
|   3|0x0000000081900000, 0x0000000081a00000, 0x0000000081a00000|100%| O|  |TAMS 0x0000000081a00000, 0x0000000081900000| Untracked 
|   4|0x0000000081a00000, 0x0000000081b00000, 0x0000000081b00000|100%| O|  |TAMS 0x0000000081b00000, 0x0000000081a00000| Untracked 
|   5|0x0000000081b00000, 0x0000000081c00000, 0x0000000081c00000|100%| O|  |TAMS 0x0000000081c00000, 0x0000000081b00000| Untracked 
|   6|0x0000000081c00000, 0x0000000081d00000, 0x0000000081d00000|100%| O|  |TAMS 0x0000000081d00000, 0x0000000081c00000| Untracked 
|   7|0x0000000081d00000, 0x0000000081e00000, 0x0000000081e00000|100%| O|  |TAMS 0x0000000081e00000, 0x0000000081d00000| Complete 
|   8|0x0000000081e00000, 0x0000000081f00000, 0x0000000081f00000|100%| O|  |TAMS 0x0000000081f00000, 0x0000000081e00000| Complete 
|   9|0x0000000081f00000, 0x0000000082000000, 0x0000000082000000|100%| O|  |TAMS 0x0000000082000000, 0x0000000081f00000| Complete 
|  10|0x0000000082000000, 0x0000000082100000, 0x0000000082100000|100%| O|  |TAMS 0x0000000082100000, 0x0000000082000000| Untracked 
|  11|0x0000000082100000, 0x0000000082200000, 0x0000000082200000|100%| O|  |TAMS 0x0000000082200000, 0x0000000082100000| Complete 
|  12|0x0000000082200000, 0x0000000082300000, 0x0000000082300000|100%| O|  |TAMS 0x0000000082300000, 0x0000000082200000| Complete 
|  13|0x0000000082300000, 0x0000000082400000, 0x0000000082400000|100%| O|  |TAMS 0x0000000082400000, 0x0000000082300000| Untracked 
|  14|0x0000000082400000, 0x0000000082500000, 0x0000000082500000|100%| O|  |TAMS 0x0000000082500000, 0x0000000082400000| Complete 
|  15|0x0000000082500000, 0x0000000082600000, 0x0000000082600000|100%| O|  |TAMS 0x0000000082600000, 0x0000000082500000| Untracked 
|  16|0x0000000082600000, 0x0000000082700000, 0x0000000082700000|100%| O|  |TAMS 0x0000000082700000, 0x0000000082600000| Untracked 
|  17|0x0000000082700000, 0x0000000082800000, 0x0000000082800000|100%| O|  |TAMS 0x0000000082800000, 0x0000000082700000| Complete 
|  18|0x0000000082800000, 0x0000000082900000, 0x0000000082900000|100%| O|  |TAMS 0x0000000082900000, 0x0000000082800000| Complete 
|  19|0x0000000082900000, 0x0000000082a00000, 0x0000000082a00000|100%| O|  |TAMS 0x0000000082a00000, 0x0000000082900000| Untracked 
|  20|0x0000000082a00000, 0x0000000082b00000, 0x0000000082b00000|100%| O|  |TAMS 0x0000000082b00000, 0x0000000082a00000| Untracked 
|  21|0x0000000082b00000, 0x0000000082c00000, 0x0000000082c00000|100%| O|  |TAMS 0x0000000082c00000, 0x0000000082b00000| Untracked 
|  22|0x0000000082c00000, 0x0000000082d00000, 0x0000000082d00000|100%| O|  |TAMS 0x0000000082d00000, 0x0000000082c00000| Untracked 
|  23|0x0000000082d00000, 0x0000000082e00000, 0x0000000082e00000|100%| O|  |TAMS 0x0000000082e00000, 0x0000000082d00000| Untracked 
|  24|0x0000000082e00000, 0x0000000082f00000, 0x0000000082f00000|100%| O|  |TAMS 0x0000000082f00000, 0x0000000082e00000| Complete 
|  25|0x0000000082f00000, 0x0000000083000000, 0x0000000083000000|100%| O|  |TAMS 0x0000000083000000, 0x0000000082f00000| Untracked 
|  26|0x0000000083000000, 0x0000000083100000, 0x0000000083100000|100%| O|  |TAMS 0x0000000083100000, 0x0000000083000000| Untracked 
|  27|0x0000000083100000, 0x0000000083200000, 0x0000000083200000|100%| O|  |TAMS 0x0000000083200000, 0x0000000083100000| Untracked 
|  28|0x0000000083200000, 0x0000000083300000, 0x0000000083300000|100%| O|  |TAMS 0x0000000083300000, 0x0000000083200000| Complete 
|  29|0x0000000083300000, 0x0000000083400000, 0x0000000083400000|100%| O|  |TAMS 0x0000000083400000, 0x0000000083300000| Complete 
|  30|0x0000000083400000, 0x0000000083500000, 0x0000000083500000|100%| O|  |TAMS 0x0000000083500000, 0x0000000083400000| Complete 
|  31|0x0000000083500000, 0x0000000083600000, 0x0000000083600000|100%| O|  |TAMS 0x0000000083600000, 0x0000000083500000| Complete 
|  32|0x0000000083600000, 0x0000000083700000, 0x0000000083700000|100%| O|  |TAMS 0x0000000083700000, 0x0000000083600000| Untracked 
|  33|0x0000000083700000, 0x0000000083800000, 0x0000000083800000|100%| O|  |TAMS 0x0000000083800000, 0x0000000083700000| Untracked 
|  34|0x0000000083800000, 0x0000000083900000, 0x0000000083900000|100%| O|  |TAMS 0x0000000083900000, 0x0000000083800000| Untracked 
|  35|0x0000000083900000, 0x0000000083a00000, 0x0000000083a00000|100%| O|  |TAMS 0x0000000083a00000, 0x0000000083900000| Untracked 
|  36|0x0000000083a00000, 0x0000000083b00000, 0x0000000083b00000|100%| O|  |TAMS 0x0000000083b00000, 0x0000000083a00000| Complete 
|  37|0x0000000083b00000, 0x0000000083c00000, 0x0000000083c00000|100%| O|  |TAMS 0x0000000083c00000, 0x0000000083b00000| Complete 
|  38|0x0000000083c00000, 0x0000000083d00000, 0x0000000083d00000|100%| O|  |TAMS 0x0000000083d00000, 0x0000000083c00000| Complete 
|  39|0x0000000083d00000, 0x0000000083e00000, 0x0000000083e00000|100%| O|  |TAMS 0x0000000083e00000, 0x0000000083d00000| Complete 
|  40|0x0000000083e00000, 0x0000000083f00000, 0x0000000083f00000|100%| O|  |TAMS 0x0000000083f00000, 0x0000000083e00000| Complete 
|  41|0x0000000083f00000, 0x0000000084000000, 0x0000000084000000|100%| O|  |TAMS 0x0000000084000000, 0x0000000083f00000| Complete 
|  42|0x0000000084000000, 0x0000000084100000, 0x0000000084100000|100%| O|  |TAMS 0x0000000084100000, 0x0000000084000000| Complete 
|  43|0x0000000084100000, 0x0000000084200000, 0x0000000084200000|100%| O|  |TAMS 0x0000000084200000, 0x0000000084100000| Complete 
|  44|0x0000000084200000, 0x0000000084300000, 0x0000000084300000|100%| O|  |TAMS 0x0000000084300000, 0x0000000084200000| Complete 
|  45|0x0000000084300000, 0x0000000084400000, 0x0000000084400000|100%| O|  |TAMS 0x0000000084400000, 0x0000000084300000| Complete 
|  46|0x0000000084400000, 0x0000000084500000, 0x0000000084500000|100%| O|  |TAMS 0x0000000084500000, 0x0000000084400000| Complete 
|  47|0x0000000084500000, 0x0000000084600000, 0x0000000084600000|100%| O|  |TAMS 0x0000000084600000, 0x0000000084500000| Untracked 
|  48|0x0000000084600000, 0x0000000084700000, 0x0000000084700000|100%| O|  |TAMS 0x0000000084700000, 0x0000000084600000| Complete 
|  49|0x0000000084700000, 0x0000000084800000, 0x0000000084800000|100%| O|  |TAMS 0x0000000084800000, 0x0000000084700000| Complete 
|  50|0x0000000084800000, 0x0000000084900000, 0x0000000084900000|100%| O|  |TAMS 0x0000000084900000, 0x0000000084800000| Complete 
|  51|0x0000000084900000, 0x0000000084a00000, 0x0000000084a00000|100%| O|  |TAMS 0x0000000084a00000, 0x0000000084900000| Complete 
|  52|0x0000000084a00000, 0x0000000084b00000, 0x0000000084b00000|100%| O|  |TAMS 0x0000000084b00000, 0x0000000084a00000| Complete 
|  53|0x0000000084b00000, 0x0000000084c00000, 0x0000000084c00000|100%| O|  |TAMS 0x0000000084c00000, 0x0000000084b00000| Complete 
|  54|0x0000000084c00000, 0x0000000084d00000, 0x0000000084d00000|100%| O|  |TAMS 0x0000000084d00000, 0x0000000084c00000| Complete 
|  55|0x0000000084d00000, 0x0000000084e00000, 0x0000000084e00000|100%| O|  |TAMS 0x0000000084e00000, 0x0000000084d00000| Complete 
|  56|0x0000000084e00000, 0x0000000084f00000, 0x0000000084f00000|100%| O|  |TAMS 0x0000000084f00000, 0x0000000084e00000| Complete 
|  57|0x0000000084f00000, 0x0000000085000000, 0x0000000085000000|100%| O|  |TAMS 0x0000000085000000, 0x0000000084f00000| Complete 
|  58|0x0000000085000000, 0x0000000085100000, 0x0000000085100000|100%| O|  |TAMS 0x0000000085100000, 0x0000000085000000| Complete 
|  59|0x0000000085100000, 0x0000000085200000, 0x0000000085200000|100%| O|  |TAMS 0x0000000085200000, 0x0000000085100000| Complete 
|  60|0x0000000085200000, 0x0000000085300000, 0x0000000085300000|100%| O|  |TAMS 0x0000000085300000, 0x0000000085200000| Complete 
|  61|0x0000000085300000, 0x0000000085400000, 0x0000000085400000|100%| O|  |TAMS 0x0000000085400000, 0x0000000085300000| Untracked 
|  62|0x0000000085400000, 0x0000000085500000, 0x0000000085500000|100%| O|  |TAMS 0x0000000085500000, 0x0000000085400000| Untracked 
|  63|0x0000000085500000, 0x0000000085600000, 0x0000000085600000|100%| O|  |TAMS 0x0000000085600000, 0x0000000085500000| Untracked 
|  64|0x0000000085600000, 0x0000000085700000, 0x0000000085700000|100%| O|  |TAMS 0x0000000085700000, 0x0000000085600000| Complete 
|  65|0x0000000085700000, 0x0000000085800000, 0x0000000085800000|100%| O|  |TAMS 0x0000000085800000, 0x0000000085700000| Complete 
|  66|0x0000000085800000, 0x0000000085900000, 0x0000000085900000|100%| O|  |TAMS 0x0000000085900000, 0x0000000085800000| Complete 
|  67|0x0000000085900000, 0x0000000085a00000, 0x0000000085a00000|100%| O|  |TAMS 0x0000000085a00000, 0x0000000085900000| Complete 
|  68|0x0000000085a00000, 0x0000000085b00000, 0x0000000085b00000|100%| O|  |TAMS 0x0000000085b00000, 0x0000000085a00000| Complete 
|  69|0x0000000085b00000, 0x0000000085c00000, 0x0000000085c00000|100%| O|  |TAMS 0x0000000085c00000, 0x0000000085b00000| Complete 
|  70|0x0000000085c00000, 0x0000000085d00000, 0x0000000085d00000|100%| O|  |TAMS 0x0000000085d00000, 0x0000000085c00000| Untracked 
|  71|0x0000000085d00000, 0x0000000085e00000, 0x0000000085e00000|100%| O|  |TAMS 0x0000000085e00000, 0x0000000085d00000| Untracked 
|  72|0x0000000085e00000, 0x0000000085f00000, 0x0000000085f00000|100%| O|  |TAMS 0x0000000085f00000, 0x0000000085e00000| Untracked 
|  73|0x0000000085f00000, 0x0000000086000000, 0x0000000086000000|100%| O|  |TAMS 0x0000000086000000, 0x0000000085f00000| Complete 
|  74|0x0000000086000000, 0x0000000086100000, 0x0000000086100000|100%| O|  |TAMS 0x0000000086100000, 0x0000000086000000| Untracked 
|  75|0x0000000086100000, 0x0000000086200000, 0x0000000086200000|100%| O|  |TAMS 0x0000000086200000, 0x0000000086100000| Complete 
|  76|0x0000000086200000, 0x0000000086300000, 0x0000000086300000|100%| O|  |TAMS 0x0000000086300000, 0x0000000086200000| Untracked 
|  77|0x0000000086300000, 0x0000000086400000, 0x0000000086400000|100%| O|  |TAMS 0x0000000086400000, 0x0000000086300000| Untracked 
|  78|0x0000000086400000, 0x0000000086500000, 0x0000000086500000|100%| O|  |TAMS 0x0000000086500000, 0x0000000086400000| Untracked 
|  79|0x0000000086500000, 0x0000000086600000, 0x0000000086600000|100%| O|  |TAMS 0x0000000086600000, 0x0000000086500000| Untracked 
|  80|0x0000000086600000, 0x0000000086700000, 0x0000000086700000|100%| O|  |TAMS 0x0000000086700000, 0x0000000086600000| Untracked 
|  81|0x0000000086700000, 0x0000000086800000, 0x0000000086800000|100%| O|  |TAMS 0x0000000086800000, 0x0000000086700000| Untracked 
|  82|0x0000000086800000, 0x0000000086800000, 0x0000000086900000|  0%| F|  |TAMS 0x0000000086800000, 0x0000000086800000| Untracked 
|  83|0x0000000086900000, 0x0000000086900000, 0x0000000086a00000|  0%| F|  |TAMS 0x0000000086900000, 0x0000000086900000| Untracked 
|  84|0x0000000086a00000, 0x0000000086a00000, 0x0000000086b00000|  0%| F|  |TAMS 0x0000000086a00000, 0x0000000086a00000| Untracked 
|  85|0x0000000086b00000, 0x0000000086b00000, 0x0000000086c00000|  0%| F|  |TAMS 0x0000000086b00000, 0x0000000086b00000| Untracked 
|  86|0x0000000086c00000, 0x0000000086c00000, 0x0000000086d00000|  0%| F|  |TAMS 0x0000000086c00000, 0x0000000086c00000| Untracked 
|  87|0x0000000086d00000, 0x0000000086e00000, 0x0000000086e00000|100%|HS|  |TAMS 0x0000000086e00000, 0x0000000086d00000| Complete 
|  88|0x0000000086e00000, 0x0000000086f00000, 0x0000000086f00000|100%|HC|  |TAMS 0x0000000086f00000, 0x0000000086e00000| Complete 
|  89|0x0000000086f00000, 0x0000000087000000, 0x0000000087000000|100%|HC|  |TAMS 0x0000000087000000, 0x0000000086f00000| Complete 
|  90|0x0000000087000000, 0x0000000087100000, 0x0000000087100000|100%| O|  |TAMS 0x0000000087100000, 0x0000000087000000| Untracked 
|  91|0x0000000087100000, 0x0000000087200000, 0x0000000087200000|100%| O|  |TAMS 0x0000000087200000, 0x0000000087100000| Untracked 
|  92|0x0000000087200000, 0x0000000087300000, 0x0000000087300000|100%| O|  |TAMS 0x0000000087300000, 0x0000000087200000| Untracked 
|  93|0x0000000087300000, 0x0000000087400000, 0x0000000087400000|100%| O|  |TAMS 0x0000000087400000, 0x0000000087300000| Untracked 
|  94|0x0000000087400000, 0x0000000087500000, 0x0000000087500000|100%| O|  |TAMS 0x0000000087500000, 0x0000000087400000| Untracked 
|  95|0x0000000087500000, 0x0000000087600000, 0x0000000087600000|100%| O|  |TAMS 0x0000000087600000, 0x0000000087500000| Untracked 
|  96|0x0000000087600000, 0x0000000087700000, 0x0000000087700000|100%| O|  |TAMS 0x0000000087700000, 0x0000000087600000| Untracked 
|  97|0x0000000087700000, 0x0000000087800000, 0x0000000087800000|100%| O|  |TAMS 0x0000000087800000, 0x0000000087700000| Untracked 
|  98|0x0000000087800000, 0x0000000087900000, 0x0000000087900000|100%| O|  |TAMS 0x0000000087900000, 0x0000000087800000| Untracked 
|  99|0x0000000087900000, 0x0000000087a00000, 0x0000000087a00000|100%| O|  |TAMS 0x0000000087a00000, 0x0000000087900000| Untracked 
| 100|0x0000000087a00000, 0x0000000087b00000, 0x0000000087b00000|100%| O|  |TAMS 0x0000000087b00000, 0x0000000087a00000| Untracked 
| 101|0x0000000087b00000, 0x0000000087c00000, 0x0000000087c00000|100%| O|  |TAMS 0x0000000087c00000, 0x0000000087b00000| Untracked 
| 102|0x0000000087c00000, 0x0000000087d00000, 0x0000000087d00000|100%| O|  |TAMS 0x0000000087d00000, 0x0000000087c00000| Untracked 
| 103|0x0000000087d00000, 0x0000000087e00000, 0x0000000087e00000|100%| O|  |TAMS 0x0000000087e00000, 0x0000000087d00000| Untracked 
| 104|0x0000000087e00000, 0x0000000087f00000, 0x0000000087f00000|100%| O|  |TAMS 0x0000000087f00000, 0x0000000087e00000| Untracked 
| 105|0x0000000087f00000, 0x0000000088000000, 0x0000000088000000|100%| O|  |TAMS 0x0000000088000000, 0x0000000087f00000| Untracked 
| 106|0x0000000088000000, 0x0000000088100000, 0x0000000088100000|100%| O|  |TAMS 0x0000000088100000, 0x0000000088000000| Untracked 
| 107|0x0000000088100000, 0x0000000088200000, 0x0000000088200000|100%| O|  |TAMS 0x0000000088200000, 0x0000000088100000| Untracked 
| 108|0x0000000088200000, 0x0000000088300000, 0x0000000088300000|100%| O|  |TAMS 0x0000000088300000, 0x0000000088200000| Complete 
| 109|0x0000000088300000, 0x0000000088400000, 0x0000000088400000|100%| O|  |TAMS 0x0000000088400000, 0x0000000088300000| Complete 
| 110|0x0000000088400000, 0x0000000088500000, 0x0000000088500000|100%| O|  |TAMS 0x0000000088500000, 0x0000000088400000| Untracked 
| 111|0x0000000088500000, 0x0000000088600000, 0x0000000088600000|100%| O|  |TAMS 0x0000000088600000, 0x0000000088500000| Untracked 
| 112|0x0000000088600000, 0x0000000088700000, 0x0000000088700000|100%| O|  |TAMS 0x0000000088700000, 0x0000000088600000| Untracked 
| 113|0x0000000088700000, 0x0000000088800000, 0x0000000088800000|100%| O|  |TAMS 0x0000000088800000, 0x0000000088700000| Untracked 
| 114|0x0000000088800000, 0x0000000088900000, 0x0000000088900000|100%| O|  |TAMS 0x0000000088900000, 0x0000000088800000| Untracked 
| 115|0x0000000088900000, 0x0000000088a00000, 0x0000000088a00000|100%| O|  |TAMS 0x0000000088a00000, 0x0000000088900000| Untracked 
| 116|0x0000000088a00000, 0x0000000088b00000, 0x0000000088b00000|100%| O|  |TAMS 0x0000000088b00000, 0x0000000088a00000| Complete 
| 117|0x0000000088b00000, 0x0000000088c00000, 0x0000000088c00000|100%| O|  |TAMS 0x0000000088c00000, 0x0000000088b00000| Complete 
| 118|0x0000000088c00000, 0x0000000088d00000, 0x0000000088d00000|100%| O|  |TAMS 0x0000000088d00000, 0x0000000088c00000| Untracked 
| 119|0x0000000088d00000, 0x0000000088e00000, 0x0000000088e00000|100%| O|  |TAMS 0x0000000088e00000, 0x0000000088d00000| Untracked 
| 120|0x0000000088e00000, 0x0000000088f00000, 0x0000000088f00000|100%| O|  |TAMS 0x0000000088f00000, 0x0000000088e00000| Untracked 
| 121|0x0000000088f00000, 0x0000000089000000, 0x0000000089000000|100%| O|  |TAMS 0x0000000089000000, 0x0000000088f00000| Untracked 
| 122|0x0000000089000000, 0x0000000089100000, 0x0000000089100000|100%| O|  |TAMS 0x0000000089100000, 0x0000000089000000| Untracked 
| 123|0x0000000089100000, 0x0000000089200000, 0x0000000089200000|100%| O|  |TAMS 0x0000000089200000, 0x0000000089100000| Untracked 
| 124|0x0000000089200000, 0x0000000089300000, 0x0000000089300000|100%| O|  |TAMS 0x0000000089300000, 0x0000000089200000| Complete 
| 125|0x0000000089300000, 0x0000000089400000, 0x0000000089400000|100%| O|  |TAMS 0x0000000089400000, 0x0000000089300000| Complete 
| 126|0x0000000089400000, 0x0000000089500000, 0x0000000089500000|100%| O|  |TAMS 0x0000000089500000, 0x0000000089400000| Untracked 
| 127|0x0000000089500000, 0x0000000089600000, 0x0000000089600000|100%| O|  |TAMS 0x0000000089600000, 0x0000000089500000| Untracked 
| 128|0x0000000089600000, 0x0000000089700000, 0x0000000089700000|100%| O|  |TAMS 0x0000000089700000, 0x0000000089600000| Untracked 
| 129|0x0000000089700000, 0x0000000089800000, 0x0000000089800000|100%| O|  |TAMS 0x0000000089800000, 0x0000000089700000| Complete 
| 130|0x0000000089800000, 0x0000000089900000, 0x0000000089900000|100%|HS|  |TAMS 0x0000000089900000, 0x0000000089800000| Complete 
| 131|0x0000000089900000, 0x0000000089a00000, 0x0000000089a00000|100%|HC|  |TAMS 0x0000000089a00000, 0x0000000089900000| Complete 
| 132|0x0000000089a00000, 0x0000000089b00000, 0x0000000089b00000|100%|HC|  |TAMS 0x0000000089b00000, 0x0000000089a00000| Complete 
| 133|0x0000000089b00000, 0x0000000089c00000, 0x0000000089c00000|100%|HC|  |TAMS 0x0000000089c00000, 0x0000000089b00000| Complete 
| 134|0x0000000089c00000, 0x0000000089d00000, 0x0000000089d00000|100%|HC|  |TAMS 0x0000000089d00000, 0x0000000089c00000| Complete 
| 135|0x0000000089d00000, 0x0000000089e00000, 0x0000000089e00000|100%|HC|  |TAMS 0x0000000089e00000, 0x0000000089d00000| Complete 
| 136|0x0000000089e00000, 0x0000000089f00000, 0x0000000089f00000|100%|HC|  |TAMS 0x0000000089f00000, 0x0000000089e00000| Complete 
| 137|0x0000000089f00000, 0x000000008a000000, 0x000000008a000000|100%|HC|  |TAMS 0x000000008a000000, 0x0000000089f00000| Complete 
| 138|0x000000008a000000, 0x000000008a100000, 0x000000008a100000|100%|HC|  |TAMS 0x000000008a100000, 0x000000008a000000| Complete 
| 139|0x000000008a100000, 0x000000008a200000, 0x000000008a200000|100%| O|  |TAMS 0x000000008a200000, 0x000000008a100000| Untracked 
| 140|0x000000008a200000, 0x000000008a300000, 0x000000008a300000|100%| O|  |TAMS 0x000000008a300000, 0x000000008a200000| Untracked 
| 141|0x000000008a300000, 0x000000008a400000, 0x000000008a400000|100%| O|  |TAMS 0x000000008a400000, 0x000000008a300000| Untracked 
| 142|0x000000008a400000, 0x000000008a500000, 0x000000008a500000|100%| O|  |TAMS 0x000000008a500000, 0x000000008a400000| Untracked 
| 143|0x000000008a500000, 0x000000008a600000, 0x000000008a600000|100%| O|  |TAMS 0x000000008a600000, 0x000000008a500000| Untracked 
| 144|0x000000008a600000, 0x000000008a700000, 0x000000008a700000|100%| O|  |TAMS 0x000000008a700000, 0x000000008a600000| Untracked 
| 145|0x000000008a700000, 0x000000008a800000, 0x000000008a800000|100%| O|  |TAMS 0x000000008a800000, 0x000000008a700000| Untracked 
| 146|0x000000008a800000, 0x000000008a900000, 0x000000008a900000|100%| O|  |TAMS 0x000000008a900000, 0x000000008a800000| Untracked 
| 147|0x000000008a900000, 0x000000008aa00000, 0x000000008aa00000|100%| O|  |TAMS 0x000000008aa00000, 0x000000008a900000| Untracked 
| 148|0x000000008aa00000, 0x000000008ab00000, 0x000000008ab00000|100%| O|  |TAMS 0x000000008ab00000, 0x000000008aa00000| Untracked 
| 149|0x000000008ab00000, 0x000000008ac00000, 0x000000008ac00000|100%| O|  |TAMS 0x000000008ac00000, 0x000000008ab00000| Untracked 
| 150|0x000000008ac00000, 0x000000008ad00000, 0x000000008ad00000|100%| O|  |TAMS 0x000000008ad00000, 0x000000008ac00000| Untracked 
| 151|0x000000008ad00000, 0x000000008ae00000, 0x000000008ae00000|100%| O|  |TAMS 0x000000008ae00000, 0x000000008ad00000| Untracked 
| 152|0x000000008ae00000, 0x000000008aee2c00, 0x000000008af00000| 88%| O|  |TAMS 0x000000008aee2c00, 0x000000008ae00000| Untracked 
| 153|0x000000008af00000, 0x000000008af00000, 0x000000008b000000|  0%| F|  |TAMS 0x000000008af00000, 0x000000008af00000| Untracked 
| 154|0x000000008b000000, 0x000000008b000000, 0x000000008b100000|  0%| F|  |TAMS 0x000000008b000000, 0x000000008b000000| Untracked 
| 155|0x000000008b100000, 0x000000008b100000, 0x000000008b200000|  0%| F|  |TAMS 0x000000008b100000, 0x000000008b100000| Untracked 
| 156|0x000000008b200000, 0x000000008b200000, 0x000000008b300000|  0%| F|  |TAMS 0x000000008b200000, 0x000000008b200000| Untracked 
| 157|0x000000008b300000, 0x000000008b300000, 0x000000008b400000|  0%| F|  |TAMS 0x000000008b300000, 0x000000008b300000| Untracked 
| 158|0x000000008b400000, 0x000000008b400000, 0x000000008b500000|  0%| F|  |TAMS 0x000000008b400000, 0x000000008b400000| Untracked 
| 159|0x000000008b500000, 0x000000008b500000, 0x000000008b600000|  0%| F|  |TAMS 0x000000008b500000, 0x000000008b500000| Untracked 
| 160|0x000000008b600000, 0x000000008b600000, 0x000000008b700000|  0%| F|  |TAMS 0x000000008b600000, 0x000000008b600000| Untracked 
| 161|0x000000008b700000, 0x000000008b700000, 0x000000008b800000|  0%| F|  |TAMS 0x000000008b700000, 0x000000008b700000| Untracked 
| 162|0x000000008b800000, 0x000000008b800000, 0x000000008b900000|  0%| F|  |TAMS 0x000000008b800000, 0x000000008b800000| Untracked 
| 163|0x000000008b900000, 0x000000008b900000, 0x000000008ba00000|  0%| F|  |TAMS 0x000000008b900000, 0x000000008b900000| Untracked 
| 164|0x000000008ba00000, 0x000000008ba00000, 0x000000008bb00000|  0%| F|  |TAMS 0x000000008ba00000, 0x000000008ba00000| Untracked 
| 165|0x000000008bb00000, 0x000000008bb00000, 0x000000008bc00000|  0%| F|  |TAMS 0x000000008bb00000, 0x000000008bb00000| Untracked 
| 166|0x000000008bc00000, 0x000000008bc00000, 0x000000008bd00000|  0%| F|  |TAMS 0x000000008bc00000, 0x000000008bc00000| Untracked 
| 167|0x000000008bd00000, 0x000000008bd00000, 0x000000008be00000|  0%| F|  |TAMS 0x000000008bd00000, 0x000000008bd00000| Untracked 
| 168|0x000000008be00000, 0x000000008be00000, 0x000000008bf00000|  0%| F|  |TAMS 0x000000008be00000, 0x000000008be00000| Untracked 
| 169|0x000000008bf00000, 0x000000008bf00000, 0x000000008c000000|  0%| F|  |TAMS 0x000000008bf00000, 0x000000008bf00000| Untracked 
| 170|0x000000008c000000, 0x000000008c000000, 0x000000008c100000|  0%| F|  |TAMS 0x000000008c000000, 0x000000008c000000| Untracked 
| 171|0x000000008c100000, 0x000000008c100000, 0x000000008c200000|  0%| F|  |TAMS 0x000000008c100000, 0x000000008c100000| Untracked 
| 172|0x000000008c200000, 0x000000008c200000, 0x000000008c300000|  0%| F|  |TAMS 0x000000008c200000, 0x000000008c200000| Untracked 
| 173|0x000000008c300000, 0x000000008c300000, 0x000000008c400000|  0%| F|  |TAMS 0x000000008c300000, 0x000000008c300000| Untracked 
| 174|0x000000008c400000, 0x000000008c400000, 0x000000008c500000|  0%| F|  |TAMS 0x000000008c400000, 0x000000008c400000| Untracked 
| 175|0x000000008c500000, 0x000000008c500000, 0x000000008c600000|  0%| F|  |TAMS 0x000000008c500000, 0x000000008c500000| Untracked 
| 176|0x000000008c600000, 0x000000008c600000, 0x000000008c700000|  0%| F|  |TAMS 0x000000008c600000, 0x000000008c600000| Untracked 
| 177|0x000000008c700000, 0x000000008c700000, 0x000000008c800000|  0%| F|  |TAMS 0x000000008c700000, 0x000000008c700000| Untracked 
| 178|0x000000008c800000, 0x000000008c800000, 0x000000008c900000|  0%| F|  |TAMS 0x000000008c800000, 0x000000008c800000| Untracked 
| 179|0x000000008c900000, 0x000000008c900000, 0x000000008ca00000|  0%| F|  |TAMS 0x000000008c900000, 0x000000008c900000| Untracked 
| 180|0x000000008ca00000, 0x000000008ca00000, 0x000000008cb00000|  0%| F|  |TAMS 0x000000008ca00000, 0x000000008ca00000| Untracked 
| 181|0x000000008cb00000, 0x000000008cb00000, 0x000000008cc00000|  0%| F|  |TAMS 0x000000008cb00000, 0x000000008cb00000| Untracked 
| 182|0x000000008cc00000, 0x000000008cc00000, 0x000000008cd00000|  0%| F|  |TAMS 0x000000008cc00000, 0x000000008cc00000| Untracked 
| 183|0x000000008cd00000, 0x000000008cd00000, 0x000000008ce00000|  0%| F|  |TAMS 0x000000008cd00000, 0x000000008cd00000| Untracked 
| 184|0x000000008ce00000, 0x000000008ce00000, 0x000000008cf00000|  0%| F|  |TAMS 0x000000008ce00000, 0x000000008ce00000| Untracked 
| 185|0x000000008cf00000, 0x000000008cf4a190, 0x000000008d000000| 28%| S|CS|TAMS 0x000000008cf00000, 0x000000008cf00000| Complete 
| 186|0x000000008d000000, 0x000000008d100000, 0x000000008d100000|100%| S|CS|TAMS 0x000000008d000000, 0x000000008d000000| Complete 
| 187|0x000000008d100000, 0x000000008d100000, 0x000000008d200000|  0%| F|  |TAMS 0x000000008d100000, 0x000000008d100000| Untracked 
| 188|0x000000008d200000, 0x000000008d200000, 0x000000008d300000|  0%| F|  |TAMS 0x000000008d200000, 0x000000008d200000| Untracked 
| 189|0x000000008d300000, 0x000000008d300000, 0x000000008d400000|  0%| F|  |TAMS 0x000000008d300000, 0x000000008d300000| Untracked 
| 190|0x000000008d400000, 0x000000008d400000, 0x000000008d500000|  0%| F|  |TAMS 0x000000008d400000, 0x000000008d400000| Untracked 
| 191|0x000000008d500000, 0x000000008d500000, 0x000000008d600000|  0%| F|  |TAMS 0x000000008d500000, 0x000000008d500000| Untracked 
| 192|0x000000008d600000, 0x000000008d600000, 0x000000008d700000|  0%| F|  |TAMS 0x000000008d600000, 0x000000008d600000| Untracked 
| 193|0x000000008d700000, 0x000000008d700000, 0x000000008d800000|  0%| F|  |TAMS 0x000000008d700000, 0x000000008d700000| Untracked 
| 194|0x000000008d800000, 0x000000008d800000, 0x000000008d900000|  0%| F|  |TAMS 0x000000008d800000, 0x000000008d800000| Untracked 
| 195|0x000000008d900000, 0x000000008d900000, 0x000000008da00000|  0%| F|  |TAMS 0x000000008d900000, 0x000000008d900000| Untracked 
| 196|0x000000008da00000, 0x000000008da00000, 0x000000008db00000|  0%| F|  |TAMS 0x000000008da00000, 0x000000008da00000| Untracked 
| 197|0x000000008db00000, 0x000000008db00000, 0x000000008dc00000|  0%| F|  |TAMS 0x000000008db00000, 0x000000008db00000| Untracked 
| 198|0x000000008dc00000, 0x000000008dc00000, 0x000000008dd00000|  0%| F|  |TAMS 0x000000008dc00000, 0x000000008dc00000| Untracked 
| 199|0x000000008dd00000, 0x000000008dd00000, 0x000000008de00000|  0%| F|  |TAMS 0x000000008dd00000, 0x000000008dd00000| Untracked 
| 200|0x000000008de00000, 0x000000008de00000, 0x000000008df00000|  0%| F|  |TAMS 0x000000008de00000, 0x000000008de00000| Untracked 
| 201|0x000000008df00000, 0x000000008df00000, 0x000000008e000000|  0%| F|  |TAMS 0x000000008df00000, 0x000000008df00000| Untracked 
| 202|0x000000008e000000, 0x000000008e000000, 0x000000008e100000|  0%| F|  |TAMS 0x000000008e000000, 0x000000008e000000| Untracked 
| 203|0x000000008e100000, 0x000000008e100000, 0x000000008e200000|  0%| F|  |TAMS 0x000000008e100000, 0x000000008e100000| Untracked 
| 204|0x000000008e200000, 0x000000008e200000, 0x000000008e300000|  0%| F|  |TAMS 0x000000008e200000, 0x000000008e200000| Untracked 
| 205|0x000000008e300000, 0x000000008e300000, 0x000000008e400000|  0%| F|  |TAMS 0x000000008e300000, 0x000000008e300000| Untracked 
| 206|0x000000008e400000, 0x000000008e400000, 0x000000008e500000|  0%| F|  |TAMS 0x000000008e400000, 0x000000008e400000| Untracked 
| 207|0x000000008e500000, 0x000000008e500000, 0x000000008e600000|  0%| F|  |TAMS 0x000000008e500000, 0x000000008e500000| Untracked 
| 208|0x000000008e600000, 0x000000008e600000, 0x000000008e700000|  0%| F|  |TAMS 0x000000008e600000, 0x000000008e600000| Untracked 
| 209|0x000000008e700000, 0x000000008e700000, 0x000000008e800000|  0%| F|  |TAMS 0x000000008e700000, 0x000000008e700000| Untracked 
| 210|0x000000008e800000, 0x000000008e800000, 0x000000008e900000|  0%| F|  |TAMS 0x000000008e800000, 0x000000008e800000| Untracked 
| 211|0x000000008e900000, 0x000000008e900000, 0x000000008ea00000|  0%| F|  |TAMS 0x000000008e900000, 0x000000008e900000| Untracked 
| 212|0x000000008ea00000, 0x000000008ea00000, 0x000000008eb00000|  0%| F|  |TAMS 0x000000008ea00000, 0x000000008ea00000| Untracked 
| 213|0x000000008eb00000, 0x000000008eb00000, 0x000000008ec00000|  0%| F|  |TAMS 0x000000008eb00000, 0x000000008eb00000| Untracked 
| 214|0x000000008ec00000, 0x000000008ec00000, 0x000000008ed00000|  0%| F|  |TAMS 0x000000008ec00000, 0x000000008ec00000| Untracked 
| 215|0x000000008ed00000, 0x000000008ed00000, 0x000000008ee00000|  0%| F|  |TAMS 0x000000008ed00000, 0x000000008ed00000| Untracked 
| 216|0x000000008ee00000, 0x000000008ee00000, 0x000000008ef00000|  0%| F|  |TAMS 0x000000008ee00000, 0x000000008ee00000| Untracked 
| 217|0x000000008ef00000, 0x000000008ef00000, 0x000000008f000000|  0%| F|  |TAMS 0x000000008ef00000, 0x000000008ef00000| Untracked 
| 218|0x000000008f000000, 0x000000008f000000, 0x000000008f100000|  0%| F|  |TAMS 0x000000008f000000, 0x000000008f000000| Untracked 
| 219|0x000000008f100000, 0x000000008f100000, 0x000000008f200000|  0%| F|  |TAMS 0x000000008f100000, 0x000000008f100000| Untracked 
| 220|0x000000008f200000, 0x000000008f200000, 0x000000008f300000|  0%| F|  |TAMS 0x000000008f200000, 0x000000008f200000| Untracked 
| 221|0x000000008f300000, 0x000000008f300000, 0x000000008f400000|  0%| F|  |TAMS 0x000000008f300000, 0x000000008f300000| Untracked 
| 222|0x000000008f400000, 0x000000008f400000, 0x000000008f500000|  0%| F|  |TAMS 0x000000008f400000, 0x000000008f400000| Untracked 
| 223|0x000000008f500000, 0x000000008f500000, 0x000000008f600000|  0%| F|  |TAMS 0x000000008f500000, 0x000000008f500000| Untracked 
| 224|0x000000008f600000, 0x000000008f600000, 0x000000008f700000|  0%| F|  |TAMS 0x000000008f600000, 0x000000008f600000| Untracked 
| 225|0x000000008f700000, 0x000000008f700000, 0x000000008f800000|  0%| F|  |TAMS 0x000000008f700000, 0x000000008f700000| Untracked 
| 226|0x000000008f800000, 0x000000008f800000, 0x000000008f900000|  0%| F|  |TAMS 0x000000008f800000, 0x000000008f800000| Untracked 
| 227|0x000000008f900000, 0x000000008f900000, 0x000000008fa00000|  0%| F|  |TAMS 0x000000008f900000, 0x000000008f900000| Untracked 
| 228|0x000000008fa00000, 0x000000008fa00000, 0x000000008fb00000|  0%| F|  |TAMS 0x000000008fa00000, 0x000000008fa00000| Untracked 
| 229|0x000000008fb00000, 0x000000008fb00000, 0x000000008fc00000|  0%| F|  |TAMS 0x000000008fb00000, 0x000000008fb00000| Untracked 
| 230|0x000000008fc00000, 0x000000008fc00000, 0x000000008fd00000|  0%| F|  |TAMS 0x000000008fc00000, 0x000000008fc00000| Untracked 
| 231|0x000000008fd00000, 0x000000008fd00000, 0x000000008fe00000|  0%| F|  |TAMS 0x000000008fd00000, 0x000000008fd00000| Untracked 
| 232|0x000000008fe00000, 0x000000008fe00000, 0x000000008ff00000|  0%| F|  |TAMS 0x000000008fe00000, 0x000000008fe00000| Untracked 
| 233|0x000000008ff00000, 0x000000008ff00000, 0x0000000090000000|  0%| F|  |TAMS 0x000000008ff00000, 0x000000008ff00000| Untracked 
| 234|0x0000000090000000, 0x0000000090000000, 0x0000000090100000|  0%| F|  |TAMS 0x0000000090000000, 0x0000000090000000| Untracked 
| 235|0x0000000090100000, 0x0000000090100000, 0x0000000090200000|  0%| F|  |TAMS 0x0000000090100000, 0x0000000090100000| Untracked 
| 236|0x0000000090200000, 0x0000000090200000, 0x0000000090300000|  0%| F|  |TAMS 0x0000000090200000, 0x0000000090200000| Untracked 
| 237|0x0000000090300000, 0x0000000090300000, 0x0000000090400000|  0%| F|  |TAMS 0x0000000090300000, 0x0000000090300000| Untracked 
| 238|0x0000000090400000, 0x0000000090400000, 0x0000000090500000|  0%| F|  |TAMS 0x0000000090400000, 0x0000000090400000| Untracked 
| 239|0x0000000090500000, 0x0000000090500000, 0x0000000090600000|  0%| F|  |TAMS 0x0000000090500000, 0x0000000090500000| Untracked 
| 240|0x0000000090600000, 0x0000000090600000, 0x0000000090700000|  0%| F|  |TAMS 0x0000000090600000, 0x0000000090600000| Untracked 
| 241|0x0000000090700000, 0x0000000090700000, 0x0000000090800000|  0%| F|  |TAMS 0x0000000090700000, 0x0000000090700000| Untracked 
| 242|0x0000000090800000, 0x0000000090800000, 0x0000000090900000|  0%| F|  |TAMS 0x0000000090800000, 0x0000000090800000| Untracked 
| 243|0x0000000090900000, 0x00000000909250b8, 0x0000000090a00000| 14%| E|  |TAMS 0x0000000090900000, 0x0000000090900000| Complete 
| 244|0x0000000090a00000, 0x0000000090b00000, 0x0000000090b00000|100%| E|CS|TAMS 0x0000000090a00000, 0x0000000090a00000| Complete 
| 245|0x0000000090b00000, 0x0000000090c00000, 0x0000000090c00000|100%| E|  |TAMS 0x0000000090b00000, 0x0000000090b00000| Complete 
| 246|0x0000000090c00000, 0x0000000090d00000, 0x0000000090d00000|100%| E|CS|TAMS 0x0000000090c00000, 0x0000000090c00000| Complete 
| 247|0x0000000090d00000, 0x0000000090e00000, 0x0000000090e00000|100%| E|CS|TAMS 0x0000000090d00000, 0x0000000090d00000| Complete 
| 248|0x0000000090e00000, 0x0000000090f00000, 0x0000000090f00000|100%| E|CS|TAMS 0x0000000090e00000, 0x0000000090e00000| Complete 

Card table byte_map: [0x000000001a100000,0x000000001a500000] _byte_map_base: 0x0000000019cf5000

Marking Bits (Prev, Next): (CMBitMap*) 0x0000000002a3e1d0, (CMBitMap*) 0x0000000002a3e198
 Prev Bits: [0x000000001c8b0000, 0x000000001e858000)
 Next Bits: [0x000000001a900000, 0x000000001c8a8000)

Polling page: 0x0000000001510000

Metaspace:

Usage:
  Non-class:     54.93 MB capacity,    53.92 MB ( 98%) used,   806.91 KB (  1%) free+waste,   231.75 KB ( <1%) overhead. 
      Class:      8.74 MB capacity,     7.91 MB ( 91%) used,   724.96 KB (  8%) free+waste,   119.56 KB (  1%) overhead. 
       Both:     63.67 MB capacity,    61.83 MB ( 97%) used,     1.50 MB (  2%) free+waste,   351.31 KB ( <1%) overhead. 

Virtual space:
  Non-class space:       56.00 MB reserved,      55.50 MB (>99%) committed 
      Class space:        1.00 GB reserved,       9.07 MB ( <1%) committed 
             Both:        1.05 GB reserved,      64.57 MB (  6%) committed 

Chunk freelists:
   Non-Class:  64.38 KB
       Class:  33.75 KB
        Both:  98.13 KB

CodeHeap 'non-profiled nmethods': size=120064Kb used=2799Kb max_used=2912Kb free=117264Kb
 bounds [0x00000000127c0000, 0x0000000012aa0000, 0x0000000019d00000]
CodeHeap 'profiled nmethods': size=120000Kb used=8774Kb max_used=10060Kb free=111225Kb
 bounds [0x000000000b290000, 0x000000000bc80000, 0x00000000127c0000]
CodeHeap 'non-nmethods': size=5696Kb used=1364Kb max_used=1418Kb free=4331Kb
 bounds [0x000000000ad00000, 0x000000000af70000, 0x000000000b290000]
 total_blobs=7840 nmethods=4553 adapters=719
 compilation: enabled
              stopped_count=0, restarted_count=0
 full_count=0

Compilation events (10 events):
Event: 950807.660 Thread 0x0000000021ebd800 5455       3       io.netty.channel.nio.NioEventLoop::pollTask (18 bytes)
Event: 950807.661 Thread 0x0000000021ebd800 nmethod 5455 0x000000000b3ef890 code [0x000000000b3efae0, 0x000000000b3f04e0]
Event: 950807.661 Thread 0x0000000021ebd800 5457       3       io.netty.channel.DefaultSelectStrategy::calculateStrategy (15 bytes)
Event: 950807.661 Thread 0x0000000021ebd800 nmethod 5457 0x000000000b3d5610 code [0x000000000b3d57e0, 0x000000000b3d5a70]
Event: 950807.661 Thread 0x0000000021ebd800 5456       3       sun.nio.ch.SelectorImpl::selectNow (7 bytes)
Event: 950807.661 Thread 0x0000000021ebd800 nmethod 5456 0x000000000b3c6d90 code [0x000000000b3c6f40, 0x000000000b3c70f0]
Event: 950807.768 Thread 0x0000000021ebd800 5459       3       io.netty.channel.nio.SelectedSelectionKeySetSelector::selectNow (15 bytes)
Event: 950807.769 Thread 0x0000000021ebd800 nmethod 5459 0x000000000b3e9710 code [0x000000000b3e9900, 0x000000000b3e9c60]
Event: 950807.878 Thread 0x0000000021eb9800 5460       4       java.util.Arrays::fill (28 bytes)
Event: 950807.892 Thread 0x0000000021eb9800 nmethod 5460 0x0000000012963a10 code [0x0000000012963bc0, 0x00000000129640d8]

GC Heap History (10 events):
Event: 950291.337 GC heap before
{Heap before GC invocations=66 (full 0):
 garbage-first heap   total 254976K, used 218623K [0x0000000081600000, 0x0000000100000000)
  region size 1024K, 90 young (92160K), 9 survivors (9216K)
 Metaspace       used 62756K, capacity 64512K, committed 65868K, reserved 1105920K
  class space    used 7993K, capacity 8772K, committed 9292K, reserved 1048576K
}
Event: 950291.392 GC heap after
{Heap after GC invocations=67 (full 0):
 garbage-first heap   total 254976K, used 138141K [0x0000000081600000, 0x0000000100000000)
  region size 1024K, 6 young (6144K), 6 survivors (6144K)
 Metaspace       used 62756K, capacity 64512K, committed 65868K, reserved 1105920K
  class space    used 7993K, capacity 8772K, committed 9292K, reserved 1048576K
}
Event: 950291.983 GC heap before
{Heap before GC invocations=67 (full 0):
 garbage-first heap   total 254976K, used 173981K [0x0000000081600000, 0x0000000100000000)
  region size 1024K, 42 young (43008K), 6 survivors (6144K)
 Metaspace       used 62756K, capacity 64512K, committed 65868K, reserved 1105920K
  class space    used 7993K, capacity 8772K, committed 9292K, reserved 1048576K
}
Event: 950292.018 GC heap after
{Heap after GC invocations=68 (full 0):
 garbage-first heap   total 254976K, used 139782K [0x0000000081600000, 0x0000000100000000)
  region size 1024K, 7 young (7168K), 7 survivors (7168K)
 Metaspace       used 62756K, capacity 64512K, committed 65868K, reserved 1105920K
  class space    used 7993K, capacity 8772K, committed 9292K, reserved 1048576K
}
Event: 950293.334 GC heap before
{Heap before GC invocations=69 (full 0):
 garbage-first heap   total 254976K, used 228870K [0x0000000081600000, 0x0000000100000000)
  region size 1024K, 85 young (87040K), 7 survivors (7168K)
 Metaspace       used 62756K, capacity 64512K, committed 65868K, reserved 1105920K
  class space    used 7993K, capacity 8772K, committed 9292K, reserved 1048576K
}
Event: 950293.410 GC heap after
{Heap after GC invocations=70 (full 0):
 garbage-first heap   total 254976K, used 156302K [0x0000000081600000, 0x0000000100000000)
  region size 1024K, 11 young (11264K), 11 survivors (11264K)
 Metaspace       used 62756K, capacity 64512K, committed 65868K, reserved 1105920K
  class space    used 7993K, capacity 8772K, committed 9292K, reserved 1048576K
}
Event: 950293.775 GC heap before
{Heap before GC invocations=70 (full 0):
 garbage-first heap   total 254976K, used 217742K [0x0000000081600000, 0x0000000100000000)
  region size 1024K, 71 young (72704K), 11 survivors (11264K)
 Metaspace       used 62756K, capacity 64512K, committed 65868K, reserved 1105920K
  class space    used 7993K, capacity 8772K, committed 9292K, reserved 1048576K
}
Event: 950293.834 GC heap after
{Heap after GC invocations=71 (full 0):
 garbage-first heap   total 254976K, used 158586K [0x0000000081600000, 0x0000000100000000)
  region size 1024K, 2 young (2048K), 2 survivors (2048K)
 Metaspace       used 62756K, capacity 64512K, committed 65868K, reserved 1105920K
  class space    used 7993K, capacity 8772K, committed 9292K, reserved 1048576K
}
Event: 950804.554 GC heap before
{Heap before GC invocations=72 (full 0):
 garbage-first heap   total 254976K, used 213882K [0x0000000081600000, 0x0000000100000000)
  region size 1024K, 62 young (63488K), 2 survivors (2048K)
 Metaspace       used 63295K, capacity 65196K, committed 66124K, reserved 1105920K
  class space    used 8099K, capacity 8945K, committed 9292K, reserved 1048576K
}
Event: 950804.578 GC heap after
{Heap after GC invocations=73 (full 0):
 garbage-first heap   total 254976K, used 152755K [0x0000000081600000, 0x0000000100000000)
  region size 1024K, 2 young (2048K), 2 survivors (2048K)
 Metaspace       used 63295K, capacity 65196K, committed 66124K, reserved 1105920K
  class space    used 8099K, capacity 8945K, committed 9292K, reserved 1048576K
}

Deoptimization events (10 events):
Event: 950803.647 Thread 0x00000000029ff800 Uncommon trap: reason=class_check action=maybe_recompile pc=0x0000000012a50bcc method=org.eclipse.collections.impl.map.mutable.primitive.LongObjectHashMap.forEachKeyValue(Lorg/eclipse/collections/api/block/procedure/primitive/LongObjectProcedure;)V @ 50 c
Event: 950805.690 Thread 0x00000000259f5800 Uncommon trap: reason=unstable_if action=reinterpret pc=0x0000000012a85d40 method=io.netty.util.internal.shaded.org.jctools.queues.BaseMpscLinkedArrayQueue.poll()Ljava/lang/Object; @ 34 c2
Event: 950805.690 Thread 0x00000000259f5800 Uncommon trap: reason=unstable_if action=reinterpret pc=0x0000000012a8c2f8 method=io.netty.util.concurrent.SingleThreadEventExecutor.isShuttingDown()Z @ 5 c2
Event: 950805.690 Thread 0x0000000025ae7000 Uncommon trap: reason=unstable_if action=reinterpret pc=0x0000000012a4ad0c method=io.netty.util.internal.shaded.org.jctools.queues.BaseMpscLinkedArrayQueue.isEmpty()Z @ 9 c2
Event: 950805.690 Thread 0x0000000025ae7000 Uncommon trap: reason=unstable_if action=reinterpret pc=0x0000000012a8ab78 method=io.netty.channel.DefaultSelectStrategy.calculateStrategy(Lio/netty/util/IntSupplier;Z)I @ 1 c2
Event: 950805.691 Thread 0x0000000025aea000 Uncommon trap: reason=unstable_if action=reinterpret pc=0x0000000012a859b4 method=io.netty.util.internal.shaded.org.jctools.queues.BaseMpscLinkedArrayQueue.isEmpty()Z @ 9 c2
Event: 950805.691 Thread 0x0000000025ae5000 Uncommon trap: reason=unstable_if action=reinterpret pc=0x0000000012a3ad10 method=io.netty.util.internal.shaded.org.jctools.queues.BaseMpscLinkedArrayQueue.isEmpty()Z @ 9 c2
Event: 950805.704 Thread 0x00000000259f1800 Uncommon trap: reason=unstable_if action=reinterpret pc=0x0000000012a974cc method=org.neo4j.monitoring.VmPauseMonitor.monitor()V @ 17 c2
Event: 950806.455 Thread 0x00000000259f5800 Uncommon trap: reason=class_check action=maybe_recompile pc=0x0000000012946648 method=java.util.Collections$SetFromMap.remove(Ljava/lang/Object;)Z @ 5 c2
Event: 950806.455 Thread 0x00000000259f5800 Uncommon trap: reason=class_check action=maybe_recompile pc=0x0000000012946648 method=java.util.Collections$SetFromMap.remove(Ljava/lang/Object;)Z @ 5 c2

Classes redefined (0 events):
No events

Internal exceptions (10 events):
Event: 950801.415 Thread 0x000000002453c000 Exception <a 'sun/nio/fs/WindowsException'{0x000000008ea0bd30}> (0x000000008ea0bd30) thrown at [t:/workspace/open/src/hotspot/share/prims/jni.cpp, line 615]
Event: 950801.441 Thread 0x00000000029ff800 Exception <a 'java/lang/NoSuchMethodError'{0x000000008ea7b5b8}: java.lang.invoke.DelegatingMethodHandle$Holder.reinvoke_L(Ljava/lang/Object;Ljava/lang/Object;J)Ljava/lang/Object;> (0x000000008ea7b5b8) thrown at [t:/workspace/open/src/hotspot/share/interpr
Event: 950801.579 Thread 0x00000000029ff800 Exception <a 'java/lang/NoSuchMethodError'{0x000000008e95b400}: java.lang.invoke.DirectMethodHandle$Holder.invokeVirtual(Ljava/lang/Object;Ljava/lang/Object;J)V> (0x000000008e95b400) thrown at [t:/workspace/open/src/hotspot/share/interpreter/linkResolver.
Event: 950801.580 Thread 0x00000000029ff800 Exception <a 'java/lang/NoSuchMethodError'{0x000000008e961488}: java.lang.invoke.DirectMethodHandle$Holder.invokeStatic(Ljava/lang/Object;Ljava/lang/Object;Ljava/lang/Object;ILjava/lang/Object;)V> (0x000000008e961488) thrown at [t:/workspace/open/src/hots
Event: 950802.375 Thread 0x00000000029ff800 Exception <a 'java/lang/NoSuchMethodError'{0x000000008e2ffcc8}: java.lang.invoke.DirectMethodHandle$Holder.invokeStaticInit(Ljava/lang/Object;)V> (0x000000008e2ffcc8) thrown at [t:/workspace/open/src/hotspot/share/interpreter/linkResolver.cpp, line 772]
Event: 950802.445 Thread 0x00000000029ff800 Exception <a 'java/lang/NoSuchMethodError'{0x000000008e077a00}: java.lang.invoke.DirectMethodHandle$Holder.invokeSpecial(Ljava/lang/Object;Ljava/lang/Object;IIILjava/lang/Object;Ljava/lang/Object;J)Ljava/lang/Object;> (0x000000008e077a00) thrown at [t:/wo
Event: 950802.446 Thread 0x00000000029ff800 Exception <a 'java/lang/NoSuchMethodError'{0x000000008e07af28}: java.lang.invoke.DelegatingMethodHandle$Holder.reinvoke_L(Ljava/lang/Object;IIILjava/lang/Object;Ljava/lang/Object;J)Ljava/lang/Object;> (0x000000008e07af28) thrown at [t:/workspace/open/src/
Event: 950803.564 Thread 0x000000002453c000 Exception <a 'sun/nio/fs/WindowsException'{0x000000008ea0bda0}> (0x000000008ea0bda0) thrown at [t:/workspace/open/src/hotspot/share/prims/jni.cpp, line 615]
Event: 950803.564 Thread 0x000000002453c000 Exception <a 'sun/nio/fs/WindowsException'{0x000000008ea0be10}> (0x000000008ea0be10) thrown at [t:/workspace/open/src/hotspot/share/prims/jni.cpp, line 615]
Event: 950803.581 Thread 0x00000000029ff800 Exception <a 'java/lang/NoSuchMethodError'{0x000000008dcddea8}: java.lang.invoke.DirectMethodHandle$Holder.invokeStaticInit(Ljava/lang/Object;Ljava/lang/Object;Ljava/lang/Object;Ljava/lang/Object;Ljava/lang/Object;)Ljava/lang/Object;> (0x000000008dcddea8)

Events (10 events):
Event: 950806.521 Thread 0x0000000025aef000 Thread added: 0x0000000025aef000
Event: 950806.521 Executing VM operation: RevokeBias
Event: 950806.521 Executing VM operation: RevokeBias done
Event: 950806.521 Thread 0x00000000259f5800 Thread exited: 0x00000000259f5800
Event: 950806.521 Executing VM operation: RevokeBias
Event: 950806.522 Executing VM operation: RevokeBias done
Event: 950806.522 Thread 0x0000000025aef000 Thread exited: 0x0000000025aef000
Event: 950807.080 Thread 0x0000000025aee000 Thread added: 0x0000000025aee000
Event: 950807.080 Thread 0x0000000025aee000 Thread exited: 0x0000000025aee000
Event: 950807.142 Thread 0x0000000025aec800 Thread added: 0x0000000025aec800


Dynamic libraries:
0x00007ff7e7f30000 - 0x00007ff7e7f50000 	D:\Fax\KONACNI NOSQL\neo4j-community-4.0.0\bin\tools\prunsrv-amd64.exe
0x00007ff808ea0000 - 0x00007ff809090000 	C:\WINDOWS\SYSTEM32\ntdll.dll
0x00007ff8071f0000 - 0x00007ff8072a2000 	C:\WINDOWS\System32\KERNEL32.DLL
0x00007ff806bd0000 - 0x00007ff806e74000 	C:\WINDOWS\System32\KERNELBASE.dll
0x00007ff807a00000 - 0x00007ff807aa3000 	C:\WINDOWS\System32\ADVAPI32.dll
0x00007ff806f50000 - 0x00007ff806fee000 	C:\WINDOWS\System32\msvcrt.dll
0x00007ff808a10000 - 0x00007ff808aa7000 	C:\WINDOWS\System32\sechost.dll
0x00007ff8070c0000 - 0x00007ff8071e0000 	C:\WINDOWS\System32\RPCRT4.dll
0x00007ff807b10000 - 0x00007ff8081f6000 	C:\WINDOWS\System32\SHELL32.dll
0x00007ff806920000 - 0x00007ff806a1a000 	C:\WINDOWS\System32\ucrtbase.dll
0x00007ff806700000 - 0x00007ff80674a000 	C:\WINDOWS\System32\cfgmgr32.dll
0x00007ff807780000 - 0x00007ff807829000 	C:\WINDOWS\System32\shcore.dll
0x00007ff807420000 - 0x00007ff807755000 	C:\WINDOWS\System32\combase.dll
0x00007ff806ed0000 - 0x00007ff806f50000 	C:\WINDOWS\System32\bcryptPrimitives.dll
0x00007ff805e30000 - 0x00007ff8065b0000 	C:\WINDOWS\System32\windows.storage.dll
0x00007ff806b30000 - 0x00007ff806bce000 	C:\WINDOWS\System32\msvcp_win.dll
0x00007ff805de0000 - 0x00007ff805e03000 	C:\WINDOWS\System32\profapi.dll
0x00007ff805d90000 - 0x00007ff805dda000 	C:\WINDOWS\System32\powrprof.dll
0x00007ff805d60000 - 0x00007ff805d70000 	C:\WINDOWS\System32\UMPDC.dll
0x00007ff808dd0000 - 0x00007ff808e22000 	C:\WINDOWS\System32\shlwapi.dll
0x00007ff8072b0000 - 0x00007ff8072d6000 	C:\WINDOWS\System32\GDI32.dll
0x00007ff806750000 - 0x00007ff806771000 	C:\WINDOWS\System32\win32u.dll
0x00007ff806780000 - 0x00007ff806915000 	C:\WINDOWS\System32\gdi32full.dll
0x00007ff808200000 - 0x00007ff808394000 	C:\WINDOWS\System32\USER32.dll
0x00007ff805e10000 - 0x00007ff805e21000 	C:\WINDOWS\System32\kernel.appcore.dll
0x00007ff806eb0000 - 0x00007ff806ec7000 	C:\WINDOWS\System32\cryptsp.dll
0x00007fffea640000 - 0x00007fffeb182000 	C:\Program Files\Java\jdk-11\bin\server\jvm.dll
0x00007ff8071e0000 - 0x00007ff8071e8000 	C:\WINDOWS\System32\PSAPI.DLL
0x00007ffff5920000 - 0x00007ffff5929000 	C:\WINDOWS\SYSTEM32\WSOCK32.dll
0x00007ff8089a0000 - 0x00007ff808a0f000 	C:\WINDOWS\System32\WS2_32.dll
0x00007ff8028e0000 - 0x00007ff802904000 	C:\WINDOWS\SYSTEM32\WINMM.dll
0x00007ff800000000 - 0x00007ff80000a000 	C:\WINDOWS\SYSTEM32\VERSION.dll
0x00007fffeece0000 - 0x00007fffeecf9000 	C:\WINDOWS\SYSTEM32\VCRUNTIME140.dll
0x00007ff8028b0000 - 0x00007ff8028dd000 	C:\WINDOWS\SYSTEM32\WINMMBASE.dll
0x00007fffea4d0000 - 0x00007fffea4e1000 	C:\Program Files\Java\jdk-11\bin\verify.dll
0x00007ffff98e0000 - 0x00007ffff9ad4000 	C:\WINDOWS\SYSTEM32\DBGHELP.DLL
0x00007ffff9860000 - 0x00007ffff988a000 	C:\WINDOWS\SYSTEM32\dbgcore.DLL
0x00007fffea4a0000 - 0x00007fffea4c9000 	C:\Program Files\Java\jdk-11\bin\java.dll
0x00007fffea480000 - 0x00007fffea496000 	C:\Program Files\Java\jdk-11\bin\zip.dll
0x00007fffea470000 - 0x00007fffea47a000 	C:\Program Files\Java\jdk-11\bin\jimage.dll
0x00007fffe8a90000 - 0x00007fffe8aa9000 	C:\Program Files\Java\jdk-11\bin\net.dll
0x00007ff8006c0000 - 0x00007ff8007b0000 	C:\WINDOWS\SYSTEM32\WINHTTP.dll
0x00007ff8055d0000 - 0x00007ff805637000 	C:\WINDOWS\system32\mswsock.dll
0x00007fffe8a70000 - 0x00007fffe8a83000 	C:\Program Files\Java\jdk-11\bin\nio.dll
0x00007fffe7dc0000 - 0x00007fffe7dc9000 	C:\Program Files\Java\jdk-11\bin\management.dll
0x00007fffe5be0000 - 0x00007fffe5bec000 	C:\Program Files\Java\jdk-11\bin\management_ext.dll
0x00007fffee230000 - 0x00007fffee246000 	C:\WINDOWS\system32\napinsp.dll
0x00007fffee210000 - 0x00007fffee22a000 	C:\WINDOWS\system32\pnrpnsp.dll
0x00007ff805330000 - 0x00007ff8053fb000 	C:\WINDOWS\SYSTEM32\DNSAPI.dll
0x00007ff807830000 - 0x00007ff807838000 	C:\WINDOWS\System32\NSI.dll
0x00007ff8052e0000 - 0x00007ff80531a000 	C:\WINDOWS\SYSTEM32\IPHLPAPI.DLL
0x00007fffee200000 - 0x00007fffee20e000 	C:\WINDOWS\System32\winrnr.dll
0x00007ffffe910000 - 0x00007ffffe92c000 	C:\WINDOWS\system32\NLAapi.dll
0x00007fffee1e0000 - 0x00007fffee1f5000 	C:\WINDOWS\system32\wshbth.dll
0x00007ffff7860000 - 0x00007ffff786a000 	C:\Windows\System32\rasadhlp.dll
0x00007ffff8df0000 - 0x00007ffff8e67000 	C:\WINDOWS\System32\fwpuclnt.dll
0x00007ff806e80000 - 0x00007ff806ea6000 	C:\WINDOWS\System32\bcrypt.dll
0x00007ffff95d0000 - 0x00007ffff95e6000 	C:\WINDOWS\SYSTEM32\dhcpcsvc6.DLL
0x00007ffff94f0000 - 0x00007ffff950c000 	C:\WINDOWS\SYSTEM32\dhcpcsvc.DLL
0x00007ff805140000 - 0x00007ff805173000 	C:\WINDOWS\system32\rsaenh.dll
0x00007ff8057a0000 - 0x00007ff8057ac000 	C:\WINDOWS\SYSTEM32\CRYPTBASE.dll

dbghelp: loaded successfully - version: 4.0.5 - missing functions: none
symbol engine: initialized successfully - sym options: 0x614 - pdb path: .;D:\Fax\KONACNI NOSQL\neo4j-community-4.0.0\bin\tools;C:\WINDOWS\SYSTEM32;C:\Program Files\Java\jdk-11\bin\server;C:\Program Files\Java\jdk-11\bin

VM Arguments:
jvm_args: -XX:+UnlockExperimentalVMOptions -XX:-OmitStackTraceInFastThrow -XX:+TrustFinalNonStaticFields -Dio.netty.tryReflectionSetAccessible=true -Dfile.encoding=UTF-8 -XX:+AlwaysPreTouch -Djdk.tls.ephemeralDHKeySize=2048 -Djdk.nio.maxCachedBufferSize=262144 -XX:+DisableExplicitGC -XX:+UseG1GC -Djdk.tls.rejectClientInitiatedRenegotiation=true exit abort 
java_command: <unknown>
java_class_path (initial): lib/activation-1.1.1.jar;lib/annotations-4.0.0.jar;lib/bcpkix-jdk15on-1.63.jar;lib/bcprov-jdk15on-1.63.jar;lib/caffeine-2.8.0.jar;lib/commons-beanutils-1.9.4.jar;lib/commons-collections-3.2.2.jar;lib/commons-compress-1.19.jar;lib/commons-configuration-1.10.jar;lib/commons-io-2.6.jar;lib/commons-lang-2.6.jar;lib/commons-lang3-3.9.jar;lib/commons-logging-1.2.jar;lib/commons-text-1.7.jar;lib/eclipse-collections-10.0.0.jar;lib/eclipse-collections-api-10.0.0.jar;lib/FastInfoset-1.2.16.jar;lib/hk2-api-2.5.0.jar;lib/hk2-locator-2.5.0.jar;lib/hk2-utils-2.5.0.jar;lib/istack-commons-runtime-3.0.8.jar;lib/jackson-annotations-2.10.0.jar;lib/jackson-core-2.10.0.jar;lib/jackson-databind-2.10.0.jar;lib/jackson-jaxrs-base-2.10.0.jar;lib/jackson-jaxrs-json-provider-2.10.0.jar;lib/jackson-module-jaxb-annotations-2.10.0.jar;lib/jakarta.activation-1.2.1.jar;lib/jakarta.activation-api-1.2.1.jar;lib/jakarta.annotation-api-1.3.4.jar;lib/jakarta.inject-2.5.0.jar;lib/jakarta.ws.rs-api-2.1.5.jar;lib/jakarta.xml.bind-api-2.3.2.jar;lib/javassist-3.22.0-CR2.jar;lib/javax.servlet-api-3.1.0.jar;lib/javax.ws.rs-api-2.1.1.jar;lib/jaxb-api-2.3.0.jar;lib/jaxb-runtime-2.3.2.jar;lib/jctools-core-2.1.2.jar;lib/jersey-client-2.29.jar;lib/jersey-common-2.29.jar;lib/jersey-container-servlet-2.29.jar;lib/jersey-container-servlet-core-2.29.jar;lib/jersey-hk2-2.29.jar;lib/jersey-media-jaxb-2.29.jar;lib/jersey-server-2.29.jar;lib/jetty-http-9.4.17.v20190418.jar;lib/jetty-io-9.4.17.v20190418.jar;lib/jetty-security-9.4.17.v20190418.jar;lib/jetty-server-9.4.17.v20190418.jar;lib/jetty-servlet-9.4.17.v20190418.jar;lib/jetty-util-9.4.17.v20190418.jar;lib/jetty-webapp-9.4.17.v20190418.jar;lib/jetty-xml-9.4.17.v20190418.jar;lib/jna-5.4.0.jar;lib/jPowerShell-3.0.jar;lib/jProcesses-1.6.5.jar;lib/lucene-analyzers-common-8.2.0.jar;lib/lucene-codecs-8.2.0.jar;lib/lucene-core-8.2.0.jar;lib/lucene-queryparser-8.2.0.jar;lib/neo4j-4.0.0.jar;lib/neo4j-ast-4.0-4.0.0.jar;lib/neo4j-batch-insert-4.0.0.j
Launcher Type: generic

[Global flags]
     bool AlwaysPreTouch                           = true                                      {product} {command line}
     intx CICompilerCount                          = 3                                         {product} {ergonomic}
     uint ConcGCThreads                            = 1                                         {product} {ergonomic}
     bool DisableExplicitGC                        = true                                      {product} {command line}
     uint G1ConcRefinementThreads                  = 4                                         {product} {ergonomic}
   size_t G1HeapRegionSize                         = 1048576                                   {product} {ergonomic}
    uintx GCDrainStackTargetSize                   = 64                                        {product} {ergonomic}
   size_t InitialHeapSize                          = 134217728                                 {product} {ergonomic}
   size_t MarkStackSize                            = 4194304                                   {product} {ergonomic}
   size_t MaxHeapSize                              = 2124414976                                {product} {ergonomic}
   size_t MaxNewSize                               = 1274019840                                {product} {ergonomic}
   size_t MinHeapDeltaBytes                        = 1048576                                   {product} {ergonomic}
    uintx NonNMethodCodeHeapSize                   = 5830092                                {pd product} {ergonomic}
    uintx NonProfiledCodeHeapSize                  = 122914074                              {pd product} {ergonomic}
     bool OmitStackTraceInFastThrow                = false                                     {product} {command line}
    uintx ProfiledCodeHeapSize                     = 122914074                              {pd product} {ergonomic}
    uintx ReservedCodeCacheSize                    = 251658240                              {pd product} {ergonomic}
     bool SegmentedCodeCache                       = true                                      {product} {ergonomic}
     bool TrustFinalNonStaticFields                = true                                 {experimental} {command line}
     bool UnlockExperimentalVMOptions              = true                                 {experimental} {command line}
     bool UseCompressedClassPointers               = true                                 {lp64_product} {ergonomic}
     bool UseCompressedOops                        = true                                 {lp64_product} {ergonomic}
     bool UseFastUnorderedTimeStamps               = true                                 {experimental} {ergonomic}
     bool UseG1GC                                  = true                                      {product} {command line}
     bool UseLargePagesIndividualAllocation        = false                                  {pd product} {ergonomic}

Logging:
Log output configuration:
 #0: stdout all=warning uptime,level,tags
 #1: stderr all=off uptime,level,tags

Environment Variables:
PATH=C:\Program Files\Java\jdk-11\bin;C:\Program Files\Java\jdk-11\bin;C:\WINDOWS\system32;C:\WINDOWS;C:\WINDOWS\System32\Wbem;C:\WINDOWS\System32\WindowsPowerShell\v1.0\;C:\Program Files (x86)\NVIDIA Corporation\PhysX\Common;C:\Program Files (x86)\Microsoft SQL Server\100\Tools\Binn\;C:\Program Files\Microsoft SQL Server\100\Tools\Binn\;C:\Program Files\Microsoft SQL Server\100\DTS\Binn\;C:\WINDOWS\system32;C:\WINDOWS;C:\WINDOWS\System32\Wbem;C:\WINDOWS\System32\WindowsPowerShell\v1.0\;C:\WINDOWS\System32\OpenSSH\;C:\Program Files\NVIDIA Corporation\NVIDIA NvDLISR;C:\Program Files\PuTTY\;C:\Program Files\nodejs\;C:\Program Files (x86)\Common Files\Acronis\VirtualFile\;C:\Program Files (x86)\Common Files\Acronis\VirtualFile64\;C:\Program Files (x86)\Common Files\Acronis\SnapAPI\;C:\Program Files\Crucial\Crucial Storage Executive;D:\instalacija\Git\cmd;C:\WINDOWS\system32\config\systemprofile\AppData\Local\Microsoft\WindowsApps
USERNAME=JELENA-PC$
OS=Windows_NT
PROCESSOR_IDENTIFIER=Intel64 Family 6 Model 78 Stepping 3, GenuineIntel



---------------  S Y S T E M  ---------------

OS: Windows 10 , 64 bit Build 18362 (10.0.18362.900)

CPU:total 4 (initial active 4) (2 cores per cpu, 2 threads per core) family 6 model 78 stepping 3, cmov, cx8, fxsr, mmx, sse, sse2, sse3, ssse3, sse4.1, sse4.2, popcnt, avx, avx2, aes, clmul, erms, rtm, 3dnowpref, lzcnt, ht, tsc, tscinvbit, bmi1, bmi2, adx, fma

Memory: 4k page, system-wide physical 8098M (5950M free)
TotalPageFile size 11426M (AvailPageFile size 8940M)
current process WorkingSet (physical memory assigned to process): 333M, peak: 377M
current process commit charge ("private bytes"): 446M, peak: 463M

vm_info: Java HotSpot(TM) 64-Bit Server VM (11+28) for windows-amd64 JRE (11+28), built on Aug 23 2018 03:03:59 by "mach5one" with MS VC++ 15.5 (VS2017)

END.
