#
# A fatal error has been detected by the Java Runtime Environment:
#
#  EXCEPTION_ACCESS_VIOLATION (0xc0000005) at pc=0x00007ffed5c35e98, pid=4496, tid=4856
#
# JRE version: Java(TM) SE Runtime Environment (11.0+28) (build 11+28)
# Java VM: Java HotSpot(TM) 64-Bit Server VM (11+28, mixed mode, tiered, compressed oops, g1 gc, windows-amd64)
# Problematic frame:
# V  [jvm.dll+0x2e5e98]
#
# No core dump will be written. Minidumps are not enabled by default on client versions of Windows
#
# If you would like to submit a bug report, please visit:
#   http://bugreport.java.com/bugreport/crash.jsp
#

---------------  S U M M A R Y ------------

Command Line: -XX:+UnlockExperimentalVMOptions -XX:-OmitStackTraceInFastThrow -XX:+TrustFinalNonStaticFields -Dio.netty.tryReflectionSetAccessible=true -Dfile.encoding=UTF-8 -XX:+AlwaysPreTouch -Djdk.tls.ephemeralDHKeySize=2048 -Djdk.nio.maxCachedBufferSize=262144 -XX:+DisableExplicitGC -XX:+UseG1GC -Djdk.tls.rejectClientInitiatedRenegotiation=true exit abort 

Host: Intel(R) Core(TM) i3-6100U CPU @ 2.30GHz, 4 cores, 7G,  Windows 10 , 64 bit Build 18362 (10.0.18362.778)
Time: Thu Jun 11 01:52:13 2020 Central Europe Daylight Time elapsed time: 2387655 seconds (27d 15h 14m 15s)

---------------  T H R E A D  ---------------

Current thread (0x0000000002674000):  GCTaskThread "GC Thread#0" [stack: 0x0000000001ff0000,0x00000000020f0000] [id=4856]

Stack: [0x0000000001ff0000,0x00000000020f0000],  sp=0x00000000020ee0e0,  free space=1016k
Native frames: (J=compiled Java code, j=interpreted, Vv=VM code, C=native code)
V  [jvm.dll+0x2e5e98]
V  [jvm.dll+0x73ca98]
V  [jvm.dll+0x6a267d]
V  [jvm.dll+0x73d37c]
V  [jvm.dll+0x6a36f4]
V  [jvm.dll+0x7ab4f0]
V  [jvm.dll+0x63b2c2]
C  [ucrtbase.dll+0x20e82]
C  [KERNEL32.DLL+0x17bd4]
C  [ntdll.dll+0x6ce51]


siginfo: EXCEPTION_ACCESS_VIOLATION (0xc0000005), reading address 0x0000000000000000


Register to memory mapping:

RIP=0x00007ffed5c35e98 jvm.dll
RAX=0x0 is NULL
RBX=0x00000000020ee140 points into unknown readable memory
RCX=0x0 is NULL
RDX=0x0000000000000003 is an unknown value
RSP=0x00000000020ee0e0 points into unknown readable memory
RBP=0x0000000001e0e770 is pointing into the stack for thread: 0x000000000265f800
RSI=0x00000000020ee1a0 points into unknown readable memory
RDI=0x00000000020ee170 points into unknown readable memory
R8 =0x0 is NULL
R9 =0x0000000000000003 is an unknown value
R10=0x0000000000f62560 points into unknown readable memory
R11=0x00000000020ee090 points into unknown readable memory
R12=0x000000000000001d is an unknown value
R13=0x0000000000000001 is an unknown value
R14=0x000000000265f800 is a thread
R15=0x00000000217ff4a8 points into unknown readable memory


Registers:
RAX=0x0000000000000000, RBX=0x00000000020ee140, RCX=0x0000000000000000, RDX=0x0000000000000003
RSP=0x00000000020ee0e0, RBP=0x0000000001e0e770, RSI=0x00000000020ee1a0, RDI=0x00000000020ee170
R8 =0x0000000000000000, R9 =0x0000000000000003, R10=0x0000000000f62560, R11=0x00000000020ee090
R12=0x000000000000001d, R13=0x0000000000000001, R14=0x000000000265f800, R15=0x00000000217ff4a8
RIP=0x00007ffed5c35e98, EFLAGS=0x0000000000010246

Top of Stack: (sp=0x00000000020ee0e0)
0x00000000020ee0e0:   00000000020ee140 0000000001e0e770
0x00000000020ee0f0:   00000000020ee1a0 0000000000000000
0x00000000020ee100:   00000000217ff4a8 0000000000000000
0x00000000020ee110:   00007ffed6373fe8 00007ffed608ca98
0x00000000020ee120:   0000000000000001 000000000265f800
0x00000000020ee130:   00000000217ff4a8 0000000000000000
0x00000000020ee140:   0000000001e0e770 0000000000000000
0x00000000020ee150:   0000000000000000 0000000000000000
0x00000000020ee160:   0000000000000000 0000000001e0e770
0x00000000020ee170:   0000000001e0e700 000000001245b07b
0x00000000020ee180:   000000001245ae90 0000000000000000
0x00000000020ee190:   0000000000000000 0000000001e0e700
0x00000000020ee1a0:   0000000000000000 0000000000000000
0x00000000020ee1b0:   0000000000000000 0000000000000000
0x00000000020ee1c0:   0000000000000000 0000000000000000
0x00000000020ee1d0:   0000000000000000 0000000000000000 

Instructions: (pc=0x00007ffed5c35e98)
0x00007ffed5c35e78:   4b 08 e8 11 49 f1 ff 48 8b cb 48 89 43 10 e8 25
0x00007ffed5c35e88:   f5 ff ff 48 85 c0 0f 85 e3 00 00 00 48 8b 4b 10
0x00007ffed5c35e98:   48 8b 01 ff 50 20 33 c9 84 c0 0f 95 c1 e9 da 00
0x00007ffed5c35ea8:   00 00 48 8b 57 10 48 85 d2 0f 84 8c 00 00 00 41 



---------------  P R O C E S S  ---------------

Threads class SMR info:
_java_thread_list=0x000000002c98f2e0, length=29, elements={
0x000000000265f800, 0x0000000020ce5800, 0x0000000020ce6000, 0x0000000020cf4000,
0x0000000020cf6000, 0x0000000021b4b800, 0x0000000021b69800, 0x0000000021bae800,
0x0000000021e96800, 0x0000000021e9d800, 0x0000000021c09000, 0x00000000235f1000,
0x00000000239bd800, 0x0000000023529000, 0x000000002339b800, 0x0000000025342000,
0x000000002533f800, 0x0000000025335000, 0x0000000025334000, 0x0000000025336800,
0x0000000025336000, 0x0000000025337800, 0x0000000025338000, 0x0000000025339000,
0x0000000025333800, 0x000000002533d000, 0x000000002533a800, 0x000000002533a000,
0x000000002533e000
}

Java Threads: ( => current thread )
  0x000000000265f800 JavaThread "main" [_thread_blocked, id=6136, stack(0x0000000001d10000,0x0000000001e10000)]
  0x0000000020ce5800 JavaThread "Reference Handler" daemon [_thread_blocked, id=6240, stack(0x0000000021800000,0x0000000021900000)]
  0x0000000020ce6000 JavaThread "Finalizer" daemon [_thread_blocked, id=6244, stack(0x0000000021900000,0x0000000021a00000)]
  0x0000000020cf4000 JavaThread "Signal Dispatcher" daemon [_thread_blocked, id=6288, stack(0x0000000021f00000,0x0000000022000000)]
  0x0000000020cf6000 JavaThread "Attach Listener" daemon [_thread_blocked, id=6292, stack(0x0000000022000000,0x0000000022100000)]
  0x0000000021b4b800 JavaThread "C2 CompilerThread0" daemon [_thread_blocked, id=6296, stack(0x0000000022100000,0x0000000022200000)]
  0x0000000021b69800 JavaThread "C1 CompilerThread0" daemon [_thread_blocked, id=6344, stack(0x0000000022200000,0x0000000022300000)]
  0x0000000021bae800 JavaThread "Sweeper thread" daemon [_thread_blocked, id=6360, stack(0x0000000022300000,0x0000000022400000)]
  0x0000000021e96800 JavaThread "Service Thread" daemon [_thread_blocked, id=6416, stack(0x0000000022400000,0x0000000022500000)]
  0x0000000021e9d800 JavaThread "Common-Cleaner" daemon [_thread_blocked, id=6456, stack(0x0000000022600000,0x0000000022700000)]
  0x0000000021c09000 JavaThread "neo4j.Scheduler-1" daemon [_thread_blocked, id=7840, stack(0x00000000247d0000,0x00000000248d0000)]
  0x00000000235f1000 JavaThread "Cleaner-0" daemon [_thread_blocked, id=7948, stack(0x0000000025d10000,0x0000000025e10000)]
  0x00000000239bd800 JavaThread "FileSystemWatchService" daemon [_thread_in_native, id=8152, stack(0x0000000026bf0000,0x0000000026cf0000)]
  0x0000000023529000 JavaThread "MuninnPageCache[1]-EvictionTask" daemon [_thread_blocked, id=8180, stack(0x0000000026cf0000,0x0000000026df0000)]
  0x000000002339b800 JavaThread "neo4j.VmPauseMonitor-1" daemon [_thread_blocked, id=9196, stack(0x0000000029140000,0x0000000029240000)]
  0x0000000025342000 JavaThread "neo4j.IndexSampling-110" daemon [_thread_blocked, id=7116, stack(0x000000002f3d0000,0x000000002f4d0000)]
  0x000000002533f800 JavaThread "neo4j.ServerTransactionTimeout-40" daemon [_thread_blocked, id=1628, stack(0x000000002f5d0000,0x000000002f6d0000)]
  0x0000000025335000 JavaThread "neo4j.TransactionTimeoutMonitor-120" daemon [_thread_blocked, id=2032, stack(0x0000000029f50000,0x000000002a050000)]
  0x0000000025334000 JavaThread "neo4j.StorageMaintenance-136" daemon [_thread_blocked, id=16256, stack(0x000000002a050000,0x000000002a150000)]
  0x0000000025336800 JavaThread "neo4j.CheckPoint-347" daemon [_thread_blocked, id=116, stack(0x0000000001030000,0x0000000001130000)]
  0x0000000025336000 JavaThread "neo4j.CheckPoint-348" daemon [_thread_blocked, id=13924, stack(0x0000000001650000,0x0000000001750000)]
  0x0000000025337800 JavaThread "neo4j.BoltNetworkIO-2" [_thread_blocked, id=10132, stack(0x0000000001c10000,0x0000000001d10000)]
  0x0000000025338000 JavaThread "neo4j.BoltNetworkIO-3" [_thread_blocked, id=20604, stack(0x00000000277f0000,0x00000000278f0000)]
  0x0000000025339000 JavaThread "neo4j.BoltNetworkIO-4" [_thread_blocked, id=13352, stack(0x0000000028ac0000,0x0000000028bc0000)]
  0x0000000025333800 JavaThread "neo4j.BoltNetworkIO-5" [_thread_blocked, id=4416, stack(0x0000000028bc0000,0x0000000028cc0000)]
  0x000000002533d000 JavaThread "neo4j.BoltNetworkIO-6" [_thread_blocked, id=12524, stack(0x0000000028cc0000,0x0000000028dc0000)]
  0x000000002533a800 JavaThread "neo4j.BoltNetworkIO-7" [_thread_blocked, id=19848, stack(0x0000000029040000,0x0000000029140000)]
  0x000000002533a000 JavaThread "neo4j.BoltNetworkIO-8" [_thread_blocked, id=10492, stack(0x0000000029240000,0x0000000029340000)]
  0x000000002533e000 JavaThread "DestroyJavaVM" [_thread_blocked, id=8392, stack(0x0000000001d10000,0x0000000001e10000)]

Other Threads:
  0x0000000020cc0800 VMThread "VM Thread" [stack: 0x0000000021700000,0x0000000021800000] [id=6188]
  0x0000000021ea1000 WatcherThread [stack: 0x0000000022500000,0x0000000022600000] [id=6452]
=>0x0000000002674000 GCTaskThread "GC Thread#0" [stack: 0x0000000001ff0000,0x00000000020f0000] [id=4856]
  0x0000000022d3e800 GCTaskThread "GC Thread#1" [stack: 0x0000000023000000,0x0000000023100000] [id=7224]
  0x0000000022d51800 GCTaskThread "GC Thread#2" [stack: 0x0000000023100000,0x0000000023200000] [id=7228]
  0x0000000025830000 GCTaskThread "GC Thread#3" [stack: 0x0000000029840000,0x0000000029940000] [id=8920]
  0x00000000026a7000 ConcurrentGCThread "G1 Main Marker" [stack: 0x000000001e4c0000,0x000000001e5c0000] [id=5724]
  0x00000000026a8000 ConcurrentGCThread "G1 Conc#0" [stack: 0x000000001e5c0000,0x000000001e6c0000] [id=5704]
  0x0000000020b2a800 ConcurrentGCThread "G1 Refine#0" [stack: 0x0000000020d00000,0x0000000020e00000] [id=5688]
  0x000000002534a800 ConcurrentGCThread "G1 Refine#1" [stack: 0x0000000022f00000,0x0000000023000000] [id=8904]
  0x0000000028114800 ConcurrentGCThread "G1 Refine#2" [stack: 0x000000002f7d0000,0x000000002f8d0000] [id=15224]
  0x0000000020b2b800 ConcurrentGCThread "G1 Young RemSet Sampling" [stack: 0x0000000020e00000,0x0000000020f00000] [id=5680]

Threads with active compile tasks:

VM state:at safepoint (normal execution)

VM Mutex/Monitor currently owned by a thread:  ([mutex/lock_event])
[0x000000000265b500] Safepoint_lock - owner thread: 0x0000000020cc0800
[0x000000000265a930] Threads_lock - owner thread: 0x0000000020cc0800

Heap address: 0x0000000081600000, size: 2026 MB, Compressed Oops mode: 32-bit
Narrow klass base: 0x0000000000000000, Narrow klass shift: 3
Compressed class space size: 1073741824 Address: 0x0000000100000000

Heap:
 garbage-first heap   total 394240K, used 319644K [0x0000000081600000, 0x0000000100000000)
  region size 1024K, 40 young (40960K), 1 survivors (1024K)
 Metaspace       used 63371K, capacity 65255K, committed 66124K, reserved 1105920K
  class space    used 8092K, capacity 8940K, committed 9292K, reserved 1048576K
Heap Regions: E=young(eden), S=young(survivor), O=old, HS=humongous(starts), HC=humongous(continues), CS=collection set, F=free, A=archive, TAMS=top-at-mark-start (previous, next)
|   0|0x0000000081600000, 0x0000000081700000, 0x0000000081700000|100%| O|  |TAMS 0x0000000081700000, 0x0000000081600000| Untracked 
|   1|0x0000000081700000, 0x0000000081800000, 0x0000000081800000|100%| O|  |TAMS 0x0000000081800000, 0x0000000081700000| Untracked 
|   2|0x0000000081800000, 0x0000000081900000, 0x0000000081900000|100%| O|  |TAMS 0x0000000081900000, 0x0000000081800000| Untracked 
|   3|0x0000000081900000, 0x0000000081a00000, 0x0000000081a00000|100%| O|  |TAMS 0x0000000081a00000, 0x0000000081900000| Untracked 
|   4|0x0000000081a00000, 0x0000000081b00000, 0x0000000081b00000|100%| O|  |TAMS 0x0000000081b00000, 0x0000000081a00000| Untracked 
|   5|0x0000000081b00000, 0x0000000081c00000, 0x0000000081c00000|100%| O|  |TAMS 0x0000000081c00000, 0x0000000081b00000| Untracked 
|   6|0x0000000081c00000, 0x0000000081d00000, 0x0000000081d00000|100%| O|  |TAMS 0x0000000081d00000, 0x0000000081c00000| Untracked 
|   7|0x0000000081d00000, 0x0000000081e00000, 0x0000000081e00000|100%| O|  |TAMS 0x0000000081e00000, 0x0000000081d00000| Untracked 
|   8|0x0000000081e00000, 0x0000000081f00000, 0x0000000081f00000|100%| O|  |TAMS 0x0000000081f00000, 0x0000000081e00000| Untracked 
|   9|0x0000000081f00000, 0x0000000082000000, 0x0000000082000000|100%| O|  |TAMS 0x0000000082000000, 0x0000000081f00000| Untracked 
|  10|0x0000000082000000, 0x0000000082100000, 0x0000000082100000|100%| O|  |TAMS 0x0000000082100000, 0x0000000082000000| Untracked 
|  11|0x0000000082100000, 0x0000000082200000, 0x0000000082200000|100%| O|  |TAMS 0x0000000082200000, 0x0000000082100000| Untracked 
|  12|0x0000000082200000, 0x0000000082300000, 0x0000000082300000|100%| O|  |TAMS 0x0000000082300000, 0x0000000082200000| Untracked 
|  13|0x0000000082300000, 0x0000000082400000, 0x0000000082400000|100%| O|  |TAMS 0x0000000082400000, 0x0000000082300000| Untracked 
|  14|0x0000000082400000, 0x0000000082500000, 0x0000000082500000|100%| O|  |TAMS 0x0000000082500000, 0x0000000082400000| Untracked 
|  15|0x0000000082500000, 0x0000000082600000, 0x0000000082600000|100%| O|  |TAMS 0x0000000082600000, 0x0000000082500000| Untracked 
|  16|0x0000000082600000, 0x0000000082700000, 0x0000000082700000|100%| O|  |TAMS 0x0000000082700000, 0x0000000082600000| Untracked 
|  17|0x0000000082700000, 0x0000000082800000, 0x0000000082800000|100%| O|  |TAMS 0x0000000082800000, 0x0000000082700000| Untracked 
|  18|0x0000000082800000, 0x0000000082900000, 0x0000000082900000|100%| O|  |TAMS 0x0000000082900000, 0x0000000082800000| Untracked 
|  19|0x0000000082900000, 0x0000000082a00000, 0x0000000082a00000|100%| O|  |TAMS 0x0000000082a00000, 0x0000000082900000| Untracked 
|  20|0x0000000082a00000, 0x0000000082b00000, 0x0000000082b00000|100%| O|  |TAMS 0x0000000082b00000, 0x0000000082a00000| Untracked 
|  21|0x0000000082b00000, 0x0000000082c00000, 0x0000000082c00000|100%| O|  |TAMS 0x0000000082c00000, 0x0000000082b00000| Untracked 
|  22|0x0000000082c00000, 0x0000000082d00000, 0x0000000082d00000|100%| O|  |TAMS 0x0000000082d00000, 0x0000000082c00000| Untracked 
|  23|0x0000000082d00000, 0x0000000082e00000, 0x0000000082e00000|100%| O|  |TAMS 0x0000000082e00000, 0x0000000082d00000| Untracked 
|  24|0x0000000082e00000, 0x0000000082f00000, 0x0000000082f00000|100%| O|  |TAMS 0x0000000082f00000, 0x0000000082e00000| Untracked 
|  25|0x0000000082f00000, 0x0000000083000000, 0x0000000083000000|100%| O|  |TAMS 0x0000000083000000, 0x0000000082f00000| Untracked 
|  26|0x0000000083000000, 0x0000000083100000, 0x0000000083100000|100%| O|  |TAMS 0x0000000083100000, 0x0000000083000000| Untracked 
|  27|0x0000000083100000, 0x0000000083200000, 0x0000000083200000|100%| O|  |TAMS 0x0000000083200000, 0x0000000083100000| Untracked 
|  28|0x0000000083200000, 0x0000000083300000, 0x0000000083300000|100%| O|  |TAMS 0x0000000083300000, 0x0000000083200000| Untracked 
|  29|0x0000000083300000, 0x0000000083400000, 0x0000000083400000|100%| O|  |TAMS 0x0000000083400000, 0x0000000083300000| Untracked 
|  30|0x0000000083400000, 0x0000000083500000, 0x0000000083500000|100%| O|  |TAMS 0x0000000083500000, 0x0000000083400000| Untracked 
|  31|0x0000000083500000, 0x0000000083600000, 0x0000000083600000|100%| O|  |TAMS 0x0000000083600000, 0x0000000083500000| Untracked 
|  32|0x0000000083600000, 0x0000000083700000, 0x0000000083700000|100%| O|  |TAMS 0x0000000083700000, 0x0000000083600000| Untracked 
|  33|0x0000000083700000, 0x0000000083800000, 0x0000000083800000|100%| O|  |TAMS 0x0000000083800000, 0x0000000083700000| Untracked 
|  34|0x0000000083800000, 0x0000000083900000, 0x0000000083900000|100%| O|  |TAMS 0x0000000083900000, 0x0000000083800000| Untracked 
|  35|0x0000000083900000, 0x0000000083a00000, 0x0000000083a00000|100%| O|  |TAMS 0x0000000083a00000, 0x0000000083900000| Untracked 
|  36|0x0000000083a00000, 0x0000000083b00000, 0x0000000083b00000|100%| O|  |TAMS 0x0000000083b00000, 0x0000000083a00000| Untracked 
|  37|0x0000000083b00000, 0x0000000083c00000, 0x0000000083c00000|100%| O|  |TAMS 0x0000000083c00000, 0x0000000083b00000| Untracked 
|  38|0x0000000083c00000, 0x0000000083d00000, 0x0000000083d00000|100%| O|  |TAMS 0x0000000083d00000, 0x0000000083c00000| Untracked 
|  39|0x0000000083d00000, 0x0000000083e00000, 0x0000000083e00000|100%| O|  |TAMS 0x0000000083e00000, 0x0000000083d00000| Untracked 
|  40|0x0000000083e00000, 0x0000000083f00000, 0x0000000083f00000|100%| O|  |TAMS 0x0000000083f00000, 0x0000000083e00000| Untracked 
|  41|0x0000000083f00000, 0x0000000084000000, 0x0000000084000000|100%| O|  |TAMS 0x0000000084000000, 0x0000000083f00000| Untracked 
|  42|0x0000000084000000, 0x0000000084100000, 0x0000000084100000|100%| O|  |TAMS 0x0000000084100000, 0x0000000084000000| Untracked 
|  43|0x0000000084100000, 0x0000000084200000, 0x0000000084200000|100%| O|  |TAMS 0x0000000084200000, 0x0000000084100000| Untracked 
|  44|0x0000000084200000, 0x0000000084300000, 0x0000000084300000|100%| O|  |TAMS 0x0000000084300000, 0x0000000084200000| Untracked 
|  45|0x0000000084300000, 0x0000000084400000, 0x0000000084400000|100%| O|  |TAMS 0x0000000084400000, 0x0000000084300000| Untracked 
|  46|0x0000000084400000, 0x0000000084500000, 0x0000000084500000|100%| O|  |TAMS 0x0000000084500000, 0x0000000084400000| Untracked 
|  47|0x0000000084500000, 0x0000000084600000, 0x0000000084600000|100%| O|  |TAMS 0x0000000084600000, 0x0000000084500000| Untracked 
|  48|0x0000000084600000, 0x0000000084700000, 0x0000000084700000|100%| O|  |TAMS 0x0000000084700000, 0x0000000084600000| Untracked 
|  49|0x0000000084700000, 0x0000000084800000, 0x0000000084800000|100%| O|  |TAMS 0x0000000084800000, 0x0000000084700000| Untracked 
|  50|0x0000000084800000, 0x0000000084900000, 0x0000000084900000|100%| O|  |TAMS 0x0000000084900000, 0x0000000084800000| Untracked 
|  51|0x0000000084900000, 0x0000000084a00000, 0x0000000084a00000|100%| O|  |TAMS 0x0000000084a00000, 0x0000000084900000| Untracked 
|  52|0x0000000084a00000, 0x0000000084b00000, 0x0000000084b00000|100%| O|  |TAMS 0x0000000084b00000, 0x0000000084a00000| Untracked 
|  53|0x0000000084b00000, 0x0000000084c00000, 0x0000000084c00000|100%| O|  |TAMS 0x0000000084c00000, 0x0000000084b00000| Untracked 
|  54|0x0000000084c00000, 0x0000000084d00000, 0x0000000084d00000|100%| O|  |TAMS 0x0000000084d00000, 0x0000000084c00000| Untracked 
|  55|0x0000000084d00000, 0x0000000084e00000, 0x0000000084e00000|100%| O|  |TAMS 0x0000000084e00000, 0x0000000084d00000| Untracked 
|  56|0x0000000084e00000, 0x0000000084f00000, 0x0000000084f00000|100%| O|  |TAMS 0x0000000084f00000, 0x0000000084e00000| Untracked 
|  57|0x0000000084f00000, 0x0000000085000000, 0x0000000085000000|100%| O|  |TAMS 0x0000000085000000, 0x0000000084f00000| Untracked 
|  58|0x0000000085000000, 0x0000000085100000, 0x0000000085100000|100%| O|  |TAMS 0x0000000085100000, 0x0000000085000000| Untracked 
|  59|0x0000000085100000, 0x0000000085200000, 0x0000000085200000|100%| O|  |TAMS 0x0000000085200000, 0x0000000085100000| Untracked 
|  60|0x0000000085200000, 0x0000000085300000, 0x0000000085300000|100%| O|  |TAMS 0x0000000085300000, 0x0000000085200000| Untracked 
|  61|0x0000000085300000, 0x0000000085400000, 0x0000000085400000|100%| O|  |TAMS 0x0000000085400000, 0x0000000085300000| Untracked 
|  62|0x0000000085400000, 0x0000000085500000, 0x0000000085500000|100%| O|  |TAMS 0x0000000085500000, 0x0000000085400000| Untracked 
|  63|0x0000000085500000, 0x0000000085600000, 0x0000000085600000|100%| O|  |TAMS 0x0000000085600000, 0x0000000085500000| Untracked 
|  64|0x0000000085600000, 0x0000000085700000, 0x0000000085700000|100%| O|  |TAMS 0x0000000085700000, 0x0000000085600000| Untracked 
|  65|0x0000000085700000, 0x0000000085800000, 0x0000000085800000|100%| O|  |TAMS 0x0000000085800000, 0x0000000085700000| Untracked 
|  66|0x0000000085800000, 0x0000000085900000, 0x0000000085900000|100%| O|  |TAMS 0x0000000085900000, 0x0000000085800000| Untracked 
|  67|0x0000000085900000, 0x0000000085a00000, 0x0000000085a00000|100%| O|  |TAMS 0x0000000085a00000, 0x0000000085900000| Untracked 
|  68|0x0000000085a00000, 0x0000000085b00000, 0x0000000085b00000|100%| O|  |TAMS 0x0000000085b00000, 0x0000000085a00000| Untracked 
|  69|0x0000000085b00000, 0x0000000085c00000, 0x0000000085c00000|100%| O|  |TAMS 0x0000000085c00000, 0x0000000085b00000| Untracked 
|  70|0x0000000085c00000, 0x0000000085d00000, 0x0000000085d00000|100%| O|  |TAMS 0x0000000085d00000, 0x0000000085c00000| Untracked 
|  71|0x0000000085d00000, 0x0000000085e00000, 0x0000000085e00000|100%| O|  |TAMS 0x0000000085e00000, 0x0000000085d00000| Untracked 
|  72|0x0000000085e00000, 0x0000000085f00000, 0x0000000085f00000|100%| O|  |TAMS 0x0000000085f00000, 0x0000000085e00000| Untracked 
|  73|0x0000000085f00000, 0x0000000086000000, 0x0000000086000000|100%| O|  |TAMS 0x0000000086000000, 0x0000000085f00000| Untracked 
|  74|0x0000000086000000, 0x0000000086100000, 0x0000000086100000|100%| O|  |TAMS 0x0000000086100000, 0x0000000086000000| Untracked 
|  75|0x0000000086100000, 0x0000000086200000, 0x0000000086200000|100%| O|  |TAMS 0x0000000086200000, 0x0000000086100000| Untracked 
|  76|0x0000000086200000, 0x0000000086300000, 0x0000000086300000|100%| O|  |TAMS 0x0000000086300000, 0x0000000086200000| Untracked 
|  77|0x0000000086300000, 0x0000000086400000, 0x0000000086400000|100%| O|  |TAMS 0x0000000086400000, 0x0000000086300000| Untracked 
|  78|0x0000000086400000, 0x0000000086500000, 0x0000000086500000|100%| O|  |TAMS 0x0000000086500000, 0x0000000086400000| Untracked 
|  79|0x0000000086500000, 0x0000000086600000, 0x0000000086600000|100%| O|  |TAMS 0x0000000086600000, 0x0000000086500000| Untracked 
|  80|0x0000000086600000, 0x0000000086700000, 0x0000000086700000|100%| O|  |TAMS 0x0000000086700000, 0x0000000086600000| Untracked 
|  81|0x0000000086700000, 0x0000000086800000, 0x0000000086800000|100%| O|  |TAMS 0x0000000086800000, 0x0000000086700000| Untracked 
|  82|0x0000000086800000, 0x0000000086900000, 0x0000000086900000|100%| O|  |TAMS 0x0000000086900000, 0x0000000086800000| Untracked 
|  83|0x0000000086900000, 0x0000000086a00000, 0x0000000086a00000|100%| O|  |TAMS 0x0000000086a00000, 0x0000000086900000| Untracked 
|  84|0x0000000086a00000, 0x0000000086b00000, 0x0000000086b00000|100%| O|  |TAMS 0x0000000086b00000, 0x0000000086a00000| Untracked 
|  85|0x0000000086b00000, 0x0000000086c00000, 0x0000000086c00000|100%| O|  |TAMS 0x0000000086c00000, 0x0000000086b00000| Untracked 
|  86|0x0000000086c00000, 0x0000000086d00000, 0x0000000086d00000|100%| O|  |TAMS 0x0000000086d00000, 0x0000000086c00000| Untracked 
|  87|0x0000000086d00000, 0x0000000086e00000, 0x0000000086e00000|100%| O|  |TAMS 0x0000000086e00000, 0x0000000086d00000| Untracked 
|  88|0x0000000086e00000, 0x0000000086f00000, 0x0000000086f00000|100%| O|  |TAMS 0x0000000086f00000, 0x0000000086e00000| Untracked 
|  89|0x0000000086f00000, 0x0000000087000000, 0x0000000087000000|100%| O|  |TAMS 0x0000000087000000, 0x0000000086f00000| Untracked 
|  90|0x0000000087000000, 0x0000000087100000, 0x0000000087100000|100%| O|  |TAMS 0x0000000087100000, 0x0000000087000000| Untracked 
|  91|0x0000000087100000, 0x0000000087200000, 0x0000000087200000|100%| O|  |TAMS 0x0000000087200000, 0x0000000087100000| Untracked 
|  92|0x0000000087200000, 0x0000000087300000, 0x0000000087300000|100%| O|  |TAMS 0x0000000087300000, 0x0000000087200000| Untracked 
|  93|0x0000000087300000, 0x0000000087400000, 0x0000000087400000|100%| O|  |TAMS 0x0000000087400000, 0x0000000087300000| Untracked 
|  94|0x0000000087400000, 0x0000000087500000, 0x0000000087500000|100%| O|  |TAMS 0x0000000087500000, 0x0000000087400000| Untracked 
|  95|0x0000000087500000, 0x0000000087600000, 0x0000000087600000|100%| O|  |TAMS 0x0000000087600000, 0x0000000087500000| Untracked 
|  96|0x0000000087600000, 0x0000000087700000, 0x0000000087700000|100%| O|  |TAMS 0x0000000087700000, 0x0000000087600000| Untracked 
|  97|0x0000000087700000, 0x0000000087800000, 0x0000000087800000|100%| O|  |TAMS 0x0000000087800000, 0x0000000087700000| Untracked 
|  98|0x0000000087800000, 0x0000000087900000, 0x0000000087900000|100%| O|  |TAMS 0x0000000087900000, 0x0000000087800000| Untracked 
|  99|0x0000000087900000, 0x0000000087a00000, 0x0000000087a00000|100%| O|  |TAMS 0x0000000087a00000, 0x0000000087900000| Untracked 
| 100|0x0000000087a00000, 0x0000000087b00000, 0x0000000087b00000|100%| O|  |TAMS 0x0000000087b00000, 0x0000000087a00000| Untracked 
| 101|0x0000000087b00000, 0x0000000087c00000, 0x0000000087c00000|100%| O|  |TAMS 0x0000000087c00000, 0x0000000087b00000| Untracked 
| 102|0x0000000087c00000, 0x0000000087d00000, 0x0000000087d00000|100%| O|  |TAMS 0x0000000087d00000, 0x0000000087c00000| Untracked 
| 103|0x0000000087d00000, 0x0000000087e00000, 0x0000000087e00000|100%| O|  |TAMS 0x0000000087e00000, 0x0000000087d00000| Untracked 
| 104|0x0000000087e00000, 0x0000000087f00000, 0x0000000087f00000|100%| O|  |TAMS 0x0000000087f00000, 0x0000000087e00000| Untracked 
| 105|0x0000000087f00000, 0x0000000088000000, 0x0000000088000000|100%| O|  |TAMS 0x0000000088000000, 0x0000000087f00000| Untracked 
| 106|0x0000000088000000, 0x0000000088100000, 0x0000000088100000|100%| O|  |TAMS 0x0000000088100000, 0x0000000088000000| Untracked 
| 107|0x0000000088100000, 0x0000000088200000, 0x0000000088200000|100%| O|  |TAMS 0x0000000088200000, 0x0000000088100000| Untracked 
| 108|0x0000000088200000, 0x0000000088300000, 0x0000000088300000|100%| O|  |TAMS 0x0000000088300000, 0x0000000088200000| Untracked 
| 109|0x0000000088300000, 0x0000000088400000, 0x0000000088400000|100%| O|  |TAMS 0x0000000088400000, 0x0000000088300000| Untracked 
| 110|0x0000000088400000, 0x0000000088500000, 0x0000000088500000|100%| O|  |TAMS 0x0000000088500000, 0x0000000088400000| Untracked 
| 111|0x0000000088500000, 0x0000000088600000, 0x0000000088600000|100%| O|  |TAMS 0x0000000088600000, 0x0000000088500000| Untracked 
| 112|0x0000000088600000, 0x0000000088700000, 0x0000000088700000|100%| O|  |TAMS 0x0000000088700000, 0x0000000088600000| Untracked 
| 113|0x0000000088700000, 0x0000000088800000, 0x0000000088800000|100%| O|  |TAMS 0x0000000088800000, 0x0000000088700000| Untracked 
| 114|0x0000000088800000, 0x0000000088900000, 0x0000000088900000|100%| O|  |TAMS 0x0000000088900000, 0x0000000088800000| Untracked 
| 115|0x0000000088900000, 0x0000000088a00000, 0x0000000088a00000|100%| O|  |TAMS 0x0000000088a00000, 0x0000000088900000| Untracked 
| 116|0x0000000088a00000, 0x0000000088b00000, 0x0000000088b00000|100%| O|  |TAMS 0x0000000088b00000, 0x0000000088a00000| Untracked 
| 117|0x0000000088b00000, 0x0000000088c00000, 0x0000000088c00000|100%| O|  |TAMS 0x0000000088c00000, 0x0000000088b00000| Untracked 
| 118|0x0000000088c00000, 0x0000000088d00000, 0x0000000088d00000|100%| O|  |TAMS 0x0000000088d00000, 0x0000000088c00000| Untracked 
| 119|0x0000000088d00000, 0x0000000088e00000, 0x0000000088e00000|100%| O|  |TAMS 0x0000000088e00000, 0x0000000088d00000| Untracked 
| 120|0x0000000088e00000, 0x0000000088f00000, 0x0000000088f00000|100%| O|  |TAMS 0x0000000088f00000, 0x0000000088e00000| Untracked 
| 121|0x0000000088f00000, 0x0000000089000000, 0x0000000089000000|100%| O|  |TAMS 0x0000000089000000, 0x0000000088f00000| Untracked 
| 122|0x0000000089000000, 0x0000000089100000, 0x0000000089100000|100%| O|  |TAMS 0x0000000089100000, 0x0000000089000000| Untracked 
| 123|0x0000000089100000, 0x0000000089200000, 0x0000000089200000|100%| O|  |TAMS 0x0000000089200000, 0x0000000089100000| Untracked 
| 124|0x0000000089200000, 0x0000000089300000, 0x0000000089300000|100%| O|  |TAMS 0x0000000089300000, 0x0000000089200000| Untracked 
| 125|0x0000000089300000, 0x0000000089400000, 0x0000000089400000|100%| O|  |TAMS 0x0000000089400000, 0x0000000089300000| Untracked 
| 126|0x0000000089400000, 0x0000000089500000, 0x0000000089500000|100%| O|  |TAMS 0x0000000089500000, 0x0000000089400000| Untracked 
| 127|0x0000000089500000, 0x0000000089600000, 0x0000000089600000|100%| O|  |TAMS 0x0000000089600000, 0x0000000089500000| Untracked 
| 128|0x0000000089600000, 0x0000000089700000, 0x0000000089700000|100%| O|  |TAMS 0x0000000089700000, 0x0000000089600000| Untracked 
| 129|0x0000000089700000, 0x0000000089800000, 0x0000000089800000|100%| O|  |TAMS 0x0000000089800000, 0x0000000089700000| Untracked 
| 130|0x0000000089800000, 0x0000000089900000, 0x0000000089900000|100%| O|  |TAMS 0x0000000089900000, 0x0000000089800000| Untracked 
| 131|0x0000000089900000, 0x0000000089a00000, 0x0000000089a00000|100%| O|  |TAMS 0x0000000089a00000, 0x0000000089900000| Untracked 
| 132|0x0000000089a00000, 0x0000000089b00000, 0x0000000089b00000|100%| O|  |TAMS 0x0000000089b00000, 0x0000000089a00000| Untracked 
| 133|0x0000000089b00000, 0x0000000089c00000, 0x0000000089c00000|100%| O|  |TAMS 0x0000000089c00000, 0x0000000089b00000| Untracked 
| 134|0x0000000089c00000, 0x0000000089d00000, 0x0000000089d00000|100%| O|  |TAMS 0x0000000089d00000, 0x0000000089c00000| Untracked 
| 135|0x0000000089d00000, 0x0000000089e00000, 0x0000000089e00000|100%| O|  |TAMS 0x0000000089e00000, 0x0000000089d00000| Untracked 
| 136|0x0000000089e00000, 0x0000000089f00000, 0x0000000089f00000|100%| O|  |TAMS 0x0000000089f00000, 0x0000000089e00000| Untracked 
| 137|0x0000000089f00000, 0x000000008a000000, 0x000000008a000000|100%| O|  |TAMS 0x000000008a000000, 0x0000000089f00000| Untracked 
| 138|0x000000008a000000, 0x000000008a100000, 0x000000008a100000|100%|HS|  |TAMS 0x000000008a100000, 0x000000008a000000| Complete 
| 139|0x000000008a100000, 0x000000008a200000, 0x000000008a200000|100%| O|  |TAMS 0x000000008a200000, 0x000000008a100000| Untracked 
| 140|0x000000008a200000, 0x000000008a300000, 0x000000008a300000|100%| O|  |TAMS 0x000000008a300000, 0x000000008a200000| Untracked 
| 141|0x000000008a300000, 0x000000008a400000, 0x000000008a400000|100%| O|  |TAMS 0x000000008a400000, 0x000000008a300000| Untracked 
| 142|0x000000008a400000, 0x000000008a500000, 0x000000008a500000|100%| O|  |TAMS 0x000000008a500000, 0x000000008a400000| Untracked 
| 143|0x000000008a500000, 0x000000008a600000, 0x000000008a600000|100%| O|  |TAMS 0x000000008a600000, 0x000000008a500000| Untracked 
| 144|0x000000008a600000, 0x000000008a700000, 0x000000008a700000|100%| O|  |TAMS 0x000000008a700000, 0x000000008a600000| Untracked 
| 145|0x000000008a700000, 0x000000008a800000, 0x000000008a800000|100%| O|  |TAMS 0x000000008a800000, 0x000000008a700000| Untracked 
| 146|0x000000008a800000, 0x000000008a900000, 0x000000008a900000|100%| O|  |TAMS 0x000000008a900000, 0x000000008a800000| Untracked 
| 147|0x000000008a900000, 0x000000008aa00000, 0x000000008aa00000|100%| O|  |TAMS 0x000000008aa00000, 0x000000008a900000| Untracked 
| 148|0x000000008aa00000, 0x000000008ab00000, 0x000000008ab00000|100%| O|  |TAMS 0x000000008ab00000, 0x000000008aa00000| Untracked 
| 149|0x000000008ab00000, 0x000000008ac00000, 0x000000008ac00000|100%| O|  |TAMS 0x000000008ac00000, 0x000000008ab00000| Untracked 
| 150|0x000000008ac00000, 0x000000008ad00000, 0x000000008ad00000|100%| O|  |TAMS 0x000000008ad00000, 0x000000008ac00000| Untracked 
| 151|0x000000008ad00000, 0x000000008ae00000, 0x000000008ae00000|100%| O|  |TAMS 0x000000008ae00000, 0x000000008ad00000| Untracked 
| 152|0x000000008ae00000, 0x000000008af00000, 0x000000008af00000|100%| O|  |TAMS 0x000000008af00000, 0x000000008ae00000| Untracked 
| 153|0x000000008af00000, 0x000000008b000000, 0x000000008b000000|100%| O|  |TAMS 0x000000008b000000, 0x000000008af00000| Untracked 
| 154|0x000000008b000000, 0x000000008b100000, 0x000000008b100000|100%| O|  |TAMS 0x000000008b100000, 0x000000008b000000| Untracked 
| 155|0x000000008b100000, 0x000000008b200000, 0x000000008b200000|100%| O|  |TAMS 0x000000008b200000, 0x000000008b100000| Untracked 
| 156|0x000000008b200000, 0x000000008b300000, 0x000000008b300000|100%| O|  |TAMS 0x000000008b300000, 0x000000008b200000| Untracked 
| 157|0x000000008b300000, 0x000000008b400000, 0x000000008b400000|100%| O|  |TAMS 0x000000008b400000, 0x000000008b300000| Untracked 
| 158|0x000000008b400000, 0x000000008b500000, 0x000000008b500000|100%| O|  |TAMS 0x000000008b500000, 0x000000008b400000| Untracked 
| 159|0x000000008b500000, 0x000000008b600000, 0x000000008b600000|100%| O|  |TAMS 0x000000008b600000, 0x000000008b500000| Untracked 
| 160|0x000000008b600000, 0x000000008b700000, 0x000000008b700000|100%| O|  |TAMS 0x000000008b700000, 0x000000008b600000| Untracked 
| 161|0x000000008b700000, 0x000000008b800000, 0x000000008b800000|100%| O|  |TAMS 0x000000008b800000, 0x000000008b700000| Untracked 
| 162|0x000000008b800000, 0x000000008b900000, 0x000000008b900000|100%| O|  |TAMS 0x000000008b900000, 0x000000008b800000| Untracked 
| 163|0x000000008b900000, 0x000000008ba00000, 0x000000008ba00000|100%| O|  |TAMS 0x000000008ba00000, 0x000000008b900000| Untracked 
| 164|0x000000008ba00000, 0x000000008bb00000, 0x000000008bb00000|100%| O|  |TAMS 0x000000008bb00000, 0x000000008ba00000| Untracked 
| 165|0x000000008bb00000, 0x000000008bc00000, 0x000000008bc00000|100%| O|  |TAMS 0x000000008bc00000, 0x000000008bb00000| Untracked 
| 166|0x000000008bc00000, 0x000000008bd00000, 0x000000008bd00000|100%| O|  |TAMS 0x000000008bd00000, 0x000000008bc00000| Untracked 
| 167|0x000000008bd00000, 0x000000008be00000, 0x000000008be00000|100%| O|  |TAMS 0x000000008be00000, 0x000000008bd00000| Untracked 
| 168|0x000000008be00000, 0x000000008bf00000, 0x000000008bf00000|100%| O|  |TAMS 0x000000008bf00000, 0x000000008be00000| Untracked 
| 169|0x000000008bf00000, 0x000000008c000000, 0x000000008c000000|100%| O|  |TAMS 0x000000008c000000, 0x000000008bf00000| Untracked 
| 170|0x000000008c000000, 0x000000008c100000, 0x000000008c100000|100%| O|  |TAMS 0x000000008c100000, 0x000000008c000000| Untracked 
| 171|0x000000008c100000, 0x000000008c200000, 0x000000008c200000|100%| O|  |TAMS 0x000000008c200000, 0x000000008c100000| Untracked 
| 172|0x000000008c200000, 0x000000008c300000, 0x000000008c300000|100%| O|  |TAMS 0x000000008c300000, 0x000000008c200000| Untracked 
| 173|0x000000008c300000, 0x000000008c400000, 0x000000008c400000|100%| O|  |TAMS 0x000000008c400000, 0x000000008c300000| Untracked 
| 174|0x000000008c400000, 0x000000008c500000, 0x000000008c500000|100%|HS|  |TAMS 0x000000008c500000, 0x000000008c400000| Complete 
| 175|0x000000008c500000, 0x000000008c600000, 0x000000008c600000|100%|HC|  |TAMS 0x000000008c600000, 0x000000008c500000| Complete 
| 176|0x000000008c600000, 0x000000008c700000, 0x000000008c700000|100%|HC|  |TAMS 0x000000008c700000, 0x000000008c600000| Complete 
| 177|0x000000008c700000, 0x000000008c800000, 0x000000008c800000|100%|HC|  |TAMS 0x000000008c800000, 0x000000008c700000| Complete 
| 178|0x000000008c800000, 0x000000008c900000, 0x000000008c900000|100%|HC|  |TAMS 0x000000008c900000, 0x000000008c800000| Complete 
| 179|0x000000008c900000, 0x000000008ca00000, 0x000000008ca00000|100%| O|  |TAMS 0x000000008ca00000, 0x000000008c900000| Untracked 
| 180|0x000000008ca00000, 0x000000008cb00000, 0x000000008cb00000|100%| O|  |TAMS 0x000000008cb00000, 0x000000008ca00000| Untracked 
| 181|0x000000008cb00000, 0x000000008cc00000, 0x000000008cc00000|100%| O|  |TAMS 0x000000008cc00000, 0x000000008cb00000| Untracked 
| 182|0x000000008cc00000, 0x000000008cd00000, 0x000000008cd00000|100%| O|  |TAMS 0x000000008cd00000, 0x000000008cc00000| Untracked 
| 183|0x000000008cd00000, 0x000000008ce00000, 0x000000008ce00000|100%| O|  |TAMS 0x000000008ce00000, 0x000000008cd00000| Untracked 
| 184|0x000000008ce00000, 0x000000008cf00000, 0x000000008cf00000|100%| O|  |TAMS 0x000000008cf00000, 0x000000008ce00000| Untracked 
| 185|0x000000008cf00000, 0x000000008d000000, 0x000000008d000000|100%| O|  |TAMS 0x000000008d000000, 0x000000008cf00000| Untracked 
| 186|0x000000008d000000, 0x000000008d100000, 0x000000008d100000|100%| O|  |TAMS 0x000000008d100000, 0x000000008d000000| Untracked 
| 187|0x000000008d100000, 0x000000008d200000, 0x000000008d200000|100%| O|  |TAMS 0x000000008d200000, 0x000000008d100000| Untracked 
| 188|0x000000008d200000, 0x000000008d300000, 0x000000008d300000|100%| O|  |TAMS 0x000000008d300000, 0x000000008d200000| Untracked 
| 189|0x000000008d300000, 0x000000008d400000, 0x000000008d400000|100%| O|  |TAMS 0x000000008d400000, 0x000000008d300000| Untracked 
| 190|0x000000008d400000, 0x000000008d500000, 0x000000008d500000|100%| O|  |TAMS 0x000000008d500000, 0x000000008d400000| Untracked 
| 191|0x000000008d500000, 0x000000008d600000, 0x000000008d600000|100%| O|  |TAMS 0x000000008d600000, 0x000000008d500000| Untracked 
| 192|0x000000008d600000, 0x000000008d700000, 0x000000008d700000|100%| O|  |TAMS 0x000000008d700000, 0x000000008d600000| Untracked 
| 193|0x000000008d700000, 0x000000008d800000, 0x000000008d800000|100%| O|  |TAMS 0x000000008d800000, 0x000000008d700000| Untracked 
| 194|0x000000008d800000, 0x000000008d900000, 0x000000008d900000|100%| O|  |TAMS 0x000000008d900000, 0x000000008d800000| Untracked 
| 195|0x000000008d900000, 0x000000008da00000, 0x000000008da00000|100%| O|  |TAMS 0x000000008da00000, 0x000000008d900000| Untracked 
| 196|0x000000008da00000, 0x000000008db00000, 0x000000008db00000|100%| O|  |TAMS 0x000000008db00000, 0x000000008da00000| Untracked 
| 197|0x000000008db00000, 0x000000008dc00000, 0x000000008dc00000|100%| O|  |TAMS 0x000000008dc00000, 0x000000008db00000| Untracked 
| 198|0x000000008dc00000, 0x000000008dd00000, 0x000000008dd00000|100%| O|  |TAMS 0x000000008dd00000, 0x000000008dc00000| Untracked 
| 199|0x000000008dd00000, 0x000000008de00000, 0x000000008de00000|100%| O|  |TAMS 0x000000008de00000, 0x000000008dd00000| Untracked 
| 200|0x000000008de00000, 0x000000008df00000, 0x000000008df00000|100%| O|  |TAMS 0x000000008df00000, 0x000000008de00000| Untracked 
| 201|0x000000008df00000, 0x000000008e000000, 0x000000008e000000|100%| O|  |TAMS 0x000000008e000000, 0x000000008df00000| Untracked 
| 202|0x000000008e000000, 0x000000008e100000, 0x000000008e100000|100%| O|  |TAMS 0x000000008e100000, 0x000000008e000000| Untracked 
| 203|0x000000008e100000, 0x000000008e200000, 0x000000008e200000|100%| O|  |TAMS 0x000000008e200000, 0x000000008e100000| Untracked 
| 204|0x000000008e200000, 0x000000008e300000, 0x000000008e300000|100%| O|  |TAMS 0x000000008e300000, 0x000000008e200000| Untracked 
| 205|0x000000008e300000, 0x000000008e400000, 0x000000008e400000|100%| O|  |TAMS 0x000000008e400000, 0x000000008e300000| Untracked 
| 206|0x000000008e400000, 0x000000008e500000, 0x000000008e500000|100%| O|  |TAMS 0x000000008e500000, 0x000000008e400000| Untracked 
| 207|0x000000008e500000, 0x000000008e600000, 0x000000008e600000|100%| O|  |TAMS 0x000000008e600000, 0x000000008e500000| Untracked 
| 208|0x000000008e600000, 0x000000008e700000, 0x000000008e700000|100%| O|  |TAMS 0x000000008e700000, 0x000000008e600000| Untracked 
| 209|0x000000008e700000, 0x000000008e800000, 0x000000008e800000|100%| O|  |TAMS 0x000000008e800000, 0x000000008e700000| Untracked 
| 210|0x000000008e800000, 0x000000008e900000, 0x000000008e900000|100%| O|  |TAMS 0x000000008e900000, 0x000000008e800000| Untracked 
| 211|0x000000008e900000, 0x000000008ea00000, 0x000000008ea00000|100%| O|  |TAMS 0x000000008ea00000, 0x000000008e900000| Untracked 
| 212|0x000000008ea00000, 0x000000008eb00000, 0x000000008eb00000|100%| O|  |TAMS 0x000000008eb00000, 0x000000008ea00000| Untracked 
| 213|0x000000008eb00000, 0x000000008ec00000, 0x000000008ec00000|100%| O|  |TAMS 0x000000008ec00000, 0x000000008eb00000| Untracked 
| 214|0x000000008ec00000, 0x000000008ed00000, 0x000000008ed00000|100%| O|  |TAMS 0x000000008ed00000, 0x000000008ec00000| Untracked 
| 215|0x000000008ed00000, 0x000000008ee00000, 0x000000008ee00000|100%| O|  |TAMS 0x000000008ee00000, 0x000000008ed00000| Untracked 
| 216|0x000000008ee00000, 0x000000008ef00000, 0x000000008ef00000|100%| O|  |TAMS 0x000000008ef00000, 0x000000008ee00000| Untracked 
| 217|0x000000008ef00000, 0x000000008f000000, 0x000000008f000000|100%| O|  |TAMS 0x000000008f000000, 0x000000008ef00000| Untracked 
| 218|0x000000008f000000, 0x000000008f100000, 0x000000008f100000|100%| O|  |TAMS 0x000000008f100000, 0x000000008f000000| Untracked 
| 219|0x000000008f100000, 0x000000008f200000, 0x000000008f200000|100%| O|  |TAMS 0x000000008f200000, 0x000000008f100000| Untracked 
| 220|0x000000008f200000, 0x000000008f300000, 0x000000008f300000|100%| O|  |TAMS 0x000000008f300000, 0x000000008f200000| Untracked 
| 221|0x000000008f300000, 0x000000008f400000, 0x000000008f400000|100%| O|  |TAMS 0x000000008f400000, 0x000000008f300000| Untracked 
| 222|0x000000008f400000, 0x000000008f500000, 0x000000008f500000|100%| O|  |TAMS 0x000000008f500000, 0x000000008f400000| Untracked 
| 223|0x000000008f500000, 0x000000008f600000, 0x000000008f600000|100%| O|  |TAMS 0x000000008f600000, 0x000000008f500000| Untracked 
| 224|0x000000008f600000, 0x000000008f700000, 0x000000008f700000|100%| O|  |TAMS 0x000000008f700000, 0x000000008f600000| Untracked 
| 225|0x000000008f700000, 0x000000008f800000, 0x000000008f800000|100%| O|  |TAMS 0x000000008f800000, 0x000000008f700000| Untracked 
| 226|0x000000008f800000, 0x000000008f900000, 0x000000008f900000|100%| O|  |TAMS 0x000000008f900000, 0x000000008f800000| Untracked 
| 227|0x000000008f900000, 0x000000008fa00000, 0x000000008fa00000|100%| O|  |TAMS 0x000000008fa00000, 0x000000008f900000| Untracked 
| 228|0x000000008fa00000, 0x000000008fb00000, 0x000000008fb00000|100%| O|  |TAMS 0x000000008fb00000, 0x000000008fa00000| Untracked 
| 229|0x000000008fb00000, 0x000000008fc00000, 0x000000008fc00000|100%| O|  |TAMS 0x000000008fc00000, 0x000000008fb00000| Untracked 
| 230|0x000000008fc00000, 0x000000008fd00000, 0x000000008fd00000|100%|HS|  |TAMS 0x000000008fd00000, 0x000000008fc00000| Complete 
| 231|0x000000008fd00000, 0x000000008fe00000, 0x000000008fe00000|100%|HC|  |TAMS 0x000000008fe00000, 0x000000008fd00000| Complete 
| 232|0x000000008fe00000, 0x000000008ff00000, 0x000000008ff00000|100%|HC|  |TAMS 0x000000008ff00000, 0x000000008fe00000| Complete 
| 233|0x000000008ff00000, 0x0000000090000000, 0x0000000090000000|100%|HC|  |TAMS 0x0000000090000000, 0x000000008ff00000| Complete 
| 234|0x0000000090000000, 0x0000000090100000, 0x0000000090100000|100%|HC|  |TAMS 0x0000000090100000, 0x0000000090000000| Complete 
| 235|0x0000000090100000, 0x0000000090200000, 0x0000000090200000|100%|HC|  |TAMS 0x0000000090200000, 0x0000000090100000| Complete 
| 236|0x0000000090200000, 0x0000000090300000, 0x0000000090300000|100%|HC|  |TAMS 0x0000000090300000, 0x0000000090200000| Complete 
| 237|0x0000000090300000, 0x0000000090400000, 0x0000000090400000|100%|HC|  |TAMS 0x0000000090400000, 0x0000000090300000| Complete 
| 238|0x0000000090400000, 0x0000000090500000, 0x0000000090500000|100%|HC|  |TAMS 0x0000000090500000, 0x0000000090400000| Complete 
| 239|0x0000000090500000, 0x0000000090600000, 0x0000000090600000|100%|HC|  |TAMS 0x0000000090600000, 0x0000000090500000| Complete 
| 240|0x0000000090600000, 0x0000000090700000, 0x0000000090700000|100%|HC|  |TAMS 0x0000000090700000, 0x0000000090600000| Complete 
| 241|0x0000000090700000, 0x0000000090800000, 0x0000000090800000|100%|HC|  |TAMS 0x0000000090800000, 0x0000000090700000| Complete 
| 242|0x0000000090800000, 0x0000000090900000, 0x0000000090900000|100%|HC|  |TAMS 0x0000000090900000, 0x0000000090800000| Complete 
| 243|0x0000000090900000, 0x0000000090a00000, 0x0000000090a00000|100%|HC|  |TAMS 0x0000000090a00000, 0x0000000090900000| Complete 
| 244|0x0000000090a00000, 0x0000000090b00000, 0x0000000090b00000|100%|HC|  |TAMS 0x0000000090b00000, 0x0000000090a00000| Complete 
| 245|0x0000000090b00000, 0x0000000090c00000, 0x0000000090c00000|100%|HC|  |TAMS 0x0000000090c00000, 0x0000000090b00000| Complete 
| 246|0x0000000090c00000, 0x0000000090d00000, 0x0000000090d00000|100%|HC|  |TAMS 0x0000000090d00000, 0x0000000090c00000| Complete 
| 247|0x0000000090d00000, 0x0000000090e00000, 0x0000000090e00000|100%| O|  |TAMS 0x0000000090e00000, 0x0000000090d00000| Untracked 
| 248|0x0000000090e00000, 0x0000000090f00000, 0x0000000090f00000|100%| O|  |TAMS 0x0000000090f00000, 0x0000000090e00000| Untracked 
| 249|0x0000000090f00000, 0x0000000091000000, 0x0000000091000000|100%| O|  |TAMS 0x0000000091000000, 0x0000000090f00000| Untracked 
| 250|0x0000000091000000, 0x0000000091100000, 0x0000000091100000|100%| O|  |TAMS 0x0000000091100000, 0x0000000091000000| Untracked 
| 251|0x0000000091100000, 0x0000000091200000, 0x0000000091200000|100%| O|  |TAMS 0x0000000091200000, 0x0000000091100000| Untracked 
| 252|0x0000000091200000, 0x0000000091300000, 0x0000000091300000|100%| O|  |TAMS 0x0000000091300000, 0x0000000091200000| Untracked 
| 253|0x0000000091300000, 0x0000000091400000, 0x0000000091400000|100%| O|  |TAMS 0x0000000091400000, 0x0000000091300000| Untracked 
| 254|0x0000000091400000, 0x0000000091500000, 0x0000000091500000|100%| O|  |TAMS 0x0000000091500000, 0x0000000091400000| Untracked 
| 255|0x0000000091500000, 0x0000000091600000, 0x0000000091600000|100%| O|  |TAMS 0x0000000091600000, 0x0000000091500000| Untracked 
| 256|0x0000000091600000, 0x0000000091700000, 0x0000000091700000|100%| O|  |TAMS 0x0000000091700000, 0x0000000091600000| Untracked 
| 257|0x0000000091700000, 0x0000000091800000, 0x0000000091800000|100%| O|  |TAMS 0x0000000091800000, 0x0000000091700000| Untracked 
| 258|0x0000000091800000, 0x0000000091900000, 0x0000000091900000|100%| O|  |TAMS 0x0000000091900000, 0x0000000091800000| Untracked 
| 259|0x0000000091900000, 0x0000000091a00000, 0x0000000091a00000|100%| O|  |TAMS 0x0000000091a00000, 0x0000000091900000| Untracked 
| 260|0x0000000091a00000, 0x0000000091b00000, 0x0000000091b00000|100%| O|  |TAMS 0x0000000091b00000, 0x0000000091a00000| Untracked 
| 261|0x0000000091b00000, 0x0000000091c00000, 0x0000000091c00000|100%| O|  |TAMS 0x0000000091c00000, 0x0000000091b00000| Untracked 
| 262|0x0000000091c00000, 0x0000000091d00000, 0x0000000091d00000|100%| O|  |TAMS 0x0000000091d00000, 0x0000000091c00000| Untracked 
| 263|0x0000000091d00000, 0x0000000091e00000, 0x0000000091e00000|100%| O|  |TAMS 0x0000000091e00000, 0x0000000091d00000| Untracked 
| 264|0x0000000091e00000, 0x0000000091f00000, 0x0000000091f00000|100%| O|  |TAMS 0x0000000091f00000, 0x0000000091e00000| Untracked 
| 265|0x0000000091f00000, 0x0000000092000000, 0x0000000092000000|100%| O|  |TAMS 0x0000000092000000, 0x0000000091f00000| Untracked 
| 266|0x0000000092000000, 0x0000000092100000, 0x0000000092100000|100%| O|  |TAMS 0x0000000092100000, 0x0000000092000000| Untracked 
| 267|0x0000000092100000, 0x0000000092200000, 0x0000000092200000|100%| O|  |TAMS 0x0000000092200000, 0x0000000092100000| Untracked 
| 268|0x0000000092200000, 0x0000000092300000, 0x0000000092300000|100%| O|  |TAMS 0x0000000092300000, 0x0000000092200000| Untracked 
| 269|0x0000000092300000, 0x0000000092400000, 0x0000000092400000|100%| O|  |TAMS 0x0000000092400000, 0x0000000092300000| Untracked 
| 270|0x0000000092400000, 0x0000000092500000, 0x0000000092500000|100%| O|  |TAMS 0x0000000092500000, 0x0000000092400000| Untracked 
| 271|0x0000000092500000, 0x0000000092600000, 0x0000000092600000|100%| O|  |TAMS 0x0000000092600000, 0x0000000092500000| Untracked 
| 272|0x0000000092600000, 0x0000000092700000, 0x0000000092700000|100%| O|  |TAMS 0x0000000092700000, 0x0000000092600000| Untracked 
| 273|0x0000000092700000, 0x0000000092800000, 0x0000000092800000|100%| O|  |TAMS 0x0000000092800000, 0x0000000092700000| Untracked 
| 274|0x0000000092800000, 0x0000000092859e00, 0x0000000092900000| 35%| O|  |TAMS 0x0000000092859e00, 0x0000000092800000| Untracked 
| 275|0x0000000092900000, 0x0000000092900000, 0x0000000092a00000|  0%| F|  |TAMS 0x0000000092900000, 0x0000000092900000| Untracked 
| 276|0x0000000092a00000, 0x0000000092a00000, 0x0000000092b00000|  0%| F|  |TAMS 0x0000000092a00000, 0x0000000092a00000| Untracked 
| 277|0x0000000092b00000, 0x0000000092b00000, 0x0000000092c00000|  0%| F|  |TAMS 0x0000000092b00000, 0x0000000092b00000| Untracked 
| 278|0x0000000092c00000, 0x0000000092c00000, 0x0000000092d00000|  0%| F|  |TAMS 0x0000000092c00000, 0x0000000092c00000| Untracked 
| 279|0x0000000092d00000, 0x0000000092d00000, 0x0000000092e00000|  0%| F|  |TAMS 0x0000000092d00000, 0x0000000092d00000| Untracked 
| 280|0x0000000092e00000, 0x0000000092e00000, 0x0000000092f00000|  0%| F|  |TAMS 0x0000000092e00000, 0x0000000092e00000| Untracked 
| 281|0x0000000092f00000, 0x0000000092f00000, 0x0000000093000000|  0%| F|  |TAMS 0x0000000092f00000, 0x0000000092f00000| Untracked 
| 282|0x0000000093000000, 0x0000000093000000, 0x0000000093100000|  0%| F|  |TAMS 0x0000000093000000, 0x0000000093000000| Untracked 
| 283|0x0000000093100000, 0x0000000093100000, 0x0000000093200000|  0%| F|  |TAMS 0x0000000093100000, 0x0000000093100000| Untracked 
| 284|0x0000000093200000, 0x0000000093200000, 0x0000000093300000|  0%| F|  |TAMS 0x0000000093200000, 0x0000000093200000| Untracked 
| 285|0x0000000093300000, 0x0000000093300000, 0x0000000093400000|  0%| F|  |TAMS 0x0000000093300000, 0x0000000093300000| Untracked 
| 286|0x0000000093400000, 0x0000000093400000, 0x0000000093500000|  0%| F|  |TAMS 0x0000000093400000, 0x0000000093400000| Untracked 
| 287|0x0000000093500000, 0x0000000093500000, 0x0000000093600000|  0%| F|  |TAMS 0x0000000093500000, 0x0000000093500000| Untracked 
| 288|0x0000000093600000, 0x0000000093600000, 0x0000000093700000|  0%| F|  |TAMS 0x0000000093600000, 0x0000000093600000| Untracked 
| 289|0x0000000093700000, 0x0000000093700000, 0x0000000093800000|  0%| F|  |TAMS 0x0000000093700000, 0x0000000093700000| Untracked 
| 290|0x0000000093800000, 0x0000000093800000, 0x0000000093900000|  0%| F|  |TAMS 0x0000000093800000, 0x0000000093800000| Untracked 
| 291|0x0000000093900000, 0x0000000093900000, 0x0000000093a00000|  0%| F|  |TAMS 0x0000000093900000, 0x0000000093900000| Untracked 
| 292|0x0000000093a00000, 0x0000000093a00000, 0x0000000093b00000|  0%| F|  |TAMS 0x0000000093a00000, 0x0000000093a00000| Untracked 
| 293|0x0000000093b00000, 0x0000000093b00000, 0x0000000093c00000|  0%| F|  |TAMS 0x0000000093b00000, 0x0000000093b00000| Untracked 
| 294|0x0000000093c00000, 0x0000000093c00000, 0x0000000093d00000|  0%| F|  |TAMS 0x0000000093c00000, 0x0000000093c00000| Untracked 
| 295|0x0000000093d00000, 0x0000000093d00000, 0x0000000093e00000|  0%| F|  |TAMS 0x0000000093d00000, 0x0000000093d00000| Untracked 
| 296|0x0000000093e00000, 0x0000000093e00000, 0x0000000093f00000|  0%| F|  |TAMS 0x0000000093e00000, 0x0000000093e00000| Untracked 
| 297|0x0000000093f00000, 0x0000000093f00000, 0x0000000094000000|  0%| F|  |TAMS 0x0000000093f00000, 0x0000000093f00000| Untracked 
| 298|0x0000000094000000, 0x0000000094000000, 0x0000000094100000|  0%| F|  |TAMS 0x0000000094000000, 0x0000000094000000| Untracked 
| 299|0x0000000094100000, 0x0000000094100000, 0x0000000094200000|  0%| F|  |TAMS 0x0000000094100000, 0x0000000094100000| Untracked 
| 300|0x0000000094200000, 0x0000000094200000, 0x0000000094300000|  0%| F|  |TAMS 0x0000000094200000, 0x0000000094200000| Untracked 
| 301|0x0000000094300000, 0x0000000094300000, 0x0000000094400000|  0%| F|  |TAMS 0x0000000094300000, 0x0000000094300000| Untracked 
| 302|0x0000000094400000, 0x0000000094400000, 0x0000000094500000|  0%| F|  |TAMS 0x0000000094400000, 0x0000000094400000| Untracked 
| 303|0x0000000094500000, 0x0000000094500000, 0x0000000094600000|  0%| F|  |TAMS 0x0000000094500000, 0x0000000094500000| Untracked 
| 304|0x0000000094600000, 0x0000000094600000, 0x0000000094700000|  0%| F|  |TAMS 0x0000000094600000, 0x0000000094600000| Untracked 
| 305|0x0000000094700000, 0x0000000094700000, 0x0000000094800000|  0%| F|  |TAMS 0x0000000094700000, 0x0000000094700000| Untracked 
| 306|0x0000000094800000, 0x0000000094800000, 0x0000000094900000|  0%| F|  |TAMS 0x0000000094800000, 0x0000000094800000| Untracked 
| 307|0x0000000094900000, 0x0000000094900000, 0x0000000094a00000|  0%| F|  |TAMS 0x0000000094900000, 0x0000000094900000| Untracked 
| 308|0x0000000094a00000, 0x0000000094a00000, 0x0000000094b00000|  0%| F|  |TAMS 0x0000000094a00000, 0x0000000094a00000| Untracked 
| 309|0x0000000094b00000, 0x0000000094b00000, 0x0000000094c00000|  0%| F|  |TAMS 0x0000000094b00000, 0x0000000094b00000| Untracked 
| 310|0x0000000094c00000, 0x0000000094c00000, 0x0000000094d00000|  0%| F|  |TAMS 0x0000000094c00000, 0x0000000094c00000| Untracked 
| 311|0x0000000094d00000, 0x0000000094d00000, 0x0000000094e00000|  0%| F|  |TAMS 0x0000000094d00000, 0x0000000094d00000| Untracked 
| 312|0x0000000094e00000, 0x0000000094e00000, 0x0000000094f00000|  0%| F|  |TAMS 0x0000000094e00000, 0x0000000094e00000| Untracked 
| 313|0x0000000094f00000, 0x0000000094f00000, 0x0000000095000000|  0%| F|  |TAMS 0x0000000094f00000, 0x0000000094f00000| Untracked 
| 314|0x0000000095000000, 0x0000000095000000, 0x0000000095100000|  0%| F|  |TAMS 0x0000000095000000, 0x0000000095000000| Untracked 
| 315|0x0000000095100000, 0x0000000095100000, 0x0000000095200000|  0%| F|  |TAMS 0x0000000095100000, 0x0000000095100000| Untracked 
| 316|0x0000000095200000, 0x00000000952cd320, 0x0000000095300000| 80%| S|CS|TAMS 0x0000000095200000, 0x0000000095200000| Complete 
| 317|0x0000000095300000, 0x0000000095300000, 0x0000000095400000|  0%| F|  |TAMS 0x0000000095300000, 0x0000000095300000| Untracked 
| 318|0x0000000095400000, 0x0000000095400000, 0x0000000095500000|  0%| F|  |TAMS 0x0000000095400000, 0x0000000095400000| Untracked 
| 319|0x0000000095500000, 0x0000000095500000, 0x0000000095600000|  0%| F|  |TAMS 0x0000000095500000, 0x0000000095500000| Untracked 
| 320|0x0000000095600000, 0x0000000095600000, 0x0000000095700000|  0%| F|  |TAMS 0x0000000095600000, 0x0000000095600000| Untracked 
| 321|0x0000000095700000, 0x0000000095700000, 0x0000000095800000|  0%| F|  |TAMS 0x0000000095700000, 0x0000000095700000| Untracked 
| 322|0x0000000095800000, 0x0000000095800000, 0x0000000095900000|  0%| F|  |TAMS 0x0000000095800000, 0x0000000095800000| Untracked 
| 323|0x0000000095900000, 0x0000000095900000, 0x0000000095a00000|  0%| F|  |TAMS 0x0000000095900000, 0x0000000095900000| Untracked 
| 324|0x0000000095a00000, 0x0000000095a00000, 0x0000000095b00000|  0%| F|  |TAMS 0x0000000095a00000, 0x0000000095a00000| Untracked 
| 325|0x0000000095b00000, 0x0000000095b00000, 0x0000000095c00000|  0%| F|  |TAMS 0x0000000095b00000, 0x0000000095b00000| Untracked 
| 326|0x0000000095c00000, 0x0000000095c00000, 0x0000000095d00000|  0%| F|  |TAMS 0x0000000095c00000, 0x0000000095c00000| Untracked 
| 327|0x0000000095d00000, 0x0000000095d00000, 0x0000000095e00000|  0%| F|  |TAMS 0x0000000095d00000, 0x0000000095d00000| Untracked 
| 328|0x0000000095e00000, 0x0000000095e00000, 0x0000000095f00000|  0%| F|  |TAMS 0x0000000095e00000, 0x0000000095e00000| Untracked 
| 329|0x0000000095f00000, 0x0000000095f00000, 0x0000000096000000|  0%| F|  |TAMS 0x0000000095f00000, 0x0000000095f00000| Untracked 
| 330|0x0000000096000000, 0x0000000096000000, 0x0000000096100000|  0%| F|  |TAMS 0x0000000096000000, 0x0000000096000000| Untracked 
| 331|0x0000000096100000, 0x0000000096100000, 0x0000000096200000|  0%| F|  |TAMS 0x0000000096100000, 0x0000000096100000| Untracked 
| 332|0x0000000096200000, 0x0000000096200000, 0x0000000096300000|  0%| F|  |TAMS 0x0000000096200000, 0x0000000096200000| Untracked 
| 333|0x0000000096300000, 0x0000000096300000, 0x0000000096400000|  0%| F|  |TAMS 0x0000000096300000, 0x0000000096300000| Untracked 
| 334|0x0000000096400000, 0x0000000096400000, 0x0000000096500000|  0%| F|  |TAMS 0x0000000096400000, 0x0000000096400000| Untracked 
| 335|0x0000000096500000, 0x0000000096500000, 0x0000000096600000|  0%| F|  |TAMS 0x0000000096500000, 0x0000000096500000| Untracked 
| 336|0x0000000096600000, 0x0000000096600000, 0x0000000096700000|  0%| F|  |TAMS 0x0000000096600000, 0x0000000096600000| Untracked 
| 337|0x0000000096700000, 0x0000000096700000, 0x0000000096800000|  0%| F|  |TAMS 0x0000000096700000, 0x0000000096700000| Untracked 
| 338|0x0000000096800000, 0x0000000096800000, 0x0000000096900000|  0%| F|  |TAMS 0x0000000096800000, 0x0000000096800000| Untracked 
| 339|0x0000000096900000, 0x0000000096900000, 0x0000000096a00000|  0%| F|  |TAMS 0x0000000096900000, 0x0000000096900000| Untracked 
| 340|0x0000000096a00000, 0x0000000096a00000, 0x0000000096b00000|  0%| F|  |TAMS 0x0000000096a00000, 0x0000000096a00000| Untracked 
| 341|0x0000000096b00000, 0x0000000096b00000, 0x0000000096c00000|  0%| F|  |TAMS 0x0000000096b00000, 0x0000000096b00000| Untracked 
| 342|0x0000000096c00000, 0x0000000096c00000, 0x0000000096d00000|  0%| F|  |TAMS 0x0000000096c00000, 0x0000000096c00000| Untracked 
| 343|0x0000000096d00000, 0x0000000096d00000, 0x0000000096e00000|  0%| F|  |TAMS 0x0000000096d00000, 0x0000000096d00000| Untracked 
| 344|0x0000000096e00000, 0x0000000096e00000, 0x0000000096f00000|  0%| F|  |TAMS 0x0000000096e00000, 0x0000000096e00000| Untracked 
| 345|0x0000000096f00000, 0x0000000096f00000, 0x0000000097000000|  0%| F|  |TAMS 0x0000000096f00000, 0x0000000096f00000| Untracked 
| 346|0x0000000097000000, 0x00000000970d67f8, 0x0000000097100000| 83%| E|  |TAMS 0x0000000097000000, 0x0000000097000000| Complete 
| 347|0x0000000097100000, 0x0000000097200000, 0x0000000097200000|100%| E|CS|TAMS 0x0000000097100000, 0x0000000097100000| Complete 
| 348|0x0000000097200000, 0x0000000097300000, 0x0000000097300000|100%| E|CS|TAMS 0x0000000097200000, 0x0000000097200000| Complete 
| 349|0x0000000097300000, 0x0000000097400000, 0x0000000097400000|100%| E|  |TAMS 0x0000000097300000, 0x0000000097300000| Complete 
| 350|0x0000000097400000, 0x0000000097500000, 0x0000000097500000|100%| E|CS|TAMS 0x0000000097400000, 0x0000000097400000| Complete 
| 351|0x0000000097500000, 0x0000000097600000, 0x0000000097600000|100%| E|CS|TAMS 0x0000000097500000, 0x0000000097500000| Complete 
| 352|0x0000000097600000, 0x0000000097700000, 0x0000000097700000|100%| E|CS|TAMS 0x0000000097600000, 0x0000000097600000| Complete 
| 353|0x0000000097700000, 0x0000000097800000, 0x0000000097800000|100%| E|CS|TAMS 0x0000000097700000, 0x0000000097700000| Complete 
| 354|0x0000000097800000, 0x0000000097900000, 0x0000000097900000|100%| E|CS|TAMS 0x0000000097800000, 0x0000000097800000| Complete 
| 355|0x0000000097900000, 0x0000000097a00000, 0x0000000097a00000|100%| E|CS|TAMS 0x0000000097900000, 0x0000000097900000| Complete 
| 356|0x0000000097a00000, 0x0000000097b00000, 0x0000000097b00000|100%| E|CS|TAMS 0x0000000097a00000, 0x0000000097a00000| Complete 
| 357|0x0000000097b00000, 0x0000000097c00000, 0x0000000097c00000|100%| E|CS|TAMS 0x0000000097b00000, 0x0000000097b00000| Complete 
| 358|0x0000000097c00000, 0x0000000097d00000, 0x0000000097d00000|100%| E|CS|TAMS 0x0000000097c00000, 0x0000000097c00000| Complete 
| 359|0x0000000097d00000, 0x0000000097e00000, 0x0000000097e00000|100%| E|CS|TAMS 0x0000000097d00000, 0x0000000097d00000| Complete 
| 360|0x0000000097e00000, 0x0000000097f00000, 0x0000000097f00000|100%| E|CS|TAMS 0x0000000097e00000, 0x0000000097e00000| Complete 
| 361|0x0000000097f00000, 0x0000000098000000, 0x0000000098000000|100%| E|CS|TAMS 0x0000000097f00000, 0x0000000097f00000| Complete 
| 362|0x0000000098000000, 0x0000000098100000, 0x0000000098100000|100%| E|CS|TAMS 0x0000000098000000, 0x0000000098000000| Complete 
| 363|0x0000000098100000, 0x0000000098200000, 0x0000000098200000|100%| E|CS|TAMS 0x0000000098100000, 0x0000000098100000| Complete 
| 364|0x0000000098200000, 0x0000000098300000, 0x0000000098300000|100%| E|CS|TAMS 0x0000000098200000, 0x0000000098200000| Complete 
| 365|0x0000000098300000, 0x0000000098400000, 0x0000000098400000|100%| E|CS|TAMS 0x0000000098300000, 0x0000000098300000| Complete 
| 366|0x0000000098400000, 0x0000000098500000, 0x0000000098500000|100%| E|CS|TAMS 0x0000000098400000, 0x0000000098400000| Complete 
| 367|0x0000000098500000, 0x0000000098600000, 0x0000000098600000|100%| E|CS|TAMS 0x0000000098500000, 0x0000000098500000| Complete 
| 368|0x0000000098600000, 0x0000000098700000, 0x0000000098700000|100%| E|CS|TAMS 0x0000000098600000, 0x0000000098600000| Complete 
| 369|0x0000000098700000, 0x0000000098800000, 0x0000000098800000|100%| E|CS|TAMS 0x0000000098700000, 0x0000000098700000| Complete 
| 370|0x0000000098800000, 0x0000000098900000, 0x0000000098900000|100%| E|CS|TAMS 0x0000000098800000, 0x0000000098800000| Complete 
| 371|0x0000000098900000, 0x0000000098a00000, 0x0000000098a00000|100%| E|CS|TAMS 0x0000000098900000, 0x0000000098900000| Complete 
| 372|0x0000000098a00000, 0x0000000098b00000, 0x0000000098b00000|100%| E|CS|TAMS 0x0000000098a00000, 0x0000000098a00000| Complete 
| 373|0x0000000098b00000, 0x0000000098c00000, 0x0000000098c00000|100%| E|CS|TAMS 0x0000000098b00000, 0x0000000098b00000| Complete 
| 374|0x0000000098c00000, 0x0000000098d00000, 0x0000000098d00000|100%| E|CS|TAMS 0x0000000098c00000, 0x0000000098c00000| Complete 
| 375|0x0000000098d00000, 0x0000000098e00000, 0x0000000098e00000|100%| E|CS|TAMS 0x0000000098d00000, 0x0000000098d00000| Complete 
| 376|0x0000000098e00000, 0x0000000098f00000, 0x0000000098f00000|100%| E|CS|TAMS 0x0000000098e00000, 0x0000000098e00000| Complete 
| 377|0x0000000098f00000, 0x0000000099000000, 0x0000000099000000|100%| E|CS|TAMS 0x0000000098f00000, 0x0000000098f00000| Complete 
| 378|0x0000000099000000, 0x0000000099100000, 0x0000000099100000|100%| E|CS|TAMS 0x0000000099000000, 0x0000000099000000| Complete 
| 379|0x0000000099100000, 0x0000000099200000, 0x0000000099200000|100%| E|CS|TAMS 0x0000000099100000, 0x0000000099100000| Complete 
| 380|0x0000000099200000, 0x0000000099300000, 0x0000000099300000|100%| E|CS|TAMS 0x0000000099200000, 0x0000000099200000| Complete 
| 381|0x0000000099300000, 0x0000000099400000, 0x0000000099400000|100%| E|CS|TAMS 0x0000000099300000, 0x0000000099300000| Complete 
| 382|0x0000000099400000, 0x0000000099500000, 0x0000000099500000|100%| E|CS|TAMS 0x0000000099400000, 0x0000000099400000| Complete 
| 383|0x0000000099500000, 0x0000000099600000, 0x0000000099600000|100%| E|CS|TAMS 0x0000000099500000, 0x0000000099500000| Complete 
| 384|0x0000000099600000, 0x0000000099700000, 0x0000000099700000|100%| E|CS|TAMS 0x0000000099600000, 0x0000000099600000| Complete 

Card table byte_map: [0x0000000019d60000,0x000000001a160000] _byte_map_base: 0x0000000019955000

Marking Bits (Prev, Next): (CMBitMap*) 0x000000000269e198, (CMBitMap*) 0x000000000269e1d0
 Prev Bits: [0x000000001a560000, 0x000000001c508000)
 Next Bits: [0x000000001c510000, 0x000000001e4b8000)

Polling page: 0x0000000001210000

Metaspace:

Usage:
  Non-class:     55.00 MB capacity,    53.98 MB ( 98%) used,   804.22 KB (  1%) free+waste,   231.50 KB ( <1%) overhead. 
      Class:      8.73 MB capacity,     7.90 MB ( 91%) used,   728.16 KB (  8%) free+waste,   119.19 KB (  1%) overhead. 
       Both:     63.73 MB capacity,    61.89 MB ( 97%) used,     1.50 MB (  2%) free+waste,   350.69 KB ( <1%) overhead. 

Virtual space:
  Non-class space:       56.00 MB reserved,      55.50 MB (>99%) committed 
      Class space:        1.00 GB reserved,       9.07 MB ( <1%) committed 
             Both:        1.05 GB reserved,      64.57 MB (  6%) committed 

Chunk freelists:
   Non-Class:  64.63 KB
       Class:  34.50 KB
        Both:  99.13 KB

CodeHeap 'non-profiled nmethods': size=120064Kb used=3090Kb max_used=3090Kb free=116973Kb
 bounds [0x0000000012420000, 0x0000000012730000, 0x0000000019960000]
CodeHeap 'profiled nmethods': size=120000Kb used=8942Kb max_used=11044Kb free=111057Kb
 bounds [0x000000000aef0000, 0x000000000b9c0000, 0x0000000012420000]
CodeHeap 'non-nmethods': size=5696Kb used=1359Kb max_used=1398Kb free=4337Kb
 bounds [0x000000000a960000, 0x000000000abd0000, 0x000000000aef0000]
 total_blobs=8224 nmethods=4687 adapters=713
 compilation: enabled
              stopped_count=0, restarted_count=0
 full_count=0

Compilation events (10 events):
Event: 2387654.412 Thread 0x0000000021b69800 5684       3       io.netty.util.internal.shaded.org.jctools.queues.BaseMpscLinkedArrayQueue::poll (108 bytes)
Event: 2387654.413 Thread 0x0000000021b69800 nmethod 5684 0x000000000b05cb10 code [0x000000000b05cdc0, 0x000000000b05dc90]
Event: 2387654.413 Thread 0x0000000021b69800 5686       3       java.util.concurrent.locks.ReentrantLock::unlock (10 bytes)
Event: 2387654.414 Thread 0x0000000021b69800 nmethod 5686 0x000000000b029f90 code [0x000000000b02a160, 0x000000000b02a500]
Event: 2387654.629 Thread 0x0000000021b4b800 5688   !   4       sun.nio.ch.WindowsSelectorImpl::processUpdateQueue (236 bytes)
Event: 2387654.629 Thread 0x0000000021b69800 5687   !   3       sun.nio.ch.SelectorImpl::lockAndDoSelect (87 bytes)
Event: 2387654.630 Thread 0x0000000021b69800 nmethod 5687 0x000000000b04f910 code [0x000000000b04fb40, 0x000000000b0504b0]
Event: 2387654.635 Thread 0x0000000021b4b800 nmethod 5688 0x00000000126ea190 code [0x00000000126ea340, 0x00000000126ea8f8]
Event: 2387655.176 Thread 0x0000000021b4b800 5689   !   4       java.lang.Thread::blockedOn (27 bytes)
Event: 2387655.179 Thread 0x0000000021b4b800 nmethod 5689 0x00000000126ed110 code [0x00000000126ed2a0, 0x00000000126ed578]

GC Heap History (10 events):
Event: 2381114.511 GC heap before
{Heap before GC invocations=1251 (full 0):
 garbage-first heap   total 394240K, used 351325K [0x0000000081600000, 0x0000000100000000)
  region size 1024K, 69 young (70656K), 1 survivors (1024K)
 Metaspace       used 62803K, capacity 64565K, committed 65740K, reserved 1105920K
  class space    used 7983K, capacity 8765K, committed 9164K, reserved 1048576K
}
Event: 2381114.524 GC heap after
{Heap after GC invocations=1252 (full 0):
 garbage-first heap   total 394240K, used 281709K [0x0000000081600000, 0x0000000100000000)
  region size 1024K, 1 young (1024K), 1 survivors (1024K)
 Metaspace       used 62803K, capacity 64565K, committed 65740K, reserved 1105920K
  class space    used 7983K, capacity 8765K, committed 9164K, reserved 1048576K
}
Event: 2382708.503 GC heap before
{Heap before GC invocations=1253 (full 0):
 garbage-first heap   total 394240K, used 350317K [0x0000000081600000, 0x0000000100000000)
  region size 1024K, 68 young (69632K), 1 survivors (1024K)
 Metaspace       used 62803K, capacity 64565K, committed 65740K, reserved 1105920K
  class space    used 7983K, capacity 8765K, committed 9164K, reserved 1048576K
}
Event: 2382708.518 GC heap after
{Heap after GC invocations=1254 (full 0):
 garbage-first heap   total 394240K, used 281734K [0x0000000081600000, 0x0000000100000000)
  region size 1024K, 1 young (1024K), 1 survivors (1024K)
 Metaspace       used 62803K, capacity 64565K, committed 65740K, reserved 1105920K
  class space    used 7983K, capacity 8765K, committed 9164K, reserved 1048576K
}
Event: 2384299.141 GC heap before
{Heap before GC invocations=1254 (full 0):
 garbage-first heap   total 394240K, used 350342K [0x0000000081600000, 0x0000000100000000)
  region size 1024K, 68 young (69632K), 1 survivors (1024K)
 Metaspace       used 62803K, capacity 64565K, committed 65740K, reserved 1105920K
  class space    used 7983K, capacity 8765K, committed 9164K, reserved 1048576K
}
Event: 2384299.152 GC heap after
{Heap after GC invocations=1255 (full 0):
 garbage-first heap   total 394240K, used 281802K [0x0000000081600000, 0x0000000100000000)
  region size 1024K, 1 young (1024K), 1 survivors (1024K)
 Metaspace       used 62803K, capacity 64565K, committed 65740K, reserved 1105920K
  class space    used 7983K, capacity 8765K, committed 9164K, reserved 1048576K
}
Event: 2385897.450 GC heap before
{Heap before GC invocations=1256 (full 0):
 garbage-first heap   total 394240K, used 350410K [0x0000000081600000, 0x0000000100000000)
  region size 1024K, 68 young (69632K), 1 survivors (1024K)
 Metaspace       used 62803K, capacity 64565K, committed 65740K, reserved 1105920K
  class space    used 7983K, capacity 8765K, committed 9164K, reserved 1048576K
}
Event: 2385897.465 GC heap after
{Heap after GC invocations=1257 (full 0):
 garbage-first heap   total 394240K, used 281784K [0x0000000081600000, 0x0000000100000000)
  region size 1024K, 1 young (1024K), 1 survivors (1024K)
 Metaspace       used 62803K, capacity 64565K, committed 65740K, reserved 1105920K
  class space    used 7983K, capacity 8765K, committed 9164K, reserved 1048576K
}
Event: 2387497.360 GC heap before
{Heap before GC invocations=1257 (full 0):
 garbage-first heap   total 394240K, used 350392K [0x0000000081600000, 0x0000000100000000)
  region size 1024K, 68 young (69632K), 1 survivors (1024K)
 Metaspace       used 62803K, capacity 64565K, committed 65740K, reserved 1105920K
  class space    used 7983K, capacity 8765K, committed 9164K, reserved 1048576K
}
Event: 2387497.371 GC heap after
{Heap after GC invocations=1258 (full 0):
 garbage-first heap   total 394240K, used 281756K [0x0000000081600000, 0x0000000100000000)
  region size 1024K, 1 young (1024K), 1 survivors (1024K)
 Metaspace       used 62803K, capacity 64565K, committed 65740K, reserved 1105920K
  class space    used 7983K, capacity 8765K, committed 9164K, reserved 1048576K
}

Deoptimization events (10 events):
Event: 2387653.866 Thread 0x000000002339d000 Uncommon trap: reason=unstable_if action=reinterpret pc=0x0000000012425140 method=io.netty.util.internal.shaded.org.jctools.queues.BaseMpscLinkedArrayQueue.poll()Ljava/lang/Object; @ 34 c2
Event: 2387653.867 Thread 0x000000002339d000 Uncommon trap: reason=unstable_if action=reinterpret pc=0x000000001244f378 method=io.netty.util.concurrent.SingleThreadEventExecutor.isShuttingDown()Z @ 5 c2
Event: 2387653.867 Thread 0x0000000025337800 Uncommon trap: reason=unstable_if action=reinterpret pc=0x0000000012717034 method=io.netty.util.internal.shaded.org.jctools.queues.BaseMpscLinkedArrayQueue.isEmpty()Z @ 9 c2
Event: 2387653.867 Thread 0x0000000025338000 Uncommon trap: reason=unstable_if action=reinterpret pc=0x0000000012709710 method=io.netty.util.internal.shaded.org.jctools.queues.BaseMpscLinkedArrayQueue.isEmpty()Z @ 9 c2
Event: 2387653.972 Thread 0x000000002339d000 Uncommon trap: reason=unstable_if action=reinterpret pc=0x0000000012421a8c method=io.netty.util.internal.shaded.org.jctools.queues.BaseMpscLinkedArrayQueue.isEmpty()Z @ 9 c2
Event: 2387653.973 Thread 0x000000002339d000 Uncommon trap: reason=unstable_if action=reinterpret pc=0x000000001242def8 method=io.netty.channel.DefaultSelectStrategy.calculateStrategy(Lio/netty/util/IntSupplier;Z)I @ 1 c2
Event: 2387654.399 Thread 0x000000002339d000 Uncommon trap: reason=bimorphic_or_optimized_type_check action=maybe_recompile pc=0x00000000125f6dfc method=java.util.Collections$SetFromMap.remove(Ljava/lang/Object;)Z @ 5 c2
Event: 2387654.399 Thread 0x000000002339d000 Uncommon trap: reason=bimorphic_or_optimized_type_check action=maybe_recompile pc=0x00000000125f6dfc method=java.util.Collections$SetFromMap.remove(Ljava/lang/Object;)Z @ 5 c2
Event: 2387654.399 Thread 0x000000002339d000 Uncommon trap: reason=bimorphic_or_optimized_type_check action=maybe_recompile pc=0x00000000125f6dfc method=java.util.Collections$SetFromMap.remove(Ljava/lang/Object;)Z @ 5 c2
Event: 2387654.421 Thread 0x000000002339d000 Uncommon trap: reason=bimorphic_or_optimized_type_check action=maybe_recompile pc=0x00000000125f6dfc method=java.util.Collections$SetFromMap.remove(Ljava/lang/Object;)Z @ 5 c2

Classes redefined (0 events):
No events

Internal exceptions (10 events):
Event: 2387649.246 Thread 0x00000000239bd800 Exception <a 'sun/nio/fs/WindowsException'{0x0000000098fd66b0}> (0x0000000098fd66b0) thrown at [t:/workspace/open/src/hotspot/share/prims/jni.cpp, line 615]
Event: 2387649.345 Thread 0x000000000265f800 Exception <a 'java/lang/NoSuchMethodError'{0x0000000098e55658}: java.lang.invoke.DelegatingMethodHandle$Holder.reinvoke_L(Ljava/lang/Object;Ljava/lang/Object;J)Ljava/lang/Object;> (0x0000000098e55658) thrown at [t:/workspace/open/src/hotspot/share/interpr
Event: 2387649.523 Thread 0x000000000265f800 Exception <a 'java/lang/NoSuchMethodError'{0x0000000098d37690}: java.lang.invoke.DirectMethodHandle$Holder.invokeVirtual(Ljava/lang/Object;Ljava/lang/Object;J)V> (0x0000000098d37690) thrown at [t:/workspace/open/src/hotspot/share/interpreter/linkResolver.
Event: 2387649.524 Thread 0x000000000265f800 Exception <a 'java/lang/NoSuchMethodError'{0x0000000098d3d718}: java.lang.invoke.DirectMethodHandle$Holder.invokeStatic(Ljava/lang/Object;Ljava/lang/Object;Ljava/lang/Object;ILjava/lang/Object;)V> (0x0000000098d3d718) thrown at [t:/workspace/open/src/hots
Event: 2387650.330 Thread 0x000000000265f800 Exception <a 'java/lang/NoSuchMethodError'{0x00000000987fd2e8}: java.lang.invoke.DirectMethodHandle$Holder.invokeStaticInit(Ljava/lang/Object;)V> (0x00000000987fd2e8) thrown at [t:/workspace/open/src/hotspot/share/interpreter/linkResolver.cpp, line 772]
Event: 2387650.423 Thread 0x000000000265f800 Exception <a 'java/lang/NoSuchMethodError'{0x0000000098450d28}: java.lang.invoke.DirectMethodHandle$Holder.invokeSpecial(Ljava/lang/Object;Ljava/lang/Object;IIILjava/lang/Object;Ljava/lang/Object;J)Ljava/lang/Object;> (0x0000000098450d28) thrown at [t:/wo
Event: 2387650.424 Thread 0x000000000265f800 Exception <a 'java/lang/NoSuchMethodError'{0x0000000098454250}: java.lang.invoke.DelegatingMethodHandle$Holder.reinvoke_L(Ljava/lang/Object;IIILjava/lang/Object;Ljava/lang/Object;J)Ljava/lang/Object;> (0x0000000098454250) thrown at [t:/workspace/open/src/
Event: 2387651.839 Thread 0x00000000239bd800 Exception <a 'sun/nio/fs/WindowsException'{0x0000000098fd6720}> (0x0000000098fd6720) thrown at [t:/workspace/open/src/hotspot/share/prims/jni.cpp, line 615]
Event: 2387651.839 Thread 0x00000000239bd800 Exception <a 'sun/nio/fs/WindowsException'{0x0000000098fd6790}> (0x0000000098fd6790) thrown at [t:/workspace/open/src/hotspot/share/prims/jni.cpp, line 615]
Event: 2387651.879 Thread 0x000000000265f800 Exception <a 'java/lang/NoSuchMethodError'{0x00000000980b2a28}: java.lang.invoke.DirectMethodHandle$Holder.invokeStaticInit(Ljava/lang/Object;Ljava/lang/Object;Ljava/lang/Object;Ljava/lang/Object;Ljava/lang/Object;)Ljava/lang/Object;> (0x00000000980b2a28)

Events (10 events):
Event: 2387654.421 Thread 0x000000002339d000 DEOPT UNPACKING pc=0x000000000a988f2f sp=0x000000002a85ef98 mode 2
Event: 2387654.421 Executing VM operation: RevokeBias
Event: 2387654.421 Executing VM operation: RevokeBias done
Event: 2387654.421 Thread 0x000000002339d000 Thread exited: 0x000000002339d000
Event: 2387654.421 Executing VM operation: RevokeBias
Event: 2387654.421 Executing VM operation: RevokeBias done
Event: 2387654.421 Thread 0x000000002533e000 Thread exited: 0x000000002533e000
Event: 2387654.785 Thread 0x000000002533e000 Thread added: 0x000000002533e000
Event: 2387654.785 Thread 0x000000002533e000 Thread exited: 0x000000002533e000
Event: 2387654.987 Thread 0x000000002533e000 Thread added: 0x000000002533e000


Dynamic libraries:
0x00007ff65b190000 - 0x00007ff65b1b0000 	D:\Fax\KONACNI NOSQL\neo4j-community-4.0.0\bin\tools\prunsrv-amd64.exe
0x00007ffef5da0000 - 0x00007ffef5f90000 	C:\WINDOWS\SYSTEM32\ntdll.dll
0x00007ffef5200000 - 0x00007ffef52b2000 	C:\WINDOWS\System32\KERNEL32.DLL
0x00007ffef2db0000 - 0x00007ffef3054000 	C:\WINDOWS\System32\KERNELBASE.dll
0x00007ffef4770000 - 0x00007ffef4813000 	C:\WINDOWS\System32\ADVAPI32.dll
0x00007ffef5b60000 - 0x00007ffef5bfe000 	C:\WINDOWS\System32\msvcrt.dll
0x00007ffef48f0000 - 0x00007ffef4987000 	C:\WINDOWS\System32\sechost.dll
0x00007ffef4fe0000 - 0x00007ffef5100000 	C:\WINDOWS\System32\RPCRT4.dll
0x00007ffef52f0000 - 0x00007ffef59d4000 	C:\WINDOWS\System32\SHELL32.dll
0x00007ffef39b0000 - 0x00007ffef3aaa000 	C:\WINDOWS\System32\ucrtbase.dll
0x00007ffef3da0000 - 0x00007ffef3dea000 	C:\WINDOWS\System32\cfgmgr32.dll
0x00007ffef5a00000 - 0x00007ffef5aa9000 	C:\WINDOWS\System32\shcore.dll
0x00007ffef3e50000 - 0x00007ffef4186000 	C:\WINDOWS\System32\combase.dll
0x00007ffef37e0000 - 0x00007ffef3860000 	C:\WINDOWS\System32\bcryptPrimitives.dll
0x00007ffef3060000 - 0x00007ffef37de000 	C:\WINDOWS\System32\windows.storage.dll
0x00007ffef3d00000 - 0x00007ffef3d9e000 	C:\WINDOWS\System32\msvcp_win.dll
0x00007ffef2ce0000 - 0x00007ffef2d03000 	C:\WINDOWS\System32\profapi.dll
0x00007ffef2c70000 - 0x00007ffef2cba000 	C:\WINDOWS\System32\powrprof.dll
0x00007ffef2c60000 - 0x00007ffef2c70000 	C:\WINDOWS\System32\UMPDC.dll
0x00007ffef5100000 - 0x00007ffef5152000 	C:\WINDOWS\System32\shlwapi.dll
0x00007ffef4ad0000 - 0x00007ffef4af6000 	C:\WINDOWS\System32\GDI32.dll
0x00007ffef2d50000 - 0x00007ffef2d71000 	C:\WINDOWS\System32\win32u.dll
0x00007ffef3b60000 - 0x00007ffef3cf4000 	C:\WINDOWS\System32\gdi32full.dll
0x00007ffef4270000 - 0x00007ffef4404000 	C:\WINDOWS\System32\USER32.dll
0x00007ffef2cc0000 - 0x00007ffef2cd1000 	C:\WINDOWS\System32\kernel.appcore.dll
0x00007ffef2d30000 - 0x00007ffef2d47000 	C:\WINDOWS\System32\cryptsp.dll
0x00007ffed5950000 - 0x00007ffed6492000 	C:\Program Files\Java\jdk-11\bin\server\jvm.dll
0x00007ffef4700000 - 0x00007ffef4708000 	C:\WINDOWS\System32\PSAPI.DLL
0x00007ffee8230000 - 0x00007ffee8239000 	C:\WINDOWS\SYSTEM32\WSOCK32.dll
0x00007ffef4690000 - 0x00007ffef46ff000 	C:\WINDOWS\System32\WS2_32.dll
0x00007ffee9460000 - 0x00007ffee9484000 	C:\WINDOWS\SYSTEM32\WINMM.dll
0x00007ffeed9f0000 - 0x00007ffeed9fa000 	C:\WINDOWS\SYSTEM32\VERSION.dll
0x00007ffedb0d0000 - 0x00007ffedb0e9000 	C:\WINDOWS\SYSTEM32\VCRUNTIME140.dll
0x00007ffee9430000 - 0x00007ffee945d000 	C:\WINDOWS\SYSTEM32\WINMMBASE.dll
0x00007ffed5930000 - 0x00007ffed5941000 	C:\Program Files\Java\jdk-11\bin\verify.dll
0x00007ffeeb700000 - 0x00007ffeeb8f4000 	C:\WINDOWS\SYSTEM32\DBGHELP.DLL
0x00007ffeeb6d0000 - 0x00007ffeeb6fa000 	C:\WINDOWS\SYSTEM32\dbgcore.DLL
0x00007ffed5900000 - 0x00007ffed5929000 	C:\Program Files\Java\jdk-11\bin\java.dll
0x00007ffed57f0000 - 0x00007ffed5806000 	C:\Program Files\Java\jdk-11\bin\zip.dll
0x00007ffed57e0000 - 0x00007ffed57ea000 	C:\Program Files\Java\jdk-11\bin\jimage.dll
0x00007ffed3dc0000 - 0x00007ffed3dd9000 	C:\Program Files\Java\jdk-11\bin\net.dll
0x00007ffeeea90000 - 0x00007ffeeeb80000 	C:\WINDOWS\SYSTEM32\WINHTTP.dll
0x00007ffef24d0000 - 0x00007ffef2537000 	C:\WINDOWS\system32\mswsock.dll
0x00007ffed3da0000 - 0x00007ffed3db3000 	C:\Program Files\Java\jdk-11\bin\nio.dll
0x00007ffed2090000 - 0x00007ffed2099000 	C:\Program Files\Java\jdk-11\bin\management.dll
0x00007ffed2080000 - 0x00007ffed208c000 	C:\Program Files\Java\jdk-11\bin\management_ext.dll
0x00007ffedc7d0000 - 0x00007ffedc7e6000 	C:\WINDOWS\system32\napinsp.dll
0x00007ffedc7b0000 - 0x00007ffedc7ca000 	C:\WINDOWS\system32\pnrpnsp.dll
0x00007ffef2220000 - 0x00007ffef22eb000 	C:\WINDOWS\SYSTEM32\DNSAPI.dll
0x00007ffef5160000 - 0x00007ffef5168000 	C:\WINDOWS\System32\NSI.dll
0x00007ffef21e0000 - 0x00007ffef221a000 	C:\WINDOWS\SYSTEM32\IPHLPAPI.DLL
0x00007ffedc380000 - 0x00007ffedc38e000 	C:\WINDOWS\System32\winrnr.dll
0x00007ffeebff0000 - 0x00007ffeec00c000 	C:\WINDOWS\system32\NLAapi.dll
0x00007ffedc360000 - 0x00007ffedc375000 	C:\WINDOWS\system32\wshbth.dll
0x00007ffee8730000 - 0x00007ffee873a000 	C:\Windows\System32\rasadhlp.dll
0x00007ffeeafe0000 - 0x00007ffeeb057000 	C:\WINDOWS\System32\fwpuclnt.dll
0x00007ffef2d80000 - 0x00007ffef2da6000 	C:\WINDOWS\System32\bcrypt.dll
0x00007ffeeb270000 - 0x00007ffeeb286000 	C:\WINDOWS\SYSTEM32\dhcpcsvc6.DLL
0x00007ffeeb250000 - 0x00007ffeeb26c000 	C:\WINDOWS\SYSTEM32\dhcpcsvc.DLL
0x00007ffef2040000 - 0x00007ffef2073000 	C:\WINDOWS\system32\rsaenh.dll
0x00007ffef26a0000 - 0x00007ffef26ac000 	C:\WINDOWS\SYSTEM32\CRYPTBASE.dll

dbghelp: loaded successfully - version: 4.0.5 - missing functions: none
symbol engine: initialized successfully - sym options: 0x614 - pdb path: .;D:\Fax\KONACNI NOSQL\neo4j-community-4.0.0\bin\tools;C:\WINDOWS\SYSTEM32;C:\Program Files\Java\jdk-11\bin\server;C:\Program Files\Java\jdk-11\bin

VM Arguments:
jvm_args: -XX:+UnlockExperimentalVMOptions -XX:-OmitStackTraceInFastThrow -XX:+TrustFinalNonStaticFields -Dio.netty.tryReflectionSetAccessible=true -Dfile.encoding=UTF-8 -XX:+AlwaysPreTouch -Djdk.tls.ephemeralDHKeySize=2048 -Djdk.nio.maxCachedBufferSize=262144 -XX:+DisableExplicitGC -XX:+UseG1GC -Djdk.tls.rejectClientInitiatedRenegotiation=true exit abort 
java_command: <unknown>
java_class_path (initial): lib/activation-1.1.1.jar;lib/annotations-4.0.0.jar;lib/bcpkix-jdk15on-1.63.jar;lib/bcprov-jdk15on-1.63.jar;lib/caffeine-2.8.0.jar;lib/commons-beanutils-1.9.4.jar;lib/commons-collections-3.2.2.jar;lib/commons-compress-1.19.jar;lib/commons-configuration-1.10.jar;lib/commons-io-2.6.jar;lib/commons-lang-2.6.jar;lib/commons-lang3-3.9.jar;lib/commons-logging-1.2.jar;lib/commons-text-1.7.jar;lib/eclipse-collections-10.0.0.jar;lib/eclipse-collections-api-10.0.0.jar;lib/FastInfoset-1.2.16.jar;lib/hk2-api-2.5.0.jar;lib/hk2-locator-2.5.0.jar;lib/hk2-utils-2.5.0.jar;lib/istack-commons-runtime-3.0.8.jar;lib/jackson-annotations-2.10.0.jar;lib/jackson-core-2.10.0.jar;lib/jackson-databind-2.10.0.jar;lib/jackson-jaxrs-base-2.10.0.jar;lib/jackson-jaxrs-json-provider-2.10.0.jar;lib/jackson-module-jaxb-annotations-2.10.0.jar;lib/jakarta.activation-1.2.1.jar;lib/jakarta.activation-api-1.2.1.jar;lib/jakarta.annotation-api-1.3.4.jar;lib/jakarta.inject-2.5.0.jar;lib/jakarta.ws.rs-api-2.1.5.jar;lib/jakarta.xml.bind-api-2.3.2.jar;lib/javassist-3.22.0-CR2.jar;lib/javax.servlet-api-3.1.0.jar;lib/javax.ws.rs-api-2.1.1.jar;lib/jaxb-api-2.3.0.jar;lib/jaxb-runtime-2.3.2.jar;lib/jctools-core-2.1.2.jar;lib/jersey-client-2.29.jar;lib/jersey-common-2.29.jar;lib/jersey-container-servlet-2.29.jar;lib/jersey-container-servlet-core-2.29.jar;lib/jersey-hk2-2.29.jar;lib/jersey-media-jaxb-2.29.jar;lib/jersey-server-2.29.jar;lib/jetty-http-9.4.17.v20190418.jar;lib/jetty-io-9.4.17.v20190418.jar;lib/jetty-security-9.4.17.v20190418.jar;lib/jetty-server-9.4.17.v20190418.jar;lib/jetty-servlet-9.4.17.v20190418.jar;lib/jetty-util-9.4.17.v20190418.jar;lib/jetty-webapp-9.4.17.v20190418.jar;lib/jetty-xml-9.4.17.v20190418.jar;lib/jna-5.4.0.jar;lib/jPowerShell-3.0.jar;lib/jProcesses-1.6.5.jar;lib/lucene-analyzers-common-8.2.0.jar;lib/lucene-codecs-8.2.0.jar;lib/lucene-core-8.2.0.jar;lib/lucene-queryparser-8.2.0.jar;lib/neo4j-4.0.0.jar;lib/neo4j-ast-4.0-4.0.0.jar;lib/neo4j-batch-insert-4.0.0.j
Launcher Type: generic

[Global flags]
     bool AlwaysPreTouch                           = true                                      {product} {command line}
     intx CICompilerCount                          = 3                                         {product} {ergonomic}
     uint ConcGCThreads                            = 1                                         {product} {ergonomic}
     bool DisableExplicitGC                        = true                                      {product} {command line}
     uint G1ConcRefinementThreads                  = 4                                         {product} {ergonomic}
   size_t G1HeapRegionSize                         = 1048576                                   {product} {ergonomic}
    uintx GCDrainStackTargetSize                   = 64                                        {product} {ergonomic}
   size_t InitialHeapSize                          = 134217728                                 {product} {ergonomic}
   size_t MarkStackSize                            = 4194304                                   {product} {ergonomic}
   size_t MaxHeapSize                              = 2124414976                                {product} {ergonomic}
   size_t MaxNewSize                               = 1274019840                                {product} {ergonomic}
   size_t MinHeapDeltaBytes                        = 1048576                                   {product} {ergonomic}
    uintx NonNMethodCodeHeapSize                   = 5830092                                {pd product} {ergonomic}
    uintx NonProfiledCodeHeapSize                  = 122914074                              {pd product} {ergonomic}
     bool OmitStackTraceInFastThrow                = false                                     {product} {command line}
    uintx ProfiledCodeHeapSize                     = 122914074                              {pd product} {ergonomic}
    uintx ReservedCodeCacheSize                    = 251658240                              {pd product} {ergonomic}
     bool SegmentedCodeCache                       = true                                      {product} {ergonomic}
     bool TrustFinalNonStaticFields                = true                                 {experimental} {command line}
     bool UnlockExperimentalVMOptions              = true                                 {experimental} {command line}
     bool UseCompressedClassPointers               = true                                 {lp64_product} {ergonomic}
     bool UseCompressedOops                        = true                                 {lp64_product} {ergonomic}
     bool UseFastUnorderedTimeStamps               = true                                 {experimental} {ergonomic}
     bool UseG1GC                                  = true                                      {product} {command line}
     bool UseLargePagesIndividualAllocation        = false                                  {pd product} {ergonomic}

Logging:
Log output configuration:
 #0: stdout all=warning uptime,level,tags
 #1: stderr all=off uptime,level,tags

Environment Variables:
PATH=C:\Program Files\Java\jdk-11\bin;C:\Program Files\Java\jdk-11\bin;C:\WINDOWS\system32;C:\WINDOWS;C:\WINDOWS\System32\Wbem;C:\WINDOWS\System32\WindowsPowerShell\v1.0\;C:\Program Files (x86)\NVIDIA Corporation\PhysX\Common;C:\Program Files (x86)\Microsoft SQL Server\100\Tools\Binn\;C:\Program Files\Microsoft SQL Server\100\Tools\Binn\;C:\Program Files\Microsoft SQL Server\100\DTS\Binn\;C:\WINDOWS\system32;C:\WINDOWS;C:\WINDOWS\System32\Wbem;C:\WINDOWS\System32\WindowsPowerShell\v1.0\;C:\WINDOWS\System32\OpenSSH\;C:\Program Files\NVIDIA Corporation\NVIDIA NvDLISR;C:\Program Files\PuTTY\;C:\Program Files\nodejs\;C:\Program Files (x86)\Common Files\Acronis\VirtualFile\;C:\Program Files (x86)\Common Files\Acronis\VirtualFile64\;C:\Program Files (x86)\Common Files\Acronis\SnapAPI\;C:\Program Files\Crucial\Crucial Storage Executive;D:\instalacija\Git\cmd;C:\WINDOWS\system32\config\systemprofile\AppData\Local\Microsoft\WindowsApps
USERNAME=JELENA-PC$
OS=Windows_NT
PROCESSOR_IDENTIFIER=Intel64 Family 6 Model 78 Stepping 3, GenuineIntel



---------------  S Y S T E M  ---------------

OS: Windows 10 , 64 bit Build 18362 (10.0.18362.778)

CPU:total 4 (initial active 4) (2 cores per cpu, 2 threads per core) family 6 model 78 stepping 3, cmov, cx8, fxsr, mmx, sse, sse2, sse3, ssse3, sse4.1, sse4.2, popcnt, avx, avx2, aes, clmul, erms, rtm, 3dnowpref, lzcnt, ht, tsc, tscinvbit, bmi1, bmi2, adx, fma

Memory: 4k page, system-wide physical 8098M (5061M free)
TotalPageFile size 10786M (AvailPageFile size 6731M)
current process WorkingSet (physical memory assigned to process): 434M, peak: 459M
current process commit charge ("private bytes"): 595M, peak: 611M

vm_info: Java HotSpot(TM) 64-Bit Server VM (11+28) for windows-amd64 JRE (11+28), built on Aug 23 2018 03:03:59 by "mach5one" with MS VC++ 15.5 (VS2017)

END.
