#
# A fatal error has been detected by the Java Runtime Environment:
#
#  EXCEPTION_ACCESS_VIOLATION (0xc0000005) at pc=0x00007ff896555e98, pid=4508, tid=5844
#
# JRE version: Java(TM) SE Runtime Environment (11.0+28) (build 11+28)
# Java VM: Java HotSpot(TM) 64-Bit Server VM (11+28, mixed mode, tiered, compressed oops, g1 gc, windows-amd64)
# Problematic frame:
# V  [jvm.dll+0x2e5e98]
#
# No core dump will be written. Minidumps are not enabled by default on client versions of Windows
#
# If you would like to submit a bug report, please visit:
#   http://bugreport.java.com/bugreport/crash.jsp
#

---------------  S U M M A R Y ------------

Command Line: -XX:+UnlockExperimentalVMOptions -XX:-OmitStackTraceInFastThrow -XX:+TrustFinalNonStaticFields -Dio.netty.tryReflectionSetAccessible=true -Dfile.encoding=UTF-8 -XX:+AlwaysPreTouch -Djdk.tls.ephemeralDHKeySize=2048 -Djdk.nio.maxCachedBufferSize=262144 -XX:+DisableExplicitGC -XX:+UseG1GC -Djdk.tls.rejectClientInitiatedRenegotiation=true exit abort 

Host: Intel(R) Core(TM) i3-6100U CPU @ 2.30GHz, 4 cores, 7G,  Windows 10 , 64 bit Build 18362 (10.0.18362.329)
Time: Fri Mar 13 01:33:28 2020 Central Europe Standard Time elapsed time: 225570 seconds (2d 14h 39m 30s)

---------------  T H R E A D  ---------------

Current thread (0x0000000001fac800):  GCTaskThread "GC Thread#0" [stack: 0x0000000001910000,0x0000000001a10000] [id=5844]

Stack: [0x0000000001910000,0x0000000001a10000],  sp=0x0000000001a0e460,  free space=1017k
Native frames: (J=compiled Java code, j=interpreted, Vv=VM code, C=native code)
V  [jvm.dll+0x2e5e98]
V  [jvm.dll+0x73ca98]
V  [jvm.dll+0x6a267d]
V  [jvm.dll+0x73d37c]
V  [jvm.dll+0x6a36f4]
V  [jvm.dll+0x7ab4f0]
V  [jvm.dll+0x63b2c2]
C  [ucrtbase.dll+0x20e72]
C  [KERNEL32.DLL+0x17bd4]
C  [ntdll.dll+0x6ced1]


siginfo: EXCEPTION_ACCESS_VIOLATION (0xc0000005), reading address 0x0000000000000000


Register to memory mapping:

RIP=0x00007ff896555e98 jvm.dll
RAX=0x0 is NULL
RBX=0x0000000001a0e4c0 points into unknown readable memory
RCX=0x0 is NULL
RDX=0x0000000000000003 is an unknown value
RSP=0x0000000001a0e460 points into unknown readable memory
RBP=0x000000000172e900 is pointing into the stack for thread: 0x000000000097a000
RSI=0x0000000001a0e520 points into unknown readable memory
RDI=0x0000000001a0e4f0 points into unknown readable memory
R8 =0x0 is NULL
R9 =0x0000000000000003 is an unknown value
R10=0x00000000008b2070 points into unknown readable memory
R11=0x0000000001a0e410 points into unknown readable memory
R12=0x000000000000001c is an unknown value
R13=0x0000000000000001 is an unknown value
R14=0x000000000097a000 is a thread
R15=0x000000002151f768 points into unknown readable memory


Registers:
RAX=0x0000000000000000, RBX=0x0000000001a0e4c0, RCX=0x0000000000000000, RDX=0x0000000000000003
RSP=0x0000000001a0e460, RBP=0x000000000172e900, RSI=0x0000000001a0e520, RDI=0x0000000001a0e4f0
R8 =0x0000000000000000, R9 =0x0000000000000003, R10=0x00000000008b2070, R11=0x0000000001a0e410
R12=0x000000000000001c, R13=0x0000000000000001, R14=0x000000000097a000, R15=0x000000002151f768
RIP=0x00007ff896555e98, EFLAGS=0x0000000000010246

Top of Stack: (sp=0x0000000001a0e460)
0x0000000001a0e460:   0000000001a0e4c0 000000000172e900
0x0000000001a0e470:   0000000001a0e520 0000000000000000
0x0000000001a0e480:   000000002151f768 0000000000000000
0x0000000001a0e490:   00007ff896c93fe8 00007ff8969aca98
0x0000000001a0e4a0:   0000000000000002 000000000097a000
0x0000000001a0e4b0:   000000002151f768 0000000000000000
0x0000000001a0e4c0:   000000000172e900 0000000000000000
0x0000000001a0e4d0:   0000000000000000 0000000000000000
0x0000000001a0e4e0:   0000000000000000 000000000172e900
0x0000000001a0e4f0:   000000000172e890 000000001201287b
0x0000000001a0e500:   0000000012012690 0000000000000000
0x0000000001a0e510:   0000000000000000 000000000172e890
0x0000000001a0e520:   000000000172e788 000000000172e78c
0x0000000001a0e530:   000000000172e780 000000000172e784
0x0000000001a0e540:   000000000172e778 000000000172e77c
0x0000000001a0e550:   000000000172e770 000000000172e774 

Instructions: (pc=0x00007ff896555e98)
0x00007ff896555e78:   4b 08 e8 11 49 f1 ff 48 8b cb 48 89 43 10 e8 25
0x00007ff896555e88:   f5 ff ff 48 85 c0 0f 85 e3 00 00 00 48 8b 4b 10
0x00007ff896555e98:   48 8b 01 ff 50 20 33 c9 84 c0 0f 95 c1 e9 da 00
0x00007ff896555ea8:   00 00 48 8b 57 10 48 85 d2 0f 84 8c 00 00 00 41 



---------------  P R O C E S S  ---------------

Threads class SMR info:
_java_thread_list=0x0000000024d499b0, length=28, elements={
0x000000000097a000, 0x0000000021020800, 0x0000000021021800, 0x0000000021030800,
0x0000000021032000, 0x000000002107e800, 0x00000000210c8000, 0x00000000210e1800,
0x00000000211f2000, 0x0000000021204800, 0x000000002308c000, 0x000000002328a800,
0x0000000022eb2800, 0x0000000023003000, 0x00000000247fa800, 0x0000000027bd6800,
0x00000000247fc000, 0x0000000027bce800, 0x0000000027bd6000, 0x00000000240de800,
0x00000000240e2800, 0x00000000240e2000, 0x00000000240e1000, 0x00000000240df800,
0x00000000240e3800, 0x00000000240e5000, 0x00000000240e0000, 0x00000000240e4000
}

Java Threads: ( => current thread )
  0x000000000097a000 JavaThread "main" [_thread_blocked, id=5796, stack(0x0000000001630000,0x0000000001730000)]
  0x0000000021020800 JavaThread "Reference Handler" daemon [_thread_blocked, id=5964, stack(0x0000000021520000,0x0000000021620000)]
  0x0000000021021800 JavaThread "Finalizer" daemon [_thread_blocked, id=5968, stack(0x0000000021620000,0x0000000021720000)]
  0x0000000021030800 JavaThread "Signal Dispatcher" daemon [_thread_blocked, id=5988, stack(0x0000000021820000,0x0000000021920000)]
  0x0000000021032000 JavaThread "Attach Listener" daemon [_thread_blocked, id=5992, stack(0x0000000021920000,0x0000000021a20000)]
  0x000000002107e800 JavaThread "C2 CompilerThread0" daemon [_thread_blocked, id=5996, stack(0x0000000021a20000,0x0000000021b20000)]
  0x00000000210c8000 JavaThread "C1 CompilerThread0" daemon [_thread_blocked, id=6004, stack(0x0000000021b20000,0x0000000021c20000)]
  0x00000000210e1800 JavaThread "Sweeper thread" daemon [_thread_blocked, id=6012, stack(0x0000000021c20000,0x0000000021d20000)]
  0x00000000211f2000 JavaThread "Service Thread" daemon [_thread_blocked, id=6112, stack(0x0000000021d20000,0x0000000021e20000)]
  0x0000000021204800 JavaThread "Common-Cleaner" daemon [_thread_blocked, id=4240, stack(0x0000000021f20000,0x0000000022020000)]
  0x000000002308c000 JavaThread "neo4j.Scheduler-1" daemon [_thread_blocked, id=6936, stack(0x00000000239f0000,0x0000000023af0000)]
  0x000000002328a800 JavaThread "Cleaner-0" daemon [_thread_blocked, id=6944, stack(0x00000000255c0000,0x00000000256c0000)]
  0x0000000022eb2800 JavaThread "FileSystemWatchService" daemon [_thread_in_native, id=7048, stack(0x00000000265a0000,0x00000000266a0000)]
  0x0000000023003000 JavaThread "MuninnPageCache[1]-EvictionTask" daemon [_thread_blocked, id=7056, stack(0x00000000266a0000,0x00000000267a0000)]
  0x00000000247fa800 JavaThread "neo4j.VmPauseMonitor-1" daemon [_thread_blocked, id=6024, stack(0x0000000028ab0000,0x0000000028bb0000)]
  0x0000000027bd6800 JavaThread "neo4j.ServerTransactionTimeout-2" daemon [_thread_blocked, id=2872, stack(0x000000002a7d0000,0x000000002a8d0000)]
  0x00000000247fc000 JavaThread "neo4j.CheckPoint-4" daemon [_thread_blocked, id=496, stack(0x00000000297c0000,0x00000000298c0000)]
  0x0000000027bce800 JavaThread "neo4j.IndexSampling-7" daemon [_thread_blocked, id=12428, stack(0x00000000298c0000,0x00000000299c0000)]
  0x0000000027bd6000 JavaThread "neo4j.TransactionTimeoutMonitor-10" daemon [_thread_blocked, id=1220, stack(0x000000002d9c0000,0x000000002dac0000)]
  0x00000000240de800 JavaThread "neo4j.StorageMaintenance-11" daemon [_thread_blocked, id=924, stack(0x000000002ddc0000,0x000000002dec0000)]
  0x00000000240e2800 JavaThread "neo4j.BoltNetworkIO-2" [_thread_blocked, id=13796, stack(0x0000000000f00000,0x0000000001000000)]
  0x00000000240e2000 JavaThread "neo4j.BoltNetworkIO-3" [_thread_blocked, id=13680, stack(0x0000000001530000,0x0000000001630000)]
  0x00000000240e1000 JavaThread "neo4j.BoltNetworkIO-4" [_thread_blocked, id=2532, stack(0x0000000023af0000,0x0000000023bf0000)]
  0x00000000240df800 JavaThread "neo4j.BoltNetworkIO-5" [_thread_blocked, id=13684, stack(0x00000000275a0000,0x00000000276a0000)]
  0x00000000240e3800 JavaThread "neo4j.BoltNetworkIO-6" [_thread_blocked, id=11948, stack(0x00000000276a0000,0x00000000277a0000)]
  0x00000000240e5000 JavaThread "neo4j.BoltNetworkIO-7" [_thread_blocked, id=15224, stack(0x00000000277a0000,0x00000000278a0000)]
  0x00000000240e0000 JavaThread "neo4j.BoltNetworkIO-8" [_thread_blocked, id=7416, stack(0x00000000278a0000,0x00000000279a0000)]
  0x00000000240e4000 JavaThread "DestroyJavaVM" [_thread_blocked, id=13448, stack(0x0000000001630000,0x0000000001730000)]

Other Threads:
  0x000000002061e800 VMThread "VM Thread" [stack: 0x0000000021420000,0x0000000021520000] [id=5948]
  0x0000000021200800 WatcherThread [stack: 0x0000000021e20000,0x0000000021f20000] [id=6132]
=>0x0000000001fac800 GCTaskThread "GC Thread#0" [stack: 0x0000000001910000,0x0000000001a10000] [id=5844]
  0x00000000226ec000 GCTaskThread "GC Thread#1" [stack: 0x0000000022820000,0x0000000022920000] [id=6448]
  0x0000000022673800 GCTaskThread "GC Thread#2" [stack: 0x0000000022920000,0x0000000022a20000] [id=6452]
  0x0000000024ae7800 GCTaskThread "GC Thread#3" [stack: 0x00000000290b0000,0x00000000291b0000] [id=7320]
  0x0000000001fde800 ConcurrentGCThread "G1 Main Marker" [stack: 0x000000001dde0000,0x000000001dee0000] [id=5848]
  0x0000000001fdf800 ConcurrentGCThread "G1 Conc#0" [stack: 0x000000001dee0000,0x000000001dfe0000] [id=5852]
  0x0000000020461800 ConcurrentGCThread "G1 Refine#0" [stack: 0x0000000020620000,0x0000000020720000] [id=5880]
  0x0000000020462800 ConcurrentGCThread "G1 Young RemSet Sampling" [stack: 0x0000000020720000,0x0000000020820000] [id=5884]

Threads with active compile tasks:

VM state:at safepoint (normal execution)

VM Mutex/Monitor currently owned by a thread:  ([mutex/lock_event])
[0x0000000001f983b0] Safepoint_lock - owner thread: 0x000000002061e800
[0x0000000001f97240] Threads_lock - owner thread: 0x000000002061e800

Heap address: 0x0000000081600000, size: 2026 MB, Compressed Oops mode: 32-bit
Narrow klass base: 0x0000000000000000, Narrow klass shift: 3
Compressed class space size: 1073741824 Address: 0x0000000100000000

Heap:
 garbage-first heap   total 131072K, used 64079K [0x0000000081600000, 0x0000000100000000)
  region size 1024K, 8 young (8192K), 1 survivors (1024K)
 Metaspace       used 63311K, capacity 65183K, committed 66124K, reserved 1105920K
  class space    used 8098K, capacity 8940K, committed 9292K, reserved 1048576K
Heap Regions: E=young(eden), S=young(survivor), O=old, HS=humongous(starts), HC=humongous(continues), CS=collection set, F=free, A=archive, TAMS=top-at-mark-start (previous, next)
|   0|0x0000000081600000, 0x0000000081700000, 0x0000000081700000|100%| O|  |TAMS 0x0000000081700000, 0x0000000081600000| Untracked 
|   1|0x0000000081700000, 0x0000000081800000, 0x0000000081800000|100%| O|  |TAMS 0x0000000081800000, 0x0000000081700000| Untracked 
|   2|0x0000000081800000, 0x0000000081900000, 0x0000000081900000|100%| O|  |TAMS 0x0000000081900000, 0x0000000081800000| Untracked 
|   3|0x0000000081900000, 0x0000000081a00000, 0x0000000081a00000|100%| O|  |TAMS 0x0000000081a00000, 0x0000000081900000| Untracked 
|   4|0x0000000081a00000, 0x0000000081b00000, 0x0000000081b00000|100%| O|  |TAMS 0x0000000081b00000, 0x0000000081a00000| Untracked 
|   5|0x0000000081b00000, 0x0000000081c00000, 0x0000000081c00000|100%| O|  |TAMS 0x0000000081c00000, 0x0000000081b00000| Untracked 
|   6|0x0000000081c00000, 0x0000000081c00000, 0x0000000081d00000|  0%| F|  |TAMS 0x0000000081c00000, 0x0000000081c00000| Untracked 
|   7|0x0000000081d00000, 0x0000000081e00000, 0x0000000081e00000|100%| O|  |TAMS 0x0000000081e00000, 0x0000000081d00000| Untracked 
|   8|0x0000000081e00000, 0x0000000081e00000, 0x0000000081f00000|  0%| F|  |TAMS 0x0000000081e00000, 0x0000000081e00000| Untracked 
|   9|0x0000000081f00000, 0x0000000082000000, 0x0000000082000000|100%| O|  |TAMS 0x0000000082000000, 0x0000000081f00000| Untracked 
|  10|0x0000000082000000, 0x0000000082100000, 0x0000000082100000|100%| O|  |TAMS 0x0000000082100000, 0x0000000082000000| Untracked 
|  11|0x0000000082100000, 0x0000000082200000, 0x0000000082200000|100%| O|  |TAMS 0x0000000082200000, 0x0000000082100000| Untracked 
|  12|0x0000000082200000, 0x0000000082200000, 0x0000000082300000|  0%| F|  |TAMS 0x0000000082200000, 0x0000000082200000| Untracked 
|  13|0x0000000082300000, 0x0000000082400000, 0x0000000082400000|100%| O|  |TAMS 0x0000000082400000, 0x0000000082300000| Untracked 
|  14|0x0000000082400000, 0x0000000082500000, 0x0000000082500000|100%| O|  |TAMS 0x0000000082500000, 0x0000000082400000| Untracked 
|  15|0x0000000082500000, 0x0000000082600000, 0x0000000082600000|100%| O|  |TAMS 0x0000000082600000, 0x0000000082500000| Untracked 
|  16|0x0000000082600000, 0x0000000082700000, 0x0000000082700000|100%| O|  |TAMS 0x0000000082700000, 0x0000000082600000| Untracked 
|  17|0x0000000082700000, 0x0000000082800000, 0x0000000082800000|100%| O|  |TAMS 0x0000000082800000, 0x0000000082700000| Untracked 
|  18|0x0000000082800000, 0x0000000082900000, 0x0000000082900000|100%| O|  |TAMS 0x0000000082900000, 0x0000000082800000| Untracked 
|  19|0x0000000082900000, 0x0000000082a00000, 0x0000000082a00000|100%| O|  |TAMS 0x0000000082a00000, 0x0000000082900000| Untracked 
|  20|0x0000000082a00000, 0x0000000082b00000, 0x0000000082b00000|100%| O|  |TAMS 0x0000000082b00000, 0x0000000082a00000| Untracked 
|  21|0x0000000082b00000, 0x0000000082c00000, 0x0000000082c00000|100%| O|  |TAMS 0x0000000082c00000, 0x0000000082b00000| Untracked 
|  22|0x0000000082c00000, 0x0000000082d00000, 0x0000000082d00000|100%| O|  |TAMS 0x0000000082d00000, 0x0000000082c00000| Untracked 
|  23|0x0000000082d00000, 0x0000000082e00000, 0x0000000082e00000|100%| O|  |TAMS 0x0000000082e00000, 0x0000000082d00000| Untracked 
|  24|0x0000000082e00000, 0x0000000082f00000, 0x0000000082f00000|100%| O|  |TAMS 0x0000000082f00000, 0x0000000082e00000| Untracked 
|  25|0x0000000082f00000, 0x0000000083000000, 0x0000000083000000|100%| O|  |TAMS 0x0000000083000000, 0x0000000082f00000| Untracked 
|  26|0x0000000083000000, 0x0000000083100000, 0x0000000083100000|100%| O|  |TAMS 0x0000000083100000, 0x0000000083000000| Untracked 
|  27|0x0000000083100000, 0x0000000083200000, 0x0000000083200000|100%| O|  |TAMS 0x0000000083200000, 0x0000000083100000| Untracked 
|  28|0x0000000083200000, 0x0000000083300000, 0x0000000083300000|100%| O|  |TAMS 0x0000000083300000, 0x0000000083200000| Untracked 
|  29|0x0000000083300000, 0x0000000083400000, 0x0000000083400000|100%| O|  |TAMS 0x0000000083400000, 0x0000000083300000| Untracked 
|  30|0x0000000083400000, 0x0000000083500000, 0x0000000083500000|100%| O|  |TAMS 0x0000000083500000, 0x0000000083400000| Untracked 
|  31|0x0000000083500000, 0x00000000835c7c00, 0x0000000083600000| 78%| O|  |TAMS 0x0000000083500000, 0x0000000083500000| Untracked 
|  32|0x0000000083600000, 0x0000000083700000, 0x0000000083700000|100%| O|  |TAMS 0x0000000083700000, 0x0000000083600000| Untracked 
|  33|0x0000000083700000, 0x0000000083800000, 0x0000000083800000|100%| O|  |TAMS 0x0000000083800000, 0x0000000083700000| Untracked 
|  34|0x0000000083800000, 0x0000000083900000, 0x0000000083900000|100%| O|  |TAMS 0x0000000083900000, 0x0000000083800000| Untracked 
|  35|0x0000000083900000, 0x0000000083a00000, 0x0000000083a00000|100%| O|  |TAMS 0x0000000083a00000, 0x0000000083900000| Untracked 
|  36|0x0000000083a00000, 0x0000000083b00000, 0x0000000083b00000|100%| O|  |TAMS 0x0000000083b00000, 0x0000000083a00000| Untracked 
|  37|0x0000000083b00000, 0x0000000083c00000, 0x0000000083c00000|100%| O|  |TAMS 0x0000000083c00000, 0x0000000083b00000| Untracked 
|  38|0x0000000083c00000, 0x0000000083d00000, 0x0000000083d00000|100%| O|  |TAMS 0x0000000083d00000, 0x0000000083c00000| Untracked 
|  39|0x0000000083d00000, 0x0000000083e00000, 0x0000000083e00000|100%| O|  |TAMS 0x0000000083e00000, 0x0000000083d00000| Untracked 
|  40|0x0000000083e00000, 0x0000000083f00000, 0x0000000083f00000|100%| O|  |TAMS 0x0000000083f00000, 0x0000000083e00000| Untracked 
|  41|0x0000000083f00000, 0x0000000084000000, 0x0000000084000000|100%| O|  |TAMS 0x0000000084000000, 0x0000000083f00000| Untracked 
|  42|0x0000000084000000, 0x0000000084100000, 0x0000000084100000|100%|HS|  |TAMS 0x0000000084100000, 0x0000000084000000| Complete 
|  43|0x0000000084100000, 0x0000000084200000, 0x0000000084200000|100%|HC|  |TAMS 0x0000000084200000, 0x0000000084100000| Complete 
|  44|0x0000000084200000, 0x0000000084300000, 0x0000000084300000|100%|HS|  |TAMS 0x0000000084300000, 0x0000000084200000| Complete 
|  45|0x0000000084300000, 0x0000000084400000, 0x0000000084400000|100%| O|  |TAMS 0x0000000084400000, 0x0000000084300000| Untracked 
|  46|0x0000000084400000, 0x0000000084500000, 0x0000000084500000|100%| O|  |TAMS 0x0000000084500000, 0x0000000084400000| Untracked 
|  47|0x0000000084500000, 0x0000000084600000, 0x0000000084600000|100%| O|  |TAMS 0x0000000084600000, 0x0000000084500000| Untracked 
|  48|0x0000000084600000, 0x0000000084700000, 0x0000000084700000|100%| O|  |TAMS 0x0000000084700000, 0x0000000084600000| Untracked 
|  49|0x0000000084700000, 0x0000000084800000, 0x0000000084800000|100%| O|  |TAMS 0x0000000084800000, 0x0000000084700000| Untracked 
|  50|0x0000000084800000, 0x0000000084900000, 0x0000000084900000|100%| O|  |TAMS 0x0000000084900000, 0x0000000084800000| Untracked 
|  51|0x0000000084900000, 0x0000000084a00000, 0x0000000084a00000|100%| O|  |TAMS 0x0000000084a00000, 0x0000000084900000| Untracked 
|  52|0x0000000084a00000, 0x0000000084b00000, 0x0000000084b00000|100%| O|  |TAMS 0x0000000084b00000, 0x0000000084a00000| Untracked 
|  53|0x0000000084b00000, 0x0000000084c00000, 0x0000000084c00000|100%| O|  |TAMS 0x0000000084c00000, 0x0000000084b00000| Untracked 
|  54|0x0000000084c00000, 0x0000000084d00000, 0x0000000084d00000|100%| O|  |TAMS 0x0000000084d00000, 0x0000000084c00000| Untracked 
|  55|0x0000000084d00000, 0x0000000084e00000, 0x0000000084e00000|100%| O|  |TAMS 0x0000000084e00000, 0x0000000084d00000| Untracked 
|  56|0x0000000084e00000, 0x0000000084f00000, 0x0000000084f00000|100%| O|  |TAMS 0x0000000084f00000, 0x0000000084e00000| Untracked 
|  57|0x0000000084f00000, 0x0000000085000000, 0x0000000085000000|100%| O|  |TAMS 0x0000000085000000, 0x0000000084f00000| Untracked 
|  58|0x0000000085000000, 0x0000000085100000, 0x0000000085100000|100%| O|  |TAMS 0x000000008503dc00, 0x0000000085000000| Untracked 
|  59|0x0000000085100000, 0x0000000085100000, 0x0000000085200000|  0%| F|  |TAMS 0x0000000085100000, 0x0000000085100000| Untracked 
|  60|0x0000000085200000, 0x0000000085200000, 0x0000000085300000|  0%| F|  |TAMS 0x0000000085200000, 0x0000000085200000| Untracked 
|  61|0x0000000085300000, 0x0000000085300000, 0x0000000085400000|  0%| F|  |TAMS 0x0000000085300000, 0x0000000085300000| Untracked 
|  62|0x0000000085400000, 0x0000000085400000, 0x0000000085500000|  0%| F|  |TAMS 0x0000000085400000, 0x0000000085400000| Untracked 
|  63|0x0000000085500000, 0x0000000085500000, 0x0000000085600000|  0%| F|  |TAMS 0x0000000085500000, 0x0000000085500000| Untracked 
|  64|0x0000000085600000, 0x0000000085600000, 0x0000000085700000|  0%| F|  |TAMS 0x0000000085600000, 0x0000000085600000| Untracked 
|  65|0x0000000085700000, 0x0000000085700000, 0x0000000085800000|  0%| F|  |TAMS 0x0000000085700000, 0x0000000085700000| Untracked 
|  66|0x0000000085800000, 0x0000000085800000, 0x0000000085900000|  0%| F|  |TAMS 0x0000000085800000, 0x0000000085800000| Untracked 
|  67|0x0000000085900000, 0x0000000085900000, 0x0000000085a00000|  0%| F|  |TAMS 0x0000000085900000, 0x0000000085900000| Untracked 
|  68|0x0000000085a00000, 0x0000000085a00000, 0x0000000085b00000|  0%| F|  |TAMS 0x0000000085a00000, 0x0000000085a00000| Untracked 
|  69|0x0000000085b00000, 0x0000000085b00000, 0x0000000085c00000|  0%| F|  |TAMS 0x0000000085b00000, 0x0000000085b00000| Untracked 
|  70|0x0000000085c00000, 0x0000000085c00000, 0x0000000085d00000|  0%| F|  |TAMS 0x0000000085c00000, 0x0000000085c00000| Untracked 
|  71|0x0000000085d00000, 0x0000000085d00000, 0x0000000085e00000|  0%| F|  |TAMS 0x0000000085d00000, 0x0000000085d00000| Untracked 
|  72|0x0000000085e00000, 0x0000000085ecc120, 0x0000000085f00000| 79%| S|CS|TAMS 0x0000000085e00000, 0x0000000085e00000| Complete 
|  73|0x0000000085f00000, 0x0000000085f00000, 0x0000000086000000|  0%| F|  |TAMS 0x0000000085f00000, 0x0000000085f00000| Untracked 
|  74|0x0000000086000000, 0x0000000086000000, 0x0000000086100000|  0%| F|  |TAMS 0x0000000086000000, 0x0000000086000000| Untracked 
|  75|0x0000000086100000, 0x0000000086100000, 0x0000000086200000|  0%| F|  |TAMS 0x0000000086100000, 0x0000000086100000| Untracked 
|  76|0x0000000086200000, 0x0000000086200000, 0x0000000086300000|  0%| F|  |TAMS 0x0000000086200000, 0x0000000086200000| Untracked 
|  77|0x0000000086300000, 0x0000000086300000, 0x0000000086400000|  0%| F|  |TAMS 0x0000000086300000, 0x0000000086300000| Untracked 
|  78|0x0000000086400000, 0x0000000086400000, 0x0000000086500000|  0%| F|  |TAMS 0x0000000086400000, 0x0000000086400000| Untracked 
|  79|0x0000000086500000, 0x0000000086500000, 0x0000000086600000|  0%| F|  |TAMS 0x0000000086500000, 0x0000000086500000| Untracked 
|  80|0x0000000086600000, 0x0000000086600000, 0x0000000086700000|  0%| F|  |TAMS 0x0000000086600000, 0x0000000086600000| Untracked 
|  81|0x0000000086700000, 0x0000000086700000, 0x0000000086800000|  0%| F|  |TAMS 0x0000000086700000, 0x0000000086700000| Untracked 
|  82|0x0000000086800000, 0x0000000086800000, 0x0000000086900000|  0%| F|  |TAMS 0x0000000086800000, 0x0000000086800000| Untracked 
|  83|0x0000000086900000, 0x0000000086900000, 0x0000000086a00000|  0%| F|  |TAMS 0x0000000086900000, 0x0000000086900000| Untracked 
|  84|0x0000000086a00000, 0x0000000086a00000, 0x0000000086b00000|  0%| F|  |TAMS 0x0000000086a00000, 0x0000000086a00000| Untracked 
|  85|0x0000000086b00000, 0x0000000086b00000, 0x0000000086c00000|  0%| F|  |TAMS 0x0000000086b00000, 0x0000000086b00000| Untracked 
|  86|0x0000000086c00000, 0x0000000086c00000, 0x0000000086d00000|  0%| F|  |TAMS 0x0000000086c00000, 0x0000000086c00000| Untracked 
|  87|0x0000000086d00000, 0x0000000086d00000, 0x0000000086e00000|  0%| F|  |TAMS 0x0000000086d00000, 0x0000000086d00000| Untracked 
|  88|0x0000000086e00000, 0x0000000086e00000, 0x0000000086f00000|  0%| F|  |TAMS 0x0000000086e00000, 0x0000000086e00000| Untracked 
|  89|0x0000000086f00000, 0x0000000086f00000, 0x0000000087000000|  0%| F|  |TAMS 0x0000000086f00000, 0x0000000086f00000| Untracked 
|  90|0x0000000087000000, 0x0000000087000000, 0x0000000087100000|  0%| F|  |TAMS 0x0000000087000000, 0x0000000087000000| Untracked 
|  91|0x0000000087100000, 0x0000000087100000, 0x0000000087200000|  0%| F|  |TAMS 0x0000000087100000, 0x0000000087100000| Untracked 
|  92|0x0000000087200000, 0x0000000087200000, 0x0000000087300000|  0%| F|  |TAMS 0x0000000087200000, 0x0000000087200000| Untracked 
|  93|0x0000000087300000, 0x0000000087300000, 0x0000000087400000|  0%| F|  |TAMS 0x0000000087300000, 0x0000000087300000| Untracked 
|  94|0x0000000087400000, 0x0000000087400000, 0x0000000087500000|  0%| F|  |TAMS 0x0000000087400000, 0x0000000087400000| Untracked 
|  95|0x0000000087500000, 0x0000000087500000, 0x0000000087600000|  0%| F|  |TAMS 0x0000000087500000, 0x0000000087500000| Untracked 
|  96|0x0000000087600000, 0x0000000087600000, 0x0000000087700000|  0%| F|  |TAMS 0x0000000087600000, 0x0000000087600000| Untracked 
|  97|0x0000000087700000, 0x0000000087700000, 0x0000000087800000|  0%| F|  |TAMS 0x0000000087700000, 0x0000000087700000| Untracked 
|  98|0x0000000087800000, 0x0000000087800000, 0x0000000087900000|  0%| F|  |TAMS 0x0000000087800000, 0x0000000087800000| Untracked 
|  99|0x0000000087900000, 0x0000000087900000, 0x0000000087a00000|  0%| F|  |TAMS 0x0000000087900000, 0x0000000087900000| Untracked 
| 100|0x0000000087a00000, 0x0000000087a00000, 0x0000000087b00000|  0%| F|  |TAMS 0x0000000087a00000, 0x0000000087a00000| Untracked 
| 101|0x0000000087b00000, 0x0000000087b00000, 0x0000000087c00000|  0%| F|  |TAMS 0x0000000087b00000, 0x0000000087b00000| Untracked 
| 102|0x0000000087c00000, 0x0000000087c00000, 0x0000000087d00000|  0%| F|  |TAMS 0x0000000087c00000, 0x0000000087c00000| Untracked 
| 103|0x0000000087d00000, 0x0000000087d00000, 0x0000000087e00000|  0%| F|  |TAMS 0x0000000087d00000, 0x0000000087d00000| Untracked 
| 104|0x0000000087e00000, 0x0000000087e00000, 0x0000000087f00000|  0%| F|  |TAMS 0x0000000087e00000, 0x0000000087e00000| Untracked 
| 105|0x0000000087f00000, 0x0000000087f00000, 0x0000000088000000|  0%| F|  |TAMS 0x0000000087f00000, 0x0000000087f00000| Untracked 
| 106|0x0000000088000000, 0x0000000088000000, 0x0000000088100000|  0%| F|  |TAMS 0x0000000088000000, 0x0000000088000000| Untracked 
| 107|0x0000000088100000, 0x0000000088100000, 0x0000000088200000|  0%| F|  |TAMS 0x0000000088100000, 0x0000000088100000| Untracked 
| 108|0x0000000088200000, 0x0000000088200000, 0x0000000088300000|  0%| F|  |TAMS 0x0000000088200000, 0x0000000088200000| Untracked 
| 109|0x0000000088300000, 0x0000000088300000, 0x0000000088400000|  0%| F|  |TAMS 0x0000000088300000, 0x0000000088300000| Untracked 
| 110|0x0000000088400000, 0x0000000088400000, 0x0000000088500000|  0%| F|  |TAMS 0x0000000088400000, 0x0000000088400000| Untracked 
| 111|0x0000000088500000, 0x0000000088500000, 0x0000000088600000|  0%| F|  |TAMS 0x0000000088500000, 0x0000000088500000| Untracked 
| 112|0x0000000088600000, 0x0000000088600000, 0x0000000088700000|  0%| F|  |TAMS 0x0000000088600000, 0x0000000088600000| Untracked 
| 113|0x0000000088700000, 0x0000000088700000, 0x0000000088800000|  0%| F|  |TAMS 0x0000000088700000, 0x0000000088700000| Untracked 
| 114|0x0000000088800000, 0x0000000088800000, 0x0000000088900000|  0%| F|  |TAMS 0x0000000088800000, 0x0000000088800000| Untracked 
| 115|0x0000000088900000, 0x0000000088900000, 0x0000000088a00000|  0%| F|  |TAMS 0x0000000088900000, 0x0000000088900000| Untracked 
| 116|0x0000000088a00000, 0x0000000088a00000, 0x0000000088b00000|  0%| F|  |TAMS 0x0000000088a00000, 0x0000000088a00000| Untracked 
| 117|0x0000000088b00000, 0x0000000088b00000, 0x0000000088c00000|  0%| F|  |TAMS 0x0000000088b00000, 0x0000000088b00000| Untracked 
| 118|0x0000000088c00000, 0x0000000088c00000, 0x0000000088d00000|  0%| F|  |TAMS 0x0000000088c00000, 0x0000000088c00000| Untracked 
| 119|0x0000000088d00000, 0x0000000088d00000, 0x0000000088e00000|  0%| F|  |TAMS 0x0000000088d00000, 0x0000000088d00000| Untracked 
| 120|0x0000000088e00000, 0x0000000088e00000, 0x0000000088f00000|  0%| F|  |TAMS 0x0000000088e00000, 0x0000000088e00000| Untracked 
| 121|0x0000000088f00000, 0x0000000088ffdb58, 0x0000000089000000| 99%| E|  |TAMS 0x0000000088f00000, 0x0000000088f00000| Complete 
| 122|0x0000000089000000, 0x0000000089100000, 0x0000000089100000|100%| E|CS|TAMS 0x0000000089000000, 0x0000000089000000| Complete 
| 123|0x0000000089100000, 0x0000000089200000, 0x0000000089200000|100%| E|CS|TAMS 0x0000000089100000, 0x0000000089100000| Complete 
| 124|0x0000000089200000, 0x0000000089300000, 0x0000000089300000|100%| E|CS|TAMS 0x0000000089200000, 0x0000000089200000| Complete 
| 125|0x0000000089300000, 0x0000000089400000, 0x0000000089400000|100%| E|CS|TAMS 0x0000000089300000, 0x0000000089300000| Complete 
| 126|0x0000000089400000, 0x0000000089500000, 0x0000000089500000|100%| E|CS|TAMS 0x0000000089400000, 0x0000000089400000| Complete 
| 127|0x0000000089500000, 0x0000000089600000, 0x0000000089600000|100%| E|CS|TAMS 0x0000000089500000, 0x0000000089500000| Complete 

Card table byte_map: [0x0000000019680000,0x0000000019a80000] _byte_map_base: 0x0000000019275000

Marking Bits (Prev, Next): (CMBitMap*) 0x0000000001fd59e8, (CMBitMap*) 0x0000000001fd5a20
 Prev Bits: [0x0000000019e80000, 0x000000001be28000)
 Next Bits: [0x000000001be30000, 0x000000001ddd8000)

Polling page: 0x0000000001010000

Metaspace:

Usage:
  Non-class:     54.92 MB capacity,    53.92 MB ( 98%) used,   799.23 KB (  1%) free+waste,   231.13 KB ( <1%) overhead. 
      Class:      8.73 MB capacity,     7.91 MB ( 91%) used,   722.13 KB (  8%) free+waste,   119.19 KB (  1%) overhead. 
       Both:     63.66 MB capacity,    61.83 MB ( 97%) used,     1.49 MB (  2%) free+waste,   350.31 KB ( <1%) overhead. 

Virtual space:
  Non-class space:       56.00 MB reserved,      55.50 MB (>99%) committed 
      Class space:        1.00 GB reserved,       9.07 MB ( <1%) committed 
             Both:        1.05 GB reserved,      64.57 MB (  6%) committed 

Chunk freelists:
   Non-Class:  65.63 KB
       Class:  34.50 KB
        Both:  100.13 KB

CodeHeap 'non-profiled nmethods': size=120064Kb used=2743Kb max_used=2929Kb free=117320Kb
 bounds [0x0000000011d40000, 0x0000000012030000, 0x0000000019280000]
CodeHeap 'profiled nmethods': size=120000Kb used=9100Kb max_used=11023Kb free=110899Kb
 bounds [0x000000000a810000, 0x000000000b2e0000, 0x0000000011d40000]
CodeHeap 'non-nmethods': size=5696Kb used=1362Kb max_used=1421Kb free=4333Kb
 bounds [0x000000000a280000, 0x000000000a4f0000, 0x000000000a810000]
 total_blobs=7840 nmethods=4613 adapters=713
 compilation: enabled
              stopped_count=0, restarted_count=0
 full_count=0

Compilation events (10 events):
Event: 225569.354 Thread 0x00000000210c8000 5456       3       io.netty.util.concurrent.AbstractScheduledEventExecutor::cancelScheduledTasks (90 bytes)
Event: 225569.355 Thread 0x00000000210c8000 nmethod 5456 0x000000000a8df090 code [0x000000000a8df2e0, 0x000000000a8dfc60]
Event: 225569.369 Thread 0x00000000210c8000 5458   !   3       io.netty.util.concurrent.SingleThreadEventExecutor::confirmShutdown (164 bytes)
Event: 225569.371 Thread 0x00000000210c8000 nmethod 5458 0x000000000a8f4890 code [0x000000000a8f4b20, 0x000000000a8f5af0]
Event: 225569.371 Thread 0x00000000210c8000 5457   !   3       io.netty.channel.nio.NioEventLoop::selectAgain (29 bytes)
Event: 225569.372 Thread 0x00000000210c8000 nmethod 5457 0x000000000a8f3e10 code [0x000000000a8f4020, 0x000000000a8f4630]
Event: 225569.372 Thread 0x00000000210c8000 5459       3       io.netty.channel.nio.NioEventLoop::closeAll (157 bytes)
Event: 225569.375 Thread 0x00000000210c8000 nmethod 5459 0x000000000a91de10 code [0x000000000a91e2a0, 0x000000000a920b90]
Event: 225569.478 Thread 0x00000000210c8000 5460   !   3       io.netty.channel.nio.NioEventLoop::selectNow (49 bytes)
Event: 225569.479 Thread 0x00000000210c8000 nmethod 5460 0x000000000a8f3390 code [0x000000000a8f35a0, 0x000000000a8f3bb0]

GC Heap History (10 events):
Event: 222171.256 GC heap before
{Heap before GC invocations=59 (full 0):
 garbage-first heap   total 131072K, used 114302K [0x0000000081600000, 0x0000000100000000)
  region size 1024K, 54 young (55296K), 1 survivors (1024K)
 Metaspace       used 63448K, capacity 65606K, committed 65740K, reserved 1105920K
  class space    used 8186K, capacity 9154K, committed 9164K, reserved 1048576K
}
Event: 222171.271 GC heap after
{Heap after GC invocations=60 (full 0):
 garbage-first heap   total 131072K, used 60069K [0x0000000081600000, 0x0000000100000000)
  region size 1024K, 1 young (1024K), 1 survivors (1024K)
 Metaspace       used 63448K, capacity 65606K, committed 65740K, reserved 1105920K
  class space    used 8186K, capacity 9154K, committed 9164K, reserved 1048576K
}
Event: 223429.079 GC heap before
{Heap before GC invocations=61 (full 0):
 garbage-first heap   total 131072K, used 113317K [0x0000000081600000, 0x0000000100000000)
  region size 1024K, 54 young (55296K), 1 survivors (1024K)
 Metaspace       used 62724K, capacity 64493K, committed 65740K, reserved 1105920K
  class space    used 7986K, capacity 8765K, committed 9164K, reserved 1048576K
}
Event: 223429.086 GC heap after
{Heap after GC invocations=62 (full 0):
 garbage-first heap   total 131072K, used 59086K [0x0000000081600000, 0x0000000100000000)
  region size 1024K, 1 young (1024K), 1 survivors (1024K)
 Metaspace       used 62724K, capacity 64493K, committed 65740K, reserved 1105920K
  class space    used 7986K, capacity 8765K, committed 9164K, reserved 1048576K
}
Event: 223545.078 GC heap before
{Heap before GC invocations=62 (full 0):
 garbage-first heap   total 131072K, used 64206K [0x0000000081600000, 0x0000000100000000)
  region size 1024K, 6 young (6144K), 1 survivors (1024K)
 Metaspace       used 62724K, capacity 64493K, committed 65740K, reserved 1105920K
  class space    used 7986K, capacity 8765K, committed 9164K, reserved 1048576K
}
Event: 223545.091 GC heap after
{Heap after GC invocations=63 (full 0):
 garbage-first heap   total 131072K, used 57314K [0x0000000081600000, 0x0000000100000000)
  region size 1024K, 1 young (1024K), 1 survivors (1024K)
 Metaspace       used 62724K, capacity 64493K, committed 65740K, reserved 1105920K
  class space    used 7986K, capacity 8765K, committed 9164K, reserved 1048576K
}
Event: 224849.531 GC heap before
{Heap before GC invocations=63 (full 0):
 garbage-first heap   total 131072K, used 113634K [0x0000000081600000, 0x0000000100000000)
  region size 1024K, 56 young (57344K), 1 survivors (1024K)
 Metaspace       used 62724K, capacity 64493K, committed 65740K, reserved 1105920K
  class space    used 7986K, capacity 8765K, committed 9164K, reserved 1048576K
}
Event: 224849.536 GC heap after
{Heap after GC invocations=64 (full 0):
 garbage-first heap   total 131072K, used 57534K [0x0000000081600000, 0x0000000100000000)
  region size 1024K, 1 young (1024K), 1 survivors (1024K)
 Metaspace       used 62724K, capacity 64493K, committed 65740K, reserved 1105920K
  class space    used 7986K, capacity 8765K, committed 9164K, reserved 1048576K
}
Event: 225564.500 GC heap before
{Heap before GC invocations=64 (full 0):
 garbage-first heap   total 131072K, used 112830K [0x0000000081600000, 0x0000000100000000)
  region size 1024K, 56 young (57344K), 1 survivors (1024K)
 Metaspace       used 63272K, capacity 65180K, committed 66124K, reserved 1105920K
  class space    used 8093K, capacity 8939K, committed 9292K, reserved 1048576K
}
Event: 225564.505 GC heap after
{Heap after GC invocations=65 (full 0):
 garbage-first heap   total 131072K, used 57935K [0x0000000081600000, 0x0000000100000000)
  region size 1024K, 1 young (1024K), 1 survivors (1024K)
 Metaspace       used 63272K, capacity 65180K, committed 66124K, reserved 1105920K
  class space    used 8093K, capacity 8939K, committed 9292K, reserved 1048576K
}

Deoptimization events (10 events):
Event: 225563.873 Thread 0x000000000097a000 Uncommon trap: reason=class_check action=maybe_recompile pc=0x000000001200ea70 method=org.eclipse.collections.impl.map.mutable.primitive.LongObjectHashMap.forEachKeyValue(Lorg/eclipse/collections/api/block/procedure/primitive/LongObjectProcedure;)V @ 50 c
Event: 225565.579 Thread 0x00000000247ff800 Uncommon trap: reason=unstable_if action=reinterpret pc=0x0000000012000d40 method=io.netty.util.internal.shaded.org.jctools.queues.BaseMpscLinkedArrayQueue.poll()Ljava/lang/Object; @ 34 c2
Event: 225565.579 Thread 0x00000000247ff800 Uncommon trap: reason=unstable_if action=reinterpret pc=0x00000000120125f8 method=io.netty.util.concurrent.SingleThreadEventExecutor.isShuttingDown()Z @ 5 c2
Event: 225565.580 Thread 0x00000000240e2800 Uncommon trap: reason=unstable_if action=reinterpret pc=0x0000000011fffb34 method=io.netty.util.internal.shaded.org.jctools.queues.BaseMpscLinkedArrayQueue.isEmpty()Z @ 9 c2
Event: 225565.580 Thread 0x00000000240e2000 Uncommon trap: reason=unstable_if action=reinterpret pc=0x0000000011feeb90 method=io.netty.util.internal.shaded.org.jctools.queues.BaseMpscLinkedArrayQueue.isEmpty()Z @ 9 c2
Event: 225565.623 Thread 0x00000000247fa800 Uncommon trap: reason=unstable_if action=reinterpret pc=0x0000000012019a68 method=org.neo4j.monitoring.VmPauseMonitor.monitor()V @ 17 c2
Event: 225566.978 Thread 0x00000000247ff800 Uncommon trap: reason=bimorphic_or_optimized_type_check action=maybe_recompile pc=0x0000000011ef8dc8 method=java.util.Collections$SetFromMap.remove(Ljava/lang/Object;)Z @ 5 c2
Event: 225566.978 Thread 0x00000000247ff800 Uncommon trap: reason=bimorphic_or_optimized_type_check action=maybe_recompile pc=0x0000000011ef8dc8 method=java.util.Collections$SetFromMap.remove(Ljava/lang/Object;)Z @ 5 c2
Event: 225566.978 Thread 0x00000000247ff800 Uncommon trap: reason=bimorphic_or_optimized_type_check action=maybe_recompile pc=0x0000000011ef8dc8 method=java.util.Collections$SetFromMap.remove(Ljava/lang/Object;)Z @ 5 c2
Event: 225567.031 Thread 0x00000000247ff800 Uncommon trap: reason=bimorphic_or_optimized_type_check action=maybe_recompile pc=0x0000000011ef8dc8 method=java.util.Collections$SetFromMap.remove(Ljava/lang/Object;)Z @ 5 c2

Classes redefined (0 events):
No events

Internal exceptions (10 events):
Event: 225561.964 Thread 0x0000000022eb2800 Exception <a 'sun/nio/fs/WindowsException'{0x000000008768ce48}> (0x000000008768ce48) thrown at [t:/workspace/open/src/hotspot/share/prims/jni.cpp, line 615]
Event: 225561.977 Thread 0x000000000097a000 Exception <a 'java/lang/NoSuchMethodError'{0x00000000876c1268}: java.lang.invoke.DelegatingMethodHandle$Holder.reinvoke_L(Ljava/lang/Object;Ljava/lang/Object;J)Ljava/lang/Object;> (0x00000000876c1268) thrown at [t:/workspace/open/src/hotspot/share/interpr
Event: 225562.091 Thread 0x000000000097a000 Exception <a 'java/lang/NoSuchMethodError'{0x00000000875a3628}: java.lang.invoke.DirectMethodHandle$Holder.invokeVirtual(Ljava/lang/Object;Ljava/lang/Object;J)V> (0x00000000875a3628) thrown at [t:/workspace/open/src/hotspot/share/interpreter/linkResolver.
Event: 225562.092 Thread 0x000000000097a000 Exception <a 'java/lang/NoSuchMethodError'{0x00000000875a96b0}: java.lang.invoke.DirectMethodHandle$Holder.invokeStatic(Ljava/lang/Object;Ljava/lang/Object;Ljava/lang/Object;ILjava/lang/Object;)V> (0x00000000875a96b0) thrown at [t:/workspace/open/src/hots
Event: 225562.742 Thread 0x000000000097a000 Exception <a 'java/lang/NoSuchMethodError'{0x00000000871ffaa0}: java.lang.invoke.DirectMethodHandle$Holder.invokeStaticInit(Ljava/lang/Object;)V> (0x00000000871ffaa0) thrown at [t:/workspace/open/src/hotspot/share/interpreter/linkResolver.cpp, line 772]
Event: 225562.803 Thread 0x000000000097a000 Exception <a 'java/lang/NoSuchMethodError'{0x0000000086c640a0}: java.lang.invoke.DirectMethodHandle$Holder.invokeSpecial(Ljava/lang/Object;Ljava/lang/Object;IIILjava/lang/Object;Ljava/lang/Object;J)Ljava/lang/Object;> (0x0000000086c640a0) thrown at [t:/wo
Event: 225562.803 Thread 0x000000000097a000 Exception <a 'java/lang/NoSuchMethodError'{0x0000000086c675c8}: java.lang.invoke.DelegatingMethodHandle$Holder.reinvoke_L(Ljava/lang/Object;IIILjava/lang/Object;Ljava/lang/Object;J)Ljava/lang/Object;> (0x0000000086c675c8) thrown at [t:/workspace/open/src/
Event: 225563.780 Thread 0x0000000022eb2800 Exception <a 'sun/nio/fs/WindowsException'{0x000000008768ceb8}> (0x000000008768ceb8) thrown at [t:/workspace/open/src/hotspot/share/prims/jni.cpp, line 615]
Event: 225563.780 Thread 0x0000000022eb2800 Exception <a 'sun/nio/fs/WindowsException'{0x000000008768cf28}> (0x000000008768cf28) thrown at [t:/workspace/open/src/hotspot/share/prims/jni.cpp, line 615]
Event: 225563.807 Thread 0x000000000097a000 Exception <a 'java/lang/NoSuchMethodError'{0x00000000868cadb0}: java.lang.invoke.DirectMethodHandle$Holder.invokeStaticInit(Ljava/lang/Object;Ljava/lang/Object;Ljava/lang/Object;Ljava/lang/Object;Ljava/lang/Object;)Ljava/lang/Object;> (0x00000000868cadb0)

Events (10 events):
Event: 225567.031 Thread 0x00000000247ff800 DEOPT UNPACKING pc=0x000000000a2a8f2f sp=0x000000002a0cf2d8 mode 2
Event: 225567.031 Executing VM operation: RevokeBias
Event: 225567.053 Executing VM operation: RevokeBias done
Event: 225567.053 Thread 0x00000000247ff800 Thread exited: 0x00000000247ff800
Event: 225567.054 Executing VM operation: RevokeBias
Event: 225567.054 Executing VM operation: RevokeBias done
Event: 225567.054 Thread 0x00000000240e8800 Thread exited: 0x00000000240e8800
Event: 225567.773 Thread 0x00000000240e7800 Thread added: 0x00000000240e7800
Event: 225567.773 Thread 0x00000000240e7800 Thread exited: 0x00000000240e7800
Event: 225567.853 Thread 0x00000000240e4000 Thread added: 0x00000000240e4000


Dynamic libraries:
0x00007ff64f0c0000 - 0x00007ff64f0e0000 	D:\Fax\KONACNI NOSQL\neo4j-community-4.0.0\bin\tools\prunsrv-amd64.exe
0x00007ff8b0c00000 - 0x00007ff8b0df0000 	C:\WINDOWS\SYSTEM32\ntdll.dll
0x00007ff8affc0000 - 0x00007ff8b0072000 	C:\WINDOWS\System32\KERNEL32.DLL
0x00007ff8ae960000 - 0x00007ff8aec03000 	C:\WINDOWS\System32\KERNELBASE.dll
0x00007ff8aff10000 - 0x00007ff8affb3000 	C:\WINDOWS\System32\ADVAPI32.dll
0x00007ff8af900000 - 0x00007ff8af99e000 	C:\WINDOWS\System32\msvcrt.dll
0x00007ff8afde0000 - 0x00007ff8afe77000 	C:\WINDOWS\System32\sechost.dll
0x00007ff8af530000 - 0x00007ff8af650000 	C:\WINDOWS\System32\RPCRT4.dll
0x00007ff8b0450000 - 0x00007ff8b0b36000 	C:\WINDOWS\System32\SHELL32.dll
0x00007ff8ae6c0000 - 0x00007ff8ae7ba000 	C:\WINDOWS\System32\ucrtbase.dll
0x00007ff8adcc0000 - 0x00007ff8add0a000 	C:\WINDOWS\System32\cfgmgr32.dll
0x00007ff8b0230000 - 0x00007ff8b02d9000 	C:\WINDOWS\System32\shcore.dll
0x00007ff8aecb0000 - 0x00007ff8aefe6000 	C:\WINDOWS\System32\combase.dll
0x00007ff8adb90000 - 0x00007ff8adc10000 	C:\WINDOWS\System32\bcryptPrimitives.dll
0x00007ff8adf40000 - 0x00007ff8ae6c0000 	C:\WINDOWS\System32\windows.storage.dll
0x00007ff8aec10000 - 0x00007ff8aecae000 	C:\WINDOWS\System32\msvcp_win.dll
0x00007ff8adaa0000 - 0x00007ff8adac9000 	C:\WINDOWS\System32\Wldp.dll
0x00007ff8ae810000 - 0x00007ff8ae959000 	C:\WINDOWS\System32\CRYPT32.dll
0x00007ff8adb40000 - 0x00007ff8adb52000 	C:\WINDOWS\System32\MSASN1.dll
0x00007ff8add40000 - 0x00007ff8add9c000 	C:\WINDOWS\System32\WINTRUST.dll
0x00007ff8adb60000 - 0x00007ff8adb83000 	C:\WINDOWS\System32\profapi.dll
0x00007ff8adaf0000 - 0x00007ff8adb3a000 	C:\WINDOWS\System32\powrprof.dll
0x00007ff8ada90000 - 0x00007ff8adaa0000 	C:\WINDOWS\System32\UMPDC.dll
0x00007ff8afeb0000 - 0x00007ff8aff02000 	C:\WINDOWS\System32\shlwapi.dll
0x00007ff8afe80000 - 0x00007ff8afea6000 	C:\WINDOWS\System32\GDI32.dll
0x00007ff8ae7e0000 - 0x00007ff8ae801000 	C:\WINDOWS\System32\win32u.dll
0x00007ff8adda0000 - 0x00007ff8adf34000 	C:\WINDOWS\System32\gdi32full.dll
0x00007ff8af9a0000 - 0x00007ff8afb34000 	C:\WINDOWS\System32\USER32.dll
0x00007ff8adad0000 - 0x00007ff8adae1000 	C:\WINDOWS\System32\kernel.appcore.dll
0x00007ff8ae7c0000 - 0x00007ff8ae7d7000 	C:\WINDOWS\System32\cryptsp.dll
0x00007ff896270000 - 0x00007ff896db2000 	C:\Program Files\Java\jdk-11\bin\server\jvm.dll
0x00007ff8b02e0000 - 0x00007ff8b02e8000 	C:\WINDOWS\System32\PSAPI.DLL
0x00007ff8a2830000 - 0x00007ff8a2839000 	C:\WINDOWS\SYSTEM32\WSOCK32.dll
0x00007ff8afb50000 - 0x00007ff8afbbf000 	C:\WINDOWS\System32\WS2_32.dll
0x00007ff8a3a70000 - 0x00007ff8a3a94000 	C:\WINDOWS\SYSTEM32\WINMM.dll
0x00007ff8a8a10000 - 0x00007ff8a8a1a000 	C:\WINDOWS\SYSTEM32\VERSION.dll
0x00007ff89dc60000 - 0x00007ff89dc75000 	C:\WINDOWS\SYSTEM32\VCRUNTIME140.dll
0x00007ff8a3a40000 - 0x00007ff8a3a6d000 	C:\WINDOWS\SYSTEM32\WINMMBASE.dll
0x00007ff895d90000 - 0x00007ff895da1000 	C:\Program Files\Java\jdk-11\bin\verify.dll
0x00007ff8a6cb0000 - 0x00007ff8a6ea4000 	C:\WINDOWS\SYSTEM32\DBGHELP.DLL
0x00007ff8a6ad0000 - 0x00007ff8a6afa000 	C:\WINDOWS\SYSTEM32\dbgcore.DLL
0x00007ff895d60000 - 0x00007ff895d89000 	C:\Program Files\Java\jdk-11\bin\java.dll
0x00007ff895ce0000 - 0x00007ff895cf6000 	C:\Program Files\Java\jdk-11\bin\zip.dll
0x00007ff895cd0000 - 0x00007ff895cda000 	C:\Program Files\Java\jdk-11\bin\jimage.dll
0x00007ff8911d0000 - 0x00007ff8911e9000 	C:\Program Files\Java\jdk-11\bin\net.dll
0x00007ff8a9d60000 - 0x00007ff8a9e51000 	C:\WINDOWS\SYSTEM32\WINHTTP.dll
0x00007ff8ad330000 - 0x00007ff8ad397000 	C:\WINDOWS\system32\mswsock.dll
0x00007ff8911b0000 - 0x00007ff8911c3000 	C:\Program Files\Java\jdk-11\bin\nio.dll
0x00007ff890030000 - 0x00007ff890039000 	C:\Program Files\Java\jdk-11\bin\management.dll
0x00007ff890020000 - 0x00007ff89002c000 	C:\Program Files\Java\jdk-11\bin\management_ext.dll
0x00007ff89c5c0000 - 0x00007ff89c5d6000 	C:\WINDOWS\system32\napinsp.dll
0x00007ff89c5a0000 - 0x00007ff89c5ba000 	C:\WINDOWS\system32\pnrpnsp.dll
0x00007ff8ad080000 - 0x00007ff8ad14a000 	C:\WINDOWS\SYSTEM32\DNSAPI.dll
0x00007ff8afb40000 - 0x00007ff8afb48000 	C:\WINDOWS\System32\NSI.dll
0x00007ff8ad040000 - 0x00007ff8ad07a000 	C:\WINDOWS\SYSTEM32\IPHLPAPI.DLL
0x00007ff89ce10000 - 0x00007ff89ce1e000 	C:\WINDOWS\System32\winrnr.dll
0x00007ff8a7ba0000 - 0x00007ff8a7bbc000 	C:\WINDOWS\system32\NLAapi.dll
0x00007ff89c580000 - 0x00007ff89c595000 	C:\WINDOWS\system32\wshbth.dll
0x00007ff8a3660000 - 0x00007ff8a366a000 	C:\Windows\System32\rasadhlp.dll
0x00007ff8a54b0000 - 0x00007ff8a5527000 	C:\WINDOWS\System32\fwpuclnt.dll
0x00007ff8add10000 - 0x00007ff8add36000 	C:\WINDOWS\System32\bcrypt.dll
0x00007ff8a5dd0000 - 0x00007ff8a5de6000 	C:\WINDOWS\SYSTEM32\dhcpcsvc6.DLL
0x00007ff8a66c0000 - 0x00007ff8a66dc000 	C:\WINDOWS\SYSTEM32\dhcpcsvc.DLL
0x00007ff8acea0000 - 0x00007ff8aced3000 	C:\WINDOWS\system32\rsaenh.dll
0x00007ff8ad500000 - 0x00007ff8ad50c000 	C:\WINDOWS\SYSTEM32\CRYPTBASE.dll

dbghelp: loaded successfully - version: 4.0.5 - missing functions: none
symbol engine: initialized successfully - sym options: 0x614 - pdb path: .;D:\Fax\KONACNI NOSQL\neo4j-community-4.0.0\bin\tools;C:\WINDOWS\SYSTEM32;C:\Program Files\Java\jdk-11\bin\server;C:\Program Files\Java\jdk-11\bin

VM Arguments:
jvm_args: -XX:+UnlockExperimentalVMOptions -XX:-OmitStackTraceInFastThrow -XX:+TrustFinalNonStaticFields -Dio.netty.tryReflectionSetAccessible=true -Dfile.encoding=UTF-8 -XX:+AlwaysPreTouch -Djdk.tls.ephemeralDHKeySize=2048 -Djdk.nio.maxCachedBufferSize=262144 -XX:+DisableExplicitGC -XX:+UseG1GC -Djdk.tls.rejectClientInitiatedRenegotiation=true exit abort 
java_command: <unknown>
java_class_path (initial): lib/activation-1.1.1.jar;lib/annotations-4.0.0.jar;lib/bcpkix-jdk15on-1.63.jar;lib/bcprov-jdk15on-1.63.jar;lib/caffeine-2.8.0.jar;lib/commons-beanutils-1.9.4.jar;lib/commons-collections-3.2.2.jar;lib/commons-compress-1.19.jar;lib/commons-configuration-1.10.jar;lib/commons-io-2.6.jar;lib/commons-lang-2.6.jar;lib/commons-lang3-3.9.jar;lib/commons-logging-1.2.jar;lib/commons-text-1.7.jar;lib/eclipse-collections-10.0.0.jar;lib/eclipse-collections-api-10.0.0.jar;lib/FastInfoset-1.2.16.jar;lib/hk2-api-2.5.0.jar;lib/hk2-locator-2.5.0.jar;lib/hk2-utils-2.5.0.jar;lib/istack-commons-runtime-3.0.8.jar;lib/jackson-annotations-2.10.0.jar;lib/jackson-core-2.10.0.jar;lib/jackson-databind-2.10.0.jar;lib/jackson-jaxrs-base-2.10.0.jar;lib/jackson-jaxrs-json-provider-2.10.0.jar;lib/jackson-module-jaxb-annotations-2.10.0.jar;lib/jakarta.activation-1.2.1.jar;lib/jakarta.activation-api-1.2.1.jar;lib/jakarta.annotation-api-1.3.4.jar;lib/jakarta.inject-2.5.0.jar;lib/jakarta.ws.rs-api-2.1.5.jar;lib/jakarta.xml.bind-api-2.3.2.jar;lib/javassist-3.22.0-CR2.jar;lib/javax.servlet-api-3.1.0.jar;lib/javax.ws.rs-api-2.1.1.jar;lib/jaxb-api-2.3.0.jar;lib/jaxb-runtime-2.3.2.jar;lib/jctools-core-2.1.2.jar;lib/jersey-client-2.29.jar;lib/jersey-common-2.29.jar;lib/jersey-container-servlet-2.29.jar;lib/jersey-container-servlet-core-2.29.jar;lib/jersey-hk2-2.29.jar;lib/jersey-media-jaxb-2.29.jar;lib/jersey-server-2.29.jar;lib/jetty-http-9.4.17.v20190418.jar;lib/jetty-io-9.4.17.v20190418.jar;lib/jetty-security-9.4.17.v20190418.jar;lib/jetty-server-9.4.17.v20190418.jar;lib/jetty-servlet-9.4.17.v20190418.jar;lib/jetty-util-9.4.17.v20190418.jar;lib/jetty-webapp-9.4.17.v20190418.jar;lib/jetty-xml-9.4.17.v20190418.jar;lib/jna-5.4.0.jar;lib/jPowerShell-3.0.jar;lib/jProcesses-1.6.5.jar;lib/lucene-analyzers-common-8.2.0.jar;lib/lucene-codecs-8.2.0.jar;lib/lucene-core-8.2.0.jar;lib/lucene-queryparser-8.2.0.jar;lib/neo4j-4.0.0.jar;lib/neo4j-ast-4.0-4.0.0.jar;lib/neo4j-batch-insert-4.0.0.j
Launcher Type: generic

[Global flags]
     bool AlwaysPreTouch                           = true                                      {product} {command line}
     intx CICompilerCount                          = 3                                         {product} {ergonomic}
     uint ConcGCThreads                            = 1                                         {product} {ergonomic}
     bool DisableExplicitGC                        = true                                      {product} {command line}
     uint G1ConcRefinementThreads                  = 4                                         {product} {ergonomic}
   size_t G1HeapRegionSize                         = 1048576                                   {product} {ergonomic}
    uintx GCDrainStackTargetSize                   = 64                                        {product} {ergonomic}
   size_t InitialHeapSize                          = 134217728                                 {product} {ergonomic}
   size_t MarkStackSize                            = 4194304                                   {product} {ergonomic}
   size_t MaxHeapSize                              = 2124414976                                {product} {ergonomic}
   size_t MaxNewSize                               = 1274019840                                {product} {ergonomic}
   size_t MinHeapDeltaBytes                        = 1048576                                   {product} {ergonomic}
    uintx NonNMethodCodeHeapSize                   = 5830092                                {pd product} {ergonomic}
    uintx NonProfiledCodeHeapSize                  = 122914074                              {pd product} {ergonomic}
     bool OmitStackTraceInFastThrow                = false                                     {product} {command line}
    uintx ProfiledCodeHeapSize                     = 122914074                              {pd product} {ergonomic}
    uintx ReservedCodeCacheSize                    = 251658240                              {pd product} {ergonomic}
     bool SegmentedCodeCache                       = true                                      {product} {ergonomic}
     bool TrustFinalNonStaticFields                = true                                 {experimental} {command line}
     bool UnlockExperimentalVMOptions              = true                                 {experimental} {command line}
     bool UseCompressedClassPointers               = true                                 {lp64_product} {ergonomic}
     bool UseCompressedOops                        = true                                 {lp64_product} {ergonomic}
     bool UseFastUnorderedTimeStamps               = true                                 {experimental} {ergonomic}
     bool UseG1GC                                  = true                                      {product} {command line}
     bool UseLargePagesIndividualAllocation        = false                                  {pd product} {ergonomic}

Logging:
Log output configuration:
 #0: stdout all=warning uptime,level,tags
 #1: stderr all=off uptime,level,tags

Environment Variables:
PATH=C:\Program Files\Java\jdk-11\bin;C:\Program Files\Java\jdk-11\bin;C:\WINDOWS\system32;C:\WINDOWS;C:\WINDOWS\System32\Wbem;C:\WINDOWS\System32\WindowsPowerShell\v1.0\;C:\Program Files (x86)\NVIDIA Corporation\PhysX\Common;C:\Program Files (x86)\Microsoft SQL Server\100\Tools\Binn\;C:\Program Files\Microsoft SQL Server\100\Tools\Binn\;C:\Program Files\Microsoft SQL Server\100\DTS\Binn\;C:\WINDOWS\system32;C:\WINDOWS;C:\WINDOWS\System32\Wbem;C:\WINDOWS\System32\WindowsPowerShell\v1.0\;C:\WINDOWS\System32\OpenSSH\;C:\Program Files\NVIDIA Corporation\NVIDIA NvDLISR;C:\Program Files\PuTTY\;C:\Program Files\nodejs\;C:\Program Files (x86)\Common Files\Acronis\VirtualFile\;C:\Program Files (x86)\Common Files\Acronis\VirtualFile64\;C:\Program Files (x86)\Common Files\Acronis\SnapAPI\;C:\Program Files\Crucial\Crucial Storage Executive;C:\WINDOWS\system32\config\systemprofile\AppData\Local\Microsoft\WindowsApps
USERNAME=JELENA-PC$
OS=Windows_NT
PROCESSOR_IDENTIFIER=Intel64 Family 6 Model 78 Stepping 3, GenuineIntel



---------------  S Y S T E M  ---------------

OS: Windows 10 , 64 bit Build 18362 (10.0.18362.329)

CPU:total 4 (initial active 4) (2 cores per cpu, 2 threads per core) family 6 model 78 stepping 3, cmov, cx8, fxsr, mmx, sse, sse2, sse3, ssse3, sse4.1, sse4.2, popcnt, avx, avx2, aes, clmul, erms, rtm, 3dnowpref, lzcnt, ht, tsc, tscinvbit, bmi1, bmi2, adx, fma

Memory: 4k page, system-wide physical 8098M (5284M free)
TotalPageFile size 9506M (AvailPageFile size 6467M)
current process WorkingSet (physical memory assigned to process): 175M, peak: 330M
current process commit charge ("private bytes"): 313M, peak: 359M

vm_info: Java HotSpot(TM) 64-Bit Server VM (11+28) for windows-amd64 JRE (11+28), built on Aug 23 2018 03:03:59 by "mach5one" with MS VC++ 15.5 (VS2017)

END.
