#
# A fatal error has been detected by the Java Runtime Environment:
#
#  EXCEPTION_ACCESS_VIOLATION (0xc0000005) at pc=0x00007ff908035e98, pid=4680, tid=6192
#
# JRE version: Java(TM) SE Runtime Environment (11.0+28) (build 11+28)
# Java VM: Java HotSpot(TM) 64-Bit Server VM (11+28, mixed mode, tiered, compressed oops, g1 gc, windows-amd64)
# Problematic frame:
# V  [jvm.dll+0x2e5e98]
#
# No core dump will be written. Minidumps are not enabled by default on client versions of Windows
#
# If you would like to submit a bug report, please visit:
#   http://bugreport.java.com/bugreport/crash.jsp
#

---------------  S U M M A R Y ------------

Command Line: -XX:+UnlockExperimentalVMOptions -XX:-OmitStackTraceInFastThrow -XX:+TrustFinalNonStaticFields -Dio.netty.tryReflectionSetAccessible=true -Dfile.encoding=UTF-8 -XX:+AlwaysPreTouch -Djdk.tls.ephemeralDHKeySize=2048 -Djdk.nio.maxCachedBufferSize=262144 -XX:+DisableExplicitGC -XX:+UseG1GC -Djdk.tls.rejectClientInitiatedRenegotiation=true exit abort 

Host: Intel(R) Core(TM) i3-6100U CPU @ 2.30GHz, 4 cores, 7G,  Windows 10 , 64 bit Build 18362 (10.0.18362.752)
Time: Fri Apr  3 19:50:45 2020 Central Europe Daylight Time elapsed time: 663 seconds (0d 0h 11m 3s)

---------------  T H R E A D  ---------------

Current thread (0x0000000002474000):  GCTaskThread "GC Thread#0" [stack: 0x0000000001df0000,0x0000000001ef0000] [id=6192]

Stack: [0x0000000001df0000,0x0000000001ef0000],  sp=0x0000000001eee110,  free space=1016k
Native frames: (J=compiled Java code, j=interpreted, Vv=VM code, C=native code)
V  [jvm.dll+0x2e5e98]
V  [jvm.dll+0x73ca98]
V  [jvm.dll+0x6a267d]
V  [jvm.dll+0x73d37c]
V  [jvm.dll+0x6a36f4]
V  [jvm.dll+0x7ab4f0]
V  [jvm.dll+0x63b2c2]
C  [ucrtbase.dll+0x20e72]
C  [KERNEL32.DLL+0x17bd4]
C  [ntdll.dll+0x6ced1]


siginfo: EXCEPTION_ACCESS_VIOLATION (0xc0000005), reading address 0x0000000000000000


Register to memory mapping:

RIP=0x00007ff908035e98 jvm.dll
RAX=0x0 is NULL
RBX=0x0000000001eee170 points into unknown readable memory
RCX=0x0 is NULL
RDX=0x0000000000000003 is an unknown value
RSP=0x0000000001eee110 points into unknown readable memory
RBP=0x0000000001c0edb8 is pointing into the stack for thread: 0x000000000245f800
RSI=0x0000000001eee1d0 points into unknown readable memory
RDI=0x0000000001eee1a0 points into unknown readable memory
R8 =0x0 is NULL
R9 =0x0000000000000003 is an unknown value
R10=0x0000000000d420a0 points into unknown readable memory
R11=0x0000000000000246 is an unknown value
R12=0x000000000000001c is an unknown value
R13=0x0000000000000001 is an unknown value
R14=0x0 is NULL
R15=0x00000000215ff4c8 points into unknown readable memory


Registers:
RAX=0x0000000000000000, RBX=0x0000000001eee170, RCX=0x0000000000000000, RDX=0x0000000000000003
RSP=0x0000000001eee110, RBP=0x0000000001c0edb8, RSI=0x0000000001eee1d0, RDI=0x0000000001eee1a0
R8 =0x0000000000000000, R9 =0x0000000000000003, R10=0x0000000000d420a0, R11=0x0000000000000246
R12=0x000000000000001c, R13=0x0000000000000001, R14=0x0000000000000000, R15=0x00000000215ff4c8
RIP=0x00007ff908035e98, EFLAGS=0x0000000000010246

Top of Stack: (sp=0x0000000001eee110)
0x0000000001eee110:   0000000001eee170 00007ff90803409f
0x0000000001eee120:   000000000a768690 0000000000000000
0x0000000001eee130:   00000000215ff4c8 0000000000000000
0x0000000001eee140:   00007ff908773fe8 00007ff90848ca98
0x0000000001eee150:   0000000000000001 000000000245f800
0x0000000001eee160:   00000000215ff4c8 0000000000000000
0x0000000001eee170:   0000000001c0edb8 0000000000000000
0x0000000001eee180:   0000000000000000 0000000000000000
0x0000000001eee190:   0000000000000000 0000000000000000
0x0000000001eee1a0:   0000000001c0ed20 000000000a76f008
0x0000000001eee1b0:   000000000a768690 0000000000000000
0x0000000001eee1c0:   0000000001c0eda8 0000000001c0ed20
0x0000000001eee1d0:   00000000288aef58 00000000288aef5c
0x0000000001eee1e0:   00000000288aef50 00000000288aef54
0x0000000001eee1f0:   00000000288aef48 00000000288aef4c
0x0000000001eee200:   00000000288aef40 00000000288aef44 

Instructions: (pc=0x00007ff908035e98)
0x00007ff908035e78:   4b 08 e8 11 49 f1 ff 48 8b cb 48 89 43 10 e8 25
0x00007ff908035e88:   f5 ff ff 48 85 c0 0f 85 e3 00 00 00 48 8b 4b 10
0x00007ff908035e98:   48 8b 01 ff 50 20 33 c9 84 c0 0f 95 c1 e9 da 00
0x00007ff908035ea8:   00 00 48 8b 57 10 48 85 d2 0f 84 8c 00 00 00 41 



---------------  P R O C E S S  ---------------

Threads class SMR info:
_java_thread_list=0x000000002ba66eb0, length=28, elements={
0x000000000245f800, 0x0000000020ae6800, 0x0000000020ae7800, 0x0000000020af6000,
0x000000002194a800, 0x000000002194c000, 0x0000000020afb000, 0x000000002199f000,
0x0000000021c62800, 0x0000000021c69800, 0x0000000022af4800, 0x0000000023cc7800,
0x0000000021be9800, 0x0000000023222000, 0x000000002549e800, 0x000000002549d800,
0x000000002549c000, 0x0000000024c0a000, 0x0000000024c0a800, 0x0000000024c13800,
0x0000000024c0d000, 0x0000000024c0b800, 0x0000000024c09000, 0x0000000024c0c800,
0x0000000024c0e000, 0x0000000024c15800, 0x0000000024c10800, 0x0000000024c14800
}

Java Threads: ( => current thread )
  0x000000000245f800 JavaThread "main" [_thread_blocked, id=6132, stack(0x0000000001b10000,0x0000000001c10000)]
  0x0000000020ae6800 JavaThread "Reference Handler" daemon [_thread_blocked, id=6320, stack(0x0000000021600000,0x0000000021700000)]
  0x0000000020ae7800 JavaThread "Finalizer" daemon [_thread_blocked, id=6324, stack(0x0000000021700000,0x0000000021800000)]
  0x0000000020af6000 JavaThread "Signal Dispatcher" daemon [_thread_blocked, id=6332, stack(0x0000000021d00000,0x0000000021e00000)]
  0x000000002194a800 JavaThread "Attach Listener" daemon [_thread_blocked, id=6336, stack(0x0000000021e00000,0x0000000021f00000)]
  0x000000002194c000 JavaThread "C2 CompilerThread0" daemon [_thread_blocked, id=6340, stack(0x0000000021f00000,0x0000000022000000)]
  0x0000000020afb000 JavaThread "C1 CompilerThread0" daemon [_thread_blocked, id=6364, stack(0x0000000022000000,0x0000000022100000)]
  0x000000002199f000 JavaThread "Sweeper thread" daemon [_thread_blocked, id=6368, stack(0x0000000022100000,0x0000000022200000)]
  0x0000000021c62800 JavaThread "Service Thread" daemon [_thread_blocked, id=6460, stack(0x0000000022200000,0x0000000022300000)]
  0x0000000021c69800 JavaThread "Common-Cleaner" daemon [_thread_blocked, id=6532, stack(0x0000000022400000,0x0000000022500000)]
  0x0000000022af4800 JavaThread "neo4j.Scheduler-1" daemon [_thread_blocked, id=8080, stack(0x00000000245d0000,0x00000000246d0000)]
  0x0000000023cc7800 JavaThread "Cleaner-0" daemon [_thread_blocked, id=8136, stack(0x0000000025b00000,0x0000000025c00000)]
  0x0000000021be9800 JavaThread "FileSystemWatchService" daemon [_thread_in_native, id=8384, stack(0x00000000269e0000,0x0000000026ae0000)]
  0x0000000023222000 JavaThread "MuninnPageCache[1]-EvictionTask" daemon [_thread_blocked, id=8828, stack(0x0000000026ae0000,0x0000000026be0000)]
  0x000000002549e800 JavaThread "neo4j.VmPauseMonitor-1" daemon [_thread_blocked, id=11232, stack(0x0000000028ff0000,0x00000000290f0000)]
  0x000000002549d800 JavaThread "neo4j.StorageMaintenance-1" daemon [_thread_blocked, id=10344, stack(0x00000000298f0000,0x00000000299f0000)]
  0x000000002549c000 JavaThread "neo4j.IndexSampling-1" daemon [_thread_blocked, id=10588, stack(0x0000000029b00000,0x0000000029c00000)]
  0x0000000024c0a000 JavaThread "neo4j.TransactionTimeoutMonitor-1" daemon [_thread_blocked, id=8292, stack(0x0000000029c00000,0x0000000029d00000)]
  0x0000000024c0a800 JavaThread "neo4j.ServerTransactionTimeout-1" daemon [_thread_blocked, id=12088, stack(0x000000002a610000,0x000000002a710000)]
  0x0000000024c13800 JavaThread "neo4j.CheckPoint-1" daemon [_thread_blocked, id=13260, stack(0x000000002c4c0000,0x000000002c5c0000)]
  0x0000000024c0d000 JavaThread "neo4j.BoltNetworkIO-2" [_thread_blocked, id=15092, stack(0x0000000001810000,0x0000000001910000)]
  0x0000000024c0b800 JavaThread "neo4j.BoltNetworkIO-3" [_thread_blocked, id=10736, stack(0x0000000001a10000,0x0000000001b10000)]
  0x0000000024c09000 JavaThread "neo4j.BoltNetworkIO-4" [_thread_blocked, id=3564, stack(0x00000000287b0000,0x00000000288b0000)]
  0x0000000024c0c800 JavaThread "neo4j.BoltNetworkIO-5" [_thread_blocked, id=6864, stack(0x00000000288b0000,0x00000000289b0000)]
  0x0000000024c0e000 JavaThread "neo4j.BoltNetworkIO-6" [_thread_blocked, id=6816, stack(0x00000000289b0000,0x0000000028ab0000)]
  0x0000000024c15800 JavaThread "neo4j.BoltNetworkIO-7" [_thread_blocked, id=788, stack(0x0000000028ab0000,0x0000000028bb0000)]
  0x0000000024c10800 JavaThread "neo4j.BoltNetworkIO-8" [_thread_blocked, id=11364, stack(0x0000000028df0000,0x0000000028ef0000)]
  0x0000000024c14800 JavaThread "DestroyJavaVM" [_thread_blocked, id=12356, stack(0x0000000001b10000,0x0000000001c10000)]

Other Threads:
  0x0000000020ac1800 VMThread "VM Thread" [stack: 0x0000000021500000,0x0000000021600000] [id=6296]
  0x0000000021c6d800 WatcherThread [stack: 0x0000000022300000,0x0000000022400000] [id=6516]
=>0x0000000002474000 GCTaskThread "GC Thread#0" [stack: 0x0000000001df0000,0x0000000001ef0000] [id=6192]
  0x0000000022bb3000 GCTaskThread "GC Thread#1" [stack: 0x0000000023cd0000,0x0000000023dd0000] [id=7360]
  0x0000000022b3d800 GCTaskThread "GC Thread#2" [stack: 0x0000000023dd0000,0x0000000023ed0000] [id=7364]
  0x0000000023271000 GCTaskThread "GC Thread#3" [stack: 0x00000000295f0000,0x00000000296f0000] [id=7824]
  0x00000000024a7000 ConcurrentGCThread "G1 Main Marker" [stack: 0x000000001e2c0000,0x000000001e3c0000] [id=6196]
  0x00000000024a8000 ConcurrentGCThread "G1 Conc#0" [stack: 0x000000001e3c0000,0x000000001e4c0000] [id=6200]
  0x000000000250e800 ConcurrentGCThread "G1 Refine#0" [stack: 0x0000000020b00000,0x0000000020c00000] [id=6244]
  0x000000002092c800 ConcurrentGCThread "G1 Young RemSet Sampling" [stack: 0x0000000020c00000,0x0000000020d00000] [id=6248]

Threads with active compile tasks:

VM state:at safepoint (normal execution)

VM Mutex/Monitor currently owned by a thread:  ([mutex/lock_event])
[0x000000000245a1e0] Safepoint_lock - owner thread: 0x0000000020ac1800
[0x000000000245a300] Threads_lock - owner thread: 0x0000000020ac1800

Heap address: 0x0000000081600000, size: 2026 MB, Compressed Oops mode: 32-bit
Narrow klass base: 0x0000000000000000, Narrow klass shift: 3
Compressed class space size: 1073741824 Address: 0x0000000100000000

Heap:
 garbage-first heap   total 131072K, used 52329K [0x0000000081600000, 0x0000000100000000)
  region size 1024K, 24 young (24576K), 5 survivors (5120K)
 Metaspace       used 63921K, capacity 66167K, committed 66508K, reserved 1105920K
  class space    used 8272K, capacity 9283K, committed 9420K, reserved 1048576K
Heap Regions: E=young(eden), S=young(survivor), O=old, HS=humongous(starts), HC=humongous(continues), CS=collection set, F=free, A=archive, TAMS=top-at-mark-start (previous, next)
|   0|0x0000000081600000, 0x0000000081700000, 0x0000000081700000|100%| O|  |TAMS 0x0000000081700000, 0x0000000081600000| Untracked 
|   1|0x0000000081700000, 0x0000000081800000, 0x0000000081800000|100%| O|  |TAMS 0x0000000081800000, 0x0000000081700000| Untracked 
|   2|0x0000000081800000, 0x0000000081900000, 0x0000000081900000|100%| O|  |TAMS 0x0000000081900000, 0x0000000081800000| Untracked 
|   3|0x0000000081900000, 0x0000000081a00000, 0x0000000081a00000|100%| O|  |TAMS 0x0000000081a00000, 0x0000000081900000| Untracked 
|   4|0x0000000081a00000, 0x0000000081b00000, 0x0000000081b00000|100%| O|  |TAMS 0x0000000081b00000, 0x0000000081a00000| Untracked 
|   5|0x0000000081b00000, 0x0000000081c00000, 0x0000000081c00000|100%| O|  |TAMS 0x0000000081c00000, 0x0000000081b00000| Untracked 
|   6|0x0000000081c00000, 0x0000000081d00000, 0x0000000081d00000|100%| O|  |TAMS 0x0000000081d00000, 0x0000000081c00000| Untracked 
|   7|0x0000000081d00000, 0x0000000081e00000, 0x0000000081e00000|100%| O|  |TAMS 0x0000000081e00000, 0x0000000081d00000| Untracked 
|   8|0x0000000081e00000, 0x0000000081f00000, 0x0000000081f00000|100%| O|  |TAMS 0x0000000081f00000, 0x0000000081e00000| Untracked 
|   9|0x0000000081f00000, 0x0000000082000000, 0x0000000082000000|100%| O|  |TAMS 0x0000000082000000, 0x0000000081f00000| Untracked 
|  10|0x0000000082000000, 0x0000000082100000, 0x0000000082100000|100%| O|  |TAMS 0x0000000082100000, 0x0000000082000000| Untracked 
|  11|0x0000000082100000, 0x0000000082200000, 0x0000000082200000|100%| O|  |TAMS 0x0000000082200000, 0x0000000082100000| Untracked 
|  12|0x0000000082200000, 0x0000000082300000, 0x0000000082300000|100%| O|  |TAMS 0x0000000082300000, 0x0000000082200000| Untracked 
|  13|0x0000000082300000, 0x0000000082400000, 0x0000000082400000|100%| O|  |TAMS 0x0000000082400000, 0x0000000082300000| Untracked 
|  14|0x0000000082400000, 0x0000000082500000, 0x0000000082500000|100%| O|  |TAMS 0x00000000824e8a00, 0x0000000082400000| Untracked 
|  15|0x0000000082500000, 0x0000000082600000, 0x0000000082600000|100%| O|  |TAMS 0x0000000082500000, 0x0000000082500000| Untracked 
|  16|0x0000000082600000, 0x0000000082700000, 0x0000000082700000|100%| O|  |TAMS 0x0000000082600000, 0x0000000082600000| Untracked 
|  17|0x0000000082700000, 0x0000000082800000, 0x0000000082800000|100%| O|  |TAMS 0x0000000082700000, 0x0000000082700000| Untracked 
|  18|0x0000000082800000, 0x0000000082900000, 0x0000000082900000|100%| O|  |TAMS 0x0000000082800000, 0x0000000082800000| Untracked 
|  19|0x0000000082900000, 0x0000000082a00000, 0x0000000082a00000|100%| O|  |TAMS 0x0000000082900000, 0x0000000082900000| Untracked 
|  20|0x0000000082a00000, 0x0000000082b00000, 0x0000000082b00000|100%| O|  |TAMS 0x0000000082a00000, 0x0000000082a00000| Untracked 
|  21|0x0000000082b00000, 0x0000000082c00000, 0x0000000082c00000|100%| O|  |TAMS 0x0000000082b00000, 0x0000000082b00000| Untracked 
|  22|0x0000000082c00000, 0x0000000082d00000, 0x0000000082d00000|100%| O|  |TAMS 0x0000000082c00000, 0x0000000082c00000| Untracked 
|  23|0x0000000082d00000, 0x0000000082e00000, 0x0000000082e00000|100%| O|  |TAMS 0x0000000082d00000, 0x0000000082d00000| Untracked 
|  24|0x0000000082e00000, 0x0000000082f00000, 0x0000000082f00000|100%| O|  |TAMS 0x0000000082e00000, 0x0000000082e00000| Untracked 
|  25|0x0000000082f00000, 0x0000000083000000, 0x0000000083000000|100%| O|  |TAMS 0x0000000082f00000, 0x0000000082f00000| Untracked 
|  26|0x0000000083000000, 0x0000000083100000, 0x0000000083100000|100%| O|  |TAMS 0x0000000083000000, 0x0000000083000000| Untracked 
|  27|0x0000000083100000, 0x0000000083200000, 0x0000000083200000|100%| O|  |TAMS 0x0000000083100000, 0x0000000083100000| Untracked 
|  28|0x0000000083200000, 0x0000000083300000, 0x0000000083300000|100%| O|  |TAMS 0x0000000083200000, 0x0000000083200000| Untracked 
|  29|0x0000000083300000, 0x0000000083329c00, 0x0000000083400000| 16%| O|  |TAMS 0x0000000083300000, 0x0000000083300000| Untracked 
|  30|0x0000000083400000, 0x0000000083400000, 0x0000000083500000|  0%| F|  |TAMS 0x0000000083400000, 0x0000000083400000| Untracked 
|  31|0x0000000083500000, 0x0000000083500000, 0x0000000083600000|  0%| F|  |TAMS 0x0000000083500000, 0x0000000083500000| Untracked 
|  32|0x0000000083600000, 0x0000000083600000, 0x0000000083700000|  0%| F|  |TAMS 0x0000000083600000, 0x0000000083600000| Untracked 
|  33|0x0000000083700000, 0x0000000083700000, 0x0000000083800000|  0%| F|  |TAMS 0x0000000083700000, 0x0000000083700000| Untracked 
|  34|0x0000000083800000, 0x0000000083800000, 0x0000000083900000|  0%| F|  |TAMS 0x0000000083800000, 0x0000000083800000| Untracked 
|  35|0x0000000083900000, 0x0000000083900000, 0x0000000083a00000|  0%| F|  |TAMS 0x0000000083900000, 0x0000000083900000| Untracked 
|  36|0x0000000083a00000, 0x0000000083a00000, 0x0000000083b00000|  0%| F|  |TAMS 0x0000000083a00000, 0x0000000083a00000| Untracked 
|  37|0x0000000083b00000, 0x0000000083b00000, 0x0000000083c00000|  0%| F|  |TAMS 0x0000000083b00000, 0x0000000083b00000| Untracked 
|  38|0x0000000083c00000, 0x0000000083c00000, 0x0000000083d00000|  0%| F|  |TAMS 0x0000000083c00000, 0x0000000083c00000| Untracked 
|  39|0x0000000083d00000, 0x0000000083d00000, 0x0000000083e00000|  0%| F|  |TAMS 0x0000000083d00000, 0x0000000083d00000| Untracked 
|  40|0x0000000083e00000, 0x0000000083e00000, 0x0000000083f00000|  0%| F|  |TAMS 0x0000000083e00000, 0x0000000083e00000| Untracked 
|  41|0x0000000083f00000, 0x0000000083f00000, 0x0000000084000000|  0%| F|  |TAMS 0x0000000083f00000, 0x0000000083f00000| Untracked 
|  42|0x0000000084000000, 0x0000000084000000, 0x0000000084100000|  0%| F|  |TAMS 0x0000000084000000, 0x0000000084000000| Untracked 
|  43|0x0000000084100000, 0x0000000084100000, 0x0000000084200000|  0%| F|  |TAMS 0x0000000084100000, 0x0000000084100000| Untracked 
|  44|0x0000000084200000, 0x0000000084200000, 0x0000000084300000|  0%| F|  |TAMS 0x0000000084200000, 0x0000000084200000| Untracked 
|  45|0x0000000084300000, 0x0000000084300000, 0x0000000084400000|  0%| F|  |TAMS 0x0000000084300000, 0x0000000084300000| Untracked 
|  46|0x0000000084400000, 0x0000000084400000, 0x0000000084500000|  0%| F|  |TAMS 0x0000000084400000, 0x0000000084400000| Untracked 
|  47|0x0000000084500000, 0x0000000084500000, 0x0000000084600000|  0%| F|  |TAMS 0x0000000084500000, 0x0000000084500000| Untracked 
|  48|0x0000000084600000, 0x0000000084600000, 0x0000000084700000|  0%| F|  |TAMS 0x0000000084600000, 0x0000000084600000| Untracked 
|  49|0x0000000084700000, 0x0000000084700000, 0x0000000084800000|  0%| F|  |TAMS 0x0000000084700000, 0x0000000084700000| Untracked 
|  50|0x0000000084800000, 0x0000000084800000, 0x0000000084900000|  0%| F|  |TAMS 0x0000000084800000, 0x0000000084800000| Untracked 
|  51|0x0000000084900000, 0x0000000084900000, 0x0000000084a00000|  0%| F|  |TAMS 0x0000000084900000, 0x0000000084900000| Untracked 
|  52|0x0000000084a00000, 0x0000000084a00000, 0x0000000084b00000|  0%| F|  |TAMS 0x0000000084a00000, 0x0000000084a00000| Untracked 
|  53|0x0000000084b00000, 0x0000000084b00000, 0x0000000084c00000|  0%| F|  |TAMS 0x0000000084b00000, 0x0000000084b00000| Untracked 
|  54|0x0000000084c00000, 0x0000000084c00000, 0x0000000084d00000|  0%| F|  |TAMS 0x0000000084c00000, 0x0000000084c00000| Untracked 
|  55|0x0000000084d00000, 0x0000000084d00000, 0x0000000084e00000|  0%| F|  |TAMS 0x0000000084d00000, 0x0000000084d00000| Untracked 
|  56|0x0000000084e00000, 0x0000000084e00000, 0x0000000084f00000|  0%| F|  |TAMS 0x0000000084e00000, 0x0000000084e00000| Untracked 
|  57|0x0000000084f00000, 0x0000000084f00000, 0x0000000085000000|  0%| F|  |TAMS 0x0000000084f00000, 0x0000000084f00000| Untracked 
|  58|0x0000000085000000, 0x0000000085000000, 0x0000000085100000|  0%| F|  |TAMS 0x0000000085000000, 0x0000000085000000| Untracked 
|  59|0x0000000085100000, 0x0000000085100000, 0x0000000085200000|  0%| F|  |TAMS 0x0000000085100000, 0x0000000085100000| Untracked 
|  60|0x0000000085200000, 0x00000000852f0a50, 0x0000000085300000| 94%| S|CS|TAMS 0x0000000085200000, 0x0000000085200000| Complete 
|  61|0x0000000085300000, 0x0000000085400000, 0x0000000085400000|100%| S|CS|TAMS 0x0000000085300000, 0x0000000085300000| Complete 
|  62|0x0000000085400000, 0x0000000085500000, 0x0000000085500000|100%| S|CS|TAMS 0x0000000085400000, 0x0000000085400000| Complete 
|  63|0x0000000085500000, 0x0000000085600000, 0x0000000085600000|100%| S|CS|TAMS 0x0000000085500000, 0x0000000085500000| Complete 
|  64|0x0000000085600000, 0x0000000085600000, 0x0000000085700000|  0%| F|  |TAMS 0x0000000085600000, 0x0000000085600000| Untracked 
|  65|0x0000000085700000, 0x0000000085700000, 0x0000000085800000|  0%| F|  |TAMS 0x0000000085700000, 0x0000000085700000| Untracked 
|  66|0x0000000085800000, 0x0000000085800000, 0x0000000085900000|  0%| F|  |TAMS 0x0000000085800000, 0x0000000085800000| Untracked 
|  67|0x0000000085900000, 0x0000000085900000, 0x0000000085a00000|  0%| F|  |TAMS 0x0000000085900000, 0x0000000085900000| Untracked 
|  68|0x0000000085a00000, 0x0000000085b00000, 0x0000000085b00000|100%| S|CS|TAMS 0x0000000085a00000, 0x0000000085a00000| Complete 
|  69|0x0000000085b00000, 0x0000000085b00000, 0x0000000085c00000|  0%| F|  |TAMS 0x0000000085b00000, 0x0000000085b00000| Untracked 
|  70|0x0000000085c00000, 0x0000000085c00000, 0x0000000085d00000|  0%| F|  |TAMS 0x0000000085c00000, 0x0000000085c00000| Untracked 
|  71|0x0000000085d00000, 0x0000000085d00000, 0x0000000085e00000|  0%| F|  |TAMS 0x0000000085d00000, 0x0000000085d00000| Untracked 
|  72|0x0000000085e00000, 0x0000000085e00000, 0x0000000085f00000|  0%| F|  |TAMS 0x0000000085e00000, 0x0000000085e00000| Untracked 
|  73|0x0000000085f00000, 0x0000000085f00000, 0x0000000086000000|  0%| F|  |TAMS 0x0000000085f00000, 0x0000000085f00000| Untracked 
|  74|0x0000000086000000, 0x0000000086000000, 0x0000000086100000|  0%| F|  |TAMS 0x0000000086000000, 0x0000000086000000| Untracked 
|  75|0x0000000086100000, 0x0000000086100000, 0x0000000086200000|  0%| F|  |TAMS 0x0000000086100000, 0x0000000086100000| Untracked 
|  76|0x0000000086200000, 0x0000000086200000, 0x0000000086300000|  0%| F|  |TAMS 0x0000000086200000, 0x0000000086200000| Untracked 
|  77|0x0000000086300000, 0x0000000086300000, 0x0000000086400000|  0%| F|  |TAMS 0x0000000086300000, 0x0000000086300000| Untracked 
|  78|0x0000000086400000, 0x0000000086400000, 0x0000000086500000|  0%| F|  |TAMS 0x0000000086400000, 0x0000000086400000| Untracked 
|  79|0x0000000086500000, 0x0000000086500000, 0x0000000086600000|  0%| F|  |TAMS 0x0000000086500000, 0x0000000086500000| Untracked 
|  80|0x0000000086600000, 0x0000000086600000, 0x0000000086700000|  0%| F|  |TAMS 0x0000000086600000, 0x0000000086600000| Untracked 
|  81|0x0000000086700000, 0x0000000086700000, 0x0000000086800000|  0%| F|  |TAMS 0x0000000086700000, 0x0000000086700000| Untracked 
|  82|0x0000000086800000, 0x0000000086800000, 0x0000000086900000|  0%| F|  |TAMS 0x0000000086800000, 0x0000000086800000| Untracked 
|  83|0x0000000086900000, 0x0000000086900000, 0x0000000086a00000|  0%| F|  |TAMS 0x0000000086900000, 0x0000000086900000| Untracked 
|  84|0x0000000086a00000, 0x0000000086a00000, 0x0000000086b00000|  0%| F|  |TAMS 0x0000000086a00000, 0x0000000086a00000| Untracked 
|  85|0x0000000086b00000, 0x0000000086b00000, 0x0000000086c00000|  0%| F|  |TAMS 0x0000000086b00000, 0x0000000086b00000| Untracked 
|  86|0x0000000086c00000, 0x0000000086c00000, 0x0000000086d00000|  0%| F|  |TAMS 0x0000000086c00000, 0x0000000086c00000| Untracked 
|  87|0x0000000086d00000, 0x0000000086d00000, 0x0000000086e00000|  0%| F|  |TAMS 0x0000000086d00000, 0x0000000086d00000| Untracked 
|  88|0x0000000086e00000, 0x0000000086e00000, 0x0000000086f00000|  0%| F|  |TAMS 0x0000000086e00000, 0x0000000086e00000| Untracked 
|  89|0x0000000086f00000, 0x0000000086f00000, 0x0000000087000000|  0%| F|  |TAMS 0x0000000086f00000, 0x0000000086f00000| Untracked 
|  90|0x0000000087000000, 0x0000000087000000, 0x0000000087100000|  0%| F|  |TAMS 0x0000000087000000, 0x0000000087000000| Untracked 
|  91|0x0000000087100000, 0x0000000087100000, 0x0000000087200000|  0%| F|  |TAMS 0x0000000087100000, 0x0000000087100000| Untracked 
|  92|0x0000000087200000, 0x0000000087200000, 0x0000000087300000|  0%| F|  |TAMS 0x0000000087200000, 0x0000000087200000| Untracked 
|  93|0x0000000087300000, 0x0000000087300000, 0x0000000087400000|  0%| F|  |TAMS 0x0000000087300000, 0x0000000087300000| Untracked 
|  94|0x0000000087400000, 0x0000000087400000, 0x0000000087500000|  0%| F|  |TAMS 0x0000000087400000, 0x0000000087400000| Untracked 
|  95|0x0000000087500000, 0x0000000087500000, 0x0000000087600000|  0%| F|  |TAMS 0x0000000087500000, 0x0000000087500000| Untracked 
|  96|0x0000000087600000, 0x0000000087600000, 0x0000000087700000|  0%| F|  |TAMS 0x0000000087600000, 0x0000000087600000| Untracked 
|  97|0x0000000087700000, 0x0000000087700000, 0x0000000087800000|  0%| F|  |TAMS 0x0000000087700000, 0x0000000087700000| Untracked 
|  98|0x0000000087800000, 0x0000000087800000, 0x0000000087900000|  0%| F|  |TAMS 0x0000000087800000, 0x0000000087800000| Untracked 
|  99|0x0000000087900000, 0x0000000087900000, 0x0000000087a00000|  0%| F|  |TAMS 0x0000000087900000, 0x0000000087900000| Untracked 
| 100|0x0000000087a00000, 0x0000000087a00000, 0x0000000087b00000|  0%| F|  |TAMS 0x0000000087a00000, 0x0000000087a00000| Untracked 
| 101|0x0000000087b00000, 0x0000000087b00000, 0x0000000087c00000|  0%| F|  |TAMS 0x0000000087b00000, 0x0000000087b00000| Untracked 
| 102|0x0000000087c00000, 0x0000000087c00000, 0x0000000087d00000|  0%| F|  |TAMS 0x0000000087c00000, 0x0000000087c00000| Untracked 
| 103|0x0000000087d00000, 0x0000000087d00000, 0x0000000087e00000|  0%| F|  |TAMS 0x0000000087d00000, 0x0000000087d00000| Untracked 
| 104|0x0000000087e00000, 0x0000000087e00000, 0x0000000087f00000|  0%| F|  |TAMS 0x0000000087e00000, 0x0000000087e00000| Untracked 
| 105|0x0000000087f00000, 0x0000000087f00000, 0x0000000088000000|  0%| F|  |TAMS 0x0000000087f00000, 0x0000000087f00000| Untracked 
| 106|0x0000000088000000, 0x0000000088000000, 0x0000000088100000|  0%| F|  |TAMS 0x0000000088000000, 0x0000000088000000| Untracked 
| 107|0x0000000088100000, 0x0000000088100000, 0x0000000088200000|  0%| F|  |TAMS 0x0000000088100000, 0x0000000088100000| Untracked 
| 108|0x0000000088200000, 0x0000000088200000, 0x0000000088300000|  0%| F|  |TAMS 0x0000000088200000, 0x0000000088200000| Untracked 
| 109|0x0000000088300000, 0x00000000883ef168, 0x0000000088400000| 93%| E|  |TAMS 0x0000000088300000, 0x0000000088300000| Complete 
| 110|0x0000000088400000, 0x0000000088500000, 0x0000000088500000|100%| E|CS|TAMS 0x0000000088400000, 0x0000000088400000| Complete 
| 111|0x0000000088500000, 0x0000000088600000, 0x0000000088600000|100%| E|CS|TAMS 0x0000000088500000, 0x0000000088500000| Complete 
| 112|0x0000000088600000, 0x0000000088700000, 0x0000000088700000|100%| E|  |TAMS 0x0000000088600000, 0x0000000088600000| Complete 
| 113|0x0000000088700000, 0x0000000088800000, 0x0000000088800000|100%| E|CS|TAMS 0x0000000088700000, 0x0000000088700000| Complete 
| 114|0x0000000088800000, 0x0000000088900000, 0x0000000088900000|100%| E|CS|TAMS 0x0000000088800000, 0x0000000088800000| Complete 
| 115|0x0000000088900000, 0x0000000088a00000, 0x0000000088a00000|100%| E|CS|TAMS 0x0000000088900000, 0x0000000088900000| Complete 
| 116|0x0000000088a00000, 0x0000000088b00000, 0x0000000088b00000|100%| E|CS|TAMS 0x0000000088a00000, 0x0000000088a00000| Complete 
| 117|0x0000000088b00000, 0x0000000088c00000, 0x0000000088c00000|100%| E|CS|TAMS 0x0000000088b00000, 0x0000000088b00000| Complete 
| 118|0x0000000088c00000, 0x0000000088d00000, 0x0000000088d00000|100%| E|CS|TAMS 0x0000000088c00000, 0x0000000088c00000| Complete 
| 119|0x0000000088d00000, 0x0000000088e00000, 0x0000000088e00000|100%| E|CS|TAMS 0x0000000088d00000, 0x0000000088d00000| Complete 
| 120|0x0000000088e00000, 0x0000000088f00000, 0x0000000088f00000|100%| E|CS|TAMS 0x0000000088e00000, 0x0000000088e00000| Complete 
| 121|0x0000000088f00000, 0x0000000089000000, 0x0000000089000000|100%| E|CS|TAMS 0x0000000088f00000, 0x0000000088f00000| Complete 
| 122|0x0000000089000000, 0x0000000089100000, 0x0000000089100000|100%| E|CS|TAMS 0x0000000089000000, 0x0000000089000000| Complete 
| 123|0x0000000089100000, 0x0000000089200000, 0x0000000089200000|100%| E|CS|TAMS 0x0000000089100000, 0x0000000089100000| Complete 
| 124|0x0000000089200000, 0x0000000089300000, 0x0000000089300000|100%| E|CS|TAMS 0x0000000089200000, 0x0000000089200000| Complete 
| 125|0x0000000089300000, 0x0000000089400000, 0x0000000089400000|100%| E|CS|TAMS 0x0000000089300000, 0x0000000089300000| Complete 
| 126|0x0000000089400000, 0x0000000089500000, 0x0000000089500000|100%| E|CS|TAMS 0x0000000089400000, 0x0000000089400000| Complete 
| 127|0x0000000089500000, 0x0000000089600000, 0x0000000089600000|100%| E|CS|TAMS 0x0000000089500000, 0x0000000089500000| Complete 

Card table byte_map: [0x0000000019b60000,0x0000000019f60000] _byte_map_base: 0x0000000019755000

Marking Bits (Prev, Next): (CMBitMap*) 0x000000000249e2a0, (CMBitMap*) 0x000000000249e268
 Prev Bits: [0x000000001c310000, 0x000000001e2b8000)
 Next Bits: [0x000000001a360000, 0x000000001c308000)

Polling page: 0x00000000009d0000

Metaspace:

Usage:
  Non-class:     55.55 MB capacity,    54.35 MB ( 98%) used,   963.70 KB (  2%) free+waste,   270.81 KB ( <1%) overhead. 
      Class:      9.07 MB capacity,     8.08 MB ( 89%) used,   869.89 KB (  9%) free+waste,   140.63 KB (  2%) overhead. 
       Both:     64.62 MB capacity,    62.42 MB ( 97%) used,     1.79 MB (  3%) free+waste,   411.44 KB ( <1%) overhead. 

Virtual space:
  Non-class space:       56.00 MB reserved,      55.75 MB (>99%) committed 
      Class space:        1.00 GB reserved,       9.20 MB ( <1%) committed 
             Both:        1.05 GB reserved,      64.95 MB (  6%) committed 

Chunk freelists:
   Non-Class:  1.50 KB
       Class:  3.63 KB
        Both:  5.13 KB

CodeHeap 'non-profiled nmethods': size=120064Kb used=2789Kb max_used=2789Kb free=117274Kb
 bounds [0x0000000012220000, 0x00000000124e0000, 0x0000000019760000]
CodeHeap 'profiled nmethods': size=120000Kb used=11071Kb max_used=11071Kb free=108928Kb
 bounds [0x000000000acf0000, 0x000000000b7c0000, 0x0000000012220000]
CodeHeap 'non-nmethods': size=5696Kb used=1359Kb max_used=1401Kb free=4337Kb
 bounds [0x000000000a760000, 0x000000000a9d0000, 0x000000000acf0000]
 total_blobs=7355 nmethods=5199 adapters=713
 compilation: enabled
              stopped_count=0, restarted_count=0
 full_count=0

Compilation events (10 events):
Event: 662.894 Thread 0x0000000020afb000 5207       3       io.netty.util.concurrent.AbstractScheduledEventExecutor::isNullOrEmpty (19 bytes)
Event: 662.895 Thread 0x0000000020afb000 nmethod 5207 0x000000000b7b9610 code [0x000000000b7b97e0, 0x000000000b7b9a70]
Event: 663.002 Thread 0x0000000020afb000 5208   !   3       io.netty.util.concurrent.SingleThreadEventExecutor::confirmShutdown (164 bytes)
Event: 663.003 Thread 0x0000000020afb000 nmethod 5208 0x000000000b7b9b10 code [0x000000000b7b9da0, 0x000000000b7bad70]
Event: 663.003 Thread 0x0000000020afb000 5209       3       io.netty.channel.nio.NioEventLoop::closeAll (157 bytes)
Event: 663.007 Thread 0x0000000020afb000 nmethod 5209 0x000000000b7bb090 code [0x000000000b7bb520, 0x000000000b7bde10]
Event: 663.007 Thread 0x0000000020afb000 5210   !   3       io.netty.channel.nio.NioEventLoop::selectAgain (29 bytes)
Event: 663.008 Thread 0x0000000020afb000 nmethod 5210 0x000000000b7bea90 code [0x000000000b7beca0, 0x000000000b7bf2b0]
Event: 663.111 Thread 0x0000000020afb000 5211   !   3       io.netty.channel.nio.NioEventLoop::selectNow (49 bytes)
Event: 663.112 Thread 0x0000000020afb000 nmethod 5211 0x000000000b7bf510 code [0x000000000b7bf720, 0x000000000b7bfd30]

GC Heap History (10 events):
Event: 18.591 GC heap before
{Heap before GC invocations=7 (full 0):
 garbage-first heap   total 131072K, used 61268K [0x0000000081600000, 0x0000000100000000)
  region size 1024K, 46 young (47104K), 2 survivors (2048K)
 Metaspace       used 34556K, capacity 35801K, committed 35840K, reserved 1081344K
  class space    used 4254K, capacity 4832K, committed 4864K, reserved 1048576K
}
Event: 18.598 GC heap after
{Heap after GC invocations=8 (full 0):
 garbage-first heap   total 131072K, used 18973K [0x0000000081600000, 0x0000000100000000)
  region size 1024K, 4 young (4096K), 4 survivors (4096K)
 Metaspace       used 34556K, capacity 35801K, committed 35840K, reserved 1081344K
  class space    used 4254K, capacity 4832K, committed 4864K, reserved 1048576K
}
Event: 24.572 GC heap before
{Heap before GC invocations=9 (full 0):
 garbage-first heap   total 131072K, used 72221K [0x0000000081600000, 0x0000000100000000)
  region size 1024K, 57 young (58368K), 4 survivors (4096K)
 Metaspace       used 41762K, capacity 43152K, committed 43340K, reserved 1087488K
  class space    used 5311K, capacity 5952K, committed 5964K, reserved 1048576K
}
Event: 24.584 GC heap after
{Heap after GC invocations=10 (full 0):
 garbage-first heap   total 131072K, used 23458K [0x0000000081600000, 0x0000000100000000)
  region size 1024K, 8 young (8192K), 8 survivors (8192K)
 Metaspace       used 41762K, capacity 43152K, committed 43340K, reserved 1087488K
  class space    used 5311K, capacity 5952K, committed 5964K, reserved 1048576K
}
Event: 28.960 GC heap before
{Heap before GC invocations=11 (full 0):
 garbage-first heap   total 131072K, used 84898K [0x0000000081600000, 0x0000000100000000)
  region size 1024K, 68 young (69632K), 8 survivors (8192K)
 Metaspace       used 50573K, capacity 52395K, committed 52556K, reserved 1093632K
  class space    used 6594K, capacity 7445K, committed 7500K, reserved 1048576K
}
Event: 28.971 GC heap after
{Heap after GC invocations=12 (full 0):
 garbage-first heap   total 131072K, used 29451K [0x0000000081600000, 0x0000000100000000)
  region size 1024K, 9 young (9216K), 9 survivors (9216K)
 Metaspace       used 50573K, capacity 52395K, committed 52556K, reserved 1093632K
  class space    used 6594K, capacity 7445K, committed 7500K, reserved 1048576K
}
Event: 32.626 GC heap before
{Heap before GC invocations=12 (full 0):
 garbage-first heap   total 131072K, used 90891K [0x0000000081600000, 0x0000000100000000)
  region size 1024K, 69 young (70656K), 9 survivors (9216K)
 Metaspace       used 60728K, capacity 62831K, committed 62924K, reserved 1103872K
  class space    used 7896K, capacity 8833K, committed 8908K, reserved 1048576K
}
Event: 32.635 GC heap after
{Heap after GC invocations=13 (full 0):
 garbage-first heap   total 131072K, used 33333K [0x0000000081600000, 0x0000000100000000)
  region size 1024K, 4 young (4096K), 4 survivors (4096K)
 Metaspace       used 60728K, capacity 62831K, committed 62924K, reserved 1103872K
  class space    used 7896K, capacity 8833K, committed 8908K, reserved 1048576K
}
Event: 657.256 GC heap before
{Heap before GC invocations=13 (full 0):
 garbage-first heap   total 131072K, used 92725K [0x0000000081600000, 0x0000000100000000)
  region size 1024K, 63 young (64512K), 4 survivors (4096K)
 Metaspace       used 63853K, capacity 66061K, committed 66124K, reserved 1105920K
  class space    used 8263K, capacity 9247K, committed 9292K, reserved 1048576K
}
Event: 657.264 GC heap after
{Heap after GC invocations=14 (full 0):
 garbage-first heap   total 131072K, used 34921K [0x0000000081600000, 0x0000000100000000)
  region size 1024K, 5 young (5120K), 5 survivors (5120K)
 Metaspace       used 63853K, capacity 66061K, committed 66124K, reserved 1105920K
  class space    used 8263K, capacity 9247K, committed 9292K, reserved 1048576K
}

Deoptimization events (10 events):
Event: 656.204 Thread 0x0000000024c0d000 Uncommon trap: reason=null_check action=make_not_entrant pc=0x000000001228d9a8 method=java.lang.StringCoding.deref(Ljava/lang/ThreadLocal;)Ljava/lang/Object; @ 4 c2
Event: 656.215 Thread 0x000000000245f800 Uncommon trap: reason=unstable_if action=reinterpret pc=0x00000000124ae894 method=java.util.concurrent.locks.ReentrantLock$Sync.tryRelease(I)Z @ 28 c2
Event: 656.215 Thread 0x000000000245f800 Uncommon trap: reason=unstable_if action=reinterpret pc=0x00000000124ae4d0 method=java.util.concurrent.locks.ReentrantLock$Sync.tryRelease(I)Z @ 28 c2
Event: 656.247 Thread 0x000000000245f800 Uncommon trap: reason=class_check action=maybe_recompile pc=0x00000000124b2c14 method=java.util.stream.ReferencePipeline.forEachWithCancel(Ljava/util/Spliterator;Ljava/util/stream/Sink;)Z @ 1 c2
Event: 657.741 Thread 0x000000000245f800 Uncommon trap: reason=class_check action=maybe_recompile pc=0x00000000124b2c14 method=java.util.stream.ReferencePipeline.forEachWithCancel(Ljava/util/Spliterator;Ljava/util/stream/Sink;)Z @ 1 c2
Event: 659.259 Thread 0x00000000256f8800 Uncommon trap: reason=bimorphic_or_optimized_type_check action=maybe_recompile pc=0x0000000012460e0c method=java.util.concurrent.ConcurrentHashMap.putVal(Ljava/lang/Object;Ljava/lang/Object;Z)Ljava/lang/Object; @ 159 c2
Event: 661.348 Thread 0x0000000024c0f000 Uncommon trap: reason=bimorphic_or_optimized_type_check action=maybe_recompile pc=0x00000000123f55f4 method=java.util.Collections$SetFromMap.remove(Ljava/lang/Object;)Z @ 5 c2
Event: 661.349 Thread 0x0000000024c0f000 Uncommon trap: reason=bimorphic_or_optimized_type_check action=maybe_recompile pc=0x00000000123f55f4 method=java.util.Collections$SetFromMap.remove(Ljava/lang/Object;)Z @ 5 c2
Event: 661.349 Thread 0x0000000024c0f000 Uncommon trap: reason=bimorphic_or_optimized_type_check action=maybe_recompile pc=0x00000000123f55f4 method=java.util.Collections$SetFromMap.remove(Ljava/lang/Object;)Z @ 5 c2
Event: 661.352 Thread 0x0000000024c0f000 Uncommon trap: reason=bimorphic_or_optimized_type_check action=maybe_recompile pc=0x00000000123f55f4 method=java.util.Collections$SetFromMap.remove(Ljava/lang/Object;)Z @ 5 c2

Classes redefined (0 events):
No events

Internal exceptions (10 events):
Event: 656.245 Thread 0x0000000021be9800 Exception <a 'sun/nio/fs/WindowsException'{0x0000000086680b20}> (0x0000000086680b20) thrown at [t:/workspace/open/src/hotspot/share/prims/jni.cpp, line 615]
Event: 656.245 Thread 0x0000000021be9800 Exception <a 'sun/nio/fs/WindowsException'{0x0000000086680b90}> (0x0000000086680b90) thrown at [t:/workspace/open/src/hotspot/share/prims/jni.cpp, line 615]
Event: 656.339 Thread 0x000000000245f800 Exception <a 'java/lang/NoSuchMethodError'{0x0000000086564cc8}: java.lang.invoke.DirectMethodHandle$Holder.invokeVirtual(Ljava/lang/Object;Ljava/lang/Object;J)V> (0x0000000086564cc8) thrown at [t:/workspace/open/src/hotspot/share/interpreter/linkResolver.
Event: 656.340 Thread 0x000000000245f800 Exception <a 'java/lang/NoSuchMethodError'{0x000000008656ad50}: java.lang.invoke.DirectMethodHandle$Holder.invokeStatic(Ljava/lang/Object;Ljava/lang/Object;Ljava/lang/Object;ILjava/lang/Object;)V> (0x000000008656ad50) thrown at [t:/workspace/open/src/hots
Event: 656.921 Thread 0x000000000245f800 Exception <a 'java/lang/NoSuchMethodError'{0x0000000085efd168}: java.lang.invoke.DirectMethodHandle$Holder.invokeStaticInit(Ljava/lang/Object;)V> (0x0000000085efd168) thrown at [t:/workspace/open/src/hotspot/share/interpreter/linkResolver.cpp, line 772]
Event: 656.963 Thread 0x000000000245f800 Exception <a 'java/lang/NoSuchMethodError'{0x0000000085df44b8}: java.lang.invoke.DirectMethodHandle$Holder.invokeSpecial(Ljava/lang/Object;Ljava/lang/Object;IIILjava/lang/Object;Ljava/lang/Object;J)Ljava/lang/Object;> (0x0000000085df44b8) thrown at [t:/wo
Event: 656.963 Thread 0x000000000245f800 Exception <a 'java/lang/NoSuchMethodError'{0x0000000085df79e0}: java.lang.invoke.DelegatingMethodHandle$Holder.reinvoke_L(Ljava/lang/Object;IIILjava/lang/Object;Ljava/lang/Object;J)Ljava/lang/Object;> (0x0000000085df79e0) thrown at [t:/workspace/open/src/
Event: 657.740 Thread 0x0000000021be9800 Exception <a 'sun/nio/fs/WindowsException'{0x00000000895f8748}> (0x00000000895f8748) thrown at [t:/workspace/open/src/hotspot/share/prims/jni.cpp, line 615]
Event: 657.740 Thread 0x0000000021be9800 Exception <a 'sun/nio/fs/WindowsException'{0x00000000895f87b8}> (0x00000000895f87b8) thrown at [t:/workspace/open/src/hotspot/share/prims/jni.cpp, line 615]
Event: 657.742 Thread 0x000000000245f800 Exception <a 'java/lang/NoSuchMethodError'{0x00000000893b9dd8}: java.lang.invoke.DirectMethodHandle$Holder.invokeStaticInit(Ljava/lang/Object;Ljava/lang/Object;Ljava/lang/Object;Ljava/lang/Object;Ljava/lang/Object;)Ljava/lang/Object;> (0x00000000893b9dd8)

Events (10 events):
Event: 661.352 Thread 0x0000000024c0f000 DEOPT UNPACKING pc=0x000000000a788f2f sp=0x0000000029ffed48 mode 2
Event: 661.352 Executing VM operation: RevokeBias
Event: 661.361 Executing VM operation: RevokeBias done
Event: 661.362 Thread 0x0000000024c0f000 Thread exited: 0x0000000024c0f000
Event: 661.362 Executing VM operation: RevokeBias
Event: 661.362 Executing VM operation: RevokeBias done
Event: 661.362 Thread 0x0000000024c14800 Thread exited: 0x0000000024c14800
Event: 662.205 Thread 0x0000000024c0f000 Thread added: 0x0000000024c0f000
Event: 662.205 Thread 0x0000000024c0f000 Thread exited: 0x0000000024c0f000
Event: 662.415 Thread 0x0000000024c14800 Thread added: 0x0000000024c14800


Dynamic libraries:
0x00007ff6b75c0000 - 0x00007ff6b75e0000 	D:\Fax\KONACNI NOSQL\neo4j-community-4.0.0\bin\tools\prunsrv-amd64.exe
0x00007ff925480000 - 0x00007ff925670000 	C:\WINDOWS\SYSTEM32\ntdll.dll
0x00007ff923e30000 - 0x00007ff923ee2000 	C:\WINDOWS\System32\KERNEL32.DLL
0x00007ff922e60000 - 0x00007ff923103000 	C:\WINDOWS\System32\KERNELBASE.dll
0x00007ff923ef0000 - 0x00007ff923f93000 	C:\WINDOWS\System32\ADVAPI32.dll
0x00007ff923590000 - 0x00007ff92362e000 	C:\WINDOWS\System32\msvcrt.dll
0x00007ff923910000 - 0x00007ff9239a7000 	C:\WINDOWS\System32\sechost.dll
0x00007ff924490000 - 0x00007ff9245b0000 	C:\WINDOWS\System32\RPCRT4.dll
0x00007ff9247a0000 - 0x00007ff924e85000 	C:\WINDOWS\System32\SHELL32.dll
0x00007ff923390000 - 0x00007ff92348a000 	C:\WINDOWS\System32\ucrtbase.dll
0x00007ff9231c0000 - 0x00007ff92320a000 	C:\WINDOWS\System32\cfgmgr32.dll
0x00007ff9246f0000 - 0x00007ff924799000 	C:\WINDOWS\System32\shcore.dll
0x00007ff925050000 - 0x00007ff925386000 	C:\WINDOWS\System32\combase.dll
0x00007ff923110000 - 0x00007ff923190000 	C:\WINDOWS\System32\bcryptPrimitives.dll
0x00007ff922430000 - 0x00007ff922bb0000 	C:\WINDOWS\System32\windows.storage.dll
0x00007ff923490000 - 0x00007ff92352e000 	C:\WINDOWS\System32\msvcp_win.dll
0x00007ff922390000 - 0x00007ff9223b3000 	C:\WINDOWS\System32\profapi.dll
0x00007ff9223c0000 - 0x00007ff92240a000 	C:\WINDOWS\System32\powrprof.dll
0x00007ff922340000 - 0x00007ff922350000 	C:\WINDOWS\System32\UMPDC.dll
0x00007ff924690000 - 0x00007ff9246e2000 	C:\WINDOWS\System32\shlwapi.dll
0x00007ff923630000 - 0x00007ff923656000 	C:\WINDOWS\System32\GDI32.dll
0x00007ff923190000 - 0x00007ff9231b1000 	C:\WINDOWS\System32\win32u.dll
0x00007ff922bb0000 - 0x00007ff922d44000 	C:\WINDOWS\System32\gdi32full.dll
0x00007ff923660000 - 0x00007ff9237f4000 	C:\WINDOWS\System32\USER32.dll
0x00007ff922350000 - 0x00007ff922361000 	C:\WINDOWS\System32\kernel.appcore.dll
0x00007ff922410000 - 0x00007ff922427000 	C:\WINDOWS\System32\cryptsp.dll
0x00007ff907d50000 - 0x00007ff908892000 	C:\Program Files\Java\jdk-11\bin\server\jvm.dll
0x00007ff924010000 - 0x00007ff924018000 	C:\WINDOWS\System32\PSAPI.DLL
0x00007ff912ae0000 - 0x00007ff912ae9000 	C:\WINDOWS\SYSTEM32\WSOCK32.dll
0x00007ff923fa0000 - 0x00007ff92400f000 	C:\WINDOWS\System32\WS2_32.dll
0x00007ff91eea0000 - 0x00007ff91eec4000 	C:\WINDOWS\SYSTEM32\WINMM.dll
0x00007ff91a8f0000 - 0x00007ff91a8fa000 	C:\WINDOWS\SYSTEM32\VERSION.dll
0x00007ff90d3c0000 - 0x00007ff90d3d5000 	C:\WINDOWS\SYSTEM32\VCRUNTIME140.dll
0x00007ff91ee70000 - 0x00007ff91ee9d000 	C:\WINDOWS\SYSTEM32\WINMMBASE.dll
0x00007ff9088b0000 - 0x00007ff9088c1000 	C:\Program Files\Java\jdk-11\bin\verify.dll
0x00007ff918bc0000 - 0x00007ff918db4000 	C:\WINDOWS\SYSTEM32\DBGHELP.DLL
0x00007ff918b30000 - 0x00007ff918b5a000 	C:\WINDOWS\SYSTEM32\dbgcore.DLL
0x00007ff907910000 - 0x00007ff907939000 	C:\Program Files\Java\jdk-11\bin\java.dll
0x00007ff906910000 - 0x00007ff906926000 	C:\Program Files\Java\jdk-11\bin\zip.dll
0x00007ff9088a0000 - 0x00007ff9088aa000 	C:\Program Files\Java\jdk-11\bin\jimage.dll
0x00007ff905d50000 - 0x00007ff905d69000 	C:\Program Files\Java\jdk-11\bin\net.dll
0x00007ff91cd20000 - 0x00007ff91ce11000 	C:\WINDOWS\SYSTEM32\WINHTTP.dll
0x00007ff921bb0000 - 0x00007ff921c17000 	C:\WINDOWS\system32\mswsock.dll
0x00007ff905d30000 - 0x00007ff905d43000 	C:\Program Files\Java\jdk-11\bin\nio.dll
0x00007ff904610000 - 0x00007ff904619000 	C:\Program Files\Java\jdk-11\bin\management.dll
0x00007ff904600000 - 0x00007ff90460c000 	C:\Program Files\Java\jdk-11\bin\management_ext.dll
0x00007ff90c710000 - 0x00007ff90c726000 	C:\WINDOWS\system32\napinsp.dll
0x00007ff90c090000 - 0x00007ff90c0aa000 	C:\WINDOWS\system32\pnrpnsp.dll
0x00007ff921900000 - 0x00007ff9219ca000 	C:\WINDOWS\SYSTEM32\DNSAPI.dll
0x00007ff9239b0000 - 0x00007ff9239b8000 	C:\WINDOWS\System32\NSI.dll
0x00007ff9218c0000 - 0x00007ff9218fa000 	C:\WINDOWS\SYSTEM32\IPHLPAPI.DLL
0x00007ff90d250000 - 0x00007ff90d25e000 	C:\WINDOWS\System32\winrnr.dll
0x00007ff91ed40000 - 0x00007ff91ed5c000 	C:\WINDOWS\system32\NLAapi.dll
0x00007ff90c070000 - 0x00007ff90c085000 	C:\WINDOWS\system32\wshbth.dll
0x00007ff917e50000 - 0x00007ff917e5a000 	C:\Windows\System32\rasadhlp.dll
0x00007ff918a50000 - 0x00007ff918ac7000 	C:\WINDOWS\System32\fwpuclnt.dll
0x00007ff923210000 - 0x00007ff923236000 	C:\WINDOWS\System32\bcrypt.dll
0x00007ff9192a0000 - 0x00007ff9192b6000 	C:\WINDOWS\SYSTEM32\dhcpcsvc6.DLL
0x00007ff917f00000 - 0x00007ff917f1c000 	C:\WINDOWS\SYSTEM32\dhcpcsvc.DLL
0x00007ff921720000 - 0x00007ff921753000 	C:\WINDOWS\system32\rsaenh.dll
0x00007ff921d80000 - 0x00007ff921d8c000 	C:\WINDOWS\SYSTEM32\CRYPTBASE.dll

dbghelp: loaded successfully - version: 4.0.5 - missing functions: none
symbol engine: initialized successfully - sym options: 0x614 - pdb path: .;D:\Fax\KONACNI NOSQL\neo4j-community-4.0.0\bin\tools;C:\WINDOWS\SYSTEM32;C:\Program Files\Java\jdk-11\bin\server;C:\Program Files\Java\jdk-11\bin

VM Arguments:
jvm_args: -XX:+UnlockExperimentalVMOptions -XX:-OmitStackTraceInFastThrow -XX:+TrustFinalNonStaticFields -Dio.netty.tryReflectionSetAccessible=true -Dfile.encoding=UTF-8 -XX:+AlwaysPreTouch -Djdk.tls.ephemeralDHKeySize=2048 -Djdk.nio.maxCachedBufferSize=262144 -XX:+DisableExplicitGC -XX:+UseG1GC -Djdk.tls.rejectClientInitiatedRenegotiation=true exit abort 
java_command: <unknown>
java_class_path (initial): lib/activation-1.1.1.jar;lib/annotations-4.0.0.jar;lib/bcpkix-jdk15on-1.63.jar;lib/bcprov-jdk15on-1.63.jar;lib/caffeine-2.8.0.jar;lib/commons-beanutils-1.9.4.jar;lib/commons-collections-3.2.2.jar;lib/commons-compress-1.19.jar;lib/commons-configuration-1.10.jar;lib/commons-io-2.6.jar;lib/commons-lang-2.6.jar;lib/commons-lang3-3.9.jar;lib/commons-logging-1.2.jar;lib/commons-text-1.7.jar;lib/eclipse-collections-10.0.0.jar;lib/eclipse-collections-api-10.0.0.jar;lib/FastInfoset-1.2.16.jar;lib/hk2-api-2.5.0.jar;lib/hk2-locator-2.5.0.jar;lib/hk2-utils-2.5.0.jar;lib/istack-commons-runtime-3.0.8.jar;lib/jackson-annotations-2.10.0.jar;lib/jackson-core-2.10.0.jar;lib/jackson-databind-2.10.0.jar;lib/jackson-jaxrs-base-2.10.0.jar;lib/jackson-jaxrs-json-provider-2.10.0.jar;lib/jackson-module-jaxb-annotations-2.10.0.jar;lib/jakarta.activation-1.2.1.jar;lib/jakarta.activation-api-1.2.1.jar;lib/jakarta.annotation-api-1.3.4.jar;lib/jakarta.inject-2.5.0.jar;lib/jakarta.ws.rs-api-2.1.5.jar;lib/jakarta.xml.bind-api-2.3.2.jar;lib/javassist-3.22.0-CR2.jar;lib/javax.servlet-api-3.1.0.jar;lib/javax.ws.rs-api-2.1.1.jar;lib/jaxb-api-2.3.0.jar;lib/jaxb-runtime-2.3.2.jar;lib/jctools-core-2.1.2.jar;lib/jersey-client-2.29.jar;lib/jersey-common-2.29.jar;lib/jersey-container-servlet-2.29.jar;lib/jersey-container-servlet-core-2.29.jar;lib/jersey-hk2-2.29.jar;lib/jersey-media-jaxb-2.29.jar;lib/jersey-server-2.29.jar;lib/jetty-http-9.4.17.v20190418.jar;lib/jetty-io-9.4.17.v20190418.jar;lib/jetty-security-9.4.17.v20190418.jar;lib/jetty-server-9.4.17.v20190418.jar;lib/jetty-servlet-9.4.17.v20190418.jar;lib/jetty-util-9.4.17.v20190418.jar;lib/jetty-webapp-9.4.17.v20190418.jar;lib/jetty-xml-9.4.17.v20190418.jar;lib/jna-5.4.0.jar;lib/jPowerShell-3.0.jar;lib/jProcesses-1.6.5.jar;lib/lucene-analyzers-common-8.2.0.jar;lib/lucene-codecs-8.2.0.jar;lib/lucene-core-8.2.0.jar;lib/lucene-queryparser-8.2.0.jar;lib/neo4j-4.0.0.jar;lib/neo4j-ast-4.0-4.0.0.jar;lib/neo4j-batch-insert-4.0.0.j
Launcher Type: generic

[Global flags]
     bool AlwaysPreTouch                           = true                                      {product} {command line}
     intx CICompilerCount                          = 3                                         {product} {ergonomic}
     uint ConcGCThreads                            = 1                                         {product} {ergonomic}
     bool DisableExplicitGC                        = true                                      {product} {command line}
     uint G1ConcRefinementThreads                  = 4                                         {product} {ergonomic}
   size_t G1HeapRegionSize                         = 1048576                                   {product} {ergonomic}
    uintx GCDrainStackTargetSize                   = 64                                        {product} {ergonomic}
   size_t InitialHeapSize                          = 134217728                                 {product} {ergonomic}
   size_t MarkStackSize                            = 4194304                                   {product} {ergonomic}
   size_t MaxHeapSize                              = 2124414976                                {product} {ergonomic}
   size_t MaxNewSize                               = 1274019840                                {product} {ergonomic}
   size_t MinHeapDeltaBytes                        = 1048576                                   {product} {ergonomic}
    uintx NonNMethodCodeHeapSize                   = 5830092                                {pd product} {ergonomic}
    uintx NonProfiledCodeHeapSize                  = 122914074                              {pd product} {ergonomic}
     bool OmitStackTraceInFastThrow                = false                                     {product} {command line}
    uintx ProfiledCodeHeapSize                     = 122914074                              {pd product} {ergonomic}
    uintx ReservedCodeCacheSize                    = 251658240                              {pd product} {ergonomic}
     bool SegmentedCodeCache                       = true                                      {product} {ergonomic}
     bool TrustFinalNonStaticFields                = true                                 {experimental} {command line}
     bool UnlockExperimentalVMOptions              = true                                 {experimental} {command line}
     bool UseCompressedClassPointers               = true                                 {lp64_product} {ergonomic}
     bool UseCompressedOops                        = true                                 {lp64_product} {ergonomic}
     bool UseFastUnorderedTimeStamps               = true                                 {experimental} {ergonomic}
     bool UseG1GC                                  = true                                      {product} {command line}
     bool UseLargePagesIndividualAllocation        = false                                  {pd product} {ergonomic}

Logging:
Log output configuration:
 #0: stdout all=warning uptime,level,tags
 #1: stderr all=off uptime,level,tags

Environment Variables:
PATH=C:\Program Files\Java\jdk-11\bin;C:\Program Files\Java\jdk-11\bin;C:\WINDOWS\system32;C:\WINDOWS;C:\WINDOWS\System32\Wbem;C:\WINDOWS\System32\WindowsPowerShell\v1.0\;C:\Program Files (x86)\NVIDIA Corporation\PhysX\Common;C:\Program Files (x86)\Microsoft SQL Server\100\Tools\Binn\;C:\Program Files\Microsoft SQL Server\100\Tools\Binn\;C:\Program Files\Microsoft SQL Server\100\DTS\Binn\;C:\WINDOWS\system32;C:\WINDOWS;C:\WINDOWS\System32\Wbem;C:\WINDOWS\System32\WindowsPowerShell\v1.0\;C:\WINDOWS\System32\OpenSSH\;C:\Program Files\NVIDIA Corporation\NVIDIA NvDLISR;C:\Program Files\PuTTY\;C:\Program Files\nodejs\;C:\Program Files (x86)\Common Files\Acronis\VirtualFile\;C:\Program Files (x86)\Common Files\Acronis\VirtualFile64\;C:\Program Files (x86)\Common Files\Acronis\SnapAPI\;C:\Program Files\Crucial\Crucial Storage Executive;D:\instalacija\Git\cmd;C:\WINDOWS\system32\config\systemprofile\AppData\Local\Microsoft\WindowsApps
USERNAME=JELENA-PC$
OS=Windows_NT
PROCESSOR_IDENTIFIER=Intel64 Family 6 Model 78 Stepping 3, GenuineIntel



---------------  S Y S T E M  ---------------

OS: Windows 10 , 64 bit Build 18362 (10.0.18362.752)

CPU:total 4 (initial active 4) (2 cores per cpu, 2 threads per core) family 6 model 78 stepping 3, cmov, cx8, fxsr, mmx, sse, sse2, sse3, ssse3, sse4.1, sse4.2, popcnt, avx, avx2, aes, clmul, erms, rtm, 3dnowpref, lzcnt, ht, tsc, tscinvbit, bmi1, bmi2, adx, fma

Memory: 4k page, system-wide physical 8098M (5904M free)
TotalPageFile size 9378M (AvailPageFile size 7006M)
current process WorkingSet (physical memory assigned to process): 240M, peak: 319M
current process commit charge ("private bytes"): 311M, peak: 349M

vm_info: Java HotSpot(TM) 64-Bit Server VM (11+28) for windows-amd64 JRE (11+28), built on Aug 23 2018 03:03:59 by "mach5one" with MS VC++ 15.5 (VS2017)

END.
